[1.819s] Invoking command in '/home/zerohzzzz/Documents/RobotNav2/src/dir': PYTHONPATH=/home/zerohzzzz/Documents/RobotNav2/build/dir/prefix_override:/usr/lib/python3/dist-packages/colcon_core/task/python/colcon_distutils_commands:/home/zerohzzzz/Documents/RobotNav2/install/dir/lib/python3.10/site-packages:${PYTHONPATH} /usr/bin/python3 -W ignore:setup.py install is deprecated setup.py egg_info --egg-base ../../build/dir build --build-base /home/zerohzzzz/Documents/RobotNav2/build/dir/build install --record /home/zerohzzzz/Documents/RobotNav2/build/dir/install.log --single-version-externally-managed install_data
[2.416s] running egg_info
[2.421s] writing ../../build/dir/dir.egg-info/PKG-INFO
[2.422s] writing dependency_links to ../../build/dir/dir.egg-info/dependency_links.txt
[2.422s] writing entry points to ../../build/dir/dir.egg-info/entry_points.txt
[2.422s] writing requirements to ../../build/dir/dir.egg-info/requires.txt
[2.422s] writing top-level names to ../../build/dir/dir.egg-info/top_level.txt
[2.425s] reading manifest file '../../build/dir/dir.egg-info/SOURCES.txt'
[2.429s] writing manifest file '../../build/dir/dir.egg-info/SOURCES.txt'
[2.430s] running build
[2.430s] running build_py
[2.432s] running install
[2.433s] running install_lib
[2.438s] running install_data
[2.439s] creating /home/zerohzzzz/Documents/RobotNav2/install/dir/share/dir/launch
[2.439s] copying launch/map.launch.py -> /home/zerohzzzz/Documents/RobotNav2/install/dir/share/dir/launch
[2.439s] creating /home/zerohzzzz/Documents/RobotNav2/install/dir/share/dir/config
[2.439s] creating /home/zerohzzzz/Documents/RobotNav2/install/dir/share/dir/map
[2.439s] creating /home/zerohzzzz/Documents/RobotNav2/install/dir/share/dir/urdf
[2.439s] creating /home/zerohzzzz/Documents/RobotNav2/install/dir/share/dir/world
[2.440s] running install_egg_info
[2.444s] removing '/home/zerohzzzz/Documents/RobotNav2/install/dir/lib/python3.10/site-packages/dir-0.0.0-py3.10.egg-info' (and everything under it)
[2.445s] Copying ../../build/dir/dir.egg-info to /home/zerohzzzz/Documents/RobotNav2/install/dir/lib/python3.10/site-packages/dir-0.0.0-py3.10.egg-info
[2.450s] running install_scripts
[2.498s] writing list of installed files to '/home/zerohzzzz/Documents/RobotNav2/build/dir/install.log'
[2.571s] Invoked command in '/home/zerohzzzz/Documents/RobotNav2/src/dir' returned '0': PYTHONPATH=/home/zerohzzzz/Documents/RobotNav2/build/dir/prefix_override:/usr/lib/python3/dist-packages/colcon_core/task/python/colcon_distutils_commands:/home/zerohzzzz/Documents/RobotNav2/install/dir/lib/python3.10/site-packages:${PYTHONPATH} /usr/bin/python3 -W ignore:setup.py install is deprecated setup.py egg_info --egg-base ../../build/dir build --build-base /home/zerohzzzz/Documents/RobotNav2/build/dir/build install --record /home/zerohzzzz/Documents/RobotNav2/build/dir/install.log --single-version-externally-managed install_data
