[0.036s] Invoking command in '/home/zerohzzzz/Documents/ros2-slam-comparison/build/turtlebot3_rtab': CMAKE_PREFIX_PATH=${CMAKE_PREFIX_PATH}:/home/zerohzzzz/Documents/RobotNav2/install/map_build:/opt/ros/iron /usr/bin/cmake /home/zerohzzzz/Documents/ros2-slam-comparison/turtlebot3_rtab -DCMAKE_INSTALL_PREFIX=/home/zerohzzzz/Documents/ros2-slam-comparison/install/turtlebot3_rtab
[0.152s] -- The C compiler identification is GNU 11.4.0
[0.367s] -- The CXX compiler identification is GNU 11.4.0
[0.382s] -- Detecting C compiler ABI info
[0.489s] -- Detecting C compiler ABI info - done
[0.504s] -- Check for working C compiler: /usr/bin/cc - skipped
[0.504s] -- Detecting C compile features
[0.505s] -- Detecting C compile features - done
[0.511s] -- Detecting CXX compiler ABI info
[0.642s] -- Detecting CXX compiler ABI info - done
[0.652s] -- Check for working CXX compiler: /usr/bin/c++ - skipped
[0.652s] -- Detecting CXX compile features
[0.652s] -- Detecting CXX compile features - done
[0.658s] -- Found ament_cmake: 2.0.6 (/opt/ros/iron/share/ament_cmake/cmake)
[0.963s] -- Found Python3: /usr/bin/python3.10 (found version "3.10.12") found components: Interpreter 
[1.160s] -- Found ament_lint_auto: 0.14.4 (/opt/ros/iron/share/ament_lint_auto/cmake)
[1.274s] -- Configuring done
[1.279s] -- Generating done
[1.281s] -- Build files have been written to: /home/zerohzzzz/Documents/ros2-slam-comparison/build/turtlebot3_rtab
[1.289s] Invoked command in '/home/zerohzzzz/Documents/ros2-slam-comparison/build/turtlebot3_rtab' returned '0': CMAKE_PREFIX_PATH=${CMAKE_PREFIX_PATH}:/home/zerohzzzz/Documents/RobotNav2/install/map_build:/opt/ros/iron /usr/bin/cmake /home/zerohzzzz/Documents/ros2-slam-comparison/turtlebot3_rtab -DCMAKE_INSTALL_PREFIX=/home/zerohzzzz/Documents/ros2-slam-comparison/install/turtlebot3_rtab
[1.290s] Invoking command in '/home/zerohzzzz/Documents/ros2-slam-comparison/build/turtlebot3_rtab': CMAKE_PREFIX_PATH=${CMAKE_PREFIX_PATH}:/home/zerohzzzz/Documents/RobotNav2/install/map_build:/opt/ros/iron /usr/bin/cmake --build /home/zerohzzzz/Documents/ros2-slam-comparison/build/turtlebot3_rtab -- -j8 -l8
[1.348s] Invoked command in '/home/zerohzzzz/Documents/ros2-slam-comparison/build/turtlebot3_rtab' returned '0': CMAKE_PREFIX_PATH=${CMAKE_PREFIX_PATH}:/home/zerohzzzz/Documents/RobotNav2/install/map_build:/opt/ros/iron /usr/bin/cmake --build /home/zerohzzzz/Documents/ros2-slam-comparison/build/turtlebot3_rtab -- -j8 -l8
[1.397s] Invoking command in '/home/zerohzzzz/Documents/ros2-slam-comparison/build/turtlebot3_rtab': CMAKE_PREFIX_PATH=${CMAKE_PREFIX_PATH}:/home/zerohzzzz/Documents/RobotNav2/install/map_build:/opt/ros/iron /usr/bin/cmake --install /home/zerohzzzz/Documents/ros2-slam-comparison/build/turtlebot3_rtab
[1.408s] -- Install configuration: ""
[1.408s] -- Installing: /home/zerohzzzz/Documents/ros2-slam-comparison/install/turtlebot3_rtab/share/turtlebot3_rtab/launch
[1.409s] -- Installing: /home/zerohzzzz/Documents/ros2-slam-comparison/install/turtlebot3_rtab/share/turtlebot3_rtab/launch/rtab_with_noise.launch.py
[1.409s] -- Installing: /home/zerohzzzz/Documents/ros2-slam-comparison/install/turtlebot3_rtab/share/turtlebot3_rtab/launch/rtab.launch.py
[1.409s] -- Installing: /home/zerohzzzz/Documents/ros2-slam-comparison/install/turtlebot3_rtab/share/turtlebot3_rtab/rviz
[1.409s] -- Installing: /home/zerohzzzz/Documents/ros2-slam-comparison/install/turtlebot3_rtab/share/turtlebot3_rtab/rviz/tb3_rtab_with_noise.rviz
[1.409s] -- Installing: /home/zerohzzzz/Documents/ros2-slam-comparison/install/turtlebot3_rtab/share/turtlebot3_rtab/rviz/tb3_rtab.rviz
[1.410s] -- Installing: /home/zerohzzzz/Documents/ros2-slam-comparison/install/turtlebot3_rtab/share/ament_index/resource_index/package_run_dependencies/turtlebot3_rtab
[1.410s] -- Installing: /home/zerohzzzz/Documents/ros2-slam-comparison/install/turtlebot3_rtab/share/ament_index/resource_index/parent_prefix_path/turtlebot3_rtab
[1.410s] -- Installing: /home/zerohzzzz/Documents/ros2-slam-comparison/install/turtlebot3_rtab/share/turtlebot3_rtab/environment/ament_prefix_path.sh
[1.410s] -- Installing: /home/zerohzzzz/Documents/ros2-slam-comparison/install/turtlebot3_rtab/share/turtlebot3_rtab/environment/ament_prefix_path.dsv
[1.411s] -- Installing: /home/zerohzzzz/Documents/ros2-slam-comparison/install/turtlebot3_rtab/share/turtlebot3_rtab/environment/path.sh
[1.411s] -- Installing: /home/zerohzzzz/Documents/ros2-slam-comparison/install/turtlebot3_rtab/share/turtlebot3_rtab/environment/path.dsv
[1.411s] -- Installing: /home/zerohzzzz/Documents/ros2-slam-comparison/install/turtlebot3_rtab/share/turtlebot3_rtab/local_setup.bash
[1.411s] -- Installing: /home/zerohzzzz/Documents/ros2-slam-comparison/install/turtlebot3_rtab/share/turtlebot3_rtab/local_setup.sh
[1.412s] -- Installing: /home/zerohzzzz/Documents/ros2-slam-comparison/install/turtlebot3_rtab/share/turtlebot3_rtab/local_setup.zsh
[1.412s] -- Installing: /home/zerohzzzz/Documents/ros2-slam-comparison/install/turtlebot3_rtab/share/turtlebot3_rtab/local_setup.dsv
[1.412s] -- Installing: /home/zerohzzzz/Documents/ros2-slam-comparison/install/turtlebot3_rtab/share/turtlebot3_rtab/package.dsv
[1.412s] -- Installing: /home/zerohzzzz/Documents/ros2-slam-comparison/install/turtlebot3_rtab/share/ament_index/resource_index/packages/turtlebot3_rtab
[1.413s] -- Installing: /home/zerohzzzz/Documents/ros2-slam-comparison/install/turtlebot3_rtab/share/turtlebot3_rtab/cmake/turtlebot3_rtabConfig.cmake
[1.413s] -- Installing: /home/zerohzzzz/Documents/ros2-slam-comparison/install/turtlebot3_rtab/share/turtlebot3_rtab/cmake/turtlebot3_rtabConfig-version.cmake
[1.413s] -- Installing: /home/zerohzzzz/Documents/ros2-slam-comparison/install/turtlebot3_rtab/share/turtlebot3_rtab/package.xml
[1.416s] Invoked command in '/home/zerohzzzz/Documents/ros2-slam-comparison/build/turtlebot3_rtab' returned '0': CMAKE_PREFIX_PATH=${CMAKE_PREFIX_PATH}:/home/zerohzzzz/Documents/RobotNav2/install/map_build:/opt/ros/iron /usr/bin/cmake --install /home/zerohzzzz/Documents/ros2-slam-comparison/build/turtlebot3_rtab
