[0.941s] Invoking command in '/home/zerohzzzz/Documents/RobotNav2/build/multirobot_map_merge': CMAKE_PREFIX_PATH=${CMAKE_PREFIX_PATH}:/home/zerohzzzz/Documents/RobotNav2/install/map_build:/opt/ros/humble /usr/bin/cmake --build /home/zerohzzzz/Documents/RobotNav2/build/multirobot_map_merge -- -j8 -l8
[1.077s] [35m[1mConsolidate compiler generated dependencies of target gtest_main[0m
[1.077s] [35m[1mConsolidate compiler generated dependencies of target gtest[0m
[1.086s] [35m[1mConsolidate compiler generated dependencies of target combine_grids[0m
[1.103s] [ 16%] Built target gtest_main
[1.106s] [ 33%] Built target gtest
[1.152s] [ 66%] Built target combine_grids
[1.198s] [35m[1mConsolidate compiler generated dependencies of target test_merging_pipeline[0m
[1.200s] [35m[1mConsolidate compiler generated dependencies of target map_merge[0m
[1.277s] [ 83%] Built target test_merging_pipeline
[1.380s] [100%] Built target map_merge
[1.426s] Invoked command in '/home/zerohzzzz/Documents/RobotNav2/build/multirobot_map_merge' returned '0': CMAKE_PREFIX_PATH=${CMAKE_PREFIX_PATH}:/home/zerohzzzz/Documents/RobotNav2/install/map_build:/opt/ros/humble /usr/bin/cmake --build /home/zerohzzzz/Documents/RobotNav2/build/multirobot_map_merge -- -j8 -l8
[1.558s] Invoking command in '/home/zerohzzzz/Documents/RobotNav2/build/multirobot_map_merge': CMAKE_PREFIX_PATH=${CMAKE_PREFIX_PATH}:/home/zerohzzzz/Documents/RobotNav2/install/map_build:/opt/ros/humble /usr/bin/cmake --install /home/zerohzzzz/Documents/RobotNav2/build/multirobot_map_merge
[1.592s] -- Install configuration: ""
[1.594s] -- Up-to-date: /home/zerohzzzz/Documents/RobotNav2/install/multirobot_map_merge/include/map_merge/
[1.594s] -- Up-to-date: /home/zerohzzzz/Documents/RobotNav2/install/multirobot_map_merge/include/map_merge//ros1_names.hpp
[1.594s] -- Up-to-date: /home/zerohzzzz/Documents/RobotNav2/install/multirobot_map_merge/include/map_merge//map_merge.h
[1.594s] -- Up-to-date: /home/zerohzzzz/Documents/RobotNav2/install/multirobot_map_merge/share/multirobot_map_merge/launch
[1.594s] -- Up-to-date: /home/zerohzzzz/Documents/RobotNav2/install/multirobot_map_merge/share/multirobot_map_merge/launch/tb3_simulation
[1.595s] -- Up-to-date: /home/zerohzzzz/Documents/RobotNav2/install/multirobot_map_merge/share/multirobot_map_merge/launch/tb3_simulation/bringup_launch.py
[1.595s] -- Up-to-date: /home/zerohzzzz/Documents/RobotNav2/install/multirobot_map_merge/share/multirobot_map_merge/launch/tb3_simulation/config
[1.595s] -- Up-to-date: /home/zerohzzzz/Documents/RobotNav2/install/multirobot_map_merge/share/multirobot_map_merge/launch/tb3_simulation/config/nav2_multirobot_params_2.yaml
[1.596s] -- Up-to-date: /home/zerohzzzz/Documents/RobotNav2/install/multirobot_map_merge/share/multirobot_map_merge/launch/tb3_simulation/config/nav2_multirobot_params_1.yaml
[1.597s] -- Up-to-date: /home/zerohzzzz/Documents/RobotNav2/install/multirobot_map_merge/share/multirobot_map_merge/launch/tb3_simulation/tb3_simulation_launch.py
[1.597s] -- Up-to-date: /home/zerohzzzz/Documents/RobotNav2/install/multirobot_map_merge/share/multirobot_map_merge/launch/tb3_simulation/multi_tb3_simulation_launch.py
[1.598s] -- Up-to-date: /home/zerohzzzz/Documents/RobotNav2/install/multirobot_map_merge/share/multirobot_map_merge/launch/tb3_simulation/worlds
[1.598s] -- Up-to-date: /home/zerohzzzz/Documents/RobotNav2/install/multirobot_map_merge/share/multirobot_map_merge/launch/tb3_simulation/worlds/world_only.model
[1.599s] -- Up-to-date: /home/zerohzzzz/Documents/RobotNav2/install/multirobot_map_merge/share/multirobot_map_merge/launch/tb3_simulation/slam_toolbox.py
[1.599s] -- Up-to-date: /home/zerohzzzz/Documents/RobotNav2/install/multirobot_map_merge/share/multirobot_map_merge/launch/map_merge.rviz
[1.599s] -- Up-to-date: /home/zerohzzzz/Documents/RobotNav2/install/multirobot_map_merge/share/multirobot_map_merge/launch/from_map_server.launch.py
[1.600s] -- Up-to-date: /home/zerohzzzz/Documents/RobotNav2/install/multirobot_map_merge/share/multirobot_map_merge/launch/map_merge.launch.py
[1.600s] -- Up-to-date: /home/zerohzzzz/Documents/RobotNav2/install/multirobot_map_merge/share/multirobot_map_merge/config
[1.600s] -- Up-to-date: /home/zerohzzzz/Documents/RobotNav2/install/multirobot_map_merge/share/multirobot_map_merge/config/params.yaml
[1.601s] -- Up-to-date: /home/zerohzzzz/Documents/RobotNav2/install/multirobot_map_merge/lib/libcombine_grids.a
[1.601s] -- Up-to-date: /home/zerohzzzz/Documents/RobotNav2/install/multirobot_map_merge/lib/multirobot_map_merge/map_merge
[1.602s] -- Up-to-date: /home/zerohzzzz/Documents/RobotNav2/install/multirobot_map_merge/share/multirobot_map_merge/environment/library_path.sh
[1.602s] -- Up-to-date: /home/zerohzzzz/Documents/RobotNav2/install/multirobot_map_merge/share/multirobot_map_merge/environment/library_path.dsv
[1.602s] -- Up-to-date: /home/zerohzzzz/Documents/RobotNav2/install/multirobot_map_merge/share/ament_index/resource_index/package_run_dependencies/multirobot_map_merge
[1.603s] -- Up-to-date: /home/zerohzzzz/Documents/RobotNav2/install/multirobot_map_merge/share/ament_index/resource_index/parent_prefix_path/multirobot_map_merge
[1.603s] -- Up-to-date: /home/zerohzzzz/Documents/RobotNav2/install/multirobot_map_merge/share/multirobot_map_merge/environment/ament_prefix_path.sh
[1.603s] -- Up-to-date: /home/zerohzzzz/Documents/RobotNav2/install/multirobot_map_merge/share/multirobot_map_merge/environment/ament_prefix_path.dsv
[1.603s] -- Up-to-date: /home/zerohzzzz/Documents/RobotNav2/install/multirobot_map_merge/share/multirobot_map_merge/environment/path.sh
[1.604s] -- Up-to-date: /home/zerohzzzz/Documents/RobotNav2/install/multirobot_map_merge/share/multirobot_map_merge/environment/path.dsv
[1.604s] -- Up-to-date: /home/zerohzzzz/Documents/RobotNav2/install/multirobot_map_merge/share/multirobot_map_merge/local_setup.bash
[1.604s] -- Up-to-date: /home/zerohzzzz/Documents/RobotNav2/install/multirobot_map_merge/share/multirobot_map_merge/local_setup.sh
[1.605s] -- Up-to-date: /home/zerohzzzz/Documents/RobotNav2/install/multirobot_map_merge/share/multirobot_map_merge/local_setup.zsh
[1.605s] -- Up-to-date: /home/zerohzzzz/Documents/RobotNav2/install/multirobot_map_merge/share/multirobot_map_merge/local_setup.dsv
[1.607s] -- Installing: /home/zerohzzzz/Documents/RobotNav2/install/multirobot_map_merge/share/multirobot_map_merge/package.dsv
[1.612s] -- Up-to-date: /home/zerohzzzz/Documents/RobotNav2/install/multirobot_map_merge/share/ament_index/resource_index/packages/multirobot_map_merge
[1.612s] -- Up-to-date: /home/zerohzzzz/Documents/RobotNav2/install/multirobot_map_merge/share/multirobot_map_merge/cmake/ament_cmake_export_include_directories-extras.cmake
[1.612s] -- Up-to-date: /home/zerohzzzz/Documents/RobotNav2/install/multirobot_map_merge/share/multirobot_map_merge/cmake/ament_cmake_export_libraries-extras.cmake
[1.613s] -- Up-to-date: /home/zerohzzzz/Documents/RobotNav2/install/multirobot_map_merge/share/multirobot_map_merge/cmake/multirobot_map_mergeConfig.cmake
[1.613s] -- Up-to-date: /home/zerohzzzz/Documents/RobotNav2/install/multirobot_map_merge/share/multirobot_map_merge/cmake/multirobot_map_mergeConfig-version.cmake
[1.613s] -- Up-to-date: /home/zerohzzzz/Documents/RobotNav2/install/multirobot_map_merge/share/multirobot_map_merge/package.xml
[1.614s] Invoked command in '/home/zerohzzzz/Documents/RobotNav2/build/multirobot_map_merge' returned '0': CMAKE_PREFIX_PATH=${CMAKE_PREFIX_PATH}:/home/zerohzzzz/Documents/RobotNav2/install/map_build:/opt/ros/humble /usr/bin/cmake --install /home/zerohzzzz/Documents/RobotNav2/build/multirobot_map_merge
