[2.222s] Invoking command in '/mnt/c/Users/ZeroHzzzz/Desktop/robot/src/nav': AMENT_PREFIX_PATH=/mnt/c/Users/ZeroHzzzz/Desktop/robot/install/ros2_laser_scan_matcher:/mnt/c/Users/ZeroHzzzz/Desktop/robot/install/csm:${AMENT_PREFIX_PATH} CMAKE_PREFIX_PATH=/mnt/c/Users/ZeroHzzzz/Desktop/robot/install/ros2_laser_scan_matcher:/mnt/c/Users/ZeroHzzzz/Desktop/robot/install/csm LD_LIBRARY_PATH=/mnt/c/Users/ZeroHzzzz/Desktop/robot/install/csm/lib:${LD_LIBRARY_PATH} PYTHONPATH=/mnt/c/Users/ZeroHzzzz/Desktop/robot/build/nav/prefix_override:/usr/lib/python3/dist-packages/colcon_core/task/python/colcon_distutils_commands:/mnt/c/Users/ZeroHzzzz/Desktop/robot/install/nav/lib/python3.10/site-packages:${PYTHONPATH} /usr/bin/python3 -W ignore:setup.py install is deprecated setup.py egg_info --egg-base ../../build/nav build --build-base /mnt/c/Users/ZeroHzzzz/Desktop/robot/build/nav/build install --record /mnt/c/Users/ZeroHzzzz/Desktop/robot/build/nav/install.log --single-version-externally-managed install_data
[3.173s] running egg_info
[3.183s] writing ../../build/nav/nav.egg-info/PKG-INFO
[3.198s] writing dependency_links to ../../build/nav/nav.egg-info/dependency_links.txt
[3.219s] writing requirements to ../../build/nav/nav.egg-info/requires.txt
[3.227s] writing top-level names to ../../build/nav/nav.egg-info/top_level.txt
[3.298s] reading manifest file '../../build/nav/nav.egg-info/SOURCES.txt'
[3.375s] writing manifest file '../../build/nav/nav.egg-info/SOURCES.txt'
[3.379s] running build
[3.379s] running build_py
[3.406s] running install
[3.408s] running install_lib
[3.487s] running install_data
[3.560s] copying launch/rviz.launch.py -> /mnt/c/Users/ZeroHzzzz/Desktop/robot/install/nav/share/nav/launch
[3.769s] running install_egg_info
[3.799s] removing '/mnt/c/Users/ZeroHzzzz/Desktop/robot/install/nav/lib/python3.10/site-packages/nav-0.0.1-py3.10.egg-info' (and everything under it)
[3.882s] Copying ../../build/nav/nav.egg-info to /mnt/c/Users/ZeroHzzzz/Desktop/robot/install/nav/lib/python3.10/site-packages/nav-0.0.1-py3.10.egg-info
[4.097s] running install_scripts
[4.175s] writing list of installed files to '/mnt/c/Users/ZeroHzzzz/Desktop/robot/build/nav/install.log'
[4.197s] Invoked command in '/mnt/c/Users/ZeroHzzzz/Desktop/robot/src/nav' returned '0': AMENT_PREFIX_PATH=/mnt/c/Users/ZeroHzzzz/Desktop/robot/install/ros2_laser_scan_matcher:/mnt/c/Users/ZeroHzzzz/Desktop/robot/install/csm:${AMENT_PREFIX_PATH} CMAKE_PREFIX_PATH=/mnt/c/Users/ZeroHzzzz/Desktop/robot/install/ros2_laser_scan_matcher:/mnt/c/Users/ZeroHzzzz/Desktop/robot/install/csm LD_LIBRARY_PATH=/mnt/c/Users/ZeroHzzzz/Desktop/robot/install/csm/lib:${LD_LIBRARY_PATH} PYTHONPATH=/mnt/c/Users/ZeroHzzzz/Desktop/robot/build/nav/prefix_override:/usr/lib/python3/dist-packages/colcon_core/task/python/colcon_distutils_commands:/mnt/c/Users/ZeroHzzzz/Desktop/robot/install/nav/lib/python3.10/site-packages:${PYTHONPATH} /usr/bin/python3 -W ignore:setup.py install is deprecated setup.py egg_info --egg-base ../../build/nav build --build-base /mnt/c/Users/ZeroHzzzz/Desktop/robot/build/nav/build install --record /mnt/c/Users/ZeroHzzzz/Desktop/robot/build/nav/install.log --single-version-externally-managed install_data
