[1.418s] Invoking command in '/home/zerohzzzz/Documents/RobotNav2/src/mapbuild': PYTHONPATH=/home/zerohzzzz/Documents/RobotNav2/build/mapbuild/prefix_override:/usr/lib/python3/dist-packages/colcon_core/task/python/colcon_distutils_commands:/home/zerohzzzz/Documents/RobotNav2/install/mapbuild/lib/python3.10/site-packages:${PYTHONPATH} /usr/bin/python3 -W ignore:setup.py install is deprecated setup.py egg_info --egg-base ../../build/mapbuild build --build-base /home/zerohzzzz/Documents/RobotNav2/build/mapbuild/build install --record /home/zerohzzzz/Documents/RobotNav2/build/mapbuild/install.log --single-version-externally-managed install_data
[1.725s] running egg_info
[1.726s] writing ../../build/mapbuild/mapbuild.egg-info/PKG-INFO
[1.726s] writing dependency_links to ../../build/mapbuild/mapbuild.egg-info/dependency_links.txt
[1.727s] writing entry points to ../../build/mapbuild/mapbuild.egg-info/entry_points.txt
[1.727s] writing requirements to ../../build/mapbuild/mapbuild.egg-info/requires.txt
[1.727s] writing top-level names to ../../build/mapbuild/mapbuild.egg-info/top_level.txt
[1.731s] reading manifest file '../../build/mapbuild/mapbuild.egg-info/SOURCES.txt'
[1.732s] writing manifest file '../../build/mapbuild/mapbuild.egg-info/SOURCES.txt'
[1.732s] running build
[1.733s] running build_py
[1.733s] running install
[1.734s] running install_lib
[1.737s] running install_data
[1.738s] running install_egg_info
[1.748s] removing '/home/zerohzzzz/Documents/RobotNav2/install/mapbuild/lib/python3.10/site-packages/mapbuild-0.0.0-py3.10.egg-info' (and everything under it)
[1.748s] Copying ../../build/mapbuild/mapbuild.egg-info to /home/zerohzzzz/Documents/RobotNav2/install/mapbuild/lib/python3.10/site-packages/mapbuild-0.0.0-py3.10.egg-info
[1.749s] running install_scripts
[1.790s] writing list of installed files to '/home/zerohzzzz/Documents/RobotNav2/build/mapbuild/install.log'
[1.875s] Invoked command in '/home/zerohzzzz/Documents/RobotNav2/src/mapbuild' returned '0': PYTHONPATH=/home/zerohzzzz/Documents/RobotNav2/build/mapbuild/prefix_override:/usr/lib/python3/dist-packages/colcon_core/task/python/colcon_distutils_commands:/home/zerohzzzz/Documents/RobotNav2/install/mapbuild/lib/python3.10/site-packages:${PYTHONPATH} /usr/bin/python3 -W ignore:setup.py install is deprecated setup.py egg_info --egg-base ../../build/mapbuild build --build-base /home/zerohzzzz/Documents/RobotNav2/build/mapbuild/build install --record /home/zerohzzzz/Documents/RobotNav2/build/mapbuild/install.log --single-version-externally-managed install_data
