[0.842s] Invoking command in '/mnt/c/Users/ZeroHzzzz/Desktop/robot/build/csm': CMAKE_PREFIX_PATH=${CMAKE_PREFIX_PATH}:/mnt/c/Users/ZeroHzzzz/Desktop/robot/install/nav:/opt/ros/humble /usr/bin/cmake --build /mnt/c/Users/ZeroHzzzz/Desktop/robot/build/csm -- -j32 -l32
[5.593s] [100%] Built target csm
[6.023s] Invoked command in '/mnt/c/Users/ZeroHzzzz/Desktop/robot/build/csm' returned '0': CMAKE_PREFIX_PATH=${CMAKE_PREFIX_PATH}:/mnt/c/Users/ZeroHzzzz/Desktop/robot/install/nav:/opt/ros/humble /usr/bin/cmake --build /mnt/c/Users/ZeroHzzzz/Desktop/robot/build/csm -- -j32 -l32
[15.929s] Invoking command in '/mnt/c/Users/ZeroHzzzz/Desktop/robot/build/csm': CMAKE_PREFIX_PATH=${CMAKE_PREFIX_PATH}:/mnt/c/Users/ZeroHzzzz/Desktop/robot/install/nav:/opt/ros/humble /usr/bin/cmake --install /mnt/c/Users/ZeroHzzzz/Desktop/robot/build/csm
[16.171s] -- Install configuration: ""
[16.327s] -- Up-to-date: /mnt/c/Users/ZeroHzzzz/Desktop/robot/install/csm/lib/libcsm.so
[16.357s] -- Up-to-date: /mnt/c/Users/ZeroHzzzz/Desktop/robot/install/csm/include/..//include
[16.386s] -- Up-to-date: /mnt/c/Users/ZeroHzzzz/Desktop/robot/install/csm/include/..//include/csm
[16.435s] -- Up-to-date: /mnt/c/Users/ZeroHzzzz/Desktop/robot/install/csm/include/..//include/csm/algos.h
[16.468s] -- Up-to-date: /mnt/c/Users/ZeroHzzzz/Desktop/robot/install/csm/include/..//include/csm/csm.h
[16.513s] -- Up-to-date: /mnt/c/Users/ZeroHzzzz/Desktop/robot/install/csm/include/..//include/csm/laser_data.h
[16.567s] -- Up-to-date: /mnt/c/Users/ZeroHzzzz/Desktop/robot/install/csm/include/..//include/csm/laser_data_inline.h
[16.629s] -- Up-to-date: /mnt/c/Users/ZeroHzzzz/Desktop/robot/install/csm/include/..//include/csm/restrict.h
[16.665s] -- Up-to-date: /mnt/c/Users/ZeroHzzzz/Desktop/robot/install/csm/include/..//include/gsl_eigen
[16.752s] -- Up-to-date: /mnt/c/Users/ZeroHzzzz/Desktop/robot/install/csm/include/..//include/gsl_eigen/gsl_eigen.h
[16.779s] -- Up-to-date: /mnt/c/Users/ZeroHzzzz/Desktop/robot/install/csm/share/csm/resource
[16.832s] -- Up-to-date: /mnt/c/Users/ZeroHzzzz/Desktop/robot/install/csm/share/csm/resource/csm
[16.893s] -- Up-to-date: /mnt/c/Users/ZeroHzzzz/Desktop/robot/install/csm/include/../gsl_eigen
[16.957s] -- Up-to-date: /mnt/c/Users/ZeroHzzzz/Desktop/robot/install/csm/include/../gsl_eigen/gsl_eigen.h
[17.013s] -- Up-to-date: /mnt/c/Users/ZeroHzzzz/Desktop/robot/install/csm/share/csm/environment/library_path.sh
[17.064s] -- Up-to-date: /mnt/c/Users/ZeroHzzzz/Desktop/robot/install/csm/share/csm/environment/library_path.dsv
[17.149s] -- Up-to-date: /mnt/c/Users/ZeroHzzzz/Desktop/robot/install/csm/share/ament_index/resource_index/package_run_dependencies/csm
[17.215s] -- Up-to-date: /mnt/c/Users/ZeroHzzzz/Desktop/robot/install/csm/share/ament_index/resource_index/parent_prefix_path/csm
[17.277s] -- Up-to-date: /mnt/c/Users/ZeroHzzzz/Desktop/robot/install/csm/share/csm/environment/ament_prefix_path.sh
[17.342s] -- Up-to-date: /mnt/c/Users/ZeroHzzzz/Desktop/robot/install/csm/share/csm/environment/ament_prefix_path.dsv
[17.371s] -- Up-to-date: /mnt/c/Users/ZeroHzzzz/Desktop/robot/install/csm/share/csm/environment/path.sh
[17.468s] -- Up-to-date: /mnt/c/Users/ZeroHzzzz/Desktop/robot/install/csm/share/csm/environment/path.dsv
[17.579s] -- Up-to-date: /mnt/c/Users/ZeroHzzzz/Desktop/robot/install/csm/share/csm/local_setup.bash
[17.702s] -- Up-to-date: /mnt/c/Users/ZeroHzzzz/Desktop/robot/install/csm/share/csm/local_setup.sh
[17.744s] -- Up-to-date: /mnt/c/Users/ZeroHzzzz/Desktop/robot/install/csm/share/csm/local_setup.zsh
[17.774s] -- Up-to-date: /mnt/c/Users/ZeroHzzzz/Desktop/robot/install/csm/share/csm/local_setup.dsv
[17.809s] -- Installing: /mnt/c/Users/ZeroHzzzz/Desktop/robot/install/csm/share/csm/package.dsv
[18.058s] -- Up-to-date: /mnt/c/Users/ZeroHzzzz/Desktop/robot/install/csm/share/ament_index/resource_index/packages/csm
[18.697s] -- Up-to-date: /mnt/c/Users/ZeroHzzzz/Desktop/robot/install/csm/share/csm/cmake/ament_cmake_export_dependencies-extras.cmake
[18.731s] -- Up-to-date: /mnt/c/Users/ZeroHzzzz/Desktop/robot/install/csm/share/csm/cmake/ament_cmake_export_include_directories-extras.cmake
[18.769s] -- Up-to-date: /mnt/c/Users/ZeroHzzzz/Desktop/robot/install/csm/share/csm/cmake/ament_cmake_export_libraries-extras.cmake
[18.808s] -- Up-to-date: /mnt/c/Users/ZeroHzzzz/Desktop/robot/install/csm/share/csm/cmake/csmConfig.cmake
[18.833s] -- Up-to-date: /mnt/c/Users/ZeroHzzzz/Desktop/robot/install/csm/share/csm/cmake/csmConfig-version.cmake
[18.862s] -- Up-to-date: /mnt/c/Users/ZeroHzzzz/Desktop/robot/install/csm/share/csm/package.xml
[18.878s] Invoked command in '/mnt/c/Users/ZeroHzzzz/Desktop/robot/build/csm' returned '0': CMAKE_PREFIX_PATH=${CMAKE_PREFIX_PATH}:/mnt/c/Users/ZeroHzzzz/Desktop/robot/install/nav:/opt/ros/humble /usr/bin/cmake --install /mnt/c/Users/ZeroHzzzz/Desktop/robot/build/csm
