[0.442s] Invoking command in '/mnt/c/Users/ZeroHzzzz/Desktop/robot/build/ros2_laser_scan_matcher': CMAKE_PREFIX_PATH=/mnt/c/Users/ZeroHzzzz/Desktop/robot/install/csm:/mnt/c/Users/ZeroHzzzz/Desktop/robot/install/ros2_laser_scan_matcher:/mnt/c/Users/ZeroHzzzz/Desktop/robot/install/nav:/opt/ros/humble /usr/bin/cmake --build /mnt/c/Users/ZeroHzzzz/Desktop/robot/build/ros2_laser_scan_matcher -- -j32 -l32
[1.496s] [100%] Built target laser_scan_matcher
[1.615s] Invoked command in '/mnt/c/Users/ZeroHzzzz/Desktop/robot/build/ros2_laser_scan_matcher' returned '0': CMAKE_PREFIX_PATH=/mnt/c/Users/ZeroHzzzz/Desktop/robot/install/csm:/mnt/c/Users/ZeroHzzzz/Desktop/robot/install/ros2_laser_scan_matcher:/mnt/c/Users/ZeroHzzzz/Desktop/robot/install/nav:/opt/ros/humble /usr/bin/cmake --build /mnt/c/Users/ZeroHzzzz/Desktop/robot/build/ros2_laser_scan_matcher -- -j32 -l32
[2.361s] Invoking command in '/mnt/c/Users/ZeroHzzzz/Desktop/robot/build/ros2_laser_scan_matcher': CMAKE_PREFIX_PATH=/mnt/c/Users/ZeroHzzzz/Desktop/robot/install/csm:/mnt/c/Users/ZeroHzzzz/Desktop/robot/install/ros2_laser_scan_matcher:/mnt/c/Users/ZeroHzzzz/Desktop/robot/install/nav:/opt/ros/humble /usr/bin/cmake --install /mnt/c/Users/ZeroHzzzz/Desktop/robot/build/ros2_laser_scan_matcher
[2.492s] -- Install configuration: ""
[2.536s] -- Up-to-date: /mnt/c/Users/ZeroHzzzz/Desktop/robot/install/ros2_laser_scan_matcher/lib/ros2_laser_scan_matcher/laser_scan_matcher
[2.605s] -- Up-to-date: /mnt/c/Users/ZeroHzzzz/Desktop/robot/install/ros2_laser_scan_matcher/share/ament_index/resource_index/package_run_dependencies/ros2_laser_scan_matcher
[2.633s] -- Up-to-date: /mnt/c/Users/ZeroHzzzz/Desktop/robot/install/ros2_laser_scan_matcher/share/ament_index/resource_index/parent_prefix_path/ros2_laser_scan_matcher
[2.672s] -- Up-to-date: /mnt/c/Users/ZeroHzzzz/Desktop/robot/install/ros2_laser_scan_matcher/share/ros2_laser_scan_matcher/environment/ament_prefix_path.sh
[2.696s] -- Up-to-date: /mnt/c/Users/ZeroHzzzz/Desktop/robot/install/ros2_laser_scan_matcher/share/ros2_laser_scan_matcher/environment/ament_prefix_path.dsv
[2.712s] -- Up-to-date: /mnt/c/Users/ZeroHzzzz/Desktop/robot/install/ros2_laser_scan_matcher/share/ros2_laser_scan_matcher/environment/path.sh
[2.728s] -- Up-to-date: /mnt/c/Users/ZeroHzzzz/Desktop/robot/install/ros2_laser_scan_matcher/share/ros2_laser_scan_matcher/environment/path.dsv
[2.761s] -- Up-to-date: /mnt/c/Users/ZeroHzzzz/Desktop/robot/install/ros2_laser_scan_matcher/share/ros2_laser_scan_matcher/local_setup.bash
[2.784s] -- Up-to-date: /mnt/c/Users/ZeroHzzzz/Desktop/robot/install/ros2_laser_scan_matcher/share/ros2_laser_scan_matcher/local_setup.sh
[2.803s] -- Up-to-date: /mnt/c/Users/ZeroHzzzz/Desktop/robot/install/ros2_laser_scan_matcher/share/ros2_laser_scan_matcher/local_setup.zsh
[2.820s] -- Up-to-date: /mnt/c/Users/ZeroHzzzz/Desktop/robot/install/ros2_laser_scan_matcher/share/ros2_laser_scan_matcher/local_setup.dsv
[2.838s] -- Installing: /mnt/c/Users/ZeroHzzzz/Desktop/robot/install/ros2_laser_scan_matcher/share/ros2_laser_scan_matcher/package.dsv
[2.911s] -- Up-to-date: /mnt/c/Users/ZeroHzzzz/Desktop/robot/install/ros2_laser_scan_matcher/share/ament_index/resource_index/packages/ros2_laser_scan_matcher
[2.930s] -- Up-to-date: /mnt/c/Users/ZeroHzzzz/Desktop/robot/install/ros2_laser_scan_matcher/share/ros2_laser_scan_matcher/cmake/ros2_laser_scan_matcherConfig.cmake
[2.945s] -- Up-to-date: /mnt/c/Users/ZeroHzzzz/Desktop/robot/install/ros2_laser_scan_matcher/share/ros2_laser_scan_matcher/cmake/ros2_laser_scan_matcherConfig-version.cmake
[2.966s] -- Up-to-date: /mnt/c/Users/ZeroHzzzz/Desktop/robot/install/ros2_laser_scan_matcher/share/ros2_laser_scan_matcher/package.xml
[2.995s] Invoked command in '/mnt/c/Users/ZeroHzzzz/Desktop/robot/build/ros2_laser_scan_matcher' returned '0': CMAKE_PREFIX_PATH=/mnt/c/Users/ZeroHzzzz/Desktop/robot/install/csm:/mnt/c/Users/ZeroHzzzz/Desktop/robot/install/ros2_laser_scan_matcher:/mnt/c/Users/ZeroHzzzz/Desktop/robot/install/nav:/opt/ros/humble /usr/bin/cmake --install /mnt/c/Users/ZeroHzzzz/Desktop/robot/build/ros2_laser_scan_matcher
