[1.582s] Invoking command in '/home/zerohzzzz/Documents/RobotNav2/build/multirobot_map_merge': CMAKE_PREFIX_PATH=${CMAKE_PREFIX_PATH}:/home/zerohzzzz/Documents/RobotNav2/install/map_build:/opt/ros/humble /usr/bin/cmake --build /home/zerohzzzz/Documents/RobotNav2/build/multirobot_map_merge -- -j8 -l8
[1.891s] [ 16%] Built target gtest_main
[1.891s] [ 33%] Built target gtest
[1.927s] [ 66%] Built target combine_grids
[2.116s] [ 83%] Built target test_merging_pipeline
[2.217s] [100%] Built target map_merge
[2.281s] Invoked command in '/home/zerohzzzz/Documents/RobotNav2/build/multirobot_map_merge' returned '0': CMAKE_PREFIX_PATH=${CMAKE_PREFIX_PATH}:/home/zerohzzzz/Documents/RobotNav2/install/map_build:/opt/ros/humble /usr/bin/cmake --build /home/zerohzzzz/Documents/RobotNav2/build/multirobot_map_merge -- -j8 -l8
[2.517s] Invoking command in '/home/zerohzzzz/Documents/RobotNav2/build/multirobot_map_merge': CMAKE_PREFIX_PATH=${CMAKE_PREFIX_PATH}:/home/zerohzzzz/Documents/RobotNav2/install/map_build:/opt/ros/humble /usr/bin/cmake --install /home/zerohzzzz/Documents/RobotNav2/build/multirobot_map_merge
[2.567s] -- Install configuration: ""
[2.568s] -- Up-to-date: /home/zerohzzzz/Documents/RobotNav2/install/multirobot_map_merge/include/map_merge/
[2.570s] -- Up-to-date: /home/zerohzzzz/Documents/RobotNav2/install/multirobot_map_merge/include/map_merge//ros1_names.hpp
[2.570s] -- Up-to-date: /home/zerohzzzz/Documents/RobotNav2/install/multirobot_map_merge/include/map_merge//map_merge.h
[2.571s] -- Up-to-date: /home/zerohzzzz/Documents/RobotNav2/install/multirobot_map_merge/share/multirobot_map_merge/launch
[2.571s] -- Up-to-date: /home/zerohzzzz/Documents/RobotNav2/install/multirobot_map_merge/share/multirobot_map_merge/launch/tb3_simulation
[2.571s] -- Up-to-date: /home/zerohzzzz/Documents/RobotNav2/install/multirobot_map_merge/share/multirobot_map_merge/launch/tb3_simulation/bringup_launch.py
[2.572s] -- Up-to-date: /home/zerohzzzz/Documents/RobotNav2/install/multirobot_map_merge/share/multirobot_map_merge/launch/tb3_simulation/config
[2.572s] -- Up-to-date: /home/zerohzzzz/Documents/RobotNav2/install/multirobot_map_merge/share/multirobot_map_merge/launch/tb3_simulation/config/nav2_multirobot_params_2.yaml
[2.573s] -- Up-to-date: /home/zerohzzzz/Documents/RobotNav2/install/multirobot_map_merge/share/multirobot_map_merge/launch/tb3_simulation/config/nav2_multirobot_params_1.yaml
[2.574s] -- Up-to-date: /home/zerohzzzz/Documents/RobotNav2/install/multirobot_map_merge/share/multirobot_map_merge/launch/tb3_simulation/tb3_simulation_launch.py
[2.574s] -- Up-to-date: /home/zerohzzzz/Documents/RobotNav2/install/multirobot_map_merge/share/multirobot_map_merge/launch/tb3_simulation/multi_tb3_simulation_launch.py
[2.575s] -- Up-to-date: /home/zerohzzzz/Documents/RobotNav2/install/multirobot_map_merge/share/multirobot_map_merge/launch/tb3_simulation/worlds
[2.578s] -- Up-to-date: /home/zerohzzzz/Documents/RobotNav2/install/multirobot_map_merge/share/multirobot_map_merge/launch/tb3_simulation/worlds/world_only.model
[2.579s] -- Up-to-date: /home/zerohzzzz/Documents/RobotNav2/install/multirobot_map_merge/share/multirobot_map_merge/launch/tb3_simulation/slam_toolbox.py
[2.580s] -- Up-to-date: /home/zerohzzzz/Documents/RobotNav2/install/multirobot_map_merge/share/multirobot_map_merge/launch/map_merge.rviz
[2.581s] -- Up-to-date: /home/zerohzzzz/Documents/RobotNav2/install/multirobot_map_merge/share/multirobot_map_merge/launch/from_map_server.launch.py
[2.583s] -- Up-to-date: /home/zerohzzzz/Documents/RobotNav2/install/multirobot_map_merge/share/multirobot_map_merge/launch/map_merge.launch.py
[2.583s] -- Up-to-date: /home/zerohzzzz/Documents/RobotNav2/install/multirobot_map_merge/share/multirobot_map_merge/config
[2.584s] -- Up-to-date: /home/zerohzzzz/Documents/RobotNav2/install/multirobot_map_merge/share/multirobot_map_merge/config/params.yaml
[2.584s] -- Up-to-date: /home/zerohzzzz/Documents/RobotNav2/install/multirobot_map_merge/lib/libcombine_grids.a
[2.585s] -- Up-to-date: /home/zerohzzzz/Documents/RobotNav2/install/multirobot_map_merge/lib/multirobot_map_merge/map_merge
[2.585s] -- Up-to-date: /home/zerohzzzz/Documents/RobotNav2/install/multirobot_map_merge/share/multirobot_map_merge/environment/library_path.sh
[2.586s] -- Up-to-date: /home/zerohzzzz/Documents/RobotNav2/install/multirobot_map_merge/share/multirobot_map_merge/environment/library_path.dsv
[2.587s] -- Up-to-date: /home/zerohzzzz/Documents/RobotNav2/install/multirobot_map_merge/share/ament_index/resource_index/package_run_dependencies/multirobot_map_merge
[2.587s] -- Up-to-date: /home/zerohzzzz/Documents/RobotNav2/install/multirobot_map_merge/share/ament_index/resource_index/parent_prefix_path/multirobot_map_merge
[2.587s] -- Up-to-date: /home/zerohzzzz/Documents/RobotNav2/install/multirobot_map_merge/share/multirobot_map_merge/environment/ament_prefix_path.sh
[2.588s] -- Up-to-date: /home/zerohzzzz/Documents/RobotNav2/install/multirobot_map_merge/share/multirobot_map_merge/environment/ament_prefix_path.dsv
[2.588s] -- Up-to-date: /home/zerohzzzz/Documents/RobotNav2/install/multirobot_map_merge/share/multirobot_map_merge/environment/path.sh
[2.589s] -- Up-to-date: /home/zerohzzzz/Documents/RobotNav2/install/multirobot_map_merge/share/multirobot_map_merge/environment/path.dsv
[2.589s] -- Up-to-date: /home/zerohzzzz/Documents/RobotNav2/install/multirobot_map_merge/share/multirobot_map_merge/local_setup.bash
[2.589s] -- Up-to-date: /home/zerohzzzz/Documents/RobotNav2/install/multirobot_map_merge/share/multirobot_map_merge/local_setup.sh
[2.590s] -- Up-to-date: /home/zerohzzzz/Documents/RobotNav2/install/multirobot_map_merge/share/multirobot_map_merge/local_setup.zsh
[2.590s] -- Up-to-date: /home/zerohzzzz/Documents/RobotNav2/install/multirobot_map_merge/share/multirobot_map_merge/local_setup.dsv
[2.590s] -- Installing: /home/zerohzzzz/Documents/RobotNav2/install/multirobot_map_merge/share/multirobot_map_merge/package.dsv
[2.591s] -- Up-to-date: /home/zerohzzzz/Documents/RobotNav2/install/multirobot_map_merge/share/ament_index/resource_index/packages/multirobot_map_merge
[2.591s] -- Up-to-date: /home/zerohzzzz/Documents/RobotNav2/install/multirobot_map_merge/share/multirobot_map_merge/cmake/ament_cmake_export_include_directories-extras.cmake
[2.592s] -- Up-to-date: /home/zerohzzzz/Documents/RobotNav2/install/multirobot_map_merge/share/multirobot_map_merge/cmake/ament_cmake_export_libraries-extras.cmake
[2.594s] -- Up-to-date: /home/zerohzzzz/Documents/RobotNav2/install/multirobot_map_merge/share/multirobot_map_merge/cmake/multirobot_map_mergeConfig.cmake
[2.599s] -- Up-to-date: /home/zerohzzzz/Documents/RobotNav2/install/multirobot_map_merge/share/multirobot_map_merge/cmake/multirobot_map_mergeConfig-version.cmake
[2.601s] -- Up-to-date: /home/zerohzzzz/Documents/RobotNav2/install/multirobot_map_merge/share/multirobot_map_merge/package.xml
[2.603s] Invoked command in '/home/zerohzzzz/Documents/RobotNav2/build/multirobot_map_merge' returned '0': CMAKE_PREFIX_PATH=${CMAKE_PREFIX_PATH}:/home/zerohzzzz/Documents/RobotNav2/install/map_build:/opt/ros/humble /usr/bin/cmake --install /home/zerohzzzz/Documents/RobotNav2/build/multirobot_map_merge
