[1.308s] Invoking command in '/home/zerohzzzz/Documents/RobotNav2/src/mapbuild': PYTHONPATH=/home/zerohzzzz/Documents/RobotNav2/build/mapbuild/prefix_override:/usr/lib/python3/dist-packages/colcon_core/task/python/colcon_distutils_commands:/home/zerohzzzz/Documents/RobotNav2/install/mapbuild/lib/python3.10/site-packages:${PYTHONPATH} /usr/bin/python3 -W ignore:setup.py install is deprecated setup.py egg_info --egg-base ../../build/mapbuild build --build-base /home/zerohzzzz/Documents/RobotNav2/build/mapbuild/build install --record /home/zerohzzzz/Documents/RobotNav2/build/mapbuild/install.log --single-version-externally-managed install_data
[1.571s] running egg_info
[1.571s] creating ../../build/mapbuild/mapbuild.egg-info
[1.572s] writing ../../build/mapbuild/mapbuild.egg-info/PKG-INFO
[1.572s] writing dependency_links to ../../build/mapbuild/mapbuild.egg-info/dependency_links.txt
[1.572s] writing entry points to ../../build/mapbuild/mapbuild.egg-info/entry_points.txt
[1.572s] writing requirements to ../../build/mapbuild/mapbuild.egg-info/requires.txt
[1.573s] writing top-level names to ../../build/mapbuild/mapbuild.egg-info/top_level.txt
[1.573s] writing manifest file '../../build/mapbuild/mapbuild.egg-info/SOURCES.txt'
[1.574s] reading manifest file '../../build/mapbuild/mapbuild.egg-info/SOURCES.txt'
[1.575s] writing manifest file '../../build/mapbuild/mapbuild.egg-info/SOURCES.txt'
[1.579s] running build
[1.579s] running build_py
[1.579s] creating /home/zerohzzzz/Documents/RobotNav2/build/mapbuild/build
[1.580s] creating /home/zerohzzzz/Documents/RobotNav2/build/mapbuild/build/lib
[1.580s] creating /home/zerohzzzz/Documents/RobotNav2/build/mapbuild/build/lib/mapbuild
[1.580s] copying mapbuild/__init__.py -> /home/zerohzzzz/Documents/RobotNav2/build/mapbuild/build/lib/mapbuild
[1.580s] running install
[1.580s] running install_lib
[1.581s] creating /home/zerohzzzz/Documents/RobotNav2/install/mapbuild/lib/python3.10/site-packages/mapbuild
[1.581s] copying /home/zerohzzzz/Documents/RobotNav2/build/mapbuild/build/lib/mapbuild/__init__.py -> /home/zerohzzzz/Documents/RobotNav2/install/mapbuild/lib/python3.10/site-packages/mapbuild
[1.581s] byte-compiling /home/zerohzzzz/Documents/RobotNav2/install/mapbuild/lib/python3.10/site-packages/mapbuild/__init__.py to __init__.cpython-310.pyc
[1.581s] running install_data
[1.582s] creating /home/zerohzzzz/Documents/RobotNav2/install/mapbuild/share/ament_index
[1.582s] creating /home/zerohzzzz/Documents/RobotNav2/install/mapbuild/share/ament_index/resource_index
[1.582s] creating /home/zerohzzzz/Documents/RobotNav2/install/mapbuild/share/ament_index/resource_index/packages
[1.582s] copying resource/mapbuild -> /home/zerohzzzz/Documents/RobotNav2/install/mapbuild/share/ament_index/resource_index/packages
[1.582s] copying package.xml -> /home/zerohzzzz/Documents/RobotNav2/install/mapbuild/share/mapbuild
[1.582s] running install_egg_info
[1.584s] Copying ../../build/mapbuild/mapbuild.egg-info to /home/zerohzzzz/Documents/RobotNav2/install/mapbuild/lib/python3.10/site-packages/mapbuild-0.0.0-py3.10.egg-info
[1.586s] running install_scripts
[1.614s] writing list of installed files to '/home/zerohzzzz/Documents/RobotNav2/build/mapbuild/install.log'
[1.665s] Invoked command in '/home/zerohzzzz/Documents/RobotNav2/src/mapbuild' returned '0': PYTHONPATH=/home/zerohzzzz/Documents/RobotNav2/build/mapbuild/prefix_override:/usr/lib/python3/dist-packages/colcon_core/task/python/colcon_distutils_commands:/home/zerohzzzz/Documents/RobotNav2/install/mapbuild/lib/python3.10/site-packages:${PYTHONPATH} /usr/bin/python3 -W ignore:setup.py install is deprecated setup.py egg_info --egg-base ../../build/mapbuild build --build-base /home/zerohzzzz/Documents/RobotNav2/build/mapbuild/build install --record /home/zerohzzzz/Documents/RobotNav2/build/mapbuild/install.log --single-version-externally-managed install_data
