[1.276s] Invoking command in '/home/zerohzzzz/Documents/RobotNav2/src/nav': PYTHONPATH=/home/zerohzzzz/Documents/RobotNav2/build/nav/prefix_override:/usr/lib/python3/dist-packages/colcon_core/task/python/colcon_distutils_commands:/home/zerohzzzz/Documents/RobotNav2/install/nav/lib/python3.10/site-packages:${PYTHONPATH} /usr/bin/python3 -W ignore:setup.py install is deprecated setup.py egg_info --egg-base ../../build/nav build --build-base /home/zerohzzzz/Documents/RobotNav2/build/nav/build install --record /home/zerohzzzz/Documents/RobotNav2/build/nav/install.log --single-version-externally-managed install_data
[1.591s] running egg_info
[1.592s] writing ../../build/nav/nav.egg-info/PKG-INFO
[1.593s] writing dependency_links to ../../build/nav/nav.egg-info/dependency_links.txt
[1.593s] writing entry points to ../../build/nav/nav.egg-info/entry_points.txt
[1.593s] writing requirements to ../../build/nav/nav.egg-info/requires.txt
[1.593s] writing top-level names to ../../build/nav/nav.egg-info/top_level.txt
[1.600s] reading manifest file '../../build/nav/nav.egg-info/SOURCES.txt'
[1.601s] writing manifest file '../../build/nav/nav.egg-info/SOURCES.txt'
[1.602s] running build
[1.602s] running build_py
[1.602s] running install
[1.603s] running install_lib
[1.604s] running install_data
[1.604s] running install_egg_info
[1.607s] removing '/home/zerohzzzz/Documents/RobotNav2/install/nav/lib/python3.10/site-packages/nav-0.0.0-py3.10.egg-info' (and everything under it)
[1.607s] Copying ../../build/nav/nav.egg-info to /home/zerohzzzz/Documents/RobotNav2/install/nav/lib/python3.10/site-packages/nav-0.0.0-py3.10.egg-info
[1.608s] running install_scripts
[1.633s] writing list of installed files to '/home/zerohzzzz/Documents/RobotNav2/build/nav/install.log'
[1.705s] Invoked command in '/home/zerohzzzz/Documents/RobotNav2/src/nav' returned '0': PYTHONPATH=/home/zerohzzzz/Documents/RobotNav2/build/nav/prefix_override:/usr/lib/python3/dist-packages/colcon_core/task/python/colcon_distutils_commands:/home/zerohzzzz/Documents/RobotNav2/install/nav/lib/python3.10/site-packages:${PYTHONPATH} /usr/bin/python3 -W ignore:setup.py install is deprecated setup.py egg_info --egg-base ../../build/nav build --build-base /home/zerohzzzz/Documents/RobotNav2/build/nav/build install --record /home/zerohzzzz/Documents/RobotNav2/build/nav/install.log --single-version-externally-managed install_data
