running egg_info
writing ../../build/nav/nav.egg-info/PKG-INFO
writing dependency_links to ../../build/nav/nav.egg-info/dependency_links.txt
writing entry points to ../../build/nav/nav.egg-info/entry_points.txt
writing requirements to ../../build/nav/nav.egg-info/requires.txt
writing top-level names to ../../build/nav/nav.egg-info/top_level.txt
reading manifest file '../../build/nav/nav.egg-info/SOURCES.txt'
writing manifest file '../../build/nav/nav.egg-info/SOURCES.txt'
running build
running build_py
running install
running install_lib
running install_data
copying launch/locate.launch.py -> /mnt/c/Users/ZeroHzzzz/Desktop/robot/install/nav/share/nav/launch
copying launch/map.launch.py -> /mnt/c/Users/ZeroHzzzz/Desktop/robot/install/nav/share/nav/launch
copying launch/planner.launch.py -> /mnt/c/Users/ZeroHzzzz/Desktop/robot/install/nav/share/nav/launch
copying config/bt_navigator.yaml -> /mnt/c/Users/ZeroHzzzz/Desktop/robot/install/nav/share/nav/config
copying config/controller.yaml -> /mnt/c/Users/ZeroHzzzz/Desktop/robot/install/nav/share/nav/config
copying config/map_server.yaml -> /mnt/c/Users/ZeroHzzzz/Desktop/robot/install/nav/share/nav/config
copying config/planner_server.yaml -> /mnt/c/Users/ZeroHzzzz/Desktop/robot/install/nav/share/nav/config
copying config/recovery.yaml -> /mnt/c/Users/ZeroHzzzz/Desktop/robot/install/nav/share/nav/config
copying config/behavior_tree.xml -> /mnt/c/Users/ZeroHzzzz/Desktop/robot/install/nav/share/nav/config
creating /mnt/c/Users/ZeroHzzzz/Desktop/robot/install/nav/share/nav/map
copying map/map.pgm -> /mnt/c/Users/ZeroHzzzz/Desktop/robot/install/nav/share/nav/map
copying map/map.yaml -> /mnt/c/Users/ZeroHzzzz/Desktop/robot/install/nav/share/nav/map
copying urdf/base.urdf -> /mnt/c/Users/ZeroHzzzz/Desktop/robot/install/nav/share/nav/urdf
running install_egg_info
Copying ../../build/nav/nav.egg-info to /mnt/c/Users/ZeroHzzzz/Desktop/robot/install/nav/lib/python3.10/site-packages/nav-0.0.0-py3.10.egg-info
running install_scripts
writing list of installed files to '/mnt/c/Users/ZeroHzzzz/Desktop/robot/build/nav/install.log'
