[4.694s] Invoking command in '/mnt/c/Users/ZeroHzzzz/Desktop/robot/src/nav': PYTHONPATH=/mnt/c/Users/ZeroHzzzz/Desktop/robot/build/nav/prefix_override:/usr/lib/python3/dist-packages/colcon_core/task/python/colcon_distutils_commands:/mnt/c/Users/ZeroHzzzz/Desktop/robot/install/nav/lib/python3.10/site-packages:${PYTHONPATH} /usr/bin/python3 -W ignore:setup.py install is deprecated setup.py egg_info --egg-base ../../build/nav build --build-base /mnt/c/Users/ZeroHzzzz/Desktop/robot/build/nav/build install --record /mnt/c/Users/ZeroHzzzz/Desktop/robot/build/nav/install.log --single-version-externally-managed install_data
[5.859s] running egg_info
[5.866s] writing ../../build/nav/nav.egg-info/PKG-INFO
[5.875s] writing dependency_links to ../../build/nav/nav.egg-info/dependency_links.txt
[5.893s] writing entry points to ../../build/nav/nav.egg-info/entry_points.txt
[5.902s] writing requirements to ../../build/nav/nav.egg-info/requires.txt
[5.908s] writing top-level names to ../../build/nav/nav.egg-info/top_level.txt
[6.012s] reading manifest file '../../build/nav/nav.egg-info/SOURCES.txt'
[6.171s] writing manifest file '../../build/nav/nav.egg-info/SOURCES.txt'
[6.178s] running build
[6.180s] running build_py
[6.208s] running install
[6.210s] running install_lib
[6.321s] running install_data
[6.383s] copying launch/locate.launch.py -> /mnt/c/Users/ZeroHzzzz/Desktop/robot/install/nav/share/nav/launch
[6.426s] copying launch/map.launch.py -> /mnt/c/Users/ZeroHzzzz/Desktop/robot/install/nav/share/nav/launch
[6.472s] copying launch/planner.launch.py -> /mnt/c/Users/ZeroHzzzz/Desktop/robot/install/nav/share/nav/launch
[6.554s] copying config/bt_navigator.yaml -> /mnt/c/Users/ZeroHzzzz/Desktop/robot/install/nav/share/nav/config
[6.609s] copying config/controller.yaml -> /mnt/c/Users/ZeroHzzzz/Desktop/robot/install/nav/share/nav/config
[6.662s] copying config/map_server.yaml -> /mnt/c/Users/ZeroHzzzz/Desktop/robot/install/nav/share/nav/config
[6.721s] copying config/planner_server.yaml -> /mnt/c/Users/ZeroHzzzz/Desktop/robot/install/nav/share/nav/config
[6.759s] copying config/recovery.yaml -> /mnt/c/Users/ZeroHzzzz/Desktop/robot/install/nav/share/nav/config
[6.801s] copying config/behavior_tree.xml -> /mnt/c/Users/ZeroHzzzz/Desktop/robot/install/nav/share/nav/config
[6.839s] creating /mnt/c/Users/ZeroHzzzz/Desktop/robot/install/nav/share/nav/map
[6.852s] copying map/map.pgm -> /mnt/c/Users/ZeroHzzzz/Desktop/robot/install/nav/share/nav/map
[6.917s] copying map/map.yaml -> /mnt/c/Users/ZeroHzzzz/Desktop/robot/install/nav/share/nav/map
[6.969s] copying urdf/base.urdf -> /mnt/c/Users/ZeroHzzzz/Desktop/robot/install/nav/share/nav/urdf
[7.050s] running install_egg_info
[7.081s] Copying ../../build/nav/nav.egg-info to /mnt/c/Users/ZeroHzzzz/Desktop/robot/install/nav/lib/python3.10/site-packages/nav-0.0.0-py3.10.egg-info
[7.577s] running install_scripts
[7.694s] writing list of installed files to '/mnt/c/Users/ZeroHzzzz/Desktop/robot/build/nav/install.log'
[7.723s] Invoked command in '/mnt/c/Users/ZeroHzzzz/Desktop/robot/src/nav' returned '0': PYTHONPATH=/mnt/c/Users/ZeroHzzzz/Desktop/robot/build/nav/prefix_override:/usr/lib/python3/dist-packages/colcon_core/task/python/colcon_distutils_commands:/mnt/c/Users/ZeroHzzzz/Desktop/robot/install/nav/lib/python3.10/site-packages:${PYTHONPATH} /usr/bin/python3 -W ignore:setup.py install is deprecated setup.py egg_info --egg-base ../../build/nav build --build-base /mnt/c/Users/ZeroHzzzz/Desktop/robot/build/nav/build install --record /mnt/c/Users/ZeroHzzzz/Desktop/robot/build/nav/install.log --single-version-externally-managed install_data
