-- Install configuration: ""
-- Up-to-date: /home/zerohzzzz/Documents/ros2-slam-comparison/install/turtlebot3_rtab/share/turtlebot3_rtab/launch
-- Up-to-date: /home/zerohzzzz/Documents/ros2-slam-comparison/install/turtlebot3_rtab/share/turtlebot3_rtab/launch/rtab_with_noise.launch.py
-- Up-to-date: /home/zerohzzzz/Documents/ros2-slam-comparison/install/turtlebot3_rtab/share/turtlebot3_rtab/launch/rtab.launch.py
-- Up-to-date: /home/zerohzzzz/Documents/ros2-slam-comparison/install/turtlebot3_rtab/share/turtlebot3_rtab/rviz
-- Up-to-date: /home/zerohzzzz/Documents/ros2-slam-comparison/install/turtlebot3_rtab/share/turtlebot3_rtab/rviz/tb3_rtab_with_noise.rviz
-- Up-to-date: /home/zerohzzzz/Documents/ros2-slam-comparison/install/turtlebot3_rtab/share/turtlebot3_rtab/rviz/tb3_rtab.rviz
-- Up-to-date: /home/zerohzzzz/Documents/ros2-slam-comparison/install/turtlebot3_rtab/share/ament_index/resource_index/package_run_dependencies/turtlebot3_rtab
-- Up-to-date: /home/zerohzzzz/Documents/ros2-slam-comparison/install/turtlebot3_rtab/share/ament_index/resource_index/parent_prefix_path/turtlebot3_rtab
-- Up-to-date: /home/zerohzzzz/Documents/ros2-slam-comparison/install/turtlebot3_rtab/share/turtlebot3_rtab/environment/ament_prefix_path.sh
-- Up-to-date: /home/zerohzzzz/Documents/ros2-slam-comparison/install/turtlebot3_rtab/share/turtlebot3_rtab/environment/ament_prefix_path.dsv
-- Up-to-date: /home/zerohzzzz/Documents/ros2-slam-comparison/install/turtlebot3_rtab/share/turtlebot3_rtab/environment/path.sh
-- Up-to-date: /home/zerohzzzz/Documents/ros2-slam-comparison/install/turtlebot3_rtab/share/turtlebot3_rtab/environment/path.dsv
-- Up-to-date: /home/zerohzzzz/Documents/ros2-slam-comparison/install/turtlebot3_rtab/share/turtlebot3_rtab/local_setup.bash
-- Up-to-date: /home/zerohzzzz/Documents/ros2-slam-comparison/install/turtlebot3_rtab/share/turtlebot3_rtab/local_setup.sh
-- Up-to-date: /home/zerohzzzz/Documents/ros2-slam-comparison/install/turtlebot3_rtab/share/turtlebot3_rtab/local_setup.zsh
-- Up-to-date: /home/zerohzzzz/Documents/ros2-slam-comparison/install/turtlebot3_rtab/share/turtlebot3_rtab/local_setup.dsv
-- Up-to-date: /home/zerohzzzz/Documents/ros2-slam-comparison/install/turtlebot3_rtab/share/turtlebot3_rtab/package.dsv
-- Up-to-date: /home/zerohzzzz/Documents/ros2-slam-comparison/install/turtlebot3_rtab/share/ament_index/resource_index/packages/turtlebot3_rtab
-- Up-to-date: /home/zerohzzzz/Documents/ros2-slam-comparison/install/turtlebot3_rtab/share/turtlebot3_rtab/cmake/turtlebot3_rtabConfig.cmake
-- Up-to-date: /home/zerohzzzz/Documents/ros2-slam-comparison/install/turtlebot3_rtab/share/turtlebot3_rtab/cmake/turtlebot3_rtabConfig-version.cmake
-- Up-to-date: /home/zerohzzzz/Documents/ros2-slam-comparison/install/turtlebot3_rtab/share/turtlebot3_rtab/package.xml
