[1.275s] Invoking command in '/home/zerohzzzz/Documents/RobotNav2/src/mapbuild': PYTHONPATH=/home/zerohzzzz/Documents/RobotNav2/build/mapbuild/prefix_override:/usr/lib/python3/dist-packages/colcon_core/task/python/colcon_distutils_commands:/home/zerohzzzz/Documents/RobotNav2/install/mapbuild/lib/python3.10/site-packages:${PYTHONPATH} /usr/bin/python3 -W ignore:setup.py install is deprecated setup.py egg_info --egg-base ../../build/mapbuild build --build-base /home/zerohzzzz/Documents/RobotNav2/build/mapbuild/build install --record /home/zerohzzzz/Documents/RobotNav2/build/mapbuild/install.log --single-version-externally-managed install_data
[1.554s] running egg_info
[1.555s] writing ../../build/mapbuild/mapbuild.egg-info/PKG-INFO
[1.555s] writing dependency_links to ../../build/mapbuild/mapbuild.egg-info/dependency_links.txt
[1.556s] writing entry points to ../../build/mapbuild/mapbuild.egg-info/entry_points.txt
[1.556s] writing requirements to ../../build/mapbuild/mapbuild.egg-info/requires.txt
[1.556s] writing top-level names to ../../build/mapbuild/mapbuild.egg-info/top_level.txt
[1.558s] reading manifest file '../../build/mapbuild/mapbuild.egg-info/SOURCES.txt'
[1.559s] writing manifest file '../../build/mapbuild/mapbuild.egg-info/SOURCES.txt'
[1.559s] running build
[1.559s] running build_py
[1.560s] running install
[1.560s] running install_lib
[1.561s] running install_data
[1.561s] running install_egg_info
[1.564s] removing '/home/zerohzzzz/Documents/RobotNav2/install/mapbuild/lib/python3.10/site-packages/mapbuild-0.0.0-py3.10.egg-info' (and everything under it)
[1.564s] Copying ../../build/mapbuild/mapbuild.egg-info to /home/zerohzzzz/Documents/RobotNav2/install/mapbuild/lib/python3.10/site-packages/mapbuild-0.0.0-py3.10.egg-info
[1.565s] running install_scripts
[1.591s] writing list of installed files to '/home/zerohzzzz/Documents/RobotNav2/build/mapbuild/install.log'
[1.661s] Invoked command in '/home/zerohzzzz/Documents/RobotNav2/src/mapbuild' returned '0': PYTHONPATH=/home/zerohzzzz/Documents/RobotNav2/build/mapbuild/prefix_override:/usr/lib/python3/dist-packages/colcon_core/task/python/colcon_distutils_commands:/home/zerohzzzz/Documents/RobotNav2/install/mapbuild/lib/python3.10/site-packages:${PYTHONPATH} /usr/bin/python3 -W ignore:setup.py install is deprecated setup.py egg_info --egg-base ../../build/mapbuild build --build-base /home/zerohzzzz/Documents/RobotNav2/build/mapbuild/build install --record /home/zerohzzzz/Documents/RobotNav2/build/mapbuild/install.log --single-version-externally-managed install_data
