running egg_info
writing ../../build/map_build/map_build.egg-info/PKG-INFO
writing dependency_links to ../../build/map_build/map_build.egg-info/dependency_links.txt
writing entry points to ../../build/map_build/map_build.egg-info/entry_points.txt
writing requirements to ../../build/map_build/map_build.egg-info/requires.txt
writing top-level names to ../../build/map_build/map_build.egg-info/top_level.txt
reading manifest file '../../build/map_build/map_build.egg-info/SOURCES.txt'
writing manifest file '../../build/map_build/map_build.egg-info/SOURCES.txt'
running build
running build_py
running install
running install_lib
creating /home/zerohzzzz/Documents/RobotNav2/install/map_build/lib/python3.10/site-packages/map_build
copying /home/zerohzzzz/Documents/RobotNav2/build/map_build/build/lib/map_build/__init__.py -> /home/zerohzzzz/Documents/RobotNav2/install/map_build/lib/python3.10/site-packages/map_build
byte-compiling /home/zerohzzzz/Documents/RobotNav2/install/map_build/lib/python3.10/site-packages/map_build/__init__.py to __init__.cpython-310.pyc
running install_data
creating /home/zerohzzzz/Documents/RobotNav2/install/map_build/share/ament_index
creating /home/zerohzzzz/Documents/RobotNav2/install/map_build/share/ament_index/resource_index
creating /home/zerohzzzz/Documents/RobotNav2/install/map_build/share/ament_index/resource_index/packages
copying resource/map_build -> /home/zerohzzzz/Documents/RobotNav2/install/map_build/share/ament_index/resource_index/packages
copying package.xml -> /home/zerohzzzz/Documents/RobotNav2/install/map_build/share/map_build
creating /home/zerohzzzz/Documents/RobotNav2/install/map_build/share/map_build/launch
copying launch/all_launch.py -> /home/zerohzzzz/Documents/RobotNav2/install/map_build/share/map_build/launch
copying launch/slam_launch.py -> /home/zerohzzzz/Documents/RobotNav2/install/map_build/share/map_build/launch
copying launch/map_build.launch.py -> /home/zerohzzzz/Documents/RobotNav2/install/map_build/share/map_build/launch
copying launch/gazebo_launch.py -> /home/zerohzzzz/Documents/RobotNav2/install/map_build/share/map_build/launch
copying launch/save_launch.py -> /home/zerohzzzz/Documents/RobotNav2/install/map_build/share/map_build/launch
creating /home/zerohzzzz/Documents/RobotNav2/install/map_build/share/map_build/config
creating /home/zerohzzzz/Documents/RobotNav2/install/map_build/share/map_build/map
creating /home/zerohzzzz/Documents/RobotNav2/install/map_build/share/map_build/urdf
copying urdf/fishbot_base.urdf -> /home/zerohzzzz/Documents/RobotNav2/install/map_build/share/map_build/urdf
creating /home/zerohzzzz/Documents/RobotNav2/install/map_build/share/map_build/worlds
copying worlds/map1.world -> /home/zerohzzzz/Documents/RobotNav2/install/map_build/share/map_build/worlds
running install_egg_info
Copying ../../build/map_build/map_build.egg-info to /home/zerohzzzz/Documents/RobotNav2/install/map_build/lib/python3.10/site-packages/map_build-0.0.0-py3.10.egg-info
running install_scripts
writing list of installed files to '/home/zerohzzzz/Documents/RobotNav2/build/map_build/install.log'
