[0.325s] DEBUG:colcon:Command line arguments: ['/usr/bin/colcon', 'build']
[0.325s] DEBUG:colcon:Parsed command line arguments: Namespace(log_base=None, log_level=None, verb_name='build', build_base='build', install_base='install', merge_install=False, symlink_install=False, test_result_base=None, continue_on_error=False, executor='parallel', parallel_workers=8, event_handlers=None, ignore_user_meta=False, metas=['./colcon.meta'], base_paths=['.'], packages_ignore=None, packages_ignore_regex=None, paths=None, packages_up_to=None, packages_up_to_regex=None, packages_above=None, packages_above_and_dependencies=None, packages_above_depth=None, packages_select_by_dep=None, packages_skip_by_dep=None, packages_skip_up_to=None, packages_select_build_failed=False, packages_skip_build_finished=False, packages_select_test_failures=False, packages_skip_test_passed=False, packages_select=None, packages_skip=None, packages_select_regex=None, packages_skip_regex=None, packages_start=None, packages_end=None, allow_overriding=[], cmake_args=None, cmake_target=None, cmake_target_skip_unavailable=False, cmake_clean_cache=False, cmake_clean_first=False, cmake_force_configure=False, ament_cmake_args=None, catkin_cmake_args=None, catkin_skip_building_tests=False, mixin_files=None, mixin=None, verb_parser=<colcon_mixin.mixin.mixin_argument.MixinArgumentDecorator object at 0x709f8023c640>, verb_extension=<colcon_core.verb.build.BuildVerb object at 0x709f80207fd0>, main=<bound method BuildVerb.main of <colcon_core.verb.build.BuildVerb object at 0x709f80207fd0>>, mixin_verb=('build',))
[0.646s] Level 1:colcon.colcon_core.package_discovery:discover_packages(colcon_meta) check parameters
[0.646s] Level 1:colcon.colcon_core.package_discovery:discover_packages(recursive) check parameters
[0.646s] Level 1:colcon.colcon_core.package_discovery:discover_packages(ignore) check parameters
[0.646s] Level 1:colcon.colcon_core.package_discovery:discover_packages(path) check parameters
[0.646s] Level 1:colcon.colcon_core.package_discovery:discover_packages(colcon_meta) discover
[0.646s] Level 1:colcon.colcon_core.package_discovery:discover_packages(recursive) discover
[0.646s] INFO:colcon.colcon_core.package_discovery:Crawling recursively for packages in '/home/zerohzzzz/Documents/RobotNav2'
[0.646s] Level 1:colcon.colcon_core.package_identification:_identify(.) by extensions ['ignore', 'ignore_ament_install']
[0.646s] Level 1:colcon.colcon_core.package_identification:_identify(.) by extension 'ignore'
[0.646s] Level 1:colcon.colcon_core.package_identification:_identify(.) by extension 'ignore_ament_install'
[0.646s] Level 1:colcon.colcon_core.package_identification:_identify(.) by extensions ['colcon_pkg']
[0.646s] Level 1:colcon.colcon_core.package_identification:_identify(.) by extension 'colcon_pkg'
[0.647s] Level 1:colcon.colcon_core.package_identification:_identify(.) by extensions ['colcon_meta']
[0.647s] Level 1:colcon.colcon_core.package_identification:_identify(.) by extension 'colcon_meta'
[0.647s] Level 1:colcon.colcon_core.package_identification:_identify(.) by extensions ['ros']
[0.647s] Level 1:colcon.colcon_core.package_identification:_identify(.) by extension 'ros'
[0.663s] Level 1:colcon.colcon_core.package_identification:_identify(.) by extensions ['cmake', 'python']
[0.663s] Level 1:colcon.colcon_core.package_identification:_identify(.) by extension 'cmake'
[0.663s] Level 1:colcon.colcon_core.package_identification:_identify(.) by extension 'python'
[0.663s] Level 1:colcon.colcon_core.package_identification:_identify(.) by extensions ['python_setup_py']
[0.663s] Level 1:colcon.colcon_core.package_identification:_identify(.) by extension 'python_setup_py'
[0.664s] Level 1:colcon.colcon_core.package_identification:_identify(build) by extensions ['ignore', 'ignore_ament_install']
[0.664s] Level 1:colcon.colcon_core.package_identification:_identify(build) by extension 'ignore'
[0.664s] Level 1:colcon.colcon_core.package_identification:_identify(build) ignored
[0.664s] Level 1:colcon.colcon_core.package_identification:_identify(install) by extensions ['ignore', 'ignore_ament_install']
[0.664s] Level 1:colcon.colcon_core.package_identification:_identify(install) by extension 'ignore'
[0.664s] Level 1:colcon.colcon_core.package_identification:_identify(install) ignored
[0.664s] Level 1:colcon.colcon_core.package_identification:_identify(log) by extensions ['ignore', 'ignore_ament_install']
[0.664s] Level 1:colcon.colcon_core.package_identification:_identify(log) by extension 'ignore'
[0.664s] Level 1:colcon.colcon_core.package_identification:_identify(log) ignored
[0.665s] Level 1:colcon.colcon_core.package_identification:_identify(src) by extensions ['ignore', 'ignore_ament_install']
[0.665s] Level 1:colcon.colcon_core.package_identification:_identify(src) by extension 'ignore'
[0.665s] Level 1:colcon.colcon_core.package_identification:_identify(src) by extension 'ignore_ament_install'
[0.665s] Level 1:colcon.colcon_core.package_identification:_identify(src) by extensions ['colcon_pkg']
[0.665s] Level 1:colcon.colcon_core.package_identification:_identify(src) by extension 'colcon_pkg'
[0.665s] Level 1:colcon.colcon_core.package_identification:_identify(src) by extensions ['colcon_meta']
[0.665s] Level 1:colcon.colcon_core.package_identification:_identify(src) by extension 'colcon_meta'
[0.665s] Level 1:colcon.colcon_core.package_identification:_identify(src) by extensions ['ros']
[0.665s] Level 1:colcon.colcon_core.package_identification:_identify(src) by extension 'ros'
[0.665s] Level 1:colcon.colcon_core.package_identification:_identify(src) by extensions ['cmake', 'python']
[0.665s] Level 1:colcon.colcon_core.package_identification:_identify(src) by extension 'cmake'
[0.665s] Level 1:colcon.colcon_core.package_identification:_identify(src) by extension 'python'
[0.665s] Level 1:colcon.colcon_core.package_identification:_identify(src) by extensions ['python_setup_py']
[0.665s] Level 1:colcon.colcon_core.package_identification:_identify(src) by extension 'python_setup_py'
[0.666s] Level 1:colcon.colcon_core.package_identification:_identify(src/explore) by extensions ['ignore', 'ignore_ament_install']
[0.666s] Level 1:colcon.colcon_core.package_identification:_identify(src/explore) by extension 'ignore'
[0.666s] Level 1:colcon.colcon_core.package_identification:_identify(src/explore) by extension 'ignore_ament_install'
[0.666s] Level 1:colcon.colcon_core.package_identification:_identify(src/explore) by extensions ['colcon_pkg']
[0.666s] Level 1:colcon.colcon_core.package_identification:_identify(src/explore) by extension 'colcon_pkg'
[0.666s] Level 1:colcon.colcon_core.package_identification:_identify(src/explore) by extensions ['colcon_meta']
[0.666s] Level 1:colcon.colcon_core.package_identification:_identify(src/explore) by extension 'colcon_meta'
[0.666s] Level 1:colcon.colcon_core.package_identification:_identify(src/explore) by extensions ['ros']
[0.666s] Level 1:colcon.colcon_core.package_identification:_identify(src/explore) by extension 'ros'
[0.673s] DEBUG:colcon.colcon_core.package_identification:Package 'src/explore' with type 'ros.ament_cmake' and name 'explore_lite'
[0.673s] Level 1:colcon.colcon_core.package_identification:_identify(src/map_build) by extensions ['ignore', 'ignore_ament_install']
[0.673s] Level 1:colcon.colcon_core.package_identification:_identify(src/map_build) by extension 'ignore'
[0.673s] Level 1:colcon.colcon_core.package_identification:_identify(src/map_build) by extension 'ignore_ament_install'
[0.673s] Level 1:colcon.colcon_core.package_identification:_identify(src/map_build) by extensions ['colcon_pkg']
[0.673s] Level 1:colcon.colcon_core.package_identification:_identify(src/map_build) by extension 'colcon_pkg'
[0.673s] Level 1:colcon.colcon_core.package_identification:_identify(src/map_build) by extensions ['colcon_meta']
[0.673s] Level 1:colcon.colcon_core.package_identification:_identify(src/map_build) by extension 'colcon_meta'
[0.673s] Level 1:colcon.colcon_core.package_identification:_identify(src/map_build) by extensions ['ros']
[0.674s] Level 1:colcon.colcon_core.package_identification:_identify(src/map_build) by extension 'ros'
[0.675s] DEBUG:colcon.colcon_core.package_identification:Package 'src/map_build' with type 'ros.ament_python' and name 'map_build'
[0.675s] Level 1:colcon.colcon_core.package_identification:_identify(src/map_merge) by extensions ['ignore', 'ignore_ament_install']
[0.675s] Level 1:colcon.colcon_core.package_identification:_identify(src/map_merge) by extension 'ignore'
[0.676s] Level 1:colcon.colcon_core.package_identification:_identify(src/map_merge) by extension 'ignore_ament_install'
[0.676s] Level 1:colcon.colcon_core.package_identification:_identify(src/map_merge) by extensions ['colcon_pkg']
[0.676s] Level 1:colcon.colcon_core.package_identification:_identify(src/map_merge) by extension 'colcon_pkg'
[0.676s] Level 1:colcon.colcon_core.package_identification:_identify(src/map_merge) by extensions ['colcon_meta']
[0.676s] Level 1:colcon.colcon_core.package_identification:_identify(src/map_merge) by extension 'colcon_meta'
[0.676s] Level 1:colcon.colcon_core.package_identification:_identify(src/map_merge) by extensions ['ros']
[0.676s] Level 1:colcon.colcon_core.package_identification:_identify(src/map_merge) by extension 'ros'
[0.677s] DEBUG:colcon.colcon_core.package_identification:Package 'src/map_merge' with type 'ros.ament_cmake' and name 'multirobot_map_merge'
[0.677s] Level 1:colcon.colcon_core.package_discovery:discover_packages(recursive) using defaults
[0.678s] Level 1:colcon.colcon_core.package_discovery:discover_packages(ignore) discover
[0.678s] Level 1:colcon.colcon_core.package_discovery:discover_packages(ignore) using defaults
[0.678s] Level 1:colcon.colcon_core.package_discovery:discover_packages(path) discover
[0.678s] Level 1:colcon.colcon_core.package_discovery:discover_packages(path) using defaults
[0.715s] Level 1:colcon.colcon_core.package_discovery:discover_packages(prefix_path) check parameters
[0.715s] Level 1:colcon.colcon_core.package_discovery:discover_packages(prefix_path) discover
[0.722s] DEBUG:colcon.colcon_installed_package_information.package_discovery:Found 3 installed packages in /home/zerohzzzz/Documents/RobotNav2/install
[0.724s] DEBUG:colcon.colcon_installed_package_information.package_discovery:Found 260 installed packages in /opt/ros/humble
[0.726s] Level 1:colcon.colcon_core.package_discovery:discover_packages(prefix_path) using defaults
[0.838s] Level 5:colcon.colcon_core.verb:set package 'explore_lite' build argument 'cmake_args' from command line to 'None'
[0.838s] Level 5:colcon.colcon_core.verb:set package 'explore_lite' build argument 'cmake_target' from command line to 'None'
[0.838s] Level 5:colcon.colcon_core.verb:set package 'explore_lite' build argument 'cmake_target_skip_unavailable' from command line to 'False'
[0.838s] Level 5:colcon.colcon_core.verb:set package 'explore_lite' build argument 'cmake_clean_cache' from command line to 'False'
[0.838s] Level 5:colcon.colcon_core.verb:set package 'explore_lite' build argument 'cmake_clean_first' from command line to 'False'
[0.838s] Level 5:colcon.colcon_core.verb:set package 'explore_lite' build argument 'cmake_force_configure' from command line to 'False'
[0.838s] Level 5:colcon.colcon_core.verb:set package 'explore_lite' build argument 'ament_cmake_args' from command line to 'None'
[0.839s] Level 5:colcon.colcon_core.verb:set package 'explore_lite' build argument 'catkin_cmake_args' from command line to 'None'
[0.839s] Level 5:colcon.colcon_core.verb:set package 'explore_lite' build argument 'catkin_skip_building_tests' from command line to 'False'
[0.839s] DEBUG:colcon.colcon_core.verb:Building package 'explore_lite' with the following arguments: {'ament_cmake_args': None, 'build_base': '/home/zerohzzzz/Documents/RobotNav2/build/explore_lite', 'catkin_cmake_args': None, 'catkin_skip_building_tests': False, 'cmake_args': None, 'cmake_clean_cache': False, 'cmake_clean_first': False, 'cmake_force_configure': False, 'cmake_target': None, 'cmake_target_skip_unavailable': False, 'install_base': '/home/zerohzzzz/Documents/RobotNav2/install/explore_lite', 'merge_install': False, 'path': '/home/zerohzzzz/Documents/RobotNav2/src/explore', 'symlink_install': False, 'test_result_base': None}
[0.839s] Level 5:colcon.colcon_core.verb:set package 'map_build' build argument 'cmake_args' from command line to 'None'
[0.839s] Level 5:colcon.colcon_core.verb:set package 'map_build' build argument 'cmake_target' from command line to 'None'
[0.839s] Level 5:colcon.colcon_core.verb:set package 'map_build' build argument 'cmake_target_skip_unavailable' from command line to 'False'
[0.839s] Level 5:colcon.colcon_core.verb:set package 'map_build' build argument 'cmake_clean_cache' from command line to 'False'
[0.839s] Level 5:colcon.colcon_core.verb:set package 'map_build' build argument 'cmake_clean_first' from command line to 'False'
[0.839s] Level 5:colcon.colcon_core.verb:set package 'map_build' build argument 'cmake_force_configure' from command line to 'False'
[0.839s] Level 5:colcon.colcon_core.verb:set package 'map_build' build argument 'ament_cmake_args' from command line to 'None'
[0.839s] Level 5:colcon.colcon_core.verb:set package 'map_build' build argument 'catkin_cmake_args' from command line to 'None'
[0.839s] Level 5:colcon.colcon_core.verb:set package 'map_build' build argument 'catkin_skip_building_tests' from command line to 'False'
[0.839s] DEBUG:colcon.colcon_core.verb:Building package 'map_build' with the following arguments: {'ament_cmake_args': None, 'build_base': '/home/zerohzzzz/Documents/RobotNav2/build/map_build', 'catkin_cmake_args': None, 'catkin_skip_building_tests': False, 'cmake_args': None, 'cmake_clean_cache': False, 'cmake_clean_first': False, 'cmake_force_configure': False, 'cmake_target': None, 'cmake_target_skip_unavailable': False, 'install_base': '/home/zerohzzzz/Documents/RobotNav2/install/map_build', 'merge_install': False, 'path': '/home/zerohzzzz/Documents/RobotNav2/src/map_build', 'symlink_install': False, 'test_result_base': None}
[0.840s] Level 5:colcon.colcon_core.verb:set package 'multirobot_map_merge' build argument 'cmake_args' from command line to 'None'
[0.840s] Level 5:colcon.colcon_core.verb:set package 'multirobot_map_merge' build argument 'cmake_target' from command line to 'None'
[0.840s] Level 5:colcon.colcon_core.verb:set package 'multirobot_map_merge' build argument 'cmake_target_skip_unavailable' from command line to 'False'
[0.840s] Level 5:colcon.colcon_core.verb:set package 'multirobot_map_merge' build argument 'cmake_clean_cache' from command line to 'False'
[0.840s] Level 5:colcon.colcon_core.verb:set package 'multirobot_map_merge' build argument 'cmake_clean_first' from command line to 'False'
[0.840s] Level 5:colcon.colcon_core.verb:set package 'multirobot_map_merge' build argument 'cmake_force_configure' from command line to 'False'
[0.840s] Level 5:colcon.colcon_core.verb:set package 'multirobot_map_merge' build argument 'ament_cmake_args' from command line to 'None'
[0.840s] Level 5:colcon.colcon_core.verb:set package 'multirobot_map_merge' build argument 'catkin_cmake_args' from command line to 'None'
[0.840s] Level 5:colcon.colcon_core.verb:set package 'multirobot_map_merge' build argument 'catkin_skip_building_tests' from command line to 'False'
[0.840s] DEBUG:colcon.colcon_core.verb:Building package 'multirobot_map_merge' with the following arguments: {'ament_cmake_args': None, 'build_base': '/home/zerohzzzz/Documents/RobotNav2/build/multirobot_map_merge', 'catkin_cmake_args': None, 'catkin_skip_building_tests': False, 'cmake_args': None, 'cmake_clean_cache': False, 'cmake_clean_first': False, 'cmake_force_configure': False, 'cmake_target': None, 'cmake_target_skip_unavailable': False, 'install_base': '/home/zerohzzzz/Documents/RobotNav2/install/multirobot_map_merge', 'merge_install': False, 'path': '/home/zerohzzzz/Documents/RobotNav2/src/map_merge', 'symlink_install': False, 'test_result_base': None}
[0.840s] INFO:colcon.colcon_core.executor:Executing jobs using 'parallel' executor
[0.841s] DEBUG:colcon.colcon_parallel_executor.executor.parallel:run_until_complete
[0.841s] INFO:colcon.colcon_ros.task.ament_cmake.build:Building ROS package in '/home/zerohzzzz/Documents/RobotNav2/src/explore' with build type 'ament_cmake'
[0.842s] INFO:colcon.colcon_cmake.task.cmake.build:Building CMake package in '/home/zerohzzzz/Documents/RobotNav2/src/explore'
[0.847s] INFO:colcon.colcon_core.plugin_system:Skipping extension 'colcon_core.shell.bat': Not used on non-Windows systems
[0.848s] INFO:colcon.colcon_core.shell:Skip shell extension 'powershell' for command environment: Not usable outside of PowerShell
[0.848s] DEBUG:colcon.colcon_core.shell:Skip shell extension 'dsv' for command environment
[0.852s] INFO:colcon.colcon_ros.task.ament_python.build:Building ROS package in '/home/zerohzzzz/Documents/RobotNav2/src/map_build' with build type 'ament_python'
[0.853s] Level 1:colcon.colcon_core.shell:create_environment_hook('map_build', 'ament_prefix_path')
[0.853s] INFO:colcon.colcon_core.shell:Creating environment hook '/home/zerohzzzz/Documents/RobotNav2/install/map_build/share/map_build/hook/ament_prefix_path.ps1'
[0.855s] INFO:colcon.colcon_core.shell:Creating environment descriptor '/home/zerohzzzz/Documents/RobotNav2/install/map_build/share/map_build/hook/ament_prefix_path.dsv'
[0.857s] INFO:colcon.colcon_core.shell:Creating environment hook '/home/zerohzzzz/Documents/RobotNav2/install/map_build/share/map_build/hook/ament_prefix_path.sh'
[0.858s] INFO:colcon.colcon_core.shell:Skip shell extension 'powershell' for command environment: Not usable outside of PowerShell
[0.858s] DEBUG:colcon.colcon_core.shell:Skip shell extension 'dsv' for command environment
[0.862s] INFO:colcon.colcon_ros.task.ament_cmake.build:Building ROS package in '/home/zerohzzzz/Documents/RobotNav2/src/map_merge' with build type 'ament_cmake'
[0.862s] INFO:colcon.colcon_cmake.task.cmake.build:Building CMake package in '/home/zerohzzzz/Documents/RobotNav2/src/map_merge'
[0.863s] INFO:colcon.colcon_core.shell:Skip shell extension 'powershell' for command environment: Not usable outside of PowerShell
[0.863s] DEBUG:colcon.colcon_core.shell:Skip shell extension 'dsv' for command environment
[0.878s] DEBUG:colcon.colcon_core.event_handler.log_command:Invoking command in '/home/zerohzzzz/Documents/RobotNav2/build/explore_lite': CMAKE_PREFIX_PATH=${CMAKE_PREFIX_PATH}:/home/zerohzzzz/Documents/RobotNav2/install/map_build:/opt/ros/humble /usr/bin/cmake --build /home/zerohzzzz/Documents/RobotNav2/build/explore_lite -- -j8 -l8
[1.253s] INFO:colcon.colcon_core.task.python.build:Building Python package in '/home/zerohzzzz/Documents/RobotNav2/src/map_build'
[1.253s] INFO:colcon.colcon_core.shell:Skip shell extension 'powershell' for command environment: Not usable outside of PowerShell
[1.253s] DEBUG:colcon.colcon_core.shell:Skip shell extension 'dsv' for command environment
[1.275s] DEBUG:colcon.colcon_core.event_handler.log_command:Invoking command in '/home/zerohzzzz/Documents/RobotNav2/build/multirobot_map_merge': CMAKE_PREFIX_PATH=${CMAKE_PREFIX_PATH}:/home/zerohzzzz/Documents/RobotNav2/install/map_build:/opt/ros/humble /usr/bin/cmake --build /home/zerohzzzz/Documents/RobotNav2/build/multirobot_map_merge -- -j8 -l8
[1.279s] DEBUG:colcon.colcon_core.event_handler.log_command:Invoked command in '/home/zerohzzzz/Documents/RobotNav2/build/explore_lite' returned '0': CMAKE_PREFIX_PATH=${CMAKE_PREFIX_PATH}:/home/zerohzzzz/Documents/RobotNav2/install/map_build:/opt/ros/humble /usr/bin/cmake --build /home/zerohzzzz/Documents/RobotNav2/build/explore_lite -- -j8 -l8
[1.344s] DEBUG:colcon.colcon_core.event_handler.log_command:Invoking command in '/home/zerohzzzz/Documents/RobotNav2/build/explore_lite': CMAKE_PREFIX_PATH=${CMAKE_PREFIX_PATH}:/home/zerohzzzz/Documents/RobotNav2/install/map_build:/opt/ros/humble /usr/bin/cmake --install /home/zerohzzzz/Documents/RobotNav2/build/explore_lite
[1.377s] Level 1:colcon.colcon_core.environment:create_environment_scripts_only(explore_lite)
[1.378s] DEBUG:colcon.colcon_core.event_handler.log_command:Invoked command in '/home/zerohzzzz/Documents/RobotNav2/build/explore_lite' returned '0': CMAKE_PREFIX_PATH=${CMAKE_PREFIX_PATH}:/home/zerohzzzz/Documents/RobotNav2/install/map_build:/opt/ros/humble /usr/bin/cmake --install /home/zerohzzzz/Documents/RobotNav2/build/explore_lite
[1.386s] Level 1:colcon.colcon_core.environment:checking '/home/zerohzzzz/Documents/RobotNav2/install/explore_lite' for CMake module files
[1.387s] Level 1:colcon.colcon_core.environment:checking '/home/zerohzzzz/Documents/RobotNav2/install/explore_lite' for CMake config files
[1.387s] Level 1:colcon.colcon_core.shell:create_environment_hook('explore_lite', 'cmake_prefix_path')
[1.388s] INFO:colcon.colcon_core.shell:Creating environment hook '/home/zerohzzzz/Documents/RobotNav2/install/explore_lite/share/explore_lite/hook/cmake_prefix_path.ps1'
[1.389s] INFO:colcon.colcon_core.shell:Creating environment descriptor '/home/zerohzzzz/Documents/RobotNav2/install/explore_lite/share/explore_lite/hook/cmake_prefix_path.dsv'
[1.389s] INFO:colcon.colcon_core.shell:Creating environment hook '/home/zerohzzzz/Documents/RobotNav2/install/explore_lite/share/explore_lite/hook/cmake_prefix_path.sh'
[1.390s] Level 1:colcon.colcon_core.environment:checking '/home/zerohzzzz/Documents/RobotNav2/install/explore_lite/lib'
[1.390s] Level 1:colcon.colcon_core.environment:checking '/home/zerohzzzz/Documents/RobotNav2/install/explore_lite/bin'
[1.390s] Level 1:colcon.colcon_core.environment:checking '/home/zerohzzzz/Documents/RobotNav2/install/explore_lite/lib/pkgconfig/explore_lite.pc'
[1.391s] Level 1:colcon.colcon_core.environment:checking '/home/zerohzzzz/Documents/RobotNav2/install/explore_lite/lib/python3.10/site-packages'
[1.391s] Level 1:colcon.colcon_core.environment:checking '/home/zerohzzzz/Documents/RobotNav2/install/explore_lite/bin'
[1.392s] INFO:colcon.colcon_core.shell:Creating package script '/home/zerohzzzz/Documents/RobotNav2/install/explore_lite/share/explore_lite/package.ps1'
[1.393s] INFO:colcon.colcon_core.shell:Creating package descriptor '/home/zerohzzzz/Documents/RobotNav2/install/explore_lite/share/explore_lite/package.dsv'
[1.394s] INFO:colcon.colcon_core.shell:Creating package script '/home/zerohzzzz/Documents/RobotNav2/install/explore_lite/share/explore_lite/package.sh'
[1.396s] INFO:colcon.colcon_core.shell:Creating package script '/home/zerohzzzz/Documents/RobotNav2/install/explore_lite/share/explore_lite/package.bash'
[1.397s] INFO:colcon.colcon_core.shell:Creating package script '/home/zerohzzzz/Documents/RobotNav2/install/explore_lite/share/explore_lite/package.zsh'
[1.398s] Level 1:colcon.colcon_core.environment:create_file_with_runtime_dependencies(/home/zerohzzzz/Documents/RobotNav2/install/explore_lite/share/colcon-core/packages/explore_lite)
[1.449s] Level 1:colcon.colcon_core.environment:create_environment_scripts_only(explore_lite)
[1.449s] Level 1:colcon.colcon_core.environment:checking '/home/zerohzzzz/Documents/RobotNav2/install/explore_lite' for CMake module files
[1.450s] Level 1:colcon.colcon_core.environment:checking '/home/zerohzzzz/Documents/RobotNav2/install/explore_lite' for CMake config files
[1.451s] Level 1:colcon.colcon_core.shell:create_environment_hook('explore_lite', 'cmake_prefix_path')
[1.451s] INFO:colcon.colcon_core.shell:Creating environment hook '/home/zerohzzzz/Documents/RobotNav2/install/explore_lite/share/explore_lite/hook/cmake_prefix_path.ps1'
[1.452s] INFO:colcon.colcon_core.shell:Creating environment descriptor '/home/zerohzzzz/Documents/RobotNav2/install/explore_lite/share/explore_lite/hook/cmake_prefix_path.dsv'
[1.452s] INFO:colcon.colcon_core.shell:Creating environment hook '/home/zerohzzzz/Documents/RobotNav2/install/explore_lite/share/explore_lite/hook/cmake_prefix_path.sh'
[1.453s] Level 1:colcon.colcon_core.environment:checking '/home/zerohzzzz/Documents/RobotNav2/install/explore_lite/lib'
[1.453s] Level 1:colcon.colcon_core.environment:checking '/home/zerohzzzz/Documents/RobotNav2/install/explore_lite/bin'
[1.453s] Level 1:colcon.colcon_core.environment:checking '/home/zerohzzzz/Documents/RobotNav2/install/explore_lite/lib/pkgconfig/explore_lite.pc'
[1.454s] Level 1:colcon.colcon_core.environment:checking '/home/zerohzzzz/Documents/RobotNav2/install/explore_lite/lib/python3.10/site-packages'
[1.454s] Level 1:colcon.colcon_core.environment:checking '/home/zerohzzzz/Documents/RobotNav2/install/explore_lite/bin'
[1.455s] INFO:colcon.colcon_core.shell:Creating package script '/home/zerohzzzz/Documents/RobotNav2/install/explore_lite/share/explore_lite/package.ps1'
[1.456s] INFO:colcon.colcon_core.shell:Creating package descriptor '/home/zerohzzzz/Documents/RobotNav2/install/explore_lite/share/explore_lite/package.dsv'
[1.456s] INFO:colcon.colcon_core.shell:Creating package script '/home/zerohzzzz/Documents/RobotNav2/install/explore_lite/share/explore_lite/package.sh'
[1.457s] INFO:colcon.colcon_core.shell:Creating package script '/home/zerohzzzz/Documents/RobotNav2/install/explore_lite/share/explore_lite/package.bash'
[1.458s] INFO:colcon.colcon_core.shell:Creating package script '/home/zerohzzzz/Documents/RobotNav2/install/explore_lite/share/explore_lite/package.zsh'
[1.458s] Level 1:colcon.colcon_core.environment:create_file_with_runtime_dependencies(/home/zerohzzzz/Documents/RobotNav2/install/explore_lite/share/colcon-core/packages/explore_lite)
[1.528s] DEBUG:colcon.colcon_core.event_handler.log_command:Invoked command in '/home/zerohzzzz/Documents/RobotNav2/build/multirobot_map_merge' returned '0': CMAKE_PREFIX_PATH=${CMAKE_PREFIX_PATH}:/home/zerohzzzz/Documents/RobotNav2/install/map_build:/opt/ros/humble /usr/bin/cmake --build /home/zerohzzzz/Documents/RobotNav2/build/multirobot_map_merge -- -j8 -l8
[1.589s] DEBUG:colcon.colcon_core.event_handler.log_command:Invoking command in '/home/zerohzzzz/Documents/RobotNav2/build/multirobot_map_merge': CMAKE_PREFIX_PATH=${CMAKE_PREFIX_PATH}:/home/zerohzzzz/Documents/RobotNav2/install/map_build:/opt/ros/humble /usr/bin/cmake --install /home/zerohzzzz/Documents/RobotNav2/build/multirobot_map_merge
[1.631s] Level 1:colcon.colcon_core.environment:create_environment_scripts_only(multirobot_map_merge)
[1.633s] DEBUG:colcon.colcon_core.event_handler.log_command:Invoked command in '/home/zerohzzzz/Documents/RobotNav2/build/multirobot_map_merge' returned '0': CMAKE_PREFIX_PATH=${CMAKE_PREFIX_PATH}:/home/zerohzzzz/Documents/RobotNav2/install/map_build:/opt/ros/humble /usr/bin/cmake --install /home/zerohzzzz/Documents/RobotNav2/build/multirobot_map_merge
[1.634s] Level 1:colcon.colcon_core.environment:checking '/home/zerohzzzz/Documents/RobotNav2/install/multirobot_map_merge' for CMake module files
[1.637s] Level 1:colcon.colcon_core.environment:checking '/home/zerohzzzz/Documents/RobotNav2/install/multirobot_map_merge' for CMake config files
[1.638s] Level 1:colcon.colcon_core.shell:create_environment_hook('multirobot_map_merge', 'cmake_prefix_path')
[1.639s] INFO:colcon.colcon_core.shell:Creating environment hook '/home/zerohzzzz/Documents/RobotNav2/install/multirobot_map_merge/share/multirobot_map_merge/hook/cmake_prefix_path.ps1'
[1.641s] INFO:colcon.colcon_core.shell:Creating environment descriptor '/home/zerohzzzz/Documents/RobotNav2/install/multirobot_map_merge/share/multirobot_map_merge/hook/cmake_prefix_path.dsv'
[1.643s] INFO:colcon.colcon_core.shell:Creating environment hook '/home/zerohzzzz/Documents/RobotNav2/install/multirobot_map_merge/share/multirobot_map_merge/hook/cmake_prefix_path.sh'
[1.645s] Level 1:colcon.colcon_core.environment:checking '/home/zerohzzzz/Documents/RobotNav2/install/multirobot_map_merge/lib'
[1.646s] Level 1:colcon.colcon_core.environment:checking '/home/zerohzzzz/Documents/RobotNav2/install/multirobot_map_merge/bin'
[1.647s] Level 1:colcon.colcon_core.environment:checking '/home/zerohzzzz/Documents/RobotNav2/install/multirobot_map_merge/lib/pkgconfig/multirobot_map_merge.pc'
[1.648s] Level 1:colcon.colcon_core.environment:checking '/home/zerohzzzz/Documents/RobotNav2/install/multirobot_map_merge/lib/python3.10/site-packages'
[1.649s] Level 1:colcon.colcon_core.environment:checking '/home/zerohzzzz/Documents/RobotNav2/install/multirobot_map_merge/bin'
[1.650s] INFO:colcon.colcon_core.shell:Creating package script '/home/zerohzzzz/Documents/RobotNav2/install/multirobot_map_merge/share/multirobot_map_merge/package.ps1'
[1.652s] INFO:colcon.colcon_core.shell:Creating package descriptor '/home/zerohzzzz/Documents/RobotNav2/install/multirobot_map_merge/share/multirobot_map_merge/package.dsv'
[1.654s] INFO:colcon.colcon_core.shell:Creating package script '/home/zerohzzzz/Documents/RobotNav2/install/multirobot_map_merge/share/multirobot_map_merge/package.sh'
[1.656s] INFO:colcon.colcon_core.shell:Creating package script '/home/zerohzzzz/Documents/RobotNav2/install/multirobot_map_merge/share/multirobot_map_merge/package.bash'
[1.657s] INFO:colcon.colcon_core.shell:Creating package script '/home/zerohzzzz/Documents/RobotNav2/install/multirobot_map_merge/share/multirobot_map_merge/package.zsh'
[1.659s] Level 1:colcon.colcon_core.environment:create_file_with_runtime_dependencies(/home/zerohzzzz/Documents/RobotNav2/install/multirobot_map_merge/share/colcon-core/packages/multirobot_map_merge)
[1.766s] Level 1:colcon.colcon_core.environment:create_environment_scripts_only(multirobot_map_merge)
[1.768s] Level 1:colcon.colcon_core.environment:checking '/home/zerohzzzz/Documents/RobotNav2/install/multirobot_map_merge' for CMake module files
[1.770s] Level 1:colcon.colcon_core.environment:checking '/home/zerohzzzz/Documents/RobotNav2/install/multirobot_map_merge' for CMake config files
[1.772s] Level 1:colcon.colcon_core.shell:create_environment_hook('multirobot_map_merge', 'cmake_prefix_path')
[1.773s] INFO:colcon.colcon_core.shell:Creating environment hook '/home/zerohzzzz/Documents/RobotNav2/install/multirobot_map_merge/share/multirobot_map_merge/hook/cmake_prefix_path.ps1'
[1.774s] INFO:colcon.colcon_core.shell:Creating environment descriptor '/home/zerohzzzz/Documents/RobotNav2/install/multirobot_map_merge/share/multirobot_map_merge/hook/cmake_prefix_path.dsv'
[1.775s] INFO:colcon.colcon_core.shell:Creating environment hook '/home/zerohzzzz/Documents/RobotNav2/install/multirobot_map_merge/share/multirobot_map_merge/hook/cmake_prefix_path.sh'
[1.776s] Level 1:colcon.colcon_core.environment:checking '/home/zerohzzzz/Documents/RobotNav2/install/multirobot_map_merge/lib'
[1.776s] Level 1:colcon.colcon_core.environment:checking '/home/zerohzzzz/Documents/RobotNav2/install/multirobot_map_merge/bin'
[1.776s] Level 1:colcon.colcon_core.environment:checking '/home/zerohzzzz/Documents/RobotNav2/install/multirobot_map_merge/lib/pkgconfig/multirobot_map_merge.pc'
[1.777s] Level 1:colcon.colcon_core.environment:checking '/home/zerohzzzz/Documents/RobotNav2/install/multirobot_map_merge/lib/python3.10/site-packages'
[1.777s] Level 1:colcon.colcon_core.environment:checking '/home/zerohzzzz/Documents/RobotNav2/install/multirobot_map_merge/bin'
[1.778s] INFO:colcon.colcon_core.shell:Creating package script '/home/zerohzzzz/Documents/RobotNav2/install/multirobot_map_merge/share/multirobot_map_merge/package.ps1'
[1.779s] INFO:colcon.colcon_core.shell:Creating package descriptor '/home/zerohzzzz/Documents/RobotNav2/install/multirobot_map_merge/share/multirobot_map_merge/package.dsv'
[1.780s] INFO:colcon.colcon_core.shell:Creating package script '/home/zerohzzzz/Documents/RobotNav2/install/multirobot_map_merge/share/multirobot_map_merge/package.sh'
[1.781s] INFO:colcon.colcon_core.shell:Creating package script '/home/zerohzzzz/Documents/RobotNav2/install/multirobot_map_merge/share/multirobot_map_merge/package.bash'
[1.781s] INFO:colcon.colcon_core.shell:Creating package script '/home/zerohzzzz/Documents/RobotNav2/install/multirobot_map_merge/share/multirobot_map_merge/package.zsh'
[1.782s] Level 1:colcon.colcon_core.environment:create_file_with_runtime_dependencies(/home/zerohzzzz/Documents/RobotNav2/install/multirobot_map_merge/share/colcon-core/packages/multirobot_map_merge)
[1.983s] DEBUG:colcon.colcon_core.event_handler.log_command:Invoking command in '/home/zerohzzzz/Documents/RobotNav2/src/map_build': PYTHONPATH=/home/zerohzzzz/Documents/RobotNav2/build/map_build/prefix_override:/usr/lib/python3/dist-packages/colcon_core/task/python/colcon_distutils_commands:/home/zerohzzzz/Documents/RobotNav2/install/map_build/lib/python3.10/site-packages:${PYTHONPATH} /usr/bin/python3 -W ignore:setup.py install is deprecated setup.py egg_info --egg-base ../../build/map_build build --build-base /home/zerohzzzz/Documents/RobotNav2/build/map_build/build install --record /home/zerohzzzz/Documents/RobotNav2/build/map_build/install.log --single-version-externally-managed install_data
[2.345s] Level 1:colcon.colcon_core.environment:checking '/home/zerohzzzz/Documents/RobotNav2/install/map_build' for CMake module files
[2.345s] DEBUG:colcon.colcon_core.event_handler.log_command:Invoked command in '/home/zerohzzzz/Documents/RobotNav2/src/map_build' returned '0': PYTHONPATH=/home/zerohzzzz/Documents/RobotNav2/build/map_build/prefix_override:/usr/lib/python3/dist-packages/colcon_core/task/python/colcon_distutils_commands:/home/zerohzzzz/Documents/RobotNav2/install/map_build/lib/python3.10/site-packages:${PYTHONPATH} /usr/bin/python3 -W ignore:setup.py install is deprecated setup.py egg_info --egg-base ../../build/map_build build --build-base /home/zerohzzzz/Documents/RobotNav2/build/map_build/build install --record /home/zerohzzzz/Documents/RobotNav2/build/map_build/install.log --single-version-externally-managed install_data
[2.346s] Level 1:colcon.colcon_core.environment:checking '/home/zerohzzzz/Documents/RobotNav2/install/map_build' for CMake config files
[2.347s] Level 1:colcon.colcon_core.environment:checking '/home/zerohzzzz/Documents/RobotNav2/install/map_build/lib'
[2.347s] Level 1:colcon.colcon_core.environment:checking '/home/zerohzzzz/Documents/RobotNav2/install/map_build/bin'
[2.347s] Level 1:colcon.colcon_core.environment:checking '/home/zerohzzzz/Documents/RobotNav2/install/map_build/lib/pkgconfig/map_build.pc'
[2.347s] Level 1:colcon.colcon_core.environment:checking '/home/zerohzzzz/Documents/RobotNav2/install/map_build/lib/python3.10/site-packages'
[2.348s] Level 1:colcon.colcon_core.shell:create_environment_hook('map_build', 'pythonpath')
[2.348s] INFO:colcon.colcon_core.shell:Creating environment hook '/home/zerohzzzz/Documents/RobotNav2/install/map_build/share/map_build/hook/pythonpath.ps1'
[2.349s] INFO:colcon.colcon_core.shell:Creating environment descriptor '/home/zerohzzzz/Documents/RobotNav2/install/map_build/share/map_build/hook/pythonpath.dsv'
[2.349s] INFO:colcon.colcon_core.shell:Creating environment hook '/home/zerohzzzz/Documents/RobotNav2/install/map_build/share/map_build/hook/pythonpath.sh'
[2.350s] Level 1:colcon.colcon_core.environment:checking '/home/zerohzzzz/Documents/RobotNav2/install/map_build/bin'
[2.350s] Level 1:colcon.colcon_core.environment:create_environment_scripts_only(map_build)
[2.351s] INFO:colcon.colcon_core.shell:Creating package script '/home/zerohzzzz/Documents/RobotNav2/install/map_build/share/map_build/package.ps1'
[2.351s] INFO:colcon.colcon_core.shell:Creating package descriptor '/home/zerohzzzz/Documents/RobotNav2/install/map_build/share/map_build/package.dsv'
[2.352s] INFO:colcon.colcon_core.shell:Creating package script '/home/zerohzzzz/Documents/RobotNav2/install/map_build/share/map_build/package.sh'
[2.352s] INFO:colcon.colcon_core.shell:Creating package script '/home/zerohzzzz/Documents/RobotNav2/install/map_build/share/map_build/package.bash'
[2.353s] INFO:colcon.colcon_core.shell:Creating package script '/home/zerohzzzz/Documents/RobotNav2/install/map_build/share/map_build/package.zsh'
[2.353s] Level 1:colcon.colcon_core.environment:create_file_with_runtime_dependencies(/home/zerohzzzz/Documents/RobotNav2/install/map_build/share/colcon-core/packages/map_build)
[2.353s] DEBUG:colcon.colcon_parallel_executor.executor.parallel:closing loop
[2.353s] DEBUG:colcon.colcon_parallel_executor.executor.parallel:loop closed
[2.354s] DEBUG:colcon.colcon_parallel_executor.executor.parallel:run_until_complete finished with '0'
[2.354s] DEBUG:colcon.colcon_core.event_reactor:joining thread
[2.388s] INFO:colcon.colcon_core.plugin_system:Skipping extension 'colcon_notification.desktop_notification.notify_send': Could not find 'notify-send'
[2.389s] INFO:colcon.colcon_core.plugin_system:Skipping extension 'colcon_notification.desktop_notification.terminal_notifier': Not used on non-Darwin systems
[2.389s] INFO:colcon.colcon_core.plugin_system:Skipping extension 'colcon_notification.desktop_notification.win32': Not used on non-Windows systems
[2.389s] INFO:colcon.colcon_notification.desktop_notification:Sending desktop notification using 'notify2'
[2.420s] DEBUG:colcon.colcon_core.event_reactor:joined thread
[2.420s] INFO:colcon.colcon_core.shell:Creating prefix script '/home/zerohzzzz/Documents/RobotNav2/install/local_setup.ps1'
[2.423s] INFO:colcon.colcon_core.shell:Creating prefix util module '/home/zerohzzzz/Documents/RobotNav2/install/_local_setup_util_ps1.py'
[2.427s] INFO:colcon.colcon_core.shell:Creating prefix chain script '/home/zerohzzzz/Documents/RobotNav2/install/setup.ps1'
[2.430s] INFO:colcon.colcon_core.shell:Creating prefix script '/home/zerohzzzz/Documents/RobotNav2/install/local_setup.sh'
[2.432s] INFO:colcon.colcon_core.shell:Creating prefix util module '/home/zerohzzzz/Documents/RobotNav2/install/_local_setup_util_sh.py'
[2.433s] INFO:colcon.colcon_core.shell:Creating prefix chain script '/home/zerohzzzz/Documents/RobotNav2/install/setup.sh'
[2.436s] INFO:colcon.colcon_core.shell:Creating prefix script '/home/zerohzzzz/Documents/RobotNav2/install/local_setup.bash'
[2.438s] INFO:colcon.colcon_core.shell:Creating prefix chain script '/home/zerohzzzz/Documents/RobotNav2/install/setup.bash'
[2.441s] INFO:colcon.colcon_core.shell:Creating prefix script '/home/zerohzzzz/Documents/RobotNav2/install/local_setup.zsh'
[2.443s] INFO:colcon.colcon_core.shell:Creating prefix chain script '/home/zerohzzzz/Documents/RobotNav2/install/setup.zsh'
