[1.787s] Invoking command in '/home/zerohzzzz/Documents/RobotNav2/src/mapbuild': PYTHONPATH=/home/zerohzzzz/Documents/RobotNav2/build/mapbuild/prefix_override:/usr/lib/python3/dist-packages/colcon_core/task/python/colcon_distutils_commands:/home/zerohzzzz/Documents/RobotNav2/install/mapbuild/lib/python3.10/site-packages:${PYTHONPATH} /usr/bin/python3 -W ignore:setup.py install is deprecated setup.py egg_info --egg-base ../../build/mapbuild build --build-base /home/zerohzzzz/Documents/RobotNav2/build/mapbuild/build install --record /home/zerohzzzz/Documents/RobotNav2/build/mapbuild/install.log --single-version-externally-managed install_data
[2.178s] running egg_info
[2.179s] writing ../../build/mapbuild/mapbuild.egg-info/PKG-INFO
[2.180s] writing dependency_links to ../../build/mapbuild/mapbuild.egg-info/dependency_links.txt
[2.180s] writing entry points to ../../build/mapbuild/mapbuild.egg-info/entry_points.txt
[2.180s] writing requirements to ../../build/mapbuild/mapbuild.egg-info/requires.txt
[2.180s] writing top-level names to ../../build/mapbuild/mapbuild.egg-info/top_level.txt
[2.183s] reading manifest file '../../build/mapbuild/mapbuild.egg-info/SOURCES.txt'
[2.185s] writing manifest file '../../build/mapbuild/mapbuild.egg-info/SOURCES.txt'
[2.185s] running build
[2.185s] running build_py
[2.185s] running install
[2.186s] running install_lib
[2.189s] running install_data
[2.190s] running install_egg_info
[2.195s] removing '/home/zerohzzzz/Documents/RobotNav2/install/mapbuild/lib/python3.10/site-packages/mapbuild-0.0.0-py3.10.egg-info' (and everything under it)
[2.196s] Copying ../../build/mapbuild/mapbuild.egg-info to /home/zerohzzzz/Documents/RobotNav2/install/mapbuild/lib/python3.10/site-packages/mapbuild-0.0.0-py3.10.egg-info
[2.197s] running install_scripts
[2.247s] writing list of installed files to '/home/zerohzzzz/Documents/RobotNav2/build/mapbuild/install.log'
[2.325s] Invoked command in '/home/zerohzzzz/Documents/RobotNav2/src/mapbuild' returned '0': PYTHONPATH=/home/zerohzzzz/Documents/RobotNav2/build/mapbuild/prefix_override:/usr/lib/python3/dist-packages/colcon_core/task/python/colcon_distutils_commands:/home/zerohzzzz/Documents/RobotNav2/install/mapbuild/lib/python3.10/site-packages:${PYTHONPATH} /usr/bin/python3 -W ignore:setup.py install is deprecated setup.py egg_info --egg-base ../../build/mapbuild build --build-base /home/zerohzzzz/Documents/RobotNav2/build/mapbuild/build install --record /home/zerohzzzz/Documents/RobotNav2/build/mapbuild/install.log --single-version-externally-managed install_data
