[3.019s] Invoking command in '/mnt/c/Users/ZeroHzzzz/Desktop/robot/src/nav': PYTHONPATH=/mnt/c/Users/ZeroHzzzz/Desktop/robot/build/nav/prefix_override:/usr/lib/python3/dist-packages/colcon_core/task/python/colcon_distutils_commands:/mnt/c/Users/ZeroHzzzz/Desktop/robot/install/nav/lib/python3.10/site-packages:${PYTHONPATH} /usr/bin/python3 -W ignore:setup.py install is deprecated setup.py egg_info --egg-base ../../build/nav build --build-base /mnt/c/Users/ZeroHzzzz/Desktop/robot/build/nav/build install --record /mnt/c/Users/ZeroHzzzz/Desktop/robot/build/nav/install.log --single-version-externally-managed install_data
[3.697s] running egg_info
[3.699s] writing ../../build/nav/nav.egg-info/PKG-INFO
[3.703s] writing dependency_links to ../../build/nav/nav.egg-info/dependency_links.txt
[3.716s] writing requirements to ../../build/nav/nav.egg-info/requires.txt
[3.719s] writing top-level names to ../../build/nav/nav.egg-info/top_level.txt
[3.766s] reading manifest file '../../build/nav/nav.egg-info/SOURCES.txt'
[3.912s] writing manifest file '../../build/nav/nav.egg-info/SOURCES.txt'
[3.920s] running build
[3.922s] running build_py
[3.949s] running install
[3.950s] running install_lib
[4.024s] running install_data
[4.056s] copying launch/nav.launch.py -> /mnt/c/Users/ZeroHzzzz/Desktop/robot/install/nav/share/nav/launch
[4.135s] running install_egg_info
[4.143s] removing '/mnt/c/Users/ZeroHzzzz/Desktop/robot/install/nav/lib/python3.10/site-packages/nav-0.0.1-py3.10.egg-info' (and everything under it)
[4.187s] Copying ../../build/nav/nav.egg-info to /mnt/c/Users/ZeroHzzzz/Desktop/robot/install/nav/lib/python3.10/site-packages/nav-0.0.1-py3.10.egg-info
[4.636s] running install_scripts
[4.832s] writing list of installed files to '/mnt/c/Users/ZeroHzzzz/Desktop/robot/build/nav/install.log'
[4.872s] Invoked command in '/mnt/c/Users/ZeroHzzzz/Desktop/robot/src/nav' returned '0': PYTHONPATH=/mnt/c/Users/ZeroHzzzz/Desktop/robot/build/nav/prefix_override:/usr/lib/python3/dist-packages/colcon_core/task/python/colcon_distutils_commands:/mnt/c/Users/ZeroHzzzz/Desktop/robot/install/nav/lib/python3.10/site-packages:${PYTHONPATH} /usr/bin/python3 -W ignore:setup.py install is deprecated setup.py egg_info --egg-base ../../build/nav build --build-base /mnt/c/Users/ZeroHzzzz/Desktop/robot/build/nav/build install --record /mnt/c/Users/ZeroHzzzz/Desktop/robot/build/nav/install.log --single-version-externally-managed install_data
