[1.823s] Invoking command in '/home/zerohzzzz/Documents/RobotNav2/src/nav': PYTHONPATH=/home/zerohzzzz/Documents/RobotNav2/build/nav/prefix_override:/usr/lib/python3/dist-packages/colcon_core/task/python/colcon_distutils_commands:/home/zerohzzzz/Documents/RobotNav2/install/nav/lib/python3.10/site-packages:${PYTHONPATH} /usr/bin/python3 -W ignore:setup.py install is deprecated setup.py egg_info --egg-base ../../build/nav build --build-base /home/zerohzzzz/Documents/RobotNav2/build/nav/build install --record /home/zerohzzzz/Documents/RobotNav2/build/nav/install.log --single-version-externally-managed install_data
[2.187s] running egg_info
[2.189s] writing ../../build/nav/nav.egg-info/PKG-INFO
[2.189s] writing dependency_links to ../../build/nav/nav.egg-info/dependency_links.txt
[2.189s] writing entry points to ../../build/nav/nav.egg-info/entry_points.txt
[2.189s] writing requirements to ../../build/nav/nav.egg-info/requires.txt
[2.190s] writing top-level names to ../../build/nav/nav.egg-info/top_level.txt
[2.193s] reading manifest file '../../build/nav/nav.egg-info/SOURCES.txt'
[2.194s] writing manifest file '../../build/nav/nav.egg-info/SOURCES.txt'
[2.195s] running build
[2.195s] running build_py
[2.195s] running install
[2.196s] running install_lib
[2.200s] running install_data
[2.200s] copying launch/map.launch.py -> /home/zerohzzzz/Documents/RobotNav2/install/nav/share/nav/launch
[2.202s] running install_egg_info
[2.206s] removing '/home/zerohzzzz/Documents/RobotNav2/install/nav/lib/python3.10/site-packages/nav-0.0.0-py3.10.egg-info' (and everything under it)
[2.206s] Copying ../../build/nav/nav.egg-info to /home/zerohzzzz/Documents/RobotNav2/install/nav/lib/python3.10/site-packages/nav-0.0.0-py3.10.egg-info
[2.208s] running install_scripts
[2.263s] writing list of installed files to '/home/zerohzzzz/Documents/RobotNav2/build/nav/install.log'
[2.332s] Invoked command in '/home/zerohzzzz/Documents/RobotNav2/src/nav' returned '0': PYTHONPATH=/home/zerohzzzz/Documents/RobotNav2/build/nav/prefix_override:/usr/lib/python3/dist-packages/colcon_core/task/python/colcon_distutils_commands:/home/zerohzzzz/Documents/RobotNav2/install/nav/lib/python3.10/site-packages:${PYTHONPATH} /usr/bin/python3 -W ignore:setup.py install is deprecated setup.py egg_info --egg-base ../../build/nav build --build-base /home/zerohzzzz/Documents/RobotNav2/build/nav/build install --record /home/zerohzzzz/Documents/RobotNav2/build/nav/install.log --single-version-externally-managed install_data
