[0.544s] DEBUG:colcon:Command line arguments: ['/usr/bin/colcon', 'build']
[0.545s] DEBUG:colcon:Parsed command line arguments: Namespace(log_base=None, log_level=None, verb_name='build', build_base='build', install_base='install', merge_install=False, symlink_install=False, test_result_base=None, continue_on_error=False, executor='parallel', parallel_workers=32, event_handlers=None, ignore_user_meta=False, metas=['./colcon.meta'], base_paths=['.'], packages_ignore=None, packages_ignore_regex=None, paths=None, packages_up_to=None, packages_up_to_regex=None, packages_above=None, packages_above_and_dependencies=None, packages_above_depth=None, packages_select_by_dep=None, packages_skip_by_dep=None, packages_skip_up_to=None, packages_select_build_failed=False, packages_skip_build_finished=False, packages_select_test_failures=False, packages_skip_test_passed=False, packages_select=None, packages_skip=None, packages_select_regex=None, packages_skip_regex=None, packages_start=None, packages_end=None, allow_overriding=[], cmake_args=None, cmake_target=None, cmake_target_skip_unavailable=False, cmake_clean_cache=False, cmake_clean_first=False, cmake_force_configure=False, ament_cmake_args=None, catkin_cmake_args=None, catkin_skip_building_tests=False, mixin_files=None, mixin=None, verb_parser=<colcon_mixin.mixin.mixin_argument.MixinArgumentDecorator object at 0x7f84eaaf1600>, verb_extension=<colcon_core.verb.build.BuildVerb object at 0x7f84eac62c50>, main=<bound method BuildVerb.main of <colcon_core.verb.build.BuildVerb object at 0x7f84eac62c50>>, mixin_verb=('build',))
[0.773s] Level 1:colcon.colcon_core.package_discovery:discover_packages(colcon_meta) check parameters
[0.774s] Level 1:colcon.colcon_core.package_discovery:discover_packages(recursive) check parameters
[0.774s] Level 1:colcon.colcon_core.package_discovery:discover_packages(ignore) check parameters
[0.774s] Level 1:colcon.colcon_core.package_discovery:discover_packages(path) check parameters
[0.775s] Level 1:colcon.colcon_core.package_discovery:discover_packages(colcon_meta) discover
[0.775s] Level 1:colcon.colcon_core.package_discovery:discover_packages(recursive) discover
[0.775s] INFO:colcon.colcon_core.package_discovery:Crawling recursively for packages in '/mnt/c/Users/ZeroHzzzz/Desktop/robot'
[0.778s] Level 1:colcon.colcon_core.package_identification:_identify(.) by extensions ['ignore', 'ignore_ament_install']
[0.778s] Level 1:colcon.colcon_core.package_identification:_identify(.) by extension 'ignore'
[0.779s] Level 1:colcon.colcon_core.package_identification:_identify(.) by extension 'ignore_ament_install'
[0.780s] Level 1:colcon.colcon_core.package_identification:_identify(.) by extensions ['colcon_pkg']
[0.780s] Level 1:colcon.colcon_core.package_identification:_identify(.) by extension 'colcon_pkg'
[0.780s] Level 1:colcon.colcon_core.package_identification:_identify(.) by extensions ['colcon_meta']
[0.781s] Level 1:colcon.colcon_core.package_identification:_identify(.) by extension 'colcon_meta'
[0.781s] Level 1:colcon.colcon_core.package_identification:_identify(.) by extensions ['ros']
[0.781s] Level 1:colcon.colcon_core.package_identification:_identify(.) by extension 'ros'
[0.803s] Level 1:colcon.colcon_core.package_identification:_identify(.) by extensions ['cmake', 'python']
[0.804s] Level 1:colcon.colcon_core.package_identification:_identify(.) by extension 'cmake'
[0.805s] Level 1:colcon.colcon_core.package_identification:_identify(.) by extension 'python'
[0.805s] Level 1:colcon.colcon_core.package_identification:_identify(.) by extensions ['python_setup_py']
[0.806s] Level 1:colcon.colcon_core.package_identification:_identify(.) by extension 'python_setup_py'
[0.810s] Level 1:colcon.colcon_core.package_identification:_identify(build) by extensions ['ignore', 'ignore_ament_install']
[0.810s] Level 1:colcon.colcon_core.package_identification:_identify(build) by extension 'ignore'
[0.811s] Level 1:colcon.colcon_core.package_identification:_identify(build) ignored
[0.814s] Level 1:colcon.colcon_core.package_identification:_identify(install) by extensions ['ignore', 'ignore_ament_install']
[0.815s] Level 1:colcon.colcon_core.package_identification:_identify(install) by extension 'ignore'
[0.816s] Level 1:colcon.colcon_core.package_identification:_identify(install) ignored
[0.822s] Level 1:colcon.colcon_core.package_identification:_identify(log) by extensions ['ignore', 'ignore_ament_install']
[0.822s] Level 1:colcon.colcon_core.package_identification:_identify(log) by extension 'ignore'
[0.824s] Level 1:colcon.colcon_core.package_identification:_identify(log) ignored
[0.827s] Level 1:colcon.colcon_core.package_identification:_identify(src) by extensions ['ignore', 'ignore_ament_install']
[0.828s] Level 1:colcon.colcon_core.package_identification:_identify(src) by extension 'ignore'
[0.829s] Level 1:colcon.colcon_core.package_identification:_identify(src) by extension 'ignore_ament_install'
[0.831s] Level 1:colcon.colcon_core.package_identification:_identify(src) by extensions ['colcon_pkg']
[0.831s] Level 1:colcon.colcon_core.package_identification:_identify(src) by extension 'colcon_pkg'
[0.832s] Level 1:colcon.colcon_core.package_identification:_identify(src) by extensions ['colcon_meta']
[0.832s] Level 1:colcon.colcon_core.package_identification:_identify(src) by extension 'colcon_meta'
[0.833s] Level 1:colcon.colcon_core.package_identification:_identify(src) by extensions ['ros']
[0.833s] Level 1:colcon.colcon_core.package_identification:_identify(src) by extension 'ros'
[0.837s] Level 1:colcon.colcon_core.package_identification:_identify(src) by extensions ['cmake', 'python']
[0.838s] Level 1:colcon.colcon_core.package_identification:_identify(src) by extension 'cmake'
[0.838s] Level 1:colcon.colcon_core.package_identification:_identify(src) by extension 'python'
[0.839s] Level 1:colcon.colcon_core.package_identification:_identify(src) by extensions ['python_setup_py']
[0.840s] Level 1:colcon.colcon_core.package_identification:_identify(src) by extension 'python_setup_py'
[0.846s] Level 1:colcon.colcon_core.package_identification:_identify(src/csm) by extensions ['ignore', 'ignore_ament_install']
[0.846s] Level 1:colcon.colcon_core.package_identification:_identify(src/csm) by extension 'ignore'
[0.848s] Level 1:colcon.colcon_core.package_identification:_identify(src/csm) by extension 'ignore_ament_install'
[0.852s] Level 1:colcon.colcon_core.package_identification:_identify(src/csm) by extensions ['colcon_pkg']
[0.853s] Level 1:colcon.colcon_core.package_identification:_identify(src/csm) by extension 'colcon_pkg'
[0.855s] Level 1:colcon.colcon_core.package_identification:_identify(src/csm) by extensions ['colcon_meta']
[0.855s] Level 1:colcon.colcon_core.package_identification:_identify(src/csm) by extension 'colcon_meta'
[0.858s] Level 1:colcon.colcon_core.package_identification:_identify(src/csm) by extensions ['ros']
[0.858s] Level 1:colcon.colcon_core.package_identification:_identify(src/csm) by extension 'ros'
[0.877s] DEBUG:colcon.colcon_core.package_identification:Package 'src/csm' with type 'ros.ament_cmake' and name 'csm'
[0.881s] Level 1:colcon.colcon_core.package_identification:_identify(src/nav) by extensions ['ignore', 'ignore_ament_install']
[0.882s] Level 1:colcon.colcon_core.package_identification:_identify(src/nav) by extension 'ignore'
[0.883s] Level 1:colcon.colcon_core.package_identification:_identify(src/nav) by extension 'ignore_ament_install'
[0.886s] Level 1:colcon.colcon_core.package_identification:_identify(src/nav) by extensions ['colcon_pkg']
[0.886s] Level 1:colcon.colcon_core.package_identification:_identify(src/nav) by extension 'colcon_pkg'
[0.888s] Level 1:colcon.colcon_core.package_identification:_identify(src/nav) by extensions ['colcon_meta']
[0.888s] Level 1:colcon.colcon_core.package_identification:_identify(src/nav) by extension 'colcon_meta'
[0.891s] Level 1:colcon.colcon_core.package_identification:_identify(src/nav) by extensions ['ros']
[0.891s] Level 1:colcon.colcon_core.package_identification:_identify(src/nav) by extension 'ros'
[0.907s] DEBUG:colcon.colcon_core.package_identification:Package 'src/nav' with type 'ros.ament_python' and name 'nav'
[0.913s] Level 1:colcon.colcon_core.package_identification:_identify(src/ros2_laser_scan_matcher) by extensions ['ignore', 'ignore_ament_install']
[0.914s] Level 1:colcon.colcon_core.package_identification:_identify(src/ros2_laser_scan_matcher) by extension 'ignore'
[0.916s] Level 1:colcon.colcon_core.package_identification:_identify(src/ros2_laser_scan_matcher) by extension 'ignore_ament_install'
[0.918s] Level 1:colcon.colcon_core.package_identification:_identify(src/ros2_laser_scan_matcher) by extensions ['colcon_pkg']
[0.918s] Level 1:colcon.colcon_core.package_identification:_identify(src/ros2_laser_scan_matcher) by extension 'colcon_pkg'
[0.920s] Level 1:colcon.colcon_core.package_identification:_identify(src/ros2_laser_scan_matcher) by extensions ['colcon_meta']
[0.920s] Level 1:colcon.colcon_core.package_identification:_identify(src/ros2_laser_scan_matcher) by extension 'colcon_meta'
[0.922s] Level 1:colcon.colcon_core.package_identification:_identify(src/ros2_laser_scan_matcher) by extensions ['ros']
[0.923s] Level 1:colcon.colcon_core.package_identification:_identify(src/ros2_laser_scan_matcher) by extension 'ros'
[0.939s] DEBUG:colcon.colcon_core.package_identification:Package 'src/ros2_laser_scan_matcher' with type 'ros.ament_cmake' and name 'ros2_laser_scan_matcher'
[0.940s] Level 1:colcon.colcon_core.package_discovery:discover_packages(recursive) using defaults
[0.940s] Level 1:colcon.colcon_core.package_discovery:discover_packages(ignore) discover
[0.940s] Level 1:colcon.colcon_core.package_discovery:discover_packages(ignore) using defaults
[0.940s] Level 1:colcon.colcon_core.package_discovery:discover_packages(path) discover
[0.941s] Level 1:colcon.colcon_core.package_discovery:discover_packages(path) using defaults
[1.007s] Level 1:colcon.colcon_core.package_discovery:discover_packages(prefix_path) check parameters
[1.007s] Level 1:colcon.colcon_core.package_discovery:discover_packages(prefix_path) discover
[1.064s] DEBUG:colcon.colcon_installed_package_information.package_discovery:Found 3 installed packages in /mnt/c/Users/ZeroHzzzz/Desktop/robot/install
[1.065s] DEBUG:colcon.colcon_installed_package_information.package_discovery:Found 323 installed packages in /opt/ros/humble
[1.066s] Level 1:colcon.colcon_core.package_discovery:discover_packages(prefix_path) using defaults
[1.134s] Level 5:colcon.colcon_core.verb:set package 'csm' build argument 'cmake_args' from command line to 'None'
[1.135s] Level 5:colcon.colcon_core.verb:set package 'csm' build argument 'cmake_target' from command line to 'None'
[1.135s] Level 5:colcon.colcon_core.verb:set package 'csm' build argument 'cmake_target_skip_unavailable' from command line to 'False'
[1.135s] Level 5:colcon.colcon_core.verb:set package 'csm' build argument 'cmake_clean_cache' from command line to 'False'
[1.136s] Level 5:colcon.colcon_core.verb:set package 'csm' build argument 'cmake_clean_first' from command line to 'False'
[1.136s] Level 5:colcon.colcon_core.verb:set package 'csm' build argument 'cmake_force_configure' from command line to 'False'
[1.136s] Level 5:colcon.colcon_core.verb:set package 'csm' build argument 'ament_cmake_args' from command line to 'None'
[1.136s] Level 5:colcon.colcon_core.verb:set package 'csm' build argument 'catkin_cmake_args' from command line to 'None'
[1.136s] Level 5:colcon.colcon_core.verb:set package 'csm' build argument 'catkin_skip_building_tests' from command line to 'False'
[1.136s] DEBUG:colcon.colcon_core.verb:Building package 'csm' with the following arguments: {'ament_cmake_args': None, 'build_base': '/mnt/c/Users/ZeroHzzzz/Desktop/robot/build/csm', 'catkin_cmake_args': None, 'catkin_skip_building_tests': False, 'cmake_args': None, 'cmake_clean_cache': False, 'cmake_clean_first': False, 'cmake_force_configure': False, 'cmake_target': None, 'cmake_target_skip_unavailable': False, 'install_base': '/mnt/c/Users/ZeroHzzzz/Desktop/robot/install/csm', 'merge_install': False, 'path': '/mnt/c/Users/ZeroHzzzz/Desktop/robot/src/csm', 'symlink_install': False, 'test_result_base': None}
[1.137s] Level 5:colcon.colcon_core.verb:set package 'ros2_laser_scan_matcher' build argument 'cmake_args' from command line to 'None'
[1.137s] Level 5:colcon.colcon_core.verb:set package 'ros2_laser_scan_matcher' build argument 'cmake_target' from command line to 'None'
[1.137s] Level 5:colcon.colcon_core.verb:set package 'ros2_laser_scan_matcher' build argument 'cmake_target_skip_unavailable' from command line to 'False'
[1.137s] Level 5:colcon.colcon_core.verb:set package 'ros2_laser_scan_matcher' build argument 'cmake_clean_cache' from command line to 'False'
[1.137s] Level 5:colcon.colcon_core.verb:set package 'ros2_laser_scan_matcher' build argument 'cmake_clean_first' from command line to 'False'
[1.137s] Level 5:colcon.colcon_core.verb:set package 'ros2_laser_scan_matcher' build argument 'cmake_force_configure' from command line to 'False'
[1.138s] Level 5:colcon.colcon_core.verb:set package 'ros2_laser_scan_matcher' build argument 'ament_cmake_args' from command line to 'None'
[1.138s] Level 5:colcon.colcon_core.verb:set package 'ros2_laser_scan_matcher' build argument 'catkin_cmake_args' from command line to 'None'
[1.138s] Level 5:colcon.colcon_core.verb:set package 'ros2_laser_scan_matcher' build argument 'catkin_skip_building_tests' from command line to 'False'
[1.138s] DEBUG:colcon.colcon_core.verb:Building package 'ros2_laser_scan_matcher' with the following arguments: {'ament_cmake_args': None, 'build_base': '/mnt/c/Users/ZeroHzzzz/Desktop/robot/build/ros2_laser_scan_matcher', 'catkin_cmake_args': None, 'catkin_skip_building_tests': False, 'cmake_args': None, 'cmake_clean_cache': False, 'cmake_clean_first': False, 'cmake_force_configure': False, 'cmake_target': None, 'cmake_target_skip_unavailable': False, 'install_base': '/mnt/c/Users/ZeroHzzzz/Desktop/robot/install/ros2_laser_scan_matcher', 'merge_install': False, 'path': '/mnt/c/Users/ZeroHzzzz/Desktop/robot/src/ros2_laser_scan_matcher', 'symlink_install': False, 'test_result_base': None}
[1.138s] Level 5:colcon.colcon_core.verb:set package 'nav' build argument 'cmake_args' from command line to 'None'
[1.139s] Level 5:colcon.colcon_core.verb:set package 'nav' build argument 'cmake_target' from command line to 'None'
[1.139s] Level 5:colcon.colcon_core.verb:set package 'nav' build argument 'cmake_target_skip_unavailable' from command line to 'False'
[1.139s] Level 5:colcon.colcon_core.verb:set package 'nav' build argument 'cmake_clean_cache' from command line to 'False'
[1.139s] Level 5:colcon.colcon_core.verb:set package 'nav' build argument 'cmake_clean_first' from command line to 'False'
[1.139s] Level 5:colcon.colcon_core.verb:set package 'nav' build argument 'cmake_force_configure' from command line to 'False'
[1.140s] Level 5:colcon.colcon_core.verb:set package 'nav' build argument 'ament_cmake_args' from command line to 'None'
[1.140s] Level 5:colcon.colcon_core.verb:set package 'nav' build argument 'catkin_cmake_args' from command line to 'None'
[1.140s] Level 5:colcon.colcon_core.verb:set package 'nav' build argument 'catkin_skip_building_tests' from command line to 'False'
[1.140s] DEBUG:colcon.colcon_core.verb:Building package 'nav' with the following arguments: {'ament_cmake_args': None, 'build_base': '/mnt/c/Users/ZeroHzzzz/Desktop/robot/build/nav', 'catkin_cmake_args': None, 'catkin_skip_building_tests': False, 'cmake_args': None, 'cmake_clean_cache': False, 'cmake_clean_first': False, 'cmake_force_configure': False, 'cmake_target': None, 'cmake_target_skip_unavailable': False, 'install_base': '/mnt/c/Users/ZeroHzzzz/Desktop/robot/install/nav', 'merge_install': False, 'path': '/mnt/c/Users/ZeroHzzzz/Desktop/robot/src/nav', 'symlink_install': False, 'test_result_base': None}
[1.140s] INFO:colcon.colcon_core.executor:Executing jobs using 'parallel' executor
[1.141s] DEBUG:colcon.colcon_parallel_executor.executor.parallel:run_until_complete
[1.142s] INFO:colcon.colcon_ros.task.ament_cmake.build:Building ROS package in '/mnt/c/Users/ZeroHzzzz/Desktop/robot/src/csm' with build type 'ament_cmake'
[1.142s] INFO:colcon.colcon_cmake.task.cmake.build:Building CMake package in '/mnt/c/Users/ZeroHzzzz/Desktop/robot/src/csm'
[1.148s] INFO:colcon.colcon_core.plugin_system:Skipping extension 'colcon_core.shell.bat': Not used on non-Windows systems
[1.149s] INFO:colcon.colcon_core.shell:Skip shell extension 'powershell' for command environment: Not usable outside of PowerShell
[1.149s] DEBUG:colcon.colcon_core.shell:Skip shell extension 'dsv' for command environment
[1.345s] DEBUG:colcon.colcon_core.event_handler.log_command:Invoking command in '/mnt/c/Users/ZeroHzzzz/Desktop/robot/build/csm': CMAKE_PREFIX_PATH=${CMAKE_PREFIX_PATH}:/mnt/c/Users/ZeroHzzzz/Desktop/robot/install/nav:/opt/ros/humble /usr/bin/cmake --build /mnt/c/Users/ZeroHzzzz/Desktop/robot/build/csm -- -j32 -l32
[3.036s] DEBUG:colcon.colcon_core.event_handler.log_command:Invoked command in '/mnt/c/Users/ZeroHzzzz/Desktop/robot/build/csm' returned '0': CMAKE_PREFIX_PATH=${CMAKE_PREFIX_PATH}:/mnt/c/Users/ZeroHzzzz/Desktop/robot/install/nav:/opt/ros/humble /usr/bin/cmake --build /mnt/c/Users/ZeroHzzzz/Desktop/robot/build/csm -- -j32 -l32
[6.479s] DEBUG:colcon.colcon_core.event_handler.log_command:Invoking command in '/mnt/c/Users/ZeroHzzzz/Desktop/robot/build/csm': CMAKE_PREFIX_PATH=${CMAKE_PREFIX_PATH}:/mnt/c/Users/ZeroHzzzz/Desktop/robot/install/nav:/opt/ros/humble /usr/bin/cmake --install /mnt/c/Users/ZeroHzzzz/Desktop/robot/build/csm
[7.837s] Level 1:colcon.colcon_core.environment:create_environment_scripts_only(csm)
[7.838s] DEBUG:colcon.colcon_core.event_handler.log_command:Invoked command in '/mnt/c/Users/ZeroHzzzz/Desktop/robot/build/csm' returned '0': CMAKE_PREFIX_PATH=${CMAKE_PREFIX_PATH}:/mnt/c/Users/ZeroHzzzz/Desktop/robot/install/nav:/opt/ros/humble /usr/bin/cmake --install /mnt/c/Users/ZeroHzzzz/Desktop/robot/build/csm
[7.842s] Level 1:colcon.colcon_core.environment:checking '/mnt/c/Users/ZeroHzzzz/Desktop/robot/install/csm' for CMake module files
[7.941s] Level 1:colcon.colcon_core.environment:checking '/mnt/c/Users/ZeroHzzzz/Desktop/robot/install/csm' for CMake config files
[8.035s] Level 1:colcon.colcon_core.shell:create_environment_hook('csm', 'cmake_prefix_path')
[8.036s] INFO:colcon.colcon_core.shell:Creating environment hook '/mnt/c/Users/ZeroHzzzz/Desktop/robot/install/csm/share/csm/hook/cmake_prefix_path.ps1'
[8.050s] INFO:colcon.colcon_core.shell:Creating environment descriptor '/mnt/c/Users/ZeroHzzzz/Desktop/robot/install/csm/share/csm/hook/cmake_prefix_path.dsv'
[8.066s] INFO:colcon.colcon_core.shell:Creating environment hook '/mnt/c/Users/ZeroHzzzz/Desktop/robot/install/csm/share/csm/hook/cmake_prefix_path.sh'
[8.082s] Level 1:colcon.colcon_core.environment:checking '/mnt/c/Users/ZeroHzzzz/Desktop/robot/install/csm/lib'
[8.086s] Level 1:colcon.colcon_core.shell:create_environment_hook('csm', 'ld_library_path_lib')
[8.087s] INFO:colcon.colcon_core.shell:Creating environment hook '/mnt/c/Users/ZeroHzzzz/Desktop/robot/install/csm/share/csm/hook/ld_library_path_lib.ps1'
[8.099s] INFO:colcon.colcon_core.shell:Creating environment descriptor '/mnt/c/Users/ZeroHzzzz/Desktop/robot/install/csm/share/csm/hook/ld_library_path_lib.dsv'
[8.114s] INFO:colcon.colcon_core.shell:Creating environment hook '/mnt/c/Users/ZeroHzzzz/Desktop/robot/install/csm/share/csm/hook/ld_library_path_lib.sh'
[8.128s] Level 1:colcon.colcon_core.environment:checking '/mnt/c/Users/ZeroHzzzz/Desktop/robot/install/csm/bin'
[8.130s] Level 1:colcon.colcon_core.environment:checking '/mnt/c/Users/ZeroHzzzz/Desktop/robot/install/csm/lib/pkgconfig/csm.pc'
[8.131s] Level 1:colcon.colcon_core.environment:checking '/mnt/c/Users/ZeroHzzzz/Desktop/robot/install/csm/lib/python3.10/site-packages'
[8.133s] Level 1:colcon.colcon_core.environment:checking '/mnt/c/Users/ZeroHzzzz/Desktop/robot/install/csm/bin'
[8.134s] INFO:colcon.colcon_core.shell:Creating package script '/mnt/c/Users/ZeroHzzzz/Desktop/robot/install/csm/share/csm/package.ps1'
[8.145s] INFO:colcon.colcon_core.shell:Creating package descriptor '/mnt/c/Users/ZeroHzzzz/Desktop/robot/install/csm/share/csm/package.dsv'
[8.157s] INFO:colcon.colcon_core.shell:Creating package script '/mnt/c/Users/ZeroHzzzz/Desktop/robot/install/csm/share/csm/package.sh'
[8.167s] INFO:colcon.colcon_core.shell:Creating package script '/mnt/c/Users/ZeroHzzzz/Desktop/robot/install/csm/share/csm/package.bash'
[8.178s] INFO:colcon.colcon_core.shell:Creating package script '/mnt/c/Users/ZeroHzzzz/Desktop/robot/install/csm/share/csm/package.zsh'
[8.189s] Level 1:colcon.colcon_core.environment:create_file_with_runtime_dependencies(/mnt/c/Users/ZeroHzzzz/Desktop/robot/install/csm/share/colcon-core/packages/csm)
[11.172s] Level 1:colcon.colcon_core.environment:create_environment_scripts_only(csm)
[11.172s] Level 1:colcon.colcon_core.environment:checking '/mnt/c/Users/ZeroHzzzz/Desktop/robot/install/csm' for CMake module files
[11.277s] Level 1:colcon.colcon_core.environment:checking '/mnt/c/Users/ZeroHzzzz/Desktop/robot/install/csm' for CMake config files
[11.394s] Level 1:colcon.colcon_core.shell:create_environment_hook('csm', 'cmake_prefix_path')
[11.394s] INFO:colcon.colcon_core.shell:Creating environment hook '/mnt/c/Users/ZeroHzzzz/Desktop/robot/install/csm/share/csm/hook/cmake_prefix_path.ps1'
[11.451s] INFO:colcon.colcon_core.shell:Creating environment descriptor '/mnt/c/Users/ZeroHzzzz/Desktop/robot/install/csm/share/csm/hook/cmake_prefix_path.dsv'
[11.466s] INFO:colcon.colcon_core.shell:Creating environment hook '/mnt/c/Users/ZeroHzzzz/Desktop/robot/install/csm/share/csm/hook/cmake_prefix_path.sh'
[11.482s] Level 1:colcon.colcon_core.environment:checking '/mnt/c/Users/ZeroHzzzz/Desktop/robot/install/csm/lib'
[11.485s] Level 1:colcon.colcon_core.shell:create_environment_hook('csm', 'ld_library_path_lib')
[11.485s] INFO:colcon.colcon_core.shell:Creating environment hook '/mnt/c/Users/ZeroHzzzz/Desktop/robot/install/csm/share/csm/hook/ld_library_path_lib.ps1'
[11.496s] INFO:colcon.colcon_core.shell:Creating environment descriptor '/mnt/c/Users/ZeroHzzzz/Desktop/robot/install/csm/share/csm/hook/ld_library_path_lib.dsv'
[11.507s] INFO:colcon.colcon_core.shell:Creating environment hook '/mnt/c/Users/ZeroHzzzz/Desktop/robot/install/csm/share/csm/hook/ld_library_path_lib.sh'
[11.517s] Level 1:colcon.colcon_core.environment:checking '/mnt/c/Users/ZeroHzzzz/Desktop/robot/install/csm/bin'
[11.519s] Level 1:colcon.colcon_core.environment:checking '/mnt/c/Users/ZeroHzzzz/Desktop/robot/install/csm/lib/pkgconfig/csm.pc'
[11.520s] Level 1:colcon.colcon_core.environment:checking '/mnt/c/Users/ZeroHzzzz/Desktop/robot/install/csm/lib/python3.10/site-packages'
[11.522s] Level 1:colcon.colcon_core.environment:checking '/mnt/c/Users/ZeroHzzzz/Desktop/robot/install/csm/bin'
[11.523s] INFO:colcon.colcon_core.shell:Creating package script '/mnt/c/Users/ZeroHzzzz/Desktop/robot/install/csm/share/csm/package.ps1'
[11.533s] INFO:colcon.colcon_core.shell:Creating package descriptor '/mnt/c/Users/ZeroHzzzz/Desktop/robot/install/csm/share/csm/package.dsv'
[11.543s] INFO:colcon.colcon_core.shell:Creating package script '/mnt/c/Users/ZeroHzzzz/Desktop/robot/install/csm/share/csm/package.sh'
[11.553s] INFO:colcon.colcon_core.shell:Creating package script '/mnt/c/Users/ZeroHzzzz/Desktop/robot/install/csm/share/csm/package.bash'
[11.565s] INFO:colcon.colcon_core.shell:Creating package script '/mnt/c/Users/ZeroHzzzz/Desktop/robot/install/csm/share/csm/package.zsh'
[11.577s] Level 1:colcon.colcon_core.environment:create_file_with_runtime_dependencies(/mnt/c/Users/ZeroHzzzz/Desktop/robot/install/csm/share/colcon-core/packages/csm)
[11.585s] INFO:colcon.colcon_ros.task.ament_cmake.build:Building ROS package in '/mnt/c/Users/ZeroHzzzz/Desktop/robot/src/ros2_laser_scan_matcher' with build type 'ament_cmake'
[11.586s] INFO:colcon.colcon_cmake.task.cmake.build:Building CMake package in '/mnt/c/Users/ZeroHzzzz/Desktop/robot/src/ros2_laser_scan_matcher'
[11.586s] INFO:colcon.colcon_core.shell:Skip shell extension 'powershell' for command environment: Not usable outside of PowerShell
[11.586s] DEBUG:colcon.colcon_core.shell:Skip shell extension 'dsv' for command environment
[12.156s] DEBUG:colcon.colcon_core.event_handler.log_command:Invoking command in '/mnt/c/Users/ZeroHzzzz/Desktop/robot/build/ros2_laser_scan_matcher': CMAKE_PREFIX_PATH=/mnt/c/Users/ZeroHzzzz/Desktop/robot/install/csm:/mnt/c/Users/ZeroHzzzz/Desktop/robot/install/ros2_laser_scan_matcher:/mnt/c/Users/ZeroHzzzz/Desktop/robot/install/nav:/opt/ros/humble LD_LIBRARY_PATH=/mnt/c/Users/ZeroHzzzz/Desktop/robot/install/csm/lib:/usr/lib/x86_64-linux-gnu/gazebo-11/plugins:/opt/ros/humble/opt/rviz_ogre_vendor/lib:/opt/ros/humble/lib/x86_64-linux-gnu:/opt/ros/humble/lib /usr/bin/cmake --build /mnt/c/Users/ZeroHzzzz/Desktop/robot/build/ros2_laser_scan_matcher -- -j32 -l32
[13.347s] DEBUG:colcon.colcon_core.event_handler.log_command:Invoked command in '/mnt/c/Users/ZeroHzzzz/Desktop/robot/build/ros2_laser_scan_matcher' returned '0': CMAKE_PREFIX_PATH=/mnt/c/Users/ZeroHzzzz/Desktop/robot/install/csm:/mnt/c/Users/ZeroHzzzz/Desktop/robot/install/ros2_laser_scan_matcher:/mnt/c/Users/ZeroHzzzz/Desktop/robot/install/nav:/opt/ros/humble LD_LIBRARY_PATH=/mnt/c/Users/ZeroHzzzz/Desktop/robot/install/csm/lib:/usr/lib/x86_64-linux-gnu/gazebo-11/plugins:/opt/ros/humble/opt/rviz_ogre_vendor/lib:/opt/ros/humble/lib/x86_64-linux-gnu:/opt/ros/humble/lib /usr/bin/cmake --build /mnt/c/Users/ZeroHzzzz/Desktop/robot/build/ros2_laser_scan_matcher -- -j32 -l32
[13.933s] DEBUG:colcon.colcon_core.event_handler.log_command:Invoking command in '/mnt/c/Users/ZeroHzzzz/Desktop/robot/build/ros2_laser_scan_matcher': CMAKE_PREFIX_PATH=/mnt/c/Users/ZeroHzzzz/Desktop/robot/install/csm:/mnt/c/Users/ZeroHzzzz/Desktop/robot/install/ros2_laser_scan_matcher:/mnt/c/Users/ZeroHzzzz/Desktop/robot/install/nav:/opt/ros/humble LD_LIBRARY_PATH=/mnt/c/Users/ZeroHzzzz/Desktop/robot/install/csm/lib:/usr/lib/x86_64-linux-gnu/gazebo-11/plugins:/opt/ros/humble/opt/rviz_ogre_vendor/lib:/opt/ros/humble/lib/x86_64-linux-gnu:/opt/ros/humble/lib /usr/bin/cmake --install /mnt/c/Users/ZeroHzzzz/Desktop/robot/build/ros2_laser_scan_matcher
[14.591s] Level 1:colcon.colcon_core.environment:create_environment_scripts_only(ros2_laser_scan_matcher)
[14.591s] Level 1:colcon.colcon_core.environment:checking '/mnt/c/Users/ZeroHzzzz/Desktop/robot/install/ros2_laser_scan_matcher' for CMake module files
[14.592s] DEBUG:colcon.colcon_core.event_handler.log_command:Invoked command in '/mnt/c/Users/ZeroHzzzz/Desktop/robot/build/ros2_laser_scan_matcher' returned '0': CMAKE_PREFIX_PATH=/mnt/c/Users/ZeroHzzzz/Desktop/robot/install/csm:/mnt/c/Users/ZeroHzzzz/Desktop/robot/install/ros2_laser_scan_matcher:/mnt/c/Users/ZeroHzzzz/Desktop/robot/install/nav:/opt/ros/humble LD_LIBRARY_PATH=/mnt/c/Users/ZeroHzzzz/Desktop/robot/install/csm/lib:/usr/lib/x86_64-linux-gnu/gazebo-11/plugins:/opt/ros/humble/opt/rviz_ogre_vendor/lib:/opt/ros/humble/lib/x86_64-linux-gnu:/opt/ros/humble/lib /usr/bin/cmake --install /mnt/c/Users/ZeroHzzzz/Desktop/robot/build/ros2_laser_scan_matcher
[14.704s] Level 1:colcon.colcon_core.environment:checking '/mnt/c/Users/ZeroHzzzz/Desktop/robot/install/ros2_laser_scan_matcher' for CMake config files
[14.770s] Level 1:colcon.colcon_core.shell:create_environment_hook('ros2_laser_scan_matcher', 'cmake_prefix_path')
[14.771s] INFO:colcon.colcon_core.shell:Creating environment hook '/mnt/c/Users/ZeroHzzzz/Desktop/robot/install/ros2_laser_scan_matcher/share/ros2_laser_scan_matcher/hook/cmake_prefix_path.ps1'
[14.782s] INFO:colcon.colcon_core.shell:Creating environment descriptor '/mnt/c/Users/ZeroHzzzz/Desktop/robot/install/ros2_laser_scan_matcher/share/ros2_laser_scan_matcher/hook/cmake_prefix_path.dsv'
[14.791s] INFO:colcon.colcon_core.shell:Creating environment hook '/mnt/c/Users/ZeroHzzzz/Desktop/robot/install/ros2_laser_scan_matcher/share/ros2_laser_scan_matcher/hook/cmake_prefix_path.sh'
[14.806s] Level 1:colcon.colcon_core.environment:checking '/mnt/c/Users/ZeroHzzzz/Desktop/robot/install/ros2_laser_scan_matcher/lib'
[14.809s] Level 1:colcon.colcon_core.environment:checking '/mnt/c/Users/ZeroHzzzz/Desktop/robot/install/ros2_laser_scan_matcher/bin'
[14.811s] Level 1:colcon.colcon_core.environment:checking '/mnt/c/Users/ZeroHzzzz/Desktop/robot/install/ros2_laser_scan_matcher/lib/pkgconfig/ros2_laser_scan_matcher.pc'
[14.812s] Level 1:colcon.colcon_core.environment:checking '/mnt/c/Users/ZeroHzzzz/Desktop/robot/install/ros2_laser_scan_matcher/lib/python3.10/site-packages'
[14.814s] Level 1:colcon.colcon_core.environment:checking '/mnt/c/Users/ZeroHzzzz/Desktop/robot/install/ros2_laser_scan_matcher/bin'
[14.815s] INFO:colcon.colcon_core.shell:Creating package script '/mnt/c/Users/ZeroHzzzz/Desktop/robot/install/ros2_laser_scan_matcher/share/ros2_laser_scan_matcher/package.ps1'
[14.827s] INFO:colcon.colcon_core.shell:Creating package descriptor '/mnt/c/Users/ZeroHzzzz/Desktop/robot/install/ros2_laser_scan_matcher/share/ros2_laser_scan_matcher/package.dsv'
[14.863s] INFO:colcon.colcon_core.shell:Creating package script '/mnt/c/Users/ZeroHzzzz/Desktop/robot/install/ros2_laser_scan_matcher/share/ros2_laser_scan_matcher/package.sh'
[14.875s] INFO:colcon.colcon_core.shell:Creating package script '/mnt/c/Users/ZeroHzzzz/Desktop/robot/install/ros2_laser_scan_matcher/share/ros2_laser_scan_matcher/package.bash'
[14.887s] INFO:colcon.colcon_core.shell:Creating package script '/mnt/c/Users/ZeroHzzzz/Desktop/robot/install/ros2_laser_scan_matcher/share/ros2_laser_scan_matcher/package.zsh'
[14.897s] Level 1:colcon.colcon_core.environment:create_file_with_runtime_dependencies(/mnt/c/Users/ZeroHzzzz/Desktop/robot/install/ros2_laser_scan_matcher/share/colcon-core/packages/ros2_laser_scan_matcher)
[15.827s] Level 1:colcon.colcon_core.environment:create_environment_scripts_only(ros2_laser_scan_matcher)
[15.828s] Level 1:colcon.colcon_core.environment:checking '/mnt/c/Users/ZeroHzzzz/Desktop/robot/install/ros2_laser_scan_matcher' for CMake module files
[15.891s] Level 1:colcon.colcon_core.environment:checking '/mnt/c/Users/ZeroHzzzz/Desktop/robot/install/ros2_laser_scan_matcher' for CMake config files
[15.956s] Level 1:colcon.colcon_core.shell:create_environment_hook('ros2_laser_scan_matcher', 'cmake_prefix_path')
[15.956s] INFO:colcon.colcon_core.shell:Creating environment hook '/mnt/c/Users/ZeroHzzzz/Desktop/robot/install/ros2_laser_scan_matcher/share/ros2_laser_scan_matcher/hook/cmake_prefix_path.ps1'
[16.004s] INFO:colcon.colcon_core.shell:Creating environment descriptor '/mnt/c/Users/ZeroHzzzz/Desktop/robot/install/ros2_laser_scan_matcher/share/ros2_laser_scan_matcher/hook/cmake_prefix_path.dsv'
[16.015s] INFO:colcon.colcon_core.shell:Creating environment hook '/mnt/c/Users/ZeroHzzzz/Desktop/robot/install/ros2_laser_scan_matcher/share/ros2_laser_scan_matcher/hook/cmake_prefix_path.sh'
[16.032s] Level 1:colcon.colcon_core.environment:checking '/mnt/c/Users/ZeroHzzzz/Desktop/robot/install/ros2_laser_scan_matcher/lib'
[16.036s] Level 1:colcon.colcon_core.environment:checking '/mnt/c/Users/ZeroHzzzz/Desktop/robot/install/ros2_laser_scan_matcher/bin'
[16.036s] Level 1:colcon.colcon_core.environment:checking '/mnt/c/Users/ZeroHzzzz/Desktop/robot/install/ros2_laser_scan_matcher/lib/pkgconfig/ros2_laser_scan_matcher.pc'
[16.038s] Level 1:colcon.colcon_core.environment:checking '/mnt/c/Users/ZeroHzzzz/Desktop/robot/install/ros2_laser_scan_matcher/lib/python3.10/site-packages'
[16.041s] Level 1:colcon.colcon_core.environment:checking '/mnt/c/Users/ZeroHzzzz/Desktop/robot/install/ros2_laser_scan_matcher/bin'
[16.042s] INFO:colcon.colcon_core.shell:Creating package script '/mnt/c/Users/ZeroHzzzz/Desktop/robot/install/ros2_laser_scan_matcher/share/ros2_laser_scan_matcher/package.ps1'
[16.051s] INFO:colcon.colcon_core.shell:Creating package descriptor '/mnt/c/Users/ZeroHzzzz/Desktop/robot/install/ros2_laser_scan_matcher/share/ros2_laser_scan_matcher/package.dsv'
[16.075s] INFO:colcon.colcon_core.shell:Creating package script '/mnt/c/Users/ZeroHzzzz/Desktop/robot/install/ros2_laser_scan_matcher/share/ros2_laser_scan_matcher/package.sh'
[16.091s] INFO:colcon.colcon_core.shell:Creating package script '/mnt/c/Users/ZeroHzzzz/Desktop/robot/install/ros2_laser_scan_matcher/share/ros2_laser_scan_matcher/package.bash'
[16.113s] INFO:colcon.colcon_core.shell:Creating package script '/mnt/c/Users/ZeroHzzzz/Desktop/robot/install/ros2_laser_scan_matcher/share/ros2_laser_scan_matcher/package.zsh'
[16.134s] Level 1:colcon.colcon_core.environment:create_file_with_runtime_dependencies(/mnt/c/Users/ZeroHzzzz/Desktop/robot/install/ros2_laser_scan_matcher/share/colcon-core/packages/ros2_laser_scan_matcher)
[16.148s] INFO:colcon.colcon_ros.task.ament_python.build:Building ROS package in '/mnt/c/Users/ZeroHzzzz/Desktop/robot/src/nav' with build type 'ament_python'
[16.149s] Level 1:colcon.colcon_core.shell:create_environment_hook('nav', 'ament_prefix_path')
[16.149s] INFO:colcon.colcon_core.shell:Creating environment hook '/mnt/c/Users/ZeroHzzzz/Desktop/robot/install/nav/share/nav/hook/ament_prefix_path.ps1'
[16.172s] INFO:colcon.colcon_core.shell:Creating environment descriptor '/mnt/c/Users/ZeroHzzzz/Desktop/robot/install/nav/share/nav/hook/ament_prefix_path.dsv'
[16.188s] INFO:colcon.colcon_core.shell:Creating environment hook '/mnt/c/Users/ZeroHzzzz/Desktop/robot/install/nav/share/nav/hook/ament_prefix_path.sh'
[16.229s] INFO:colcon.colcon_core.shell:Skip shell extension 'powershell' for command environment: Not usable outside of PowerShell
[16.230s] DEBUG:colcon.colcon_core.shell:Skip shell extension 'dsv' for command environment
[17.538s] INFO:colcon.colcon_core.task.python.build:Building Python package in '/mnt/c/Users/ZeroHzzzz/Desktop/robot/src/nav'
[17.539s] INFO:colcon.colcon_core.shell:Skip shell extension 'powershell' for command environment: Not usable outside of PowerShell
[17.539s] DEBUG:colcon.colcon_core.shell:Skip shell extension 'dsv' for command environment
[19.186s] DEBUG:colcon.colcon_core.event_handler.log_command:Invoking command in '/mnt/c/Users/ZeroHzzzz/Desktop/robot/src/nav': LD_LIBRARY_PATH=/mnt/c/Users/ZeroHzzzz/Desktop/robot/install/csm/lib:/usr/lib/x86_64-linux-gnu/gazebo-11/plugins:/opt/ros/humble/opt/rviz_ogre_vendor/lib:/opt/ros/humble/lib/x86_64-linux-gnu:/opt/ros/humble/lib PYTHONPATH=/mnt/c/Users/ZeroHzzzz/Desktop/robot/build/nav/prefix_override:/usr/lib/python3/dist-packages/colcon_core/task/python/colcon_distutils_commands:/mnt/c/Users/ZeroHzzzz/Desktop/robot/install/nav/lib/python3.10/site-packages:${PYTHONPATH} /usr/bin/python3 -W ignore:setup.py install is deprecated setup.py egg_info --egg-base ../../build/nav build --build-base /mnt/c/Users/ZeroHzzzz/Desktop/robot/build/nav/build install --record /mnt/c/Users/ZeroHzzzz/Desktop/robot/build/nav/install.log --single-version-externally-managed install_data
[21.235s] Level 1:colcon.colcon_core.environment:checking '/mnt/c/Users/ZeroHzzzz/Desktop/robot/install/nav' for CMake module files
[21.238s] DEBUG:colcon.colcon_core.event_handler.log_command:Invoked command in '/mnt/c/Users/ZeroHzzzz/Desktop/robot/src/nav' returned '0': LD_LIBRARY_PATH=/mnt/c/Users/ZeroHzzzz/Desktop/robot/install/csm/lib:/usr/lib/x86_64-linux-gnu/gazebo-11/plugins:/opt/ros/humble/opt/rviz_ogre_vendor/lib:/opt/ros/humble/lib/x86_64-linux-gnu:/opt/ros/humble/lib PYTHONPATH=/mnt/c/Users/ZeroHzzzz/Desktop/robot/build/nav/prefix_override:/usr/lib/python3/dist-packages/colcon_core/task/python/colcon_distutils_commands:/mnt/c/Users/ZeroHzzzz/Desktop/robot/install/nav/lib/python3.10/site-packages:${PYTHONPATH} /usr/bin/python3 -W ignore:setup.py install is deprecated setup.py egg_info --egg-base ../../build/nav build --build-base /mnt/c/Users/ZeroHzzzz/Desktop/robot/build/nav/build install --record /mnt/c/Users/ZeroHzzzz/Desktop/robot/build/nav/install.log --single-version-externally-managed install_data
[21.327s] Level 1:colcon.colcon_core.environment:checking '/mnt/c/Users/ZeroHzzzz/Desktop/robot/install/nav' for CMake config files
[21.481s] Level 1:colcon.colcon_core.environment:checking '/mnt/c/Users/ZeroHzzzz/Desktop/robot/install/nav/lib'
[21.485s] Level 1:colcon.colcon_core.environment:checking '/mnt/c/Users/ZeroHzzzz/Desktop/robot/install/nav/bin'
[21.486s] Level 1:colcon.colcon_core.environment:checking '/mnt/c/Users/ZeroHzzzz/Desktop/robot/install/nav/lib/pkgconfig/nav.pc'
[21.488s] Level 1:colcon.colcon_core.environment:checking '/mnt/c/Users/ZeroHzzzz/Desktop/robot/install/nav/lib/python3.10/site-packages'
[21.501s] Level 1:colcon.colcon_core.shell:create_environment_hook('nav', 'pythonpath')
[21.503s] INFO:colcon.colcon_core.shell:Creating environment hook '/mnt/c/Users/ZeroHzzzz/Desktop/robot/install/nav/share/nav/hook/pythonpath.ps1'
[21.536s] INFO:colcon.colcon_core.shell:Creating environment descriptor '/mnt/c/Users/ZeroHzzzz/Desktop/robot/install/nav/share/nav/hook/pythonpath.dsv'
[21.583s] INFO:colcon.colcon_core.shell:Creating environment hook '/mnt/c/Users/ZeroHzzzz/Desktop/robot/install/nav/share/nav/hook/pythonpath.sh'
[21.616s] Level 1:colcon.colcon_core.environment:checking '/mnt/c/Users/ZeroHzzzz/Desktop/robot/install/nav/bin'
[21.618s] Level 1:colcon.colcon_core.environment:create_environment_scripts_only(nav)
[21.619s] INFO:colcon.colcon_core.shell:Creating package script '/mnt/c/Users/ZeroHzzzz/Desktop/robot/install/nav/share/nav/package.ps1'
[21.637s] INFO:colcon.colcon_core.shell:Creating package descriptor '/mnt/c/Users/ZeroHzzzz/Desktop/robot/install/nav/share/nav/package.dsv'
[21.657s] INFO:colcon.colcon_core.shell:Creating package script '/mnt/c/Users/ZeroHzzzz/Desktop/robot/install/nav/share/nav/package.sh'
[21.682s] INFO:colcon.colcon_core.shell:Creating package script '/mnt/c/Users/ZeroHzzzz/Desktop/robot/install/nav/share/nav/package.bash'
[21.720s] INFO:colcon.colcon_core.shell:Creating package script '/mnt/c/Users/ZeroHzzzz/Desktop/robot/install/nav/share/nav/package.zsh'
[21.735s] Level 1:colcon.colcon_core.environment:create_file_with_runtime_dependencies(/mnt/c/Users/ZeroHzzzz/Desktop/robot/install/nav/share/colcon-core/packages/nav)
[21.750s] DEBUG:colcon.colcon_parallel_executor.executor.parallel:closing loop
[21.751s] DEBUG:colcon.colcon_parallel_executor.executor.parallel:loop closed
[21.752s] DEBUG:colcon.colcon_parallel_executor.executor.parallel:run_until_complete finished with '0'
[21.753s] DEBUG:colcon.colcon_core.event_reactor:joining thread
[21.825s] INFO:colcon.colcon_core.plugin_system:Skipping extension 'colcon_notification.desktop_notification.terminal_notifier': Not used on non-Darwin systems
[21.825s] INFO:colcon.colcon_core.plugin_system:Skipping extension 'colcon_notification.desktop_notification.win32': Not used on non-Windows systems
[21.826s] INFO:colcon.colcon_notification.desktop_notification:Sending desktop notification using 'notify2'
[151.275s] DEBUG:colcon.colcon_notification.desktop_notification.notify2:Failed to initialize notify2: org.freedesktop.DBus.Error.Spawn.ExecFailed: /usr/bin/dbus-launch terminated abnormally with the following error: Autolaunch error: X11 initialization failed.

[151.277s] DEBUG:colcon.colcon_core.event_reactor:joined thread
[151.284s] INFO:colcon.colcon_core.shell:Creating prefix script '/mnt/c/Users/ZeroHzzzz/Desktop/robot/install/local_setup.ps1'
[151.301s] INFO:colcon.colcon_core.shell:Creating prefix util module '/mnt/c/Users/ZeroHzzzz/Desktop/robot/install/_local_setup_util_ps1.py'
[151.311s] INFO:colcon.colcon_core.shell:Creating prefix chain script '/mnt/c/Users/ZeroHzzzz/Desktop/robot/install/setup.ps1'
[151.385s] INFO:colcon.colcon_core.shell:Creating prefix script '/mnt/c/Users/ZeroHzzzz/Desktop/robot/install/local_setup.sh'
[151.392s] INFO:colcon.colcon_core.shell:Creating prefix util module '/mnt/c/Users/ZeroHzzzz/Desktop/robot/install/_local_setup_util_sh.py'
[151.397s] INFO:colcon.colcon_core.shell:Creating prefix chain script '/mnt/c/Users/ZeroHzzzz/Desktop/robot/install/setup.sh'
[151.427s] INFO:colcon.colcon_core.shell:Creating prefix script '/mnt/c/Users/ZeroHzzzz/Desktop/robot/install/local_setup.bash'
[151.435s] INFO:colcon.colcon_core.shell:Creating prefix chain script '/mnt/c/Users/ZeroHzzzz/Desktop/robot/install/setup.bash'
[151.473s] INFO:colcon.colcon_core.shell:Creating prefix script '/mnt/c/Users/ZeroHzzzz/Desktop/robot/install/local_setup.zsh'
[151.478s] INFO:colcon.colcon_core.shell:Creating prefix chain script '/mnt/c/Users/ZeroHzzzz/Desktop/robot/install/setup.zsh'
