[0.857s] Invoking command in '/home/zerohzzzz/Documents/RobotNav2/src/map_build': PYTHONPATH=/home/zerohzzzz/Documents/RobotNav2/build/map_build/prefix_override:/usr/lib/python3/dist-packages/colcon_core/task/python/colcon_distutils_commands:/home/zerohzzzz/Documents/RobotNav2/install/map_build/lib/python3.10/site-packages:${PYTHONPATH} /usr/bin/python3 -W ignore:setup.py install is deprecated setup.py egg_info --egg-base ../../build/map_build build --build-base /home/zerohzzzz/Documents/RobotNav2/build/map_build/build install --record /home/zerohzzzz/Documents/RobotNav2/build/map_build/install.log --single-version-externally-managed install_data
[1.124s] running egg_info
[1.125s] writing ../../build/map_build/map_build.egg-info/PKG-INFO
[1.131s] writing dependency_links to ../../build/map_build/map_build.egg-info/dependency_links.txt
[1.131s] writing entry points to ../../build/map_build/map_build.egg-info/entry_points.txt
[1.131s] writing requirements to ../../build/map_build/map_build.egg-info/requires.txt
[1.132s] writing top-level names to ../../build/map_build/map_build.egg-info/top_level.txt
[1.134s] reading manifest file '../../build/map_build/map_build.egg-info/SOURCES.txt'
[1.135s] writing manifest file '../../build/map_build/map_build.egg-info/SOURCES.txt'
[1.135s] running build
[1.135s] running build_py
[1.135s] running install
[1.136s] running install_lib
[1.137s] running install_data
[1.137s] copying launch/gazebo_launch.py -> /home/zerohzzzz/Documents/RobotNav2/install/map_build/share/map_build/launch
[1.137s] copying launch/nav.launch.py -> /home/zerohzzzz/Documents/RobotNav2/install/map_build/share/map_build/launch
[1.138s] copying config/nav.yaml -> /home/zerohzzzz/Documents/RobotNav2/install/map_build/share/map_build/config
[1.138s] running install_egg_info
[1.140s] removing '/home/zerohzzzz/Documents/RobotNav2/install/map_build/lib/python3.10/site-packages/map_build-0.0.0-py3.10.egg-info' (and everything under it)
[1.140s] Copying ../../build/map_build/map_build.egg-info to /home/zerohzzzz/Documents/RobotNav2/install/map_build/lib/python3.10/site-packages/map_build-0.0.0-py3.10.egg-info
[1.142s] running install_scripts
[1.167s] writing list of installed files to '/home/zerohzzzz/Documents/RobotNav2/build/map_build/install.log'
[1.196s] Invoked command in '/home/zerohzzzz/Documents/RobotNav2/src/map_build' returned '0': PYTHONPATH=/home/zerohzzzz/Documents/RobotNav2/build/map_build/prefix_override:/usr/lib/python3/dist-packages/colcon_core/task/python/colcon_distutils_commands:/home/zerohzzzz/Documents/RobotNav2/install/map_build/lib/python3.10/site-packages:${PYTHONPATH} /usr/bin/python3 -W ignore:setup.py install is deprecated setup.py egg_info --egg-base ../../build/map_build build --build-base /home/zerohzzzz/Documents/RobotNav2/build/map_build/build install --record /home/zerohzzzz/Documents/RobotNav2/build/map_build/install.log --single-version-externally-managed install_data
