-- The C compiler identification is GNU 11.4.0
-- The CXX compiler identification is GNU 11.4.0
-- Detecting C compiler ABI info
-- Detecting C compiler ABI info - done
-- Check for working C compiler: /usr/bin/cc - skipped
-- Detecting C compile features
-- Detecting C compile features - done
-- Detecting CXX compiler ABI info
-- Detecting CXX compiler ABI info - done
-- Check for working CXX compiler: /usr/bin/c++ - skipped
-- Detecting CXX compile features
-- Detecting CXX compile features - done
-- Found ament_cmake: 2.0.6 (/opt/ros/iron/share/ament_cmake/cmake)
-- Found Python3: /usr/bin/python3.10 (found version "3.10.12") found components: Interpreter 
-- Found rclcpp: 21.0.7 (/opt/ros/iron/share/rclcpp/cmake)
-- Found rosidl_generator_c: 4.0.1 (/opt/ros/iron/share/rosidl_generator_c/cmake)
-- Found rosidl_generator_cpp: 4.0.1 (/opt/ros/iron/share/rosidl_generator_cpp/cmake)
-- Using all available rosidl_typesupport_c: rosidl_typesupport_fastrtps_c;rosidl_typesupport_introspection_c
-- Using all available rosidl_typesupport_cpp: rosidl_typesupport_fastrtps_cpp;rosidl_typesupport_introspection_cpp
-- Found rmw_implementation_cmake: 7.1.0 (/opt/ros/iron/share/rmw_implementation_cmake/cmake)
-- Found rmw_fastrtps_cpp: 7.1.4 (/opt/ros/iron/share/rmw_fastrtps_cpp/cmake)
-- Found OpenSSL: /usr/lib/x86_64-linux-gnu/libcrypto.so (found version "3.0.2")  
-- Found FastRTPS: /opt/ros/iron/include  
-- Using RMW implementation 'rmw_fastrtps_cpp' as default
-- Found sensor_msgs: 5.0.1 (/opt/ros/iron/share/sensor_msgs/cmake)
-- Found nav_msgs: 5.0.1 (/opt/ros/iron/share/nav_msgs/cmake)
-- Found tf2_ros: 0.31.8 (/opt/ros/iron/share/tf2_ros/cmake)
-- Configuring done
-- Generating done
-- Build files have been written to: /home/zerohzzzz/Documents/ros2-slam-comparison/build/noisy_odometry
[ 50%] [32mBuilding CXX object CMakeFiles/noisy_odometry_node.dir/src/noisy_odometry_node.cpp.o[0m
[100%] [32m[1mLinking CXX executable noisy_odometry_node[0m
[100%] Built target noisy_odometry_node
-- Install configuration: ""
-- Installing: /home/zerohzzzz/Documents/ros2-slam-comparison/install/noisy_odometry/lib/noisy_odometry/noisy_odometry_node
-- Set runtime path of "/home/zerohzzzz/Documents/ros2-slam-comparison/install/noisy_odometry/lib/noisy_odometry/noisy_odometry_node" to ""
-- Installing: /home/zerohzzzz/Documents/ros2-slam-comparison/install/noisy_odometry/share/ament_index/resource_index/package_run_dependencies/noisy_odometry
-- Installing: /home/zerohzzzz/Documents/ros2-slam-comparison/install/noisy_odometry/share/ament_index/resource_index/parent_prefix_path/noisy_odometry
-- Installing: /home/zerohzzzz/Documents/ros2-slam-comparison/install/noisy_odometry/share/noisy_odometry/environment/ament_prefix_path.sh
-- Installing: /home/zerohzzzz/Documents/ros2-slam-comparison/install/noisy_odometry/share/noisy_odometry/environment/ament_prefix_path.dsv
-- Installing: /home/zerohzzzz/Documents/ros2-slam-comparison/install/noisy_odometry/share/noisy_odometry/environment/path.sh
-- Installing: /home/zerohzzzz/Documents/ros2-slam-comparison/install/noisy_odometry/share/noisy_odometry/environment/path.dsv
-- Installing: /home/zerohzzzz/Documents/ros2-slam-comparison/install/noisy_odometry/share/noisy_odometry/local_setup.bash
-- Installing: /home/zerohzzzz/Documents/ros2-slam-comparison/install/noisy_odometry/share/noisy_odometry/local_setup.sh
-- Installing: /home/zerohzzzz/Documents/ros2-slam-comparison/install/noisy_odometry/share/noisy_odometry/local_setup.zsh
-- Installing: /home/zerohzzzz/Documents/ros2-slam-comparison/install/noisy_odometry/share/noisy_odometry/local_setup.dsv
-- Installing: /home/zerohzzzz/Documents/ros2-slam-comparison/install/noisy_odometry/share/noisy_odometry/package.dsv
-- Installing: /home/zerohzzzz/Documents/ros2-slam-comparison/install/noisy_odometry/share/ament_index/resource_index/packages/noisy_odometry
-- Installing: /home/zerohzzzz/Documents/ros2-slam-comparison/install/noisy_odometry/share/noisy_odometry/cmake/noisy_odometryConfig.cmake
-- Installing: /home/zerohzzzz/Documents/ros2-slam-comparison/install/noisy_odometry/share/noisy_odometry/cmake/noisy_odometryConfig-version.cmake
-- Installing: /home/zerohzzzz/Documents/ros2-slam-comparison/install/noisy_odometry/share/noisy_odometry/package.xml
