[0.163s] Invoking command in '/mnt/c/Users/ZeroHzzzz/Desktop/robot/build/csm': CMAKE_PREFIX_PATH=${CMAKE_PREFIX_PATH}:/mnt/c/Users/ZeroHzzzz/Desktop/robot/install/nav:/opt/ros/humble /usr/bin/cmake --build /mnt/c/Users/ZeroHzzzz/Desktop/robot/build/csm -- -j32 -l32
[2.338s] [100%] Built target csm
[2.638s] Invoked command in '/mnt/c/Users/ZeroHzzzz/Desktop/robot/build/csm' returned '0': CMAKE_PREFIX_PATH=${CMAKE_PREFIX_PATH}:/mnt/c/Users/ZeroHzzzz/Desktop/robot/install/nav:/opt/ros/humble /usr/bin/cmake --build /mnt/c/Users/ZeroHzzzz/Desktop/robot/build/csm -- -j32 -l32
[6.100s] Invoking command in '/mnt/c/Users/ZeroHzzzz/Desktop/robot/build/csm': CMAKE_PREFIX_PATH=${CMAKE_PREFIX_PATH}:/mnt/c/Users/ZeroHzzzz/Desktop/robot/install/nav:/opt/ros/humble /usr/bin/cmake --install /mnt/c/Users/ZeroHzzzz/Desktop/robot/build/csm
[6.227s] -- Install configuration: ""
[6.263s] -- Up-to-date: /mnt/c/Users/ZeroHzzzz/Desktop/robot/install/csm/lib/libcsm.so
[6.276s] -- Up-to-date: /mnt/c/Users/ZeroHzzzz/Desktop/robot/install/csm/include/..//include
[6.292s] -- Up-to-date: /mnt/c/Users/ZeroHzzzz/Desktop/robot/install/csm/include/..//include/csm
[6.324s] -- Up-to-date: /mnt/c/Users/ZeroHzzzz/Desktop/robot/install/csm/include/..//include/csm/algos.h
[6.349s] -- Up-to-date: /mnt/c/Users/ZeroHzzzz/Desktop/robot/install/csm/include/..//include/csm/csm.h
[6.371s] -- Up-to-date: /mnt/c/Users/ZeroHzzzz/Desktop/robot/install/csm/include/..//include/csm/laser_data.h
[6.394s] -- Up-to-date: /mnt/c/Users/ZeroHzzzz/Desktop/robot/install/csm/include/..//include/csm/laser_data_inline.h
[6.408s] -- Up-to-date: /mnt/c/Users/ZeroHzzzz/Desktop/robot/install/csm/include/..//include/csm/restrict.h
[6.417s] -- Up-to-date: /mnt/c/Users/ZeroHzzzz/Desktop/robot/install/csm/include/..//include/gsl_eigen
[6.439s] -- Up-to-date: /mnt/c/Users/ZeroHzzzz/Desktop/robot/install/csm/include/..//include/gsl_eigen/gsl_eigen.h
[6.454s] -- Up-to-date: /mnt/c/Users/ZeroHzzzz/Desktop/robot/install/csm/share/csm/resource
[6.492s] -- Up-to-date: /mnt/c/Users/ZeroHzzzz/Desktop/robot/install/csm/share/csm/resource/csm
[6.512s] -- Up-to-date: /mnt/c/Users/ZeroHzzzz/Desktop/robot/install/csm/include/../gsl_eigen
[6.546s] -- Up-to-date: /mnt/c/Users/ZeroHzzzz/Desktop/robot/install/csm/include/../gsl_eigen/gsl_eigen.h
[6.563s] -- Up-to-date: /mnt/c/Users/ZeroHzzzz/Desktop/robot/install/csm/share/csm/environment/library_path.sh
[6.591s] -- Up-to-date: /mnt/c/Users/ZeroHzzzz/Desktop/robot/install/csm/share/csm/environment/library_path.dsv
[6.631s] -- Up-to-date: /mnt/c/Users/ZeroHzzzz/Desktop/robot/install/csm/share/ament_index/resource_index/package_run_dependencies/csm
[6.673s] -- Up-to-date: /mnt/c/Users/ZeroHzzzz/Desktop/robot/install/csm/share/ament_index/resource_index/parent_prefix_path/csm
[6.695s] -- Up-to-date: /mnt/c/Users/ZeroHzzzz/Desktop/robot/install/csm/share/csm/environment/ament_prefix_path.sh
[6.729s] -- Up-to-date: /mnt/c/Users/ZeroHzzzz/Desktop/robot/install/csm/share/csm/environment/ament_prefix_path.dsv
[6.747s] -- Up-to-date: /mnt/c/Users/ZeroHzzzz/Desktop/robot/install/csm/share/csm/environment/path.sh
[6.798s] -- Up-to-date: /mnt/c/Users/ZeroHzzzz/Desktop/robot/install/csm/share/csm/environment/path.dsv
[6.838s] -- Up-to-date: /mnt/c/Users/ZeroHzzzz/Desktop/robot/install/csm/share/csm/local_setup.bash
[6.871s] -- Up-to-date: /mnt/c/Users/ZeroHzzzz/Desktop/robot/install/csm/share/csm/local_setup.sh
[6.927s] -- Up-to-date: /mnt/c/Users/ZeroHzzzz/Desktop/robot/install/csm/share/csm/local_setup.zsh
[6.954s] -- Up-to-date: /mnt/c/Users/ZeroHzzzz/Desktop/robot/install/csm/share/csm/local_setup.dsv
[6.977s] -- Installing: /mnt/c/Users/ZeroHzzzz/Desktop/robot/install/csm/share/csm/package.dsv
[7.052s] -- Up-to-date: /mnt/c/Users/ZeroHzzzz/Desktop/robot/install/csm/share/ament_index/resource_index/packages/csm
[7.111s] -- Up-to-date: /mnt/c/Users/ZeroHzzzz/Desktop/robot/install/csm/share/csm/cmake/ament_cmake_export_dependencies-extras.cmake
[7.153s] -- Up-to-date: /mnt/c/Users/ZeroHzzzz/Desktop/robot/install/csm/share/csm/cmake/ament_cmake_export_include_directories-extras.cmake
[7.189s] -- Up-to-date: /mnt/c/Users/ZeroHzzzz/Desktop/robot/install/csm/share/csm/cmake/ament_cmake_export_libraries-extras.cmake
[7.217s] -- Up-to-date: /mnt/c/Users/ZeroHzzzz/Desktop/robot/install/csm/share/csm/cmake/csmConfig.cmake
[7.238s] -- Up-to-date: /mnt/c/Users/ZeroHzzzz/Desktop/robot/install/csm/share/csm/cmake/csmConfig-version.cmake
[7.259s] -- Up-to-date: /mnt/c/Users/ZeroHzzzz/Desktop/robot/install/csm/share/csm/package.xml
[7.272s] Invoked command in '/mnt/c/Users/ZeroHzzzz/Desktop/robot/build/csm' returned '0': CMAKE_PREFIX_PATH=${CMAKE_PREFIX_PATH}:/mnt/c/Users/ZeroHzzzz/Desktop/robot/install/nav:/opt/ros/humble /usr/bin/cmake --install /mnt/c/Users/ZeroHzzzz/Desktop/robot/build/csm
