[0.638s] Invoking command in '/mnt/c/Users/ZeroHzzzz/Desktop/robot/build/ros2_laser_scan_matcher': AMENT_PREFIX_PATH=/mnt/c/Users/ZeroHzzzz/Desktop/robot/install/csm:${AMENT_PREFIX_PATH} CMAKE_PREFIX_PATH=/mnt/c/Users/ZeroHzzzz/Desktop/robot/install/csm:/opt/ros/humble LD_LIBRARY_PATH=/mnt/c/Users/ZeroHzzzz/Desktop/robot/install/csm/lib:${LD_LIBRARY_PATH} /usr/bin/cmake /mnt/c/Users/ZeroHzzzz/Desktop/robot/src/ros2_laser_scan_matcher -DCMAKE_INSTALL_PREFIX=/mnt/c/Users/ZeroHzzzz/Desktop/robot/install/ros2_laser_scan_matcher
[1.860s] -- The C compiler identification is GNU 11.4.0
[3.669s] -- The CXX compiler identification is GNU 11.4.0
[4.471s] -- Detecting C compiler ABI info
[6.733s] -- Detecting C compiler ABI info - done
[6.749s] -- Check for working C compiler: /usr/bin/cc - skipped
[6.750s] -- Detecting C compile features
[6.750s] -- Detecting C compile features - done
[6.819s] -- Detecting CXX compiler ABI info
[8.826s] -- Detecting CXX compiler ABI info - done
[8.905s] -- Check for working CXX compiler: /usr/bin/c++ - skipped
[8.907s] -- Detecting CXX compile features
[8.909s] -- Detecting CXX compile features - done
[9.134s] -- Found ament_cmake: 1.3.10 (/opt/ros/humble/share/ament_cmake/cmake)
[9.678s] -- Found Python3: /usr/bin/python3 (found version "3.10.12") found components: Interpreter 
[11.452s] -- Found sensor_msgs: 4.2.4 (/opt/ros/humble/share/sensor_msgs/cmake)
[12.387s] -- Found rosidl_generator_c: 3.1.5 (/opt/ros/humble/share/rosidl_generator_c/cmake)
[12.514s] -- Found rosidl_adapter: 3.1.5 (/opt/ros/humble/share/rosidl_adapter/cmake)
[12.624s] -- Found rosidl_generator_cpp: 3.1.5 (/opt/ros/humble/share/rosidl_generator_cpp/cmake)
[12.757s] -- Using all available rosidl_typesupport_c: rosidl_typesupport_fastrtps_c;rosidl_typesupport_introspection_c
[13.095s] -- Using all available rosidl_typesupport_cpp: rosidl_typesupport_fastrtps_cpp;rosidl_typesupport_introspection_cpp
[13.574s] -- Found rclcpp: 16.0.10 (/opt/ros/humble/share/rclcpp/cmake)
[14.249s] -- Found rmw_implementation_cmake: 6.1.2 (/opt/ros/humble/share/rmw_implementation_cmake/cmake)
[14.339s] -- Found rmw_fastrtps_cpp: 6.2.7 (/opt/ros/humble/share/rmw_fastrtps_cpp/cmake)
[19.104s] -- Found OpenSSL: /usr/lib/x86_64-linux-gnu/libcrypto.so (found version "3.0.2")  
[22.734s] -- Found FastRTPS: /opt/ros/humble/include  
[29.626s] -- Using RMW implementation 'rmw_fastrtps_cpp' as default
[30.016s] -- Looking for pthread.h
[32.287s] -- Looking for pthread.h - found
[32.323s] -- Performing Test CMAKE_HAVE_LIBC_PTHREAD
[34.536s] -- Performing Test CMAKE_HAVE_LIBC_PTHREAD - Success
[34.548s] -- Found Threads: TRUE  
[34.899s] -- Found nav_msgs: 4.2.4 (/opt/ros/humble/share/nav_msgs/cmake)
[34.976s] -- Found tf2_ros: 0.25.7 (/opt/ros/humble/share/tf2_ros/cmake)
[36.049s] -- Found tf2_geometry_msgs: 0.25.7 (/opt/ros/humble/share/tf2_geometry_msgs/cmake)
[36.441s] -- Found eigen3_cmake_module: 0.1.1 (/opt/ros/humble/share/eigen3_cmake_module/cmake)
[36.443s] -- Found Eigen3: TRUE (found version "3.4.0") 
[36.445s] -- Ensuring Eigen3 include directory is part of orocos-kdl CMake target
[36.495s] -- Found PkgConfig: /usr/bin/pkg-config (found version "0.29.2") 
[36.597s] -- Found csm: 0.0.0 (/mnt/c/Users/ZeroHzzzz/Desktop/robot/install/csm/share/csm/cmake)
[37.074s] -- Found Boost: /usr/lib/x86_64-linux-gnu/cmake/Boost-1.74.0/BoostConfig.cmake (found version "1.74.0") found components: thread 
[37.998s] -- Configuring done
[39.248s] -- Generating done
[39.409s] -- Build files have been written to: /mnt/c/Users/ZeroHzzzz/Desktop/robot/build/ros2_laser_scan_matcher
[39.425s] Invoked command in '/mnt/c/Users/ZeroHzzzz/Desktop/robot/build/ros2_laser_scan_matcher' returned '0': AMENT_PREFIX_PATH=/mnt/c/Users/ZeroHzzzz/Desktop/robot/install/csm:${AMENT_PREFIX_PATH} CMAKE_PREFIX_PATH=/mnt/c/Users/ZeroHzzzz/Desktop/robot/install/csm:/opt/ros/humble LD_LIBRARY_PATH=/mnt/c/Users/ZeroHzzzz/Desktop/robot/install/csm/lib:${LD_LIBRARY_PATH} /usr/bin/cmake /mnt/c/Users/ZeroHzzzz/Desktop/robot/src/ros2_laser_scan_matcher -DCMAKE_INSTALL_PREFIX=/mnt/c/Users/ZeroHzzzz/Desktop/robot/install/ros2_laser_scan_matcher
[39.441s] Invoking command in '/mnt/c/Users/ZeroHzzzz/Desktop/robot/build/ros2_laser_scan_matcher': AMENT_PREFIX_PATH=/mnt/c/Users/ZeroHzzzz/Desktop/robot/install/csm:${AMENT_PREFIX_PATH} CMAKE_PREFIX_PATH=/mnt/c/Users/ZeroHzzzz/Desktop/robot/install/csm:/opt/ros/humble LD_LIBRARY_PATH=/mnt/c/Users/ZeroHzzzz/Desktop/robot/install/csm/lib:${LD_LIBRARY_PATH} /usr/bin/cmake --build /mnt/c/Users/ZeroHzzzz/Desktop/robot/build/ros2_laser_scan_matcher -- -j32 -l32
[40.913s] [ 50%] [32mBuilding CXX object CMakeFiles/laser_scan_matcher.dir/src/laser_scan_matcher.cpp.o[0m
[45.267s] In file included from [01m[K/mnt/c/Users/ZeroHzzzz/Desktop/robot/src/ros2_laser_scan_matcher/include/ros2_laser_scan_matcher/laser_scan_matcher.h:47[m[K,
[45.269s]                  from [01m[K/mnt/c/Users/ZeroHzzzz/Desktop/robot/src/ros2_laser_scan_matcher/src/laser_scan_matcher.cpp:38[m[K:
[45.271s] [01m[K/opt/ros/humble/include/tf2_geometry_msgs/tf2_geometry_msgs/tf2_geometry_msgs.h:35:2:[m[K [01;35m[Kwarning: [m[K#warning This header is obsolete, please include tf2_geometry_msgs/tf2_geometry_msgs.hpp instead [[01;35m[K]8;;https://gcc.gnu.org/onlinedocs/gcc/Warning-Options.html#index-Wcpp-Wcpp]8;;[m[K]
[45.283s]    35 | #[01;35m[Kwarning[m[K This header is obsolete, please include tf2_geometry_msgs/tf2_geometry_msgs.hpp instead
[45.284s]       |  [01;35m[K^~~~~~~[m[K
[60.054s] [100%] [32m[1mLinking CXX executable laser_scan_matcher[0m
[66.138s] [100%] Built target laser_scan_matcher
[66.332s] Invoked command in '/mnt/c/Users/ZeroHzzzz/Desktop/robot/build/ros2_laser_scan_matcher' returned '0': AMENT_PREFIX_PATH=/mnt/c/Users/ZeroHzzzz/Desktop/robot/install/csm:${AMENT_PREFIX_PATH} CMAKE_PREFIX_PATH=/mnt/c/Users/ZeroHzzzz/Desktop/robot/install/csm:/opt/ros/humble LD_LIBRARY_PATH=/mnt/c/Users/ZeroHzzzz/Desktop/robot/install/csm/lib:${LD_LIBRARY_PATH} /usr/bin/cmake --build /mnt/c/Users/ZeroHzzzz/Desktop/robot/build/ros2_laser_scan_matcher -- -j32 -l32
[66.382s] Invoking command in '/mnt/c/Users/ZeroHzzzz/Desktop/robot/build/ros2_laser_scan_matcher': AMENT_PREFIX_PATH=/mnt/c/Users/ZeroHzzzz/Desktop/robot/install/csm:${AMENT_PREFIX_PATH} CMAKE_PREFIX_PATH=/mnt/c/Users/ZeroHzzzz/Desktop/robot/install/csm:/opt/ros/humble LD_LIBRARY_PATH=/mnt/c/Users/ZeroHzzzz/Desktop/robot/install/csm/lib:${LD_LIBRARY_PATH} /usr/bin/cmake --install /mnt/c/Users/ZeroHzzzz/Desktop/robot/build/ros2_laser_scan_matcher
[66.557s] -- Install configuration: ""
[66.582s] -- Installing: /mnt/c/Users/ZeroHzzzz/Desktop/robot/install/ros2_laser_scan_matcher/lib/ros2_laser_scan_matcher/laser_scan_matcher
[67.103s] -- Set runtime path of "/mnt/c/Users/ZeroHzzzz/Desktop/robot/install/ros2_laser_scan_matcher/lib/ros2_laser_scan_matcher/laser_scan_matcher" to ""
[67.167s] -- Installing: /mnt/c/Users/ZeroHzzzz/Desktop/robot/install/ros2_laser_scan_matcher/share/ament_index/resource_index/package_run_dependencies/ros2_laser_scan_matcher
[67.319s] -- Installing: /mnt/c/Users/ZeroHzzzz/Desktop/robot/install/ros2_laser_scan_matcher/share/ament_index/resource_index/parent_prefix_path/ros2_laser_scan_matcher
[67.571s] -- Installing: /mnt/c/Users/ZeroHzzzz/Desktop/robot/install/ros2_laser_scan_matcher/share/ros2_laser_scan_matcher/environment/ament_prefix_path.sh
[67.660s] -- Installing: /mnt/c/Users/ZeroHzzzz/Desktop/robot/install/ros2_laser_scan_matcher/share/ros2_laser_scan_matcher/environment/ament_prefix_path.dsv
[67.768s] -- Installing: /mnt/c/Users/ZeroHzzzz/Desktop/robot/install/ros2_laser_scan_matcher/share/ros2_laser_scan_matcher/environment/path.sh
[67.940s] -- Installing: /mnt/c/Users/ZeroHzzzz/Desktop/robot/install/ros2_laser_scan_matcher/share/ros2_laser_scan_matcher/environment/path.dsv
[68.036s] -- Installing: /mnt/c/Users/ZeroHzzzz/Desktop/robot/install/ros2_laser_scan_matcher/share/ros2_laser_scan_matcher/local_setup.bash
[68.114s] -- Installing: /mnt/c/Users/ZeroHzzzz/Desktop/robot/install/ros2_laser_scan_matcher/share/ros2_laser_scan_matcher/local_setup.sh
[68.194s] -- Installing: /mnt/c/Users/ZeroHzzzz/Desktop/robot/install/ros2_laser_scan_matcher/share/ros2_laser_scan_matcher/local_setup.zsh
[68.260s] -- Installing: /mnt/c/Users/ZeroHzzzz/Desktop/robot/install/ros2_laser_scan_matcher/share/ros2_laser_scan_matcher/local_setup.dsv
[68.324s] -- Installing: /mnt/c/Users/ZeroHzzzz/Desktop/robot/install/ros2_laser_scan_matcher/share/ros2_laser_scan_matcher/package.dsv
[68.454s] -- Installing: /mnt/c/Users/ZeroHzzzz/Desktop/robot/install/ros2_laser_scan_matcher/share/ament_index/resource_index/packages/ros2_laser_scan_matcher
[68.601s] -- Installing: /mnt/c/Users/ZeroHzzzz/Desktop/robot/install/ros2_laser_scan_matcher/share/ros2_laser_scan_matcher/cmake/ros2_laser_scan_matcherConfig.cmake
[68.671s] -- Installing: /mnt/c/Users/ZeroHzzzz/Desktop/robot/install/ros2_laser_scan_matcher/share/ros2_laser_scan_matcher/cmake/ros2_laser_scan_matcherConfig-version.cmake
[68.711s] -- Installing: /mnt/c/Users/ZeroHzzzz/Desktop/robot/install/ros2_laser_scan_matcher/share/ros2_laser_scan_matcher/package.xml
[68.743s] Invoked command in '/mnt/c/Users/ZeroHzzzz/Desktop/robot/build/ros2_laser_scan_matcher' returned '0': AMENT_PREFIX_PATH=/mnt/c/Users/ZeroHzzzz/Desktop/robot/install/csm:${AMENT_PREFIX_PATH} CMAKE_PREFIX_PATH=/mnt/c/Users/ZeroHzzzz/Desktop/robot/install/csm:/opt/ros/humble LD_LIBRARY_PATH=/mnt/c/Users/ZeroHzzzz/Desktop/robot/install/csm/lib:${LD_LIBRARY_PATH} /usr/bin/cmake --install /mnt/c/Users/ZeroHzzzz/Desktop/robot/build/ros2_laser_scan_matcher
