[0.036s] Invoking command in '/home/zerohzzzz/Documents/RobotNav2/build/explore_lite': CMAKE_PREFIX_PATH=${CMAKE_PREFIX_PATH}:/home/zerohzzzz/Documents/RobotNav2/install/map_build:/opt/ros/humble /usr/bin/cmake --build /home/zerohzzzz/Documents/RobotNav2/build/explore_lite -- -j8 -l8
[0.423s] [ 30%] Built target gtest
[0.424s] [ 40%] Built target gtest_main
[0.424s] [ 60%] Built target test_explore
[0.425s] [100%] Built target explore
[0.436s] Invoked command in '/home/zerohzzzz/Documents/RobotNav2/build/explore_lite' returned '0': CMAKE_PREFIX_PATH=${CMAKE_PREFIX_PATH}:/home/zerohzzzz/Documents/RobotNav2/install/map_build:/opt/ros/humble /usr/bin/cmake --build /home/zerohzzzz/Documents/RobotNav2/build/explore_lite -- -j8 -l8
[0.502s] Invoking command in '/home/zerohzzzz/Documents/RobotNav2/build/explore_lite': CMAKE_PREFIX_PATH=${CMAKE_PREFIX_PATH}:/home/zerohzzzz/Documents/RobotNav2/install/map_build:/opt/ros/humble /usr/bin/cmake --install /home/zerohzzzz/Documents/RobotNav2/build/explore_lite
[0.516s] -- Install configuration: ""
[0.517s] -- Up-to-date: /home/zerohzzzz/Documents/RobotNav2/install/explore_lite/include/explore/
[0.519s] -- Up-to-date: /home/zerohzzzz/Documents/RobotNav2/install/explore_lite/include/explore//costmap_tools.h
[0.519s] -- Up-to-date: /home/zerohzzzz/Documents/RobotNav2/install/explore_lite/include/explore//costmap_client.h
[0.520s] -- Up-to-date: /home/zerohzzzz/Documents/RobotNav2/install/explore_lite/include/explore//explore.h
[0.521s] -- Up-to-date: /home/zerohzzzz/Documents/RobotNav2/install/explore_lite/include/explore//frontier_search.h
[0.521s] -- Up-to-date: /home/zerohzzzz/Documents/RobotNav2/install/explore_lite/share/explore_lite/config
[0.523s] -- Up-to-date: /home/zerohzzzz/Documents/RobotNav2/install/explore_lite/share/explore_lite/config/params.yaml
[0.524s] -- Up-to-date: /home/zerohzzzz/Documents/RobotNav2/install/explore_lite/share/explore_lite/config/params_costmap.yaml
[0.525s] -- Up-to-date: /home/zerohzzzz/Documents/RobotNav2/install/explore_lite/share/explore_lite/launch
[0.526s] -- Up-to-date: /home/zerohzzzz/Documents/RobotNav2/install/explore_lite/share/explore_lite/launch/explore.launch.py
[0.529s] -- Up-to-date: /home/zerohzzzz/Documents/RobotNav2/install/explore_lite/lib/explore_lite/explore
[0.529s] -- Up-to-date: /home/zerohzzzz/Documents/RobotNav2/install/explore_lite/share/ament_index/resource_index/package_run_dependencies/explore_lite
[0.530s] -- Up-to-date: /home/zerohzzzz/Documents/RobotNav2/install/explore_lite/share/ament_index/resource_index/parent_prefix_path/explore_lite
[0.531s] -- Up-to-date: /home/zerohzzzz/Documents/RobotNav2/install/explore_lite/share/explore_lite/environment/ament_prefix_path.sh
[0.531s] -- Up-to-date: /home/zerohzzzz/Documents/RobotNav2/install/explore_lite/share/explore_lite/environment/ament_prefix_path.dsv
[0.531s] -- Up-to-date: /home/zerohzzzz/Documents/RobotNav2/install/explore_lite/share/explore_lite/environment/path.sh
[0.531s] -- Up-to-date: /home/zerohzzzz/Documents/RobotNav2/install/explore_lite/share/explore_lite/environment/path.dsv
[0.531s] -- Up-to-date: /home/zerohzzzz/Documents/RobotNav2/install/explore_lite/share/explore_lite/local_setup.bash
[0.532s] -- Up-to-date: /home/zerohzzzz/Documents/RobotNav2/install/explore_lite/share/explore_lite/local_setup.sh
[0.532s] -- Up-to-date: /home/zerohzzzz/Documents/RobotNav2/install/explore_lite/share/explore_lite/local_setup.zsh
[0.532s] -- Up-to-date: /home/zerohzzzz/Documents/RobotNav2/install/explore_lite/share/explore_lite/local_setup.dsv
[0.532s] -- Installing: /home/zerohzzzz/Documents/RobotNav2/install/explore_lite/share/explore_lite/package.dsv
[0.532s] -- Up-to-date: /home/zerohzzzz/Documents/RobotNav2/install/explore_lite/share/ament_index/resource_index/packages/explore_lite
[0.533s] -- Up-to-date: /home/zerohzzzz/Documents/RobotNav2/install/explore_lite/share/explore_lite/cmake/ament_cmake_export_include_directories-extras.cmake
[0.533s] -- Up-to-date: /home/zerohzzzz/Documents/RobotNav2/install/explore_lite/share/explore_lite/cmake/explore_liteConfig.cmake
[0.533s] -- Up-to-date: /home/zerohzzzz/Documents/RobotNav2/install/explore_lite/share/explore_lite/cmake/explore_liteConfig-version.cmake
[0.533s] -- Up-to-date: /home/zerohzzzz/Documents/RobotNav2/install/explore_lite/share/explore_lite/package.xml
[0.536s] Invoked command in '/home/zerohzzzz/Documents/RobotNav2/build/explore_lite' returned '0': CMAKE_PREFIX_PATH=${CMAKE_PREFIX_PATH}:/home/zerohzzzz/Documents/RobotNav2/install/map_build:/opt/ros/humble /usr/bin/cmake --install /home/zerohzzzz/Documents/RobotNav2/build/explore_lite
