[3.263s] Invoking command in '/mnt/c/Users/ZeroHzzzz/Desktop/robot/src/map_build': PYTHONPATH=/mnt/c/Users/ZeroHzzzz/Desktop/robot/build/map_build/prefix_override:/usr/lib/python3/dist-packages/colcon_core/task/python/colcon_distutils_commands:/mnt/c/Users/ZeroHzzzz/Desktop/robot/install/map_build/lib/python3.10/site-packages:${PYTHONPATH} /usr/bin/python3 -W ignore:setup.py install is deprecated setup.py egg_info --egg-base ../../build/map_build build --build-base /mnt/c/Users/ZeroHzzzz/Desktop/robot/build/map_build/build install --record /mnt/c/Users/ZeroHzzzz/Desktop/robot/build/map_build/install.log --single-version-externally-managed install_data
[5.662s] running egg_info
[5.673s] writing ../../build/map_build/map_build.egg-info/PKG-INFO
[5.687s] writing dependency_links to ../../build/map_build/map_build.egg-info/dependency_links.txt
[5.703s] writing entry points to ../../build/map_build/map_build.egg-info/entry_points.txt
[5.712s] writing requirements to ../../build/map_build/map_build.egg-info/requires.txt
[5.716s] writing top-level names to ../../build/map_build/map_build.egg-info/top_level.txt
[5.772s] reading manifest file '../../build/map_build/map_build.egg-info/SOURCES.txt'
[5.826s] writing manifest file '../../build/map_build/map_build.egg-info/SOURCES.txt'
[5.828s] running build
[5.829s] running build_py
[6.012s] running install
[6.014s] running install_lib
[6.082s] running install_data
[6.156s] running install_egg_info
[6.172s] removing '/mnt/c/Users/ZeroHzzzz/Desktop/robot/install/map_build/lib/python3.10/site-packages/map_build-0.0.0-py3.10.egg-info' (and everything under it)
[6.245s] Copying ../../build/map_build/map_build.egg-info to /mnt/c/Users/ZeroHzzzz/Desktop/robot/install/map_build/lib/python3.10/site-packages/map_build-0.0.0-py3.10.egg-info
[6.591s] running install_scripts
[6.749s] writing list of installed files to '/mnt/c/Users/ZeroHzzzz/Desktop/robot/build/map_build/install.log'
[6.782s] Invoked command in '/mnt/c/Users/ZeroHzzzz/Desktop/robot/src/map_build' returned '0': PYTHONPATH=/mnt/c/Users/ZeroHzzzz/Desktop/robot/build/map_build/prefix_override:/usr/lib/python3/dist-packages/colcon_core/task/python/colcon_distutils_commands:/mnt/c/Users/ZeroHzzzz/Desktop/robot/install/map_build/lib/python3.10/site-packages:${PYTHONPATH} /usr/bin/python3 -W ignore:setup.py install is deprecated setup.py egg_info --egg-base ../../build/map_build build --build-base /mnt/c/Users/ZeroHzzzz/Desktop/robot/build/map_build/build install --record /mnt/c/Users/ZeroHzzzz/Desktop/robot/build/map_build/install.log --single-version-externally-managed install_data
