[0.611s] Invoking command in '/home/zerohzzzz/Documents/RobotNav2/src/map_build': PYTHONPATH=/home/zerohzzzz/Documents/RobotNav2/build/map_build/prefix_override:/usr/lib/python3/dist-packages/colcon_core/task/python/colcon_distutils_commands:/home/zerohzzzz/Documents/RobotNav2/install/map_build/lib/python3.10/site-packages:${PYTHONPATH} /usr/bin/python3 -W ignore:setup.py install is deprecated setup.py egg_info --egg-base ../../build/map_build build --build-base /home/zerohzzzz/Documents/RobotNav2/build/map_build/build install --record /home/zerohzzzz/Documents/RobotNav2/build/map_build/install.log --single-version-externally-managed install_data
[0.832s] running egg_info
[0.832s] writing ../../build/map_build/map_build.egg-info/PKG-INFO
[0.833s] writing dependency_links to ../../build/map_build/map_build.egg-info/dependency_links.txt
[0.833s] writing entry points to ../../build/map_build/map_build.egg-info/entry_points.txt
[0.833s] writing requirements to ../../build/map_build/map_build.egg-info/requires.txt
[0.833s] writing top-level names to ../../build/map_build/map_build.egg-info/top_level.txt
[0.835s] reading manifest file '../../build/map_build/map_build.egg-info/SOURCES.txt'
[0.839s] writing manifest file '../../build/map_build/map_build.egg-info/SOURCES.txt'
[0.839s] running build
[0.840s] running build_py
[0.840s] running install
[0.840s] running install_lib
[0.841s] running install_data
[0.842s] copying launch/gazebo_launch.py -> /home/zerohzzzz/Documents/RobotNav2/install/map_build/share/map_build/launch
[0.842s] running install_egg_info
[0.844s] removing '/home/zerohzzzz/Documents/RobotNav2/install/map_build/lib/python3.10/site-packages/map_build-0.0.0-py3.10.egg-info' (and everything under it)
[0.844s] Copying ../../build/map_build/map_build.egg-info to /home/zerohzzzz/Documents/RobotNav2/install/map_build/lib/python3.10/site-packages/map_build-0.0.0-py3.10.egg-info
[0.845s] running install_scripts
[0.868s] writing list of installed files to '/home/zerohzzzz/Documents/RobotNav2/build/map_build/install.log'
[0.894s] Invoked command in '/home/zerohzzzz/Documents/RobotNav2/src/map_build' returned '0': PYTHONPATH=/home/zerohzzzz/Documents/RobotNav2/build/map_build/prefix_override:/usr/lib/python3/dist-packages/colcon_core/task/python/colcon_distutils_commands:/home/zerohzzzz/Documents/RobotNav2/install/map_build/lib/python3.10/site-packages:${PYTHONPATH} /usr/bin/python3 -W ignore:setup.py install is deprecated setup.py egg_info --egg-base ../../build/map_build build --build-base /home/zerohzzzz/Documents/RobotNav2/build/map_build/build install --record /home/zerohzzzz/Documents/RobotNav2/build/map_build/install.log --single-version-externally-managed install_data
