[2.109s] Invoking command in '/home/zerohzzzz/Documents/RobotNav2/src/map_build': PYTHONPATH=/home/zerohzzzz/Documents/RobotNav2/build/map_build/prefix_override:/usr/lib/python3/dist-packages/colcon_core/task/python/colcon_distutils_commands:/home/zerohzzzz/Documents/RobotNav2/install/map_build/lib/python3.10/site-packages:${PYTHONPATH} /usr/bin/python3 -W ignore:setup.py install is deprecated setup.py egg_info --egg-base ../../build/map_build build --build-base /home/zerohzzzz/Documents/RobotNav2/build/map_build/build install --record /home/zerohzzzz/Documents/RobotNav2/build/map_build/install.log --single-version-externally-managed install_data
[2.733s] running egg_info
[2.736s] writing ../../build/map_build/map_build.egg-info/PKG-INFO
[2.742s] writing dependency_links to ../../build/map_build/map_build.egg-info/dependency_links.txt
[2.743s] writing entry points to ../../build/map_build/map_build.egg-info/entry_points.txt
[2.744s] writing requirements to ../../build/map_build/map_build.egg-info/requires.txt
[2.744s] writing top-level names to ../../build/map_build/map_build.egg-info/top_level.txt
[2.750s] reading manifest file '../../build/map_build/map_build.egg-info/SOURCES.txt'
[2.754s] writing manifest file '../../build/map_build/map_build.egg-info/SOURCES.txt'
[2.755s] running build
[2.755s] running build_py
[2.756s] running install
[2.757s] running install_lib
[2.763s] running install_data
[2.766s] running install_egg_info
[2.772s] removing '/home/zerohzzzz/Documents/RobotNav2/install/map_build/lib/python3.10/site-packages/map_build-0.0.0-py3.10.egg-info' (and everything under it)
[2.774s] Copying ../../build/map_build/map_build.egg-info to /home/zerohzzzz/Documents/RobotNav2/install/map_build/lib/python3.10/site-packages/map_build-0.0.0-py3.10.egg-info
[2.777s] running install_scripts
[2.856s] writing list of installed files to '/home/zerohzzzz/Documents/RobotNav2/build/map_build/install.log'
[2.908s] Invoked command in '/home/zerohzzzz/Documents/RobotNav2/src/map_build' returned '0': PYTHONPATH=/home/zerohzzzz/Documents/RobotNav2/build/map_build/prefix_override:/usr/lib/python3/dist-packages/colcon_core/task/python/colcon_distutils_commands:/home/zerohzzzz/Documents/RobotNav2/install/map_build/lib/python3.10/site-packages:${PYTHONPATH} /usr/bin/python3 -W ignore:setup.py install is deprecated setup.py egg_info --egg-base ../../build/map_build build --build-base /home/zerohzzzz/Documents/RobotNav2/build/map_build/build install --record /home/zerohzzzz/Documents/RobotNav2/build/map_build/install.log --single-version-externally-managed install_data
