[0.313s] Invoking command in '/home/zerohzzzz/Documents/RobotNav2/build/multirobot_map_merge': CMAKE_PREFIX_PATH=/home/zerohzzzz/Documents/RobotNav2/install/map_build:/opt/ros/humble /usr/bin/cmake /home/zerohzzzz/Documents/RobotNav2/src/map_merge -DCMAKE_INSTALL_PREFIX=/home/zerohzzzz/Documents/RobotNav2/install/multirobot_map_merge
[0.380s] -- The C compiler identification is GNU 11.4.0
[0.451s] -- The CXX compiler identification is GNU 11.4.0
[0.463s] -- Detecting C compiler ABI info
[0.548s] -- Detecting C compiler ABI info - done
[0.557s] -- Check for working C compiler: /usr/bin/cc - skipped
[0.557s] -- Detecting C compile features
[0.558s] -- Detecting C compile features - done
[0.561s] -- Detecting CXX compiler ABI info
[0.680s] -- Detecting CXX compiler ABI info - done
[0.696s] -- Check for working CXX compiler: /usr/bin/c++ - skipped
[0.697s] -- Detecting CXX compile features
[0.697s] -- Detecting CXX compile features - done
[0.701s] -- Found ament_cmake: 1.3.10 (/opt/ros/humble/share/ament_cmake/cmake)
[0.943s] -- Found Python3: /usr/bin/python3 (found version "3.10.12") found components: Interpreter 
[1.052s] -- Found rclcpp: 16.0.10 (/opt/ros/humble/share/rclcpp/cmake)
[1.098s] -- Found rosidl_generator_c: 3.1.5 (/opt/ros/humble/share/rosidl_generator_c/cmake)
[1.104s] -- Found rosidl_adapter: 3.1.5 (/opt/ros/humble/share/rosidl_adapter/cmake)
[1.117s] -- Found rosidl_generator_cpp: 3.1.5 (/opt/ros/humble/share/rosidl_generator_cpp/cmake)
[1.139s] -- Using all available rosidl_typesupport_c: rosidl_typesupport_fastrtps_c;rosidl_typesupport_introspection_c
[1.159s] -- Using all available rosidl_typesupport_cpp: rosidl_typesupport_fastrtps_cpp;rosidl_typesupport_introspection_cpp
[1.239s] -- Found rmw_implementation_cmake: 6.1.2 (/opt/ros/humble/share/rmw_implementation_cmake/cmake)
[1.243s] -- Found rmw_fastrtps_cpp: 6.2.7 (/opt/ros/humble/share/rmw_fastrtps_cpp/cmake)
[1.487s] -- Found OpenSSL: /usr/lib/x86_64-linux-gnu/libcrypto.so (found version "3.0.2")  
[1.546s] -- Found FastRTPS: /opt/ros/humble/include  
[1.591s] -- Using RMW implementation 'rmw_fastrtps_cpp' as default
[1.604s] -- Looking for pthread.h
[1.697s] -- Looking for pthread.h - found
[1.698s] -- Performing Test CMAKE_HAVE_LIBC_PTHREAD
[1.789s] -- Performing Test CMAKE_HAVE_LIBC_PTHREAD - Success
[1.790s] -- Found Threads: TRUE  
[1.885s] -- Found geometry_msgs: 4.2.4 (/opt/ros/humble/share/geometry_msgs/cmake)
[1.916s] [31mCMake Error at CMakeLists.txt:22 (find_package):
[1.916s]   By not providing "Findimage_geometry.cmake" in CMAKE_MODULE_PATH this
[1.916s]   project has asked CMake to find a package configuration file provided by
[1.916s]   "image_geometry", but CMake did not find one.
[1.916s] 
[1.917s]   Could not find a package configuration file provided by "image_geometry"
[1.917s]   with any of the following names:
[1.917s] 
[1.917s]     image_geometryConfig.cmake
[1.917s]     image_geometry-config.cmake
[1.917s] 
[1.917s]   Add the installation prefix of "image_geometry" to CMAKE_PREFIX_PATH or set
[1.917s]   "image_geometry_DIR" to a directory containing one of the above files.  If
[1.917s]   "image_geometry" provides a separate development package or SDK, be sure it
[1.917s]   has been installed.
[1.917s] 
[1.917s] [0m
[1.917s] -- Configuring incomplete, errors occurred!
[1.917s] See also "/home/zerohzzzz/Documents/RobotNav2/build/multirobot_map_merge/CMakeFiles/CMakeOutput.log".
[1.927s] Invoked command in '/home/zerohzzzz/Documents/RobotNav2/build/multirobot_map_merge' returned '1': CMAKE_PREFIX_PATH=/home/zerohzzzz/Documents/RobotNav2/install/map_build:/opt/ros/humble /usr/bin/cmake /home/zerohzzzz/Documents/RobotNav2/src/map_merge -DCMAKE_INSTALL_PREFIX=/home/zerohzzzz/Documents/RobotNav2/install/multirobot_map_merge
