[0.342s] DEBUG:colcon:Command line arguments: ['/usr/bin/colcon', 'build']
[0.343s] DEBUG:colcon:Parsed command line arguments: Namespace(log_base=None, log_level=None, verb_name='build', build_base='build', install_base='install', merge_install=False, symlink_install=False, test_result_base=None, continue_on_error=False, executor='parallel', parallel_workers=8, event_handlers=None, ignore_user_meta=False, metas=['./colcon.meta'], base_paths=['.'], packages_ignore=None, packages_ignore_regex=None, paths=None, packages_up_to=None, packages_up_to_regex=None, packages_above=None, packages_above_and_dependencies=None, packages_above_depth=None, packages_select_by_dep=None, packages_skip_by_dep=None, packages_skip_up_to=None, packages_select_build_failed=False, packages_skip_build_finished=False, packages_select_test_failures=False, packages_skip_test_passed=False, packages_select=None, packages_skip=None, packages_select_regex=None, packages_skip_regex=None, packages_start=None, packages_end=None, allow_overriding=[], cmake_args=None, cmake_target=None, cmake_target_skip_unavailable=False, cmake_clean_cache=False, cmake_clean_first=False, cmake_force_configure=False, ament_cmake_args=None, catkin_cmake_args=None, catkin_skip_building_tests=False, mixin_files=None, mixin=None, verb_parser=<colcon_mixin.mixin.mixin_argument.MixinArgumentDecorator object at 0x724a04138640>, verb_extension=<colcon_core.verb.build.BuildVerb object at 0x724a04103fd0>, main=<bound method BuildVerb.main of <colcon_core.verb.build.BuildVerb object at 0x724a04103fd0>>, mixin_verb=('build',))
[0.881s] Level 1:colcon.colcon_core.package_discovery:discover_packages(colcon_meta) check parameters
[0.881s] Level 1:colcon.colcon_core.package_discovery:discover_packages(recursive) check parameters
[0.881s] Level 1:colcon.colcon_core.package_discovery:discover_packages(ignore) check parameters
[0.881s] Level 1:colcon.colcon_core.package_discovery:discover_packages(path) check parameters
[0.881s] Level 1:colcon.colcon_core.package_discovery:discover_packages(colcon_meta) discover
[0.881s] Level 1:colcon.colcon_core.package_discovery:discover_packages(recursive) discover
[0.881s] INFO:colcon.colcon_core.package_discovery:Crawling recursively for packages in '/home/zerohzzzz/Documents/RobotNav2'
[0.881s] Level 1:colcon.colcon_core.package_identification:_identify(.) by extensions ['ignore', 'ignore_ament_install']
[0.881s] Level 1:colcon.colcon_core.package_identification:_identify(.) by extension 'ignore'
[0.882s] Level 1:colcon.colcon_core.package_identification:_identify(.) by extension 'ignore_ament_install'
[0.882s] Level 1:colcon.colcon_core.package_identification:_identify(.) by extensions ['colcon_pkg']
[0.882s] Level 1:colcon.colcon_core.package_identification:_identify(.) by extension 'colcon_pkg'
[0.882s] Level 1:colcon.colcon_core.package_identification:_identify(.) by extensions ['colcon_meta']
[0.882s] Level 1:colcon.colcon_core.package_identification:_identify(.) by extension 'colcon_meta'
[0.882s] Level 1:colcon.colcon_core.package_identification:_identify(.) by extensions ['ros']
[0.882s] Level 1:colcon.colcon_core.package_identification:_identify(.) by extension 'ros'
[0.907s] Level 1:colcon.colcon_core.package_identification:_identify(.) by extensions ['cmake', 'python']
[0.907s] Level 1:colcon.colcon_core.package_identification:_identify(.) by extension 'cmake'
[0.908s] Level 1:colcon.colcon_core.package_identification:_identify(.) by extension 'python'
[0.908s] Level 1:colcon.colcon_core.package_identification:_identify(.) by extensions ['python_setup_py']
[0.908s] Level 1:colcon.colcon_core.package_identification:_identify(.) by extension 'python_setup_py'
[0.909s] Level 1:colcon.colcon_core.package_identification:_identify(build) by extensions ['ignore', 'ignore_ament_install']
[0.909s] Level 1:colcon.colcon_core.package_identification:_identify(build) by extension 'ignore'
[0.909s] Level 1:colcon.colcon_core.package_identification:_identify(build) ignored
[0.910s] Level 1:colcon.colcon_core.package_identification:_identify(install) by extensions ['ignore', 'ignore_ament_install']
[0.910s] Level 1:colcon.colcon_core.package_identification:_identify(install) by extension 'ignore'
[0.910s] Level 1:colcon.colcon_core.package_identification:_identify(install) ignored
[0.911s] Level 1:colcon.colcon_core.package_identification:_identify(log) by extensions ['ignore', 'ignore_ament_install']
[0.911s] Level 1:colcon.colcon_core.package_identification:_identify(log) by extension 'ignore'
[0.911s] Level 1:colcon.colcon_core.package_identification:_identify(log) ignored
[0.911s] Level 1:colcon.colcon_core.package_identification:_identify(src) by extensions ['ignore', 'ignore_ament_install']
[0.911s] Level 1:colcon.colcon_core.package_identification:_identify(src) by extension 'ignore'
[0.911s] Level 1:colcon.colcon_core.package_identification:_identify(src) by extension 'ignore_ament_install'
[0.911s] Level 1:colcon.colcon_core.package_identification:_identify(src) by extensions ['colcon_pkg']
[0.912s] Level 1:colcon.colcon_core.package_identification:_identify(src) by extension 'colcon_pkg'
[0.912s] Level 1:colcon.colcon_core.package_identification:_identify(src) by extensions ['colcon_meta']
[0.912s] Level 1:colcon.colcon_core.package_identification:_identify(src) by extension 'colcon_meta'
[0.912s] Level 1:colcon.colcon_core.package_identification:_identify(src) by extensions ['ros']
[0.912s] Level 1:colcon.colcon_core.package_identification:_identify(src) by extension 'ros'
[0.912s] Level 1:colcon.colcon_core.package_identification:_identify(src) by extensions ['cmake', 'python']
[0.912s] Level 1:colcon.colcon_core.package_identification:_identify(src) by extension 'cmake'
[0.912s] Level 1:colcon.colcon_core.package_identification:_identify(src) by extension 'python'
[0.912s] Level 1:colcon.colcon_core.package_identification:_identify(src) by extensions ['python_setup_py']
[0.912s] Level 1:colcon.colcon_core.package_identification:_identify(src) by extension 'python_setup_py'
[0.913s] Level 1:colcon.colcon_core.package_identification:_identify(src/explore) by extensions ['ignore', 'ignore_ament_install']
[0.913s] Level 1:colcon.colcon_core.package_identification:_identify(src/explore) by extension 'ignore'
[0.913s] Level 1:colcon.colcon_core.package_identification:_identify(src/explore) by extension 'ignore_ament_install'
[0.913s] Level 1:colcon.colcon_core.package_identification:_identify(src/explore) by extensions ['colcon_pkg']
[0.913s] Level 1:colcon.colcon_core.package_identification:_identify(src/explore) by extension 'colcon_pkg'
[0.913s] Level 1:colcon.colcon_core.package_identification:_identify(src/explore) by extensions ['colcon_meta']
[0.913s] Level 1:colcon.colcon_core.package_identification:_identify(src/explore) by extension 'colcon_meta'
[0.914s] Level 1:colcon.colcon_core.package_identification:_identify(src/explore) by extensions ['ros']
[0.914s] Level 1:colcon.colcon_core.package_identification:_identify(src/explore) by extension 'ros'
[0.931s] DEBUG:colcon.colcon_core.package_identification:Package 'src/explore' with type 'ros.ament_cmake' and name 'explore_lite'
[0.931s] Level 1:colcon.colcon_core.package_identification:_identify(src/map_build) by extensions ['ignore', 'ignore_ament_install']
[0.931s] Level 1:colcon.colcon_core.package_identification:_identify(src/map_build) by extension 'ignore'
[0.932s] Level 1:colcon.colcon_core.package_identification:_identify(src/map_build) by extension 'ignore_ament_install'
[0.932s] Level 1:colcon.colcon_core.package_identification:_identify(src/map_build) by extensions ['colcon_pkg']
[0.932s] Level 1:colcon.colcon_core.package_identification:_identify(src/map_build) by extension 'colcon_pkg'
[0.932s] Level 1:colcon.colcon_core.package_identification:_identify(src/map_build) by extensions ['colcon_meta']
[0.932s] Level 1:colcon.colcon_core.package_identification:_identify(src/map_build) by extension 'colcon_meta'
[0.932s] Level 1:colcon.colcon_core.package_identification:_identify(src/map_build) by extensions ['ros']
[0.932s] Level 1:colcon.colcon_core.package_identification:_identify(src/map_build) by extension 'ros'
[0.935s] DEBUG:colcon.colcon_core.package_identification:Package 'src/map_build' with type 'ros.ament_python' and name 'map_build'
[0.936s] Level 1:colcon.colcon_core.package_identification:_identify(src/map_merge) by extensions ['ignore', 'ignore_ament_install']
[0.936s] Level 1:colcon.colcon_core.package_identification:_identify(src/map_merge) by extension 'ignore'
[0.936s] Level 1:colcon.colcon_core.package_identification:_identify(src/map_merge) by extension 'ignore_ament_install'
[0.936s] Level 1:colcon.colcon_core.package_identification:_identify(src/map_merge) by extensions ['colcon_pkg']
[0.936s] Level 1:colcon.colcon_core.package_identification:_identify(src/map_merge) by extension 'colcon_pkg'
[0.937s] Level 1:colcon.colcon_core.package_identification:_identify(src/map_merge) by extensions ['colcon_meta']
[0.937s] Level 1:colcon.colcon_core.package_identification:_identify(src/map_merge) by extension 'colcon_meta'
[0.937s] Level 1:colcon.colcon_core.package_identification:_identify(src/map_merge) by extensions ['ros']
[0.937s] Level 1:colcon.colcon_core.package_identification:_identify(src/map_merge) by extension 'ros'
[0.941s] DEBUG:colcon.colcon_core.package_identification:Package 'src/map_merge' with type 'ros.ament_cmake' and name 'multirobot_map_merge'
[0.941s] Level 1:colcon.colcon_core.package_discovery:discover_packages(recursive) using defaults
[0.941s] Level 1:colcon.colcon_core.package_discovery:discover_packages(ignore) discover
[0.941s] Level 1:colcon.colcon_core.package_discovery:discover_packages(ignore) using defaults
[0.941s] Level 1:colcon.colcon_core.package_discovery:discover_packages(path) discover
[0.941s] Level 1:colcon.colcon_core.package_discovery:discover_packages(path) using defaults
[1.012s] Level 1:colcon.colcon_core.package_discovery:discover_packages(prefix_path) check parameters
[1.013s] Level 1:colcon.colcon_core.package_discovery:discover_packages(prefix_path) discover
[1.022s] DEBUG:colcon.colcon_installed_package_information.package_discovery:Found 3 installed packages in /home/zerohzzzz/Documents/RobotNav2/install
[1.028s] DEBUG:colcon.colcon_installed_package_information.package_discovery:Found 260 installed packages in /opt/ros/humble
[1.032s] Level 1:colcon.colcon_core.package_discovery:discover_packages(prefix_path) using defaults
[1.249s] Level 5:colcon.colcon_core.verb:set package 'explore_lite' build argument 'cmake_args' from command line to 'None'
[1.249s] Level 5:colcon.colcon_core.verb:set package 'explore_lite' build argument 'cmake_target' from command line to 'None'
[1.250s] Level 5:colcon.colcon_core.verb:set package 'explore_lite' build argument 'cmake_target_skip_unavailable' from command line to 'False'
[1.250s] Level 5:colcon.colcon_core.verb:set package 'explore_lite' build argument 'cmake_clean_cache' from command line to 'False'
[1.250s] Level 5:colcon.colcon_core.verb:set package 'explore_lite' build argument 'cmake_clean_first' from command line to 'False'
[1.250s] Level 5:colcon.colcon_core.verb:set package 'explore_lite' build argument 'cmake_force_configure' from command line to 'False'
[1.250s] Level 5:colcon.colcon_core.verb:set package 'explore_lite' build argument 'ament_cmake_args' from command line to 'None'
[1.250s] Level 5:colcon.colcon_core.verb:set package 'explore_lite' build argument 'catkin_cmake_args' from command line to 'None'
[1.250s] Level 5:colcon.colcon_core.verb:set package 'explore_lite' build argument 'catkin_skip_building_tests' from command line to 'False'
[1.250s] DEBUG:colcon.colcon_core.verb:Building package 'explore_lite' with the following arguments: {'ament_cmake_args': None, 'build_base': '/home/zerohzzzz/Documents/RobotNav2/build/explore_lite', 'catkin_cmake_args': None, 'catkin_skip_building_tests': False, 'cmake_args': None, 'cmake_clean_cache': False, 'cmake_clean_first': False, 'cmake_force_configure': False, 'cmake_target': None, 'cmake_target_skip_unavailable': False, 'install_base': '/home/zerohzzzz/Documents/RobotNav2/install/explore_lite', 'merge_install': False, 'path': '/home/zerohzzzz/Documents/RobotNav2/src/explore', 'symlink_install': False, 'test_result_base': None}
[1.252s] Level 5:colcon.colcon_core.verb:set package 'map_build' build argument 'cmake_args' from command line to 'None'
[1.252s] Level 5:colcon.colcon_core.verb:set package 'map_build' build argument 'cmake_target' from command line to 'None'
[1.252s] Level 5:colcon.colcon_core.verb:set package 'map_build' build argument 'cmake_target_skip_unavailable' from command line to 'False'
[1.252s] Level 5:colcon.colcon_core.verb:set package 'map_build' build argument 'cmake_clean_cache' from command line to 'False'
[1.253s] Level 5:colcon.colcon_core.verb:set package 'map_build' build argument 'cmake_clean_first' from command line to 'False'
[1.253s] Level 5:colcon.colcon_core.verb:set package 'map_build' build argument 'cmake_force_configure' from command line to 'False'
[1.253s] Level 5:colcon.colcon_core.verb:set package 'map_build' build argument 'ament_cmake_args' from command line to 'None'
[1.253s] Level 5:colcon.colcon_core.verb:set package 'map_build' build argument 'catkin_cmake_args' from command line to 'None'
[1.253s] Level 5:colcon.colcon_core.verb:set package 'map_build' build argument 'catkin_skip_building_tests' from command line to 'False'
[1.253s] DEBUG:colcon.colcon_core.verb:Building package 'map_build' with the following arguments: {'ament_cmake_args': None, 'build_base': '/home/zerohzzzz/Documents/RobotNav2/build/map_build', 'catkin_cmake_args': None, 'catkin_skip_building_tests': False, 'cmake_args': None, 'cmake_clean_cache': False, 'cmake_clean_first': False, 'cmake_force_configure': False, 'cmake_target': None, 'cmake_target_skip_unavailable': False, 'install_base': '/home/zerohzzzz/Documents/RobotNav2/install/map_build', 'merge_install': False, 'path': '/home/zerohzzzz/Documents/RobotNav2/src/map_build', 'symlink_install': False, 'test_result_base': None}
[1.254s] Level 5:colcon.colcon_core.verb:set package 'multirobot_map_merge' build argument 'cmake_args' from command line to 'None'
[1.254s] Level 5:colcon.colcon_core.verb:set package 'multirobot_map_merge' build argument 'cmake_target' from command line to 'None'
[1.255s] Level 5:colcon.colcon_core.verb:set package 'multirobot_map_merge' build argument 'cmake_target_skip_unavailable' from command line to 'False'
[1.255s] Level 5:colcon.colcon_core.verb:set package 'multirobot_map_merge' build argument 'cmake_clean_cache' from command line to 'False'
[1.255s] Level 5:colcon.colcon_core.verb:set package 'multirobot_map_merge' build argument 'cmake_clean_first' from command line to 'False'
[1.255s] Level 5:colcon.colcon_core.verb:set package 'multirobot_map_merge' build argument 'cmake_force_configure' from command line to 'False'
[1.255s] Level 5:colcon.colcon_core.verb:set package 'multirobot_map_merge' build argument 'ament_cmake_args' from command line to 'None'
[1.255s] Level 5:colcon.colcon_core.verb:set package 'multirobot_map_merge' build argument 'catkin_cmake_args' from command line to 'None'
[1.255s] Level 5:colcon.colcon_core.verb:set package 'multirobot_map_merge' build argument 'catkin_skip_building_tests' from command line to 'False'
[1.255s] DEBUG:colcon.colcon_core.verb:Building package 'multirobot_map_merge' with the following arguments: {'ament_cmake_args': None, 'build_base': '/home/zerohzzzz/Documents/RobotNav2/build/multirobot_map_merge', 'catkin_cmake_args': None, 'catkin_skip_building_tests': False, 'cmake_args': None, 'cmake_clean_cache': False, 'cmake_clean_first': False, 'cmake_force_configure': False, 'cmake_target': None, 'cmake_target_skip_unavailable': False, 'install_base': '/home/zerohzzzz/Documents/RobotNav2/install/multirobot_map_merge', 'merge_install': False, 'path': '/home/zerohzzzz/Documents/RobotNav2/src/map_merge', 'symlink_install': False, 'test_result_base': None}
[1.256s] INFO:colcon.colcon_core.executor:Executing jobs using 'parallel' executor
[1.261s] DEBUG:colcon.colcon_parallel_executor.executor.parallel:run_until_complete
[1.263s] INFO:colcon.colcon_ros.task.ament_cmake.build:Building ROS package in '/home/zerohzzzz/Documents/RobotNav2/src/explore' with build type 'ament_cmake'
[1.263s] INFO:colcon.colcon_cmake.task.cmake.build:Building CMake package in '/home/zerohzzzz/Documents/RobotNav2/src/explore'
[1.282s] INFO:colcon.colcon_core.plugin_system:Skipping extension 'colcon_core.shell.bat': Not used on non-Windows systems
[1.283s] INFO:colcon.colcon_core.shell:Skip shell extension 'powershell' for command environment: Not usable outside of PowerShell
[1.283s] DEBUG:colcon.colcon_core.shell:Skip shell extension 'dsv' for command environment
[1.301s] INFO:colcon.colcon_ros.task.ament_python.build:Building ROS package in '/home/zerohzzzz/Documents/RobotNav2/src/map_build' with build type 'ament_python'
[1.302s] Level 1:colcon.colcon_core.shell:create_environment_hook('map_build', 'ament_prefix_path')
[1.304s] INFO:colcon.colcon_core.shell:Creating environment hook '/home/zerohzzzz/Documents/RobotNav2/install/map_build/share/map_build/hook/ament_prefix_path.ps1'
[1.308s] INFO:colcon.colcon_core.shell:Creating environment descriptor '/home/zerohzzzz/Documents/RobotNav2/install/map_build/share/map_build/hook/ament_prefix_path.dsv'
[1.312s] INFO:colcon.colcon_core.shell:Creating environment hook '/home/zerohzzzz/Documents/RobotNav2/install/map_build/share/map_build/hook/ament_prefix_path.sh'
[1.317s] INFO:colcon.colcon_core.shell:Skip shell extension 'powershell' for command environment: Not usable outside of PowerShell
[1.318s] DEBUG:colcon.colcon_core.shell:Skip shell extension 'dsv' for command environment
[1.332s] INFO:colcon.colcon_ros.task.ament_cmake.build:Building ROS package in '/home/zerohzzzz/Documents/RobotNav2/src/map_merge' with build type 'ament_cmake'
[1.333s] INFO:colcon.colcon_cmake.task.cmake.build:Building CMake package in '/home/zerohzzzz/Documents/RobotNav2/src/map_merge'
[1.334s] INFO:colcon.colcon_core.shell:Skip shell extension 'powershell' for command environment: Not usable outside of PowerShell
[1.335s] DEBUG:colcon.colcon_core.shell:Skip shell extension 'dsv' for command environment
[1.348s] DEBUG:colcon.colcon_core.event_handler.log_command:Invoking command in '/home/zerohzzzz/Documents/RobotNav2/build/explore_lite': CMAKE_PREFIX_PATH=${CMAKE_PREFIX_PATH}:/home/zerohzzzz/Documents/RobotNav2/install/map_build:/opt/ros/humble /usr/bin/cmake --build /home/zerohzzzz/Documents/RobotNav2/build/explore_lite -- -j8 -l8
[2.234s] INFO:colcon.colcon_core.task.python.build:Building Python package in '/home/zerohzzzz/Documents/RobotNav2/src/map_build'
[2.235s] INFO:colcon.colcon_core.shell:Skip shell extension 'powershell' for command environment: Not usable outside of PowerShell
[2.235s] DEBUG:colcon.colcon_core.shell:Skip shell extension 'dsv' for command environment
[2.275s] DEBUG:colcon.colcon_core.event_handler.log_command:Invoking command in '/home/zerohzzzz/Documents/RobotNav2/build/multirobot_map_merge': CMAKE_PREFIX_PATH=${CMAKE_PREFIX_PATH}:/home/zerohzzzz/Documents/RobotNav2/install/map_build:/opt/ros/humble /usr/bin/cmake --build /home/zerohzzzz/Documents/RobotNav2/build/multirobot_map_merge -- -j8 -l8
[2.280s] DEBUG:colcon.colcon_core.event_handler.log_command:Invoked command in '/home/zerohzzzz/Documents/RobotNav2/build/explore_lite' returned '0': CMAKE_PREFIX_PATH=${CMAKE_PREFIX_PATH}:/home/zerohzzzz/Documents/RobotNav2/install/map_build:/opt/ros/humble /usr/bin/cmake --build /home/zerohzzzz/Documents/RobotNav2/build/explore_lite -- -j8 -l8
[2.416s] DEBUG:colcon.colcon_core.event_handler.log_command:Invoking command in '/home/zerohzzzz/Documents/RobotNav2/build/explore_lite': CMAKE_PREFIX_PATH=${CMAKE_PREFIX_PATH}:/home/zerohzzzz/Documents/RobotNav2/install/map_build:/opt/ros/humble /usr/bin/cmake --install /home/zerohzzzz/Documents/RobotNav2/build/explore_lite
[2.443s] Level 1:colcon.colcon_core.environment:create_environment_scripts_only(explore_lite)
[2.446s] DEBUG:colcon.colcon_core.event_handler.log_command:Invoked command in '/home/zerohzzzz/Documents/RobotNav2/build/explore_lite' returned '0': CMAKE_PREFIX_PATH=${CMAKE_PREFIX_PATH}:/home/zerohzzzz/Documents/RobotNav2/install/map_build:/opt/ros/humble /usr/bin/cmake --install /home/zerohzzzz/Documents/RobotNav2/build/explore_lite
[2.461s] Level 1:colcon.colcon_core.environment:checking '/home/zerohzzzz/Documents/RobotNav2/install/explore_lite' for CMake module files
[2.463s] Level 1:colcon.colcon_core.environment:checking '/home/zerohzzzz/Documents/RobotNav2/install/explore_lite' for CMake config files
[2.464s] Level 1:colcon.colcon_core.shell:create_environment_hook('explore_lite', 'cmake_prefix_path')
[2.465s] INFO:colcon.colcon_core.shell:Creating environment hook '/home/zerohzzzz/Documents/RobotNav2/install/explore_lite/share/explore_lite/hook/cmake_prefix_path.ps1'
[2.467s] INFO:colcon.colcon_core.shell:Creating environment descriptor '/home/zerohzzzz/Documents/RobotNav2/install/explore_lite/share/explore_lite/hook/cmake_prefix_path.dsv'
[2.469s] INFO:colcon.colcon_core.shell:Creating environment hook '/home/zerohzzzz/Documents/RobotNav2/install/explore_lite/share/explore_lite/hook/cmake_prefix_path.sh'
[2.473s] Level 1:colcon.colcon_core.environment:checking '/home/zerohzzzz/Documents/RobotNav2/install/explore_lite/lib'
[2.475s] Level 1:colcon.colcon_core.environment:checking '/home/zerohzzzz/Documents/RobotNav2/install/explore_lite/bin'
[2.476s] Level 1:colcon.colcon_core.environment:checking '/home/zerohzzzz/Documents/RobotNav2/install/explore_lite/lib/pkgconfig/explore_lite.pc'
[2.477s] Level 1:colcon.colcon_core.environment:checking '/home/zerohzzzz/Documents/RobotNav2/install/explore_lite/lib/python3.10/site-packages'
[2.479s] Level 1:colcon.colcon_core.environment:checking '/home/zerohzzzz/Documents/RobotNav2/install/explore_lite/bin'
[2.480s] INFO:colcon.colcon_core.shell:Creating package script '/home/zerohzzzz/Documents/RobotNav2/install/explore_lite/share/explore_lite/package.ps1'
[2.486s] INFO:colcon.colcon_core.shell:Creating package descriptor '/home/zerohzzzz/Documents/RobotNav2/install/explore_lite/share/explore_lite/package.dsv'
[2.489s] INFO:colcon.colcon_core.shell:Creating package script '/home/zerohzzzz/Documents/RobotNav2/install/explore_lite/share/explore_lite/package.sh'
[2.495s] INFO:colcon.colcon_core.shell:Creating package script '/home/zerohzzzz/Documents/RobotNav2/install/explore_lite/share/explore_lite/package.bash'
[2.499s] INFO:colcon.colcon_core.shell:Creating package script '/home/zerohzzzz/Documents/RobotNav2/install/explore_lite/share/explore_lite/package.zsh'
[2.502s] Level 1:colcon.colcon_core.environment:create_file_with_runtime_dependencies(/home/zerohzzzz/Documents/RobotNav2/install/explore_lite/share/colcon-core/packages/explore_lite)
[2.660s] Level 1:colcon.colcon_core.environment:create_environment_scripts_only(explore_lite)
[2.661s] Level 1:colcon.colcon_core.environment:checking '/home/zerohzzzz/Documents/RobotNav2/install/explore_lite' for CMake module files
[2.663s] Level 1:colcon.colcon_core.environment:checking '/home/zerohzzzz/Documents/RobotNav2/install/explore_lite' for CMake config files
[2.664s] Level 1:colcon.colcon_core.shell:create_environment_hook('explore_lite', 'cmake_prefix_path')
[2.665s] INFO:colcon.colcon_core.shell:Creating environment hook '/home/zerohzzzz/Documents/RobotNav2/install/explore_lite/share/explore_lite/hook/cmake_prefix_path.ps1'
[2.666s] INFO:colcon.colcon_core.shell:Creating environment descriptor '/home/zerohzzzz/Documents/RobotNav2/install/explore_lite/share/explore_lite/hook/cmake_prefix_path.dsv'
[2.668s] INFO:colcon.colcon_core.shell:Creating environment hook '/home/zerohzzzz/Documents/RobotNav2/install/explore_lite/share/explore_lite/hook/cmake_prefix_path.sh'
[2.670s] Level 1:colcon.colcon_core.environment:checking '/home/zerohzzzz/Documents/RobotNav2/install/explore_lite/lib'
[2.671s] Level 1:colcon.colcon_core.environment:checking '/home/zerohzzzz/Documents/RobotNav2/install/explore_lite/bin'
[2.671s] Level 1:colcon.colcon_core.environment:checking '/home/zerohzzzz/Documents/RobotNav2/install/explore_lite/lib/pkgconfig/explore_lite.pc'
[2.672s] Level 1:colcon.colcon_core.environment:checking '/home/zerohzzzz/Documents/RobotNav2/install/explore_lite/lib/python3.10/site-packages'
[2.674s] Level 1:colcon.colcon_core.environment:checking '/home/zerohzzzz/Documents/RobotNav2/install/explore_lite/bin'
[2.676s] INFO:colcon.colcon_core.shell:Creating package script '/home/zerohzzzz/Documents/RobotNav2/install/explore_lite/share/explore_lite/package.ps1'
[2.680s] INFO:colcon.colcon_core.shell:Creating package descriptor '/home/zerohzzzz/Documents/RobotNav2/install/explore_lite/share/explore_lite/package.dsv'
[2.682s] INFO:colcon.colcon_core.shell:Creating package script '/home/zerohzzzz/Documents/RobotNav2/install/explore_lite/share/explore_lite/package.sh'
[2.683s] INFO:colcon.colcon_core.shell:Creating package script '/home/zerohzzzz/Documents/RobotNav2/install/explore_lite/share/explore_lite/package.bash'
[2.685s] INFO:colcon.colcon_core.shell:Creating package script '/home/zerohzzzz/Documents/RobotNav2/install/explore_lite/share/explore_lite/package.zsh'
[2.687s] Level 1:colcon.colcon_core.environment:create_file_with_runtime_dependencies(/home/zerohzzzz/Documents/RobotNav2/install/explore_lite/share/colcon-core/packages/explore_lite)
[2.759s] DEBUG:colcon.colcon_core.event_handler.log_command:Invoked command in '/home/zerohzzzz/Documents/RobotNav2/build/multirobot_map_merge' returned '0': CMAKE_PREFIX_PATH=${CMAKE_PREFIX_PATH}:/home/zerohzzzz/Documents/RobotNav2/install/map_build:/opt/ros/humble /usr/bin/cmake --build /home/zerohzzzz/Documents/RobotNav2/build/multirobot_map_merge -- -j8 -l8
[2.892s] DEBUG:colcon.colcon_core.event_handler.log_command:Invoking command in '/home/zerohzzzz/Documents/RobotNav2/build/multirobot_map_merge': CMAKE_PREFIX_PATH=${CMAKE_PREFIX_PATH}:/home/zerohzzzz/Documents/RobotNav2/install/map_build:/opt/ros/humble /usr/bin/cmake --install /home/zerohzzzz/Documents/RobotNav2/build/multirobot_map_merge
[2.941s] Level 1:colcon.colcon_core.environment:create_environment_scripts_only(multirobot_map_merge)
[2.943s] Level 1:colcon.colcon_core.environment:checking '/home/zerohzzzz/Documents/RobotNav2/install/multirobot_map_merge' for CMake module files
[2.947s] DEBUG:colcon.colcon_core.event_handler.log_command:Invoked command in '/home/zerohzzzz/Documents/RobotNav2/build/multirobot_map_merge' returned '0': CMAKE_PREFIX_PATH=${CMAKE_PREFIX_PATH}:/home/zerohzzzz/Documents/RobotNav2/install/map_build:/opt/ros/humble /usr/bin/cmake --install /home/zerohzzzz/Documents/RobotNav2/build/multirobot_map_merge
[2.949s] Level 1:colcon.colcon_core.environment:checking '/home/zerohzzzz/Documents/RobotNav2/install/multirobot_map_merge' for CMake config files
[2.950s] Level 1:colcon.colcon_core.shell:create_environment_hook('multirobot_map_merge', 'cmake_prefix_path')
[2.951s] INFO:colcon.colcon_core.shell:Creating environment hook '/home/zerohzzzz/Documents/RobotNav2/install/multirobot_map_merge/share/multirobot_map_merge/hook/cmake_prefix_path.ps1'
[2.954s] INFO:colcon.colcon_core.shell:Creating environment descriptor '/home/zerohzzzz/Documents/RobotNav2/install/multirobot_map_merge/share/multirobot_map_merge/hook/cmake_prefix_path.dsv'
[2.956s] INFO:colcon.colcon_core.shell:Creating environment hook '/home/zerohzzzz/Documents/RobotNav2/install/multirobot_map_merge/share/multirobot_map_merge/hook/cmake_prefix_path.sh'
[2.960s] Level 1:colcon.colcon_core.environment:checking '/home/zerohzzzz/Documents/RobotNav2/install/multirobot_map_merge/lib'
[2.961s] Level 1:colcon.colcon_core.environment:checking '/home/zerohzzzz/Documents/RobotNav2/install/multirobot_map_merge/bin'
[2.962s] Level 1:colcon.colcon_core.environment:checking '/home/zerohzzzz/Documents/RobotNav2/install/multirobot_map_merge/lib/pkgconfig/multirobot_map_merge.pc'
[2.962s] Level 1:colcon.colcon_core.environment:checking '/home/zerohzzzz/Documents/RobotNav2/install/multirobot_map_merge/lib/python3.10/site-packages'
[2.963s] Level 1:colcon.colcon_core.environment:checking '/home/zerohzzzz/Documents/RobotNav2/install/multirobot_map_merge/bin'
[2.965s] INFO:colcon.colcon_core.shell:Creating package script '/home/zerohzzzz/Documents/RobotNav2/install/multirobot_map_merge/share/multirobot_map_merge/package.ps1'
[2.967s] INFO:colcon.colcon_core.shell:Creating package descriptor '/home/zerohzzzz/Documents/RobotNav2/install/multirobot_map_merge/share/multirobot_map_merge/package.dsv'
[2.970s] INFO:colcon.colcon_core.shell:Creating package script '/home/zerohzzzz/Documents/RobotNav2/install/multirobot_map_merge/share/multirobot_map_merge/package.sh'
[2.972s] INFO:colcon.colcon_core.shell:Creating package script '/home/zerohzzzz/Documents/RobotNav2/install/multirobot_map_merge/share/multirobot_map_merge/package.bash'
[2.975s] INFO:colcon.colcon_core.shell:Creating package script '/home/zerohzzzz/Documents/RobotNav2/install/multirobot_map_merge/share/multirobot_map_merge/package.zsh'
[2.978s] Level 1:colcon.colcon_core.environment:create_file_with_runtime_dependencies(/home/zerohzzzz/Documents/RobotNav2/install/multirobot_map_merge/share/colcon-core/packages/multirobot_map_merge)
[3.143s] Level 1:colcon.colcon_core.environment:create_environment_scripts_only(multirobot_map_merge)
[3.145s] Level 1:colcon.colcon_core.environment:checking '/home/zerohzzzz/Documents/RobotNav2/install/multirobot_map_merge' for CMake module files
[3.148s] Level 1:colcon.colcon_core.environment:checking '/home/zerohzzzz/Documents/RobotNav2/install/multirobot_map_merge' for CMake config files
[3.149s] Level 1:colcon.colcon_core.shell:create_environment_hook('multirobot_map_merge', 'cmake_prefix_path')
[3.149s] INFO:colcon.colcon_core.shell:Creating environment hook '/home/zerohzzzz/Documents/RobotNav2/install/multirobot_map_merge/share/multirobot_map_merge/hook/cmake_prefix_path.ps1'
[3.150s] INFO:colcon.colcon_core.shell:Creating environment descriptor '/home/zerohzzzz/Documents/RobotNav2/install/multirobot_map_merge/share/multirobot_map_merge/hook/cmake_prefix_path.dsv'
[3.150s] INFO:colcon.colcon_core.shell:Creating environment hook '/home/zerohzzzz/Documents/RobotNav2/install/multirobot_map_merge/share/multirobot_map_merge/hook/cmake_prefix_path.sh'
[3.151s] Level 1:colcon.colcon_core.environment:checking '/home/zerohzzzz/Documents/RobotNav2/install/multirobot_map_merge/lib'
[3.152s] Level 1:colcon.colcon_core.environment:checking '/home/zerohzzzz/Documents/RobotNav2/install/multirobot_map_merge/bin'
[3.152s] Level 1:colcon.colcon_core.environment:checking '/home/zerohzzzz/Documents/RobotNav2/install/multirobot_map_merge/lib/pkgconfig/multirobot_map_merge.pc'
[3.152s] Level 1:colcon.colcon_core.environment:checking '/home/zerohzzzz/Documents/RobotNav2/install/multirobot_map_merge/lib/python3.10/site-packages'
[3.153s] Level 1:colcon.colcon_core.environment:checking '/home/zerohzzzz/Documents/RobotNav2/install/multirobot_map_merge/bin'
[3.153s] INFO:colcon.colcon_core.shell:Creating package script '/home/zerohzzzz/Documents/RobotNav2/install/multirobot_map_merge/share/multirobot_map_merge/package.ps1'
[3.154s] INFO:colcon.colcon_core.shell:Creating package descriptor '/home/zerohzzzz/Documents/RobotNav2/install/multirobot_map_merge/share/multirobot_map_merge/package.dsv'
[3.155s] INFO:colcon.colcon_core.shell:Creating package script '/home/zerohzzzz/Documents/RobotNav2/install/multirobot_map_merge/share/multirobot_map_merge/package.sh'
[3.157s] INFO:colcon.colcon_core.shell:Creating package script '/home/zerohzzzz/Documents/RobotNav2/install/multirobot_map_merge/share/multirobot_map_merge/package.bash'
[3.159s] INFO:colcon.colcon_core.shell:Creating package script '/home/zerohzzzz/Documents/RobotNav2/install/multirobot_map_merge/share/multirobot_map_merge/package.zsh'
[3.161s] Level 1:colcon.colcon_core.environment:create_file_with_runtime_dependencies(/home/zerohzzzz/Documents/RobotNav2/install/multirobot_map_merge/share/colcon-core/packages/multirobot_map_merge)
[3.591s] DEBUG:colcon.colcon_core.event_handler.log_command:Invoking command in '/home/zerohzzzz/Documents/RobotNav2/src/map_build': PYTHONPATH=/home/zerohzzzz/Documents/RobotNav2/build/map_build/prefix_override:/usr/lib/python3/dist-packages/colcon_core/task/python/colcon_distutils_commands:/home/zerohzzzz/Documents/RobotNav2/install/map_build/lib/python3.10/site-packages:${PYTHONPATH} /usr/bin/python3 -W ignore:setup.py install is deprecated setup.py egg_info --egg-base ../../build/map_build build --build-base /home/zerohzzzz/Documents/RobotNav2/build/map_build/build install --record /home/zerohzzzz/Documents/RobotNav2/build/map_build/install.log --single-version-externally-managed install_data
[4.510s] Level 1:colcon.colcon_core.environment:checking '/home/zerohzzzz/Documents/RobotNav2/install/map_build' for CMake module files
[4.513s] DEBUG:colcon.colcon_core.event_handler.log_command:Invoked command in '/home/zerohzzzz/Documents/RobotNav2/src/map_build' returned '0': PYTHONPATH=/home/zerohzzzz/Documents/RobotNav2/build/map_build/prefix_override:/usr/lib/python3/dist-packages/colcon_core/task/python/colcon_distutils_commands:/home/zerohzzzz/Documents/RobotNav2/install/map_build/lib/python3.10/site-packages:${PYTHONPATH} /usr/bin/python3 -W ignore:setup.py install is deprecated setup.py egg_info --egg-base ../../build/map_build build --build-base /home/zerohzzzz/Documents/RobotNav2/build/map_build/build install --record /home/zerohzzzz/Documents/RobotNav2/build/map_build/install.log --single-version-externally-managed install_data
[4.514s] Level 1:colcon.colcon_core.environment:checking '/home/zerohzzzz/Documents/RobotNav2/install/map_build' for CMake config files
[4.516s] Level 1:colcon.colcon_core.environment:checking '/home/zerohzzzz/Documents/RobotNav2/install/map_build/lib'
[4.517s] Level 1:colcon.colcon_core.environment:checking '/home/zerohzzzz/Documents/RobotNav2/install/map_build/bin'
[4.517s] Level 1:colcon.colcon_core.environment:checking '/home/zerohzzzz/Documents/RobotNav2/install/map_build/lib/pkgconfig/map_build.pc'
[4.518s] Level 1:colcon.colcon_core.environment:checking '/home/zerohzzzz/Documents/RobotNav2/install/map_build/lib/python3.10/site-packages'
[4.518s] Level 1:colcon.colcon_core.shell:create_environment_hook('map_build', 'pythonpath')
[4.519s] INFO:colcon.colcon_core.shell:Creating environment hook '/home/zerohzzzz/Documents/RobotNav2/install/map_build/share/map_build/hook/pythonpath.ps1'
[4.520s] INFO:colcon.colcon_core.shell:Creating environment descriptor '/home/zerohzzzz/Documents/RobotNav2/install/map_build/share/map_build/hook/pythonpath.dsv'
[4.522s] INFO:colcon.colcon_core.shell:Creating environment hook '/home/zerohzzzz/Documents/RobotNav2/install/map_build/share/map_build/hook/pythonpath.sh'
[4.525s] Level 1:colcon.colcon_core.environment:checking '/home/zerohzzzz/Documents/RobotNav2/install/map_build/bin'
[4.526s] Level 1:colcon.colcon_core.environment:create_environment_scripts_only(map_build)
[4.529s] INFO:colcon.colcon_core.shell:Creating package script '/home/zerohzzzz/Documents/RobotNav2/install/map_build/share/map_build/package.ps1'
[4.531s] INFO:colcon.colcon_core.shell:Creating package descriptor '/home/zerohzzzz/Documents/RobotNav2/install/map_build/share/map_build/package.dsv'
[4.532s] INFO:colcon.colcon_core.shell:Creating package script '/home/zerohzzzz/Documents/RobotNav2/install/map_build/share/map_build/package.sh'
[4.533s] INFO:colcon.colcon_core.shell:Creating package script '/home/zerohzzzz/Documents/RobotNav2/install/map_build/share/map_build/package.bash'
[4.534s] INFO:colcon.colcon_core.shell:Creating package script '/home/zerohzzzz/Documents/RobotNav2/install/map_build/share/map_build/package.zsh'
[4.535s] Level 1:colcon.colcon_core.environment:create_file_with_runtime_dependencies(/home/zerohzzzz/Documents/RobotNav2/install/map_build/share/colcon-core/packages/map_build)
[4.536s] DEBUG:colcon.colcon_parallel_executor.executor.parallel:closing loop
[4.538s] DEBUG:colcon.colcon_parallel_executor.executor.parallel:loop closed
[4.538s] DEBUG:colcon.colcon_parallel_executor.executor.parallel:run_until_complete finished with '0'
[4.538s] DEBUG:colcon.colcon_core.event_reactor:joining thread
[4.569s] INFO:colcon.colcon_core.plugin_system:Skipping extension 'colcon_notification.desktop_notification.notify_send': Could not find 'notify-send'
[4.569s] INFO:colcon.colcon_core.plugin_system:Skipping extension 'colcon_notification.desktop_notification.terminal_notifier': Not used on non-Darwin systems
[4.569s] INFO:colcon.colcon_core.plugin_system:Skipping extension 'colcon_notification.desktop_notification.win32': Not used on non-Windows systems
[4.570s] INFO:colcon.colcon_notification.desktop_notification:Sending desktop notification using 'notify2'
[4.589s] DEBUG:colcon.colcon_core.event_reactor:joined thread
[4.590s] INFO:colcon.colcon_core.shell:Creating prefix script '/home/zerohzzzz/Documents/RobotNav2/install/local_setup.ps1'
[4.595s] INFO:colcon.colcon_core.shell:Creating prefix util module '/home/zerohzzzz/Documents/RobotNav2/install/_local_setup_util_ps1.py'
[4.600s] INFO:colcon.colcon_core.shell:Creating prefix chain script '/home/zerohzzzz/Documents/RobotNav2/install/setup.ps1'
[4.606s] INFO:colcon.colcon_core.shell:Creating prefix script '/home/zerohzzzz/Documents/RobotNav2/install/local_setup.sh'
[4.607s] INFO:colcon.colcon_core.shell:Creating prefix util module '/home/zerohzzzz/Documents/RobotNav2/install/_local_setup_util_sh.py'
[4.608s] INFO:colcon.colcon_core.shell:Creating prefix chain script '/home/zerohzzzz/Documents/RobotNav2/install/setup.sh'
[4.613s] INFO:colcon.colcon_core.shell:Creating prefix script '/home/zerohzzzz/Documents/RobotNav2/install/local_setup.bash'
[4.617s] INFO:colcon.colcon_core.shell:Creating prefix chain script '/home/zerohzzzz/Documents/RobotNav2/install/setup.bash'
[4.622s] INFO:colcon.colcon_core.shell:Creating prefix script '/home/zerohzzzz/Documents/RobotNav2/install/local_setup.zsh'
[4.626s] INFO:colcon.colcon_core.shell:Creating prefix chain script '/home/zerohzzzz/Documents/RobotNav2/install/setup.zsh'
