[0.237s] Invoking command in '/mnt/c/Users/ZeroHzzzz/Desktop/robot/build/csm': CMAKE_PREFIX_PATH=${CMAKE_PREFIX_PATH}:/mnt/c/Users/ZeroHzzzz/Desktop/robot/install/nav:/opt/ros/humble /usr/bin/cmake --build /mnt/c/Users/ZeroHzzzz/Desktop/robot/build/csm -- -j32 -l32
[2.383s] [100%] Built target csm
[2.685s] Invoked command in '/mnt/c/Users/ZeroHzzzz/Desktop/robot/build/csm' returned '0': CMAKE_PREFIX_PATH=${CMAKE_PREFIX_PATH}:/mnt/c/Users/ZeroHzzzz/Desktop/robot/install/nav:/opt/ros/humble /usr/bin/cmake --build /mnt/c/Users/ZeroHzzzz/Desktop/robot/build/csm -- -j32 -l32
[6.826s] Invoking command in '/mnt/c/Users/ZeroHzzzz/Desktop/robot/build/csm': CMAKE_PREFIX_PATH=${CMAKE_PREFIX_PATH}:/mnt/c/Users/ZeroHzzzz/Desktop/robot/install/nav:/opt/ros/humble /usr/bin/cmake --install /mnt/c/Users/ZeroHzzzz/Desktop/robot/build/csm
[7.024s] -- Install configuration: ""
[7.115s] -- Up-to-date: /mnt/c/Users/ZeroHzzzz/Desktop/robot/install/csm/lib/libcsm.so
[7.143s] -- Up-to-date: /mnt/c/Users/ZeroHzzzz/Desktop/robot/install/csm/include/..//include
[7.179s] -- Up-to-date: /mnt/c/Users/ZeroHzzzz/Desktop/robot/install/csm/include/..//include/csm
[7.229s] -- Up-to-date: /mnt/c/Users/ZeroHzzzz/Desktop/robot/install/csm/include/..//include/csm/algos.h
[7.271s] -- Up-to-date: /mnt/c/Users/ZeroHzzzz/Desktop/robot/install/csm/include/..//include/csm/csm.h
[7.314s] -- Up-to-date: /mnt/c/Users/ZeroHzzzz/Desktop/robot/install/csm/include/..//include/csm/laser_data.h
[7.382s] -- Up-to-date: /mnt/c/Users/ZeroHzzzz/Desktop/robot/install/csm/include/..//include/csm/laser_data_inline.h
[7.500s] -- Up-to-date: /mnt/c/Users/ZeroHzzzz/Desktop/robot/install/csm/include/..//include/csm/restrict.h
[7.525s] -- Up-to-date: /mnt/c/Users/ZeroHzzzz/Desktop/robot/install/csm/include/..//include/gsl_eigen
[7.582s] -- Up-to-date: /mnt/c/Users/ZeroHzzzz/Desktop/robot/install/csm/include/..//include/gsl_eigen/gsl_eigen.h
[7.610s] -- Up-to-date: /mnt/c/Users/ZeroHzzzz/Desktop/robot/install/csm/share/csm/resource
[7.659s] -- Up-to-date: /mnt/c/Users/ZeroHzzzz/Desktop/robot/install/csm/share/csm/resource/csm
[7.693s] -- Up-to-date: /mnt/c/Users/ZeroHzzzz/Desktop/robot/install/csm/include/../gsl_eigen
[7.730s] -- Up-to-date: /mnt/c/Users/ZeroHzzzz/Desktop/robot/install/csm/include/../gsl_eigen/gsl_eigen.h
[7.753s] -- Up-to-date: /mnt/c/Users/ZeroHzzzz/Desktop/robot/install/csm/share/csm/environment/library_path.sh
[7.782s] -- Up-to-date: /mnt/c/Users/ZeroHzzzz/Desktop/robot/install/csm/share/csm/environment/library_path.dsv
[7.822s] -- Up-to-date: /mnt/c/Users/ZeroHzzzz/Desktop/robot/install/csm/share/ament_index/resource_index/package_run_dependencies/csm
[7.867s] -- Up-to-date: /mnt/c/Users/ZeroHzzzz/Desktop/robot/install/csm/share/ament_index/resource_index/parent_prefix_path/csm
[7.898s] -- Up-to-date: /mnt/c/Users/ZeroHzzzz/Desktop/robot/install/csm/share/csm/environment/ament_prefix_path.sh
[7.934s] -- Up-to-date: /mnt/c/Users/ZeroHzzzz/Desktop/robot/install/csm/share/csm/environment/ament_prefix_path.dsv
[7.966s] -- Up-to-date: /mnt/c/Users/ZeroHzzzz/Desktop/robot/install/csm/share/csm/environment/path.sh
[8.022s] -- Up-to-date: /mnt/c/Users/ZeroHzzzz/Desktop/robot/install/csm/share/csm/environment/path.dsv
[8.058s] -- Up-to-date: /mnt/c/Users/ZeroHzzzz/Desktop/robot/install/csm/share/csm/local_setup.bash
[8.093s] -- Up-to-date: /mnt/c/Users/ZeroHzzzz/Desktop/robot/install/csm/share/csm/local_setup.sh
[8.161s] -- Up-to-date: /mnt/c/Users/ZeroHzzzz/Desktop/robot/install/csm/share/csm/local_setup.zsh
[8.206s] -- Up-to-date: /mnt/c/Users/ZeroHzzzz/Desktop/robot/install/csm/share/csm/local_setup.dsv
[8.251s] -- Installing: /mnt/c/Users/ZeroHzzzz/Desktop/robot/install/csm/share/csm/package.dsv
[8.374s] -- Up-to-date: /mnt/c/Users/ZeroHzzzz/Desktop/robot/install/csm/share/ament_index/resource_index/packages/csm
[8.424s] -- Up-to-date: /mnt/c/Users/ZeroHzzzz/Desktop/robot/install/csm/share/csm/cmake/ament_cmake_export_dependencies-extras.cmake
[8.457s] -- Up-to-date: /mnt/c/Users/ZeroHzzzz/Desktop/robot/install/csm/share/csm/cmake/ament_cmake_export_include_directories-extras.cmake
[8.492s] -- Up-to-date: /mnt/c/Users/ZeroHzzzz/Desktop/robot/install/csm/share/csm/cmake/ament_cmake_export_libraries-extras.cmake
[8.558s] -- Up-to-date: /mnt/c/Users/ZeroHzzzz/Desktop/robot/install/csm/share/csm/cmake/csmConfig.cmake
[8.585s] -- Up-to-date: /mnt/c/Users/ZeroHzzzz/Desktop/robot/install/csm/share/csm/cmake/csmConfig-version.cmake
[8.633s] -- Up-to-date: /mnt/c/Users/ZeroHzzzz/Desktop/robot/install/csm/share/csm/package.xml
[8.657s] Invoked command in '/mnt/c/Users/ZeroHzzzz/Desktop/robot/build/csm' returned '0': CMAKE_PREFIX_PATH=${CMAKE_PREFIX_PATH}:/mnt/c/Users/ZeroHzzzz/Desktop/robot/install/nav:/opt/ros/humble /usr/bin/cmake --install /mnt/c/Users/ZeroHzzzz/Desktop/robot/build/csm
