/home/zerohzzzz/Documents/RobotNav2/install/map_build/lib/python3.10/site-packages/map_build/__init__.py
/home/zerohzzzz/Documents/RobotNav2/install/map_build/lib/python3.10/site-packages/map_build/__pycache__/__init__.cpython-310.pyc
/home/zerohzzzz/Documents/RobotNav2/install/map_build/share/ament_index/resource_index/packages/map_build
/home/zerohzzzz/Documents/RobotNav2/install/map_build/share/map_build/package.xml
/home/zerohzzzz/Documents/RobotNav2/install/map_build/share/map_build/launch/all_launch.py
/home/zerohzzzz/Documents/RobotNav2/install/map_build/share/map_build/launch/slam_launch.py
/home/zerohzzzz/Documents/RobotNav2/install/map_build/share/map_build/launch/map_launch.py
/home/zerohzzzz/Documents/RobotNav2/install/map_build/share/map_build/launch/gazebo_launch.py
/home/zerohzzzz/Documents/RobotNav2/install/map_build/share/map_build/launch/save_launch.py
/home/zerohzzzz/Documents/RobotNav2/install/map_build/share/map_build/config
/home/zerohzzzz/Documents/RobotNav2/install/map_build/share/map_build/map
/home/zerohzzzz/Documents/RobotNav2/install/map_build/share/map_build/urdf/fishbot_base.urdf
/home/zerohzzzz/Documents/RobotNav2/install/map_build/share/map_build/worlds/map1.world
/home/zerohzzzz/Documents/RobotNav2/install/map_build/lib/python3.10/site-packages/map_build-0.0.0-py3.10.egg-info/requires.txt
/home/zerohzzzz/Documents/RobotNav2/install/map_build/lib/python3.10/site-packages/map_build-0.0.0-py3.10.egg-info/zip-safe
/home/zerohzzzz/Documents/RobotNav2/install/map_build/lib/python3.10/site-packages/map_build-0.0.0-py3.10.egg-info/top_level.txt
/home/zerohzzzz/Documents/RobotNav2/install/map_build/lib/python3.10/site-packages/map_build-0.0.0-py3.10.egg-info/entry_points.txt
/home/zerohzzzz/Documents/RobotNav2/install/map_build/lib/python3.10/site-packages/map_build-0.0.0-py3.10.egg-info/SOURCES.txt
/home/zerohzzzz/Documents/RobotNav2/install/map_build/lib/python3.10/site-packages/map_build-0.0.0-py3.10.egg-info/PKG-INFO
/home/zerohzzzz/Documents/RobotNav2/install/map_build/lib/python3.10/site-packages/map_build-0.0.0-py3.10.egg-info/dependency_links.txt
