[2.289s] Invoking command in '/home/zerohzzzz/Documents/RobotNav2/src/map_build': PYTHONPATH=/home/zerohzzzz/Documents/RobotNav2/build/map_build/prefix_override:/usr/lib/python3/dist-packages/colcon_core/task/python/colcon_distutils_commands:/home/zerohzzzz/Documents/RobotNav2/install/map_build/lib/python3.10/site-packages:${PYTHONPATH} /usr/bin/python3 -W ignore:setup.py install is deprecated setup.py egg_info --egg-base ../../build/map_build build --build-base /home/zerohzzzz/Documents/RobotNav2/build/map_build/build install --record /home/zerohzzzz/Documents/RobotNav2/build/map_build/install.log --single-version-externally-managed install_data
[3.012s] running egg_info
[3.014s] writing ../../build/map_build/map_build.egg-info/PKG-INFO
[3.014s] writing dependency_links to ../../build/map_build/map_build.egg-info/dependency_links.txt
[3.015s] writing entry points to ../../build/map_build/map_build.egg-info/entry_points.txt
[3.015s] writing requirements to ../../build/map_build/map_build.egg-info/requires.txt
[3.016s] writing top-level names to ../../build/map_build/map_build.egg-info/top_level.txt
[3.022s] reading manifest file '../../build/map_build/map_build.egg-info/SOURCES.txt'
[3.028s] writing manifest file '../../build/map_build/map_build.egg-info/SOURCES.txt'
[3.029s] running build
[3.029s] running build_py
[3.032s] running install
[3.034s] running install_lib
[3.039s] running install_data
[3.040s] copying launch/gazebo_launch.py -> /home/zerohzzzz/Documents/RobotNav2/install/map_build/share/map_build/launch
[3.041s] copying launch/nav.launch.py -> /home/zerohzzzz/Documents/RobotNav2/install/map_build/share/map_build/launch
[3.042s] copying config/nav.yaml -> /home/zerohzzzz/Documents/RobotNav2/install/map_build/share/map_build/config
[3.042s] running install_egg_info
[3.047s] removing '/home/zerohzzzz/Documents/RobotNav2/install/map_build/lib/python3.10/site-packages/map_build-0.0.0-py3.10.egg-info' (and everything under it)
[3.048s] Copying ../../build/map_build/map_build.egg-info to /home/zerohzzzz/Documents/RobotNav2/install/map_build/lib/python3.10/site-packages/map_build-0.0.0-py3.10.egg-info
[3.050s] running install_scripts
[3.097s] writing list of installed files to '/home/zerohzzzz/Documents/RobotNav2/build/map_build/install.log'
[3.211s] Invoked command in '/home/zerohzzzz/Documents/RobotNav2/src/map_build' returned '0': PYTHONPATH=/home/zerohzzzz/Documents/RobotNav2/build/map_build/prefix_override:/usr/lib/python3/dist-packages/colcon_core/task/python/colcon_distutils_commands:/home/zerohzzzz/Documents/RobotNav2/install/map_build/lib/python3.10/site-packages:${PYTHONPATH} /usr/bin/python3 -W ignore:setup.py install is deprecated setup.py egg_info --egg-base ../../build/map_build build --build-base /home/zerohzzzz/Documents/RobotNav2/build/map_build/build install --record /home/zerohzzzz/Documents/RobotNav2/build/map_build/install.log --single-version-externally-managed install_data
