[35m[1mConsolidate compiler generated dependencies of target gtest_main[0m
[35m[1mConsolidate compiler generated dependencies of target gtest[0m
[35m[1mConsolidate compiler generated dependencies of target explore[0m
[ 20%] Built target gtest_main
[ 40%] Built target gtest
[35m[1mConsolidate compiler generated dependencies of target test_explore[0m
[ 60%] Built target test_explore
[100%] Built target explore
-- Install configuration: ""
-- Installing: /home/zerohzzzz/Documents/RobotNav2/install/explore_lite/include/explore/
-- Installing: /home/zerohzzzz/Documents/RobotNav2/install/explore_lite/include/explore//costmap_tools.h
-- Installing: /home/zerohzzzz/Documents/RobotNav2/install/explore_lite/include/explore//costmap_client.h
-- Installing: /home/zerohzzzz/Documents/RobotNav2/install/explore_lite/include/explore//explore.h
-- Installing: /home/zerohzzzz/Documents/RobotNav2/install/explore_lite/include/explore//frontier_search.h
-- Installing: /home/zerohzzzz/Documents/RobotNav2/install/explore_lite/share/explore_lite/config
-- Installing: /home/zerohzzzz/Documents/RobotNav2/install/explore_lite/share/explore_lite/config/params.yaml
-- Installing: /home/zerohzzzz/Documents/RobotNav2/install/explore_lite/share/explore_lite/config/params_costmap.yaml
-- Installing: /home/zerohzzzz/Documents/RobotNav2/install/explore_lite/share/explore_lite/launch
-- Installing: /home/zerohzzzz/Documents/RobotNav2/install/explore_lite/share/explore_lite/launch/explore.launch.py
-- Installing: /home/zerohzzzz/Documents/RobotNav2/install/explore_lite/lib/explore_lite/explore
-- Set runtime path of "/home/zerohzzzz/Documents/RobotNav2/install/explore_lite/lib/explore_lite/explore" to ""
-- Installing: /home/zerohzzzz/Documents/RobotNav2/install/explore_lite/share/ament_index/resource_index/package_run_dependencies/explore_lite
-- Installing: /home/zerohzzzz/Documents/RobotNav2/install/explore_lite/share/ament_index/resource_index/parent_prefix_path/explore_lite
-- Installing: /home/zerohzzzz/Documents/RobotNav2/install/explore_lite/share/explore_lite/environment/ament_prefix_path.sh
-- Installing: /home/zerohzzzz/Documents/RobotNav2/install/explore_lite/share/explore_lite/environment/ament_prefix_path.dsv
-- Installing: /home/zerohzzzz/Documents/RobotNav2/install/explore_lite/share/explore_lite/environment/path.sh
-- Installing: /home/zerohzzzz/Documents/RobotNav2/install/explore_lite/share/explore_lite/environment/path.dsv
-- Installing: /home/zerohzzzz/Documents/RobotNav2/install/explore_lite/share/explore_lite/local_setup.bash
-- Installing: /home/zerohzzzz/Documents/RobotNav2/install/explore_lite/share/explore_lite/local_setup.sh
-- Installing: /home/zerohzzzz/Documents/RobotNav2/install/explore_lite/share/explore_lite/local_setup.zsh
-- Installing: /home/zerohzzzz/Documents/RobotNav2/install/explore_lite/share/explore_lite/local_setup.dsv
-- Installing: /home/zerohzzzz/Documents/RobotNav2/install/explore_lite/share/explore_lite/package.dsv
-- Installing: /home/zerohzzzz/Documents/RobotNav2/install/explore_lite/share/ament_index/resource_index/packages/explore_lite
-- Installing: /home/zerohzzzz/Documents/RobotNav2/install/explore_lite/share/explore_lite/cmake/ament_cmake_export_include_directories-extras.cmake
-- Installing: /home/zerohzzzz/Documents/RobotNav2/install/explore_lite/share/explore_lite/cmake/explore_liteConfig.cmake
-- Installing: /home/zerohzzzz/Documents/RobotNav2/install/explore_lite/share/explore_lite/cmake/explore_liteConfig-version.cmake
-- Installing: /home/zerohzzzz/Documents/RobotNav2/install/explore_lite/share/explore_lite/package.xml
