[1.295s] Invoking command in '/home/zerohzzzz/Documents/RobotNav2/src/nav': PYTHONPATH=/home/zerohzzzz/Documents/RobotNav2/build/nav/prefix_override:/usr/lib/python3/dist-packages/colcon_core/task/python/colcon_distutils_commands:/home/zerohzzzz/Documents/RobotNav2/install/nav/lib/python3.10/site-packages:${PYTHONPATH} /usr/bin/python3 -W ignore:setup.py install is deprecated setup.py egg_info --egg-base ../../build/nav build --build-base /home/zerohzzzz/Documents/RobotNav2/build/nav/build install --record /home/zerohzzzz/Documents/RobotNav2/build/nav/install.log --single-version-externally-managed install_data
[1.566s] running egg_info
[1.566s] writing ../../build/nav/nav.egg-info/PKG-INFO
[1.567s] writing dependency_links to ../../build/nav/nav.egg-info/dependency_links.txt
[1.567s] writing entry points to ../../build/nav/nav.egg-info/entry_points.txt
[1.567s] writing requirements to ../../build/nav/nav.egg-info/requires.txt
[1.567s] writing top-level names to ../../build/nav/nav.egg-info/top_level.txt
[1.570s] reading manifest file '../../build/nav/nav.egg-info/SOURCES.txt'
[1.571s] writing manifest file '../../build/nav/nav.egg-info/SOURCES.txt'
[1.572s] running build
[1.573s] running build_py
[1.573s] running install
[1.573s] running install_lib
[1.574s] running install_data
[1.574s] running install_egg_info
[1.577s] removing '/home/zerohzzzz/Documents/RobotNav2/install/nav/lib/python3.10/site-packages/nav-0.0.0-py3.10.egg-info' (and everything under it)
[1.578s] Copying ../../build/nav/nav.egg-info to /home/zerohzzzz/Documents/RobotNav2/install/nav/lib/python3.10/site-packages/nav-0.0.0-py3.10.egg-info
[1.580s] running install_scripts
[1.609s] writing list of installed files to '/home/zerohzzzz/Documents/RobotNav2/build/nav/install.log'
[1.690s] Invoked command in '/home/zerohzzzz/Documents/RobotNav2/src/nav' returned '0': PYTHONPATH=/home/zerohzzzz/Documents/RobotNav2/build/nav/prefix_override:/usr/lib/python3/dist-packages/colcon_core/task/python/colcon_distutils_commands:/home/zerohzzzz/Documents/RobotNav2/install/nav/lib/python3.10/site-packages:${PYTHONPATH} /usr/bin/python3 -W ignore:setup.py install is deprecated setup.py egg_info --egg-base ../../build/nav build --build-base /home/zerohzzzz/Documents/RobotNav2/build/nav/build install --record /home/zerohzzzz/Documents/RobotNav2/build/nav/install.log --single-version-externally-managed install_data
