[1.598s] Invoking command in '/mnt/c/Users/ZeroHzzzz/Desktop/robot/src/map_build': PYTHONPATH=/mnt/c/Users/ZeroHzzzz/Desktop/robot/build/map_build/prefix_override:/usr/lib/python3/dist-packages/colcon_core/task/python/colcon_distutils_commands:/mnt/c/Users/ZeroHzzzz/Desktop/robot/install/map_build/lib/python3.10/site-packages:${PYTHONPATH} /usr/bin/python3 -W ignore:setup.py install is deprecated setup.py egg_info --egg-base ../../build/map_build build --build-base /mnt/c/Users/ZeroHzzzz/Desktop/robot/build/map_build/build install --record /mnt/c/Users/ZeroHzzzz/Desktop/robot/build/map_build/install.log --single-version-externally-managed install_data
[2.433s] running egg_info
[2.438s] creating ../../build/map_build/map_build.egg-info
[2.448s] writing ../../build/map_build/map_build.egg-info/PKG-INFO
[2.452s] writing dependency_links to ../../build/map_build/map_build.egg-info/dependency_links.txt
[2.459s] writing entry points to ../../build/map_build/map_build.egg-info/entry_points.txt
[2.465s] writing requirements to ../../build/map_build/map_build.egg-info/requires.txt
[2.467s] writing top-level names to ../../build/map_build/map_build.egg-info/top_level.txt
[2.487s] writing manifest file '../../build/map_build/map_build.egg-info/SOURCES.txt'
[2.529s] reading manifest file '../../build/map_build/map_build.egg-info/SOURCES.txt'
[2.588s] writing manifest file '../../build/map_build/map_build.egg-info/SOURCES.txt'
[2.596s] running build
[2.610s] running build_py
[2.619s] creating /mnt/c/Users/ZeroHzzzz/Desktop/robot/build/map_build/build
[2.620s] creating /mnt/c/Users/ZeroHzzzz/Desktop/robot/build/map_build/build/lib
[2.623s] creating /mnt/c/Users/ZeroHzzzz/Desktop/robot/build/map_build/build/lib/map_build
[2.633s] copying map_build/__init__.py -> /mnt/c/Users/ZeroHzzzz/Desktop/robot/build/map_build/build/lib/map_build
[2.649s] running install
[2.650s] running install_lib
[2.676s] creating /mnt/c/Users/ZeroHzzzz/Desktop/robot/install/map_build/lib/python3.10/site-packages/map_build
[2.694s] copying /mnt/c/Users/ZeroHzzzz/Desktop/robot/build/map_build/build/lib/map_build/__init__.py -> /mnt/c/Users/ZeroHzzzz/Desktop/robot/install/map_build/lib/python3.10/site-packages/map_build
[2.730s] byte-compiling /mnt/c/Users/ZeroHzzzz/Desktop/robot/install/map_build/lib/python3.10/site-packages/map_build/__init__.py to __init__.cpython-310.pyc
[2.786s] running install_data
[2.794s] creating /mnt/c/Users/ZeroHzzzz/Desktop/robot/install/map_build/share/ament_index
[2.796s] creating /mnt/c/Users/ZeroHzzzz/Desktop/robot/install/map_build/share/ament_index/resource_index
[2.800s] creating /mnt/c/Users/ZeroHzzzz/Desktop/robot/install/map_build/share/ament_index/resource_index/packages
[2.811s] copying resource/map_build -> /mnt/c/Users/ZeroHzzzz/Desktop/robot/install/map_build/share/ament_index/resource_index/packages
[2.841s] copying package.xml -> /mnt/c/Users/ZeroHzzzz/Desktop/robot/install/map_build/share/map_build
[2.863s] creating /mnt/c/Users/ZeroHzzzz/Desktop/robot/install/map_build/share/map_build/launch
[2.875s] copying launch/map_building.launch.py -> /mnt/c/Users/ZeroHzzzz/Desktop/robot/install/map_build/share/map_build/launch
[2.907s] creating /mnt/c/Users/ZeroHzzzz/Desktop/robot/install/map_build/share/map_build/config
[2.919s] creating /mnt/c/Users/ZeroHzzzz/Desktop/robot/install/map_build/share/map_build/map
[2.927s] creating /mnt/c/Users/ZeroHzzzz/Desktop/robot/install/map_build/share/map_build/urdf
[2.966s] copying urdf/fishbot_base.urdf -> /mnt/c/Users/ZeroHzzzz/Desktop/robot/install/map_build/share/map_build/urdf
[3.048s] creating /mnt/c/Users/ZeroHzzzz/Desktop/robot/install/map_build/share/map_build/worlds
[3.062s] copying worlds/map1.world -> /mnt/c/Users/ZeroHzzzz/Desktop/robot/install/map_build/share/map_build/worlds
[3.111s] running install_egg_info
[3.136s] Copying ../../build/map_build/map_build.egg-info to /mnt/c/Users/ZeroHzzzz/Desktop/robot/install/map_build/lib/python3.10/site-packages/map_build-0.0.0-py3.10.egg-info
[3.543s] running install_scripts
[3.621s] writing list of installed files to '/mnt/c/Users/ZeroHzzzz/Desktop/robot/build/map_build/install.log'
[3.644s] Invoked command in '/mnt/c/Users/ZeroHzzzz/Desktop/robot/src/map_build' returned '0': PYTHONPATH=/mnt/c/Users/ZeroHzzzz/Desktop/robot/build/map_build/prefix_override:/usr/lib/python3/dist-packages/colcon_core/task/python/colcon_distutils_commands:/mnt/c/Users/ZeroHzzzz/Desktop/robot/install/map_build/lib/python3.10/site-packages:${PYTHONPATH} /usr/bin/python3 -W ignore:setup.py install is deprecated setup.py egg_info --egg-base ../../build/map_build build --build-base /mnt/c/Users/ZeroHzzzz/Desktop/robot/build/map_build/build install --record /mnt/c/Users/ZeroHzzzz/Desktop/robot/build/map_build/install.log --single-version-externally-managed install_data
