[0.230s] Invoking command in '/mnt/c/Users/ZeroHzzzz/Desktop/robot/build/csm': CMAKE_PREFIX_PATH=${CMAKE_PREFIX_PATH}:/mnt/c/Users/ZeroHzzzz/Desktop/robot/install/nav:/opt/ros/humble /usr/bin/cmake --build /mnt/c/Users/ZeroHzzzz/Desktop/robot/build/csm -- -j32 -l32
[1.674s] [100%] Built target csm
[1.851s] Invoked command in '/mnt/c/Users/ZeroHzzzz/Desktop/robot/build/csm' returned '0': CMAKE_PREFIX_PATH=${CMAKE_PREFIX_PATH}:/mnt/c/Users/ZeroHzzzz/Desktop/robot/install/nav:/opt/ros/humble /usr/bin/cmake --build /mnt/c/Users/ZeroHzzzz/Desktop/robot/build/csm -- -j32 -l32
[4.728s] Invoking command in '/mnt/c/Users/ZeroHzzzz/Desktop/robot/build/csm': CMAKE_PREFIX_PATH=${CMAKE_PREFIX_PATH}:/mnt/c/Users/ZeroHzzzz/Desktop/robot/install/nav:/opt/ros/humble /usr/bin/cmake --install /mnt/c/Users/ZeroHzzzz/Desktop/robot/build/csm
[4.878s] -- Install configuration: ""
[4.910s] -- Up-to-date: /mnt/c/Users/ZeroHzzzz/Desktop/robot/install/csm/lib/libcsm.so
[4.926s] -- Up-to-date: /mnt/c/Users/ZeroHzzzz/Desktop/robot/install/csm/include/..//include
[4.945s] -- Up-to-date: /mnt/c/Users/ZeroHzzzz/Desktop/robot/install/csm/include/..//include/csm
[4.972s] -- Up-to-date: /mnt/c/Users/ZeroHzzzz/Desktop/robot/install/csm/include/..//include/csm/algos.h
[4.993s] -- Up-to-date: /mnt/c/Users/ZeroHzzzz/Desktop/robot/install/csm/include/..//include/csm/csm.h
[5.013s] -- Up-to-date: /mnt/c/Users/ZeroHzzzz/Desktop/robot/install/csm/include/..//include/csm/laser_data.h
[5.031s] -- Up-to-date: /mnt/c/Users/ZeroHzzzz/Desktop/robot/install/csm/include/..//include/csm/laser_data_inline.h
[5.050s] -- Up-to-date: /mnt/c/Users/ZeroHzzzz/Desktop/robot/install/csm/include/..//include/csm/restrict.h
[5.094s] -- Up-to-date: /mnt/c/Users/ZeroHzzzz/Desktop/robot/install/csm/include/..//include/gsl_eigen
[5.126s] -- Up-to-date: /mnt/c/Users/ZeroHzzzz/Desktop/robot/install/csm/include/..//include/gsl_eigen/gsl_eigen.h
[5.144s] -- Up-to-date: /mnt/c/Users/ZeroHzzzz/Desktop/robot/install/csm/share/csm/resource
[5.164s] -- Up-to-date: /mnt/c/Users/ZeroHzzzz/Desktop/robot/install/csm/share/csm/resource/csm
[5.185s] -- Up-to-date: /mnt/c/Users/ZeroHzzzz/Desktop/robot/install/csm/include/../gsl_eigen
[5.223s] -- Up-to-date: /mnt/c/Users/ZeroHzzzz/Desktop/robot/install/csm/include/../gsl_eigen/gsl_eigen.h
[5.240s] -- Up-to-date: /mnt/c/Users/ZeroHzzzz/Desktop/robot/install/csm/share/csm/environment/library_path.sh
[5.262s] -- Up-to-date: /mnt/c/Users/ZeroHzzzz/Desktop/robot/install/csm/share/csm/environment/library_path.dsv
[5.290s] -- Up-to-date: /mnt/c/Users/ZeroHzzzz/Desktop/robot/install/csm/share/ament_index/resource_index/package_run_dependencies/csm
[5.316s] -- Up-to-date: /mnt/c/Users/ZeroHzzzz/Desktop/robot/install/csm/share/ament_index/resource_index/parent_prefix_path/csm
[5.340s] -- Up-to-date: /mnt/c/Users/ZeroHzzzz/Desktop/robot/install/csm/share/csm/environment/ament_prefix_path.sh
[5.365s] -- Up-to-date: /mnt/c/Users/ZeroHzzzz/Desktop/robot/install/csm/share/csm/environment/ament_prefix_path.dsv
[5.388s] -- Up-to-date: /mnt/c/Users/ZeroHzzzz/Desktop/robot/install/csm/share/csm/environment/path.sh
[5.418s] -- Up-to-date: /mnt/c/Users/ZeroHzzzz/Desktop/robot/install/csm/share/csm/environment/path.dsv
[5.442s] -- Up-to-date: /mnt/c/Users/ZeroHzzzz/Desktop/robot/install/csm/share/csm/local_setup.bash
[5.461s] -- Up-to-date: /mnt/c/Users/ZeroHzzzz/Desktop/robot/install/csm/share/csm/local_setup.sh
[5.476s] -- Up-to-date: /mnt/c/Users/ZeroHzzzz/Desktop/robot/install/csm/share/csm/local_setup.zsh
[5.490s] -- Up-to-date: /mnt/c/Users/ZeroHzzzz/Desktop/robot/install/csm/share/csm/local_setup.dsv
[5.503s] -- Installing: /mnt/c/Users/ZeroHzzzz/Desktop/robot/install/csm/share/csm/package.dsv
[5.555s] -- Up-to-date: /mnt/c/Users/ZeroHzzzz/Desktop/robot/install/csm/share/ament_index/resource_index/packages/csm
[5.573s] -- Up-to-date: /mnt/c/Users/ZeroHzzzz/Desktop/robot/install/csm/share/csm/cmake/ament_cmake_export_dependencies-extras.cmake
[5.639s] -- Up-to-date: /mnt/c/Users/ZeroHzzzz/Desktop/robot/install/csm/share/csm/cmake/ament_cmake_export_include_directories-extras.cmake
[5.666s] -- Up-to-date: /mnt/c/Users/ZeroHzzzz/Desktop/robot/install/csm/share/csm/cmake/ament_cmake_export_libraries-extras.cmake
[5.689s] -- Up-to-date: /mnt/c/Users/ZeroHzzzz/Desktop/robot/install/csm/share/csm/cmake/csmConfig.cmake
[5.701s] -- Up-to-date: /mnt/c/Users/ZeroHzzzz/Desktop/robot/install/csm/share/csm/cmake/csmConfig-version.cmake
[5.722s] -- Up-to-date: /mnt/c/Users/ZeroHzzzz/Desktop/robot/install/csm/share/csm/package.xml
[5.737s] Invoked command in '/mnt/c/Users/ZeroHzzzz/Desktop/robot/build/csm' returned '0': CMAKE_PREFIX_PATH=${CMAKE_PREFIX_PATH}:/mnt/c/Users/ZeroHzzzz/Desktop/robot/install/nav:/opt/ros/humble /usr/bin/cmake --install /mnt/c/Users/ZeroHzzzz/Desktop/robot/build/csm
