[0.033s] Invoking command in '/home/zerohzzzz/Documents/ros2-slam-comparison/build/turtlebot3_cartographer': CMAKE_PREFIX_PATH=${CMAKE_PREFIX_PATH}:/home/zerohzzzz/Documents/RobotNav2/install/map_build:/opt/ros/iron /usr/bin/cmake /home/zerohzzzz/Documents/ros2-slam-comparison/turtlebot3_cartographer -DCMAKE_INSTALL_PREFIX=/home/zerohzzzz/Documents/ros2-slam-comparison/install/turtlebot3_cartographer
[0.171s] -- The C compiler identification is GNU 11.4.0
[0.372s] -- The CXX compiler identification is GNU 11.4.0
[0.386s] -- Detecting C compiler ABI info
[0.521s] -- Detecting C compiler ABI info - done
[0.538s] -- Check for working C compiler: /usr/bin/cc - skipped
[0.539s] -- Detecting C compile features
[0.539s] -- Detecting C compile features - done
[0.544s] -- Detecting CXX compiler ABI info
[0.695s] -- Detecting CXX compiler ABI info - done
[0.719s] -- Check for working CXX compiler: /usr/bin/c++ - skipped
[0.719s] -- Detecting CXX compile features
[0.720s] -- Detecting CXX compile features - done
[0.727s] -- Found ament_cmake: 2.0.6 (/opt/ros/iron/share/ament_cmake/cmake)
[1.043s] -- Found Python3: /usr/bin/python3.10 (found version "3.10.12") found components: Interpreter 
[1.354s] -- Configuring done
[1.357s] -- Generating done
[1.358s] -- Build files have been written to: /home/zerohzzzz/Documents/ros2-slam-comparison/build/turtlebot3_cartographer
[1.364s] Invoked command in '/home/zerohzzzz/Documents/ros2-slam-comparison/build/turtlebot3_cartographer' returned '0': CMAKE_PREFIX_PATH=${CMAKE_PREFIX_PATH}:/home/zerohzzzz/Documents/RobotNav2/install/map_build:/opt/ros/iron /usr/bin/cmake /home/zerohzzzz/Documents/ros2-slam-comparison/turtlebot3_cartographer -DCMAKE_INSTALL_PREFIX=/home/zerohzzzz/Documents/ros2-slam-comparison/install/turtlebot3_cartographer
[1.367s] Invoking command in '/home/zerohzzzz/Documents/ros2-slam-comparison/build/turtlebot3_cartographer': CMAKE_PREFIX_PATH=${CMAKE_PREFIX_PATH}:/home/zerohzzzz/Documents/RobotNav2/install/map_build:/opt/ros/iron /usr/bin/cmake --build /home/zerohzzzz/Documents/ros2-slam-comparison/build/turtlebot3_cartographer -- -j8 -l8
[1.444s] Invoked command in '/home/zerohzzzz/Documents/ros2-slam-comparison/build/turtlebot3_cartographer' returned '0': CMAKE_PREFIX_PATH=${CMAKE_PREFIX_PATH}:/home/zerohzzzz/Documents/RobotNav2/install/map_build:/opt/ros/iron /usr/bin/cmake --build /home/zerohzzzz/Documents/ros2-slam-comparison/build/turtlebot3_cartographer -- -j8 -l8
[1.479s] Invoking command in '/home/zerohzzzz/Documents/ros2-slam-comparison/build/turtlebot3_cartographer': CMAKE_PREFIX_PATH=${CMAKE_PREFIX_PATH}:/home/zerohzzzz/Documents/RobotNav2/install/map_build:/opt/ros/iron /usr/bin/cmake --install /home/zerohzzzz/Documents/ros2-slam-comparison/build/turtlebot3_cartographer
[1.492s] -- Install configuration: ""
[1.492s] -- Installing: /home/zerohzzzz/Documents/ros2-slam-comparison/install/turtlebot3_cartographer/share/turtlebot3_cartographer/config
[1.492s] -- Installing: /home/zerohzzzz/Documents/ros2-slam-comparison/install/turtlebot3_cartographer/share/turtlebot3_cartographer/config/turtlebot3_lds_2d.lua
[1.493s] -- Installing: /home/zerohzzzz/Documents/ros2-slam-comparison/install/turtlebot3_cartographer/share/turtlebot3_cartographer/launch
[1.493s] -- Installing: /home/zerohzzzz/Documents/ros2-slam-comparison/install/turtlebot3_cartographer/share/turtlebot3_cartographer/launch/cartographer.launch.py
[1.493s] -- Installing: /home/zerohzzzz/Documents/ros2-slam-comparison/install/turtlebot3_cartographer/share/turtlebot3_cartographer/launch/occupancy_grid.launch.py
[1.493s] -- Installing: /home/zerohzzzz/Documents/ros2-slam-comparison/install/turtlebot3_cartographer/share/turtlebot3_cartographer/rviz
[1.494s] -- Installing: /home/zerohzzzz/Documents/ros2-slam-comparison/install/turtlebot3_cartographer/share/turtlebot3_cartographer/rviz/tb3_cartographer.rviz
[1.494s] -- Installing: /home/zerohzzzz/Documents/ros2-slam-comparison/install/turtlebot3_cartographer/share/ament_index/resource_index/package_run_dependencies/turtlebot3_cartographer
[1.494s] -- Installing: /home/zerohzzzz/Documents/ros2-slam-comparison/install/turtlebot3_cartographer/share/ament_index/resource_index/parent_prefix_path/turtlebot3_cartographer
[1.494s] -- Installing: /home/zerohzzzz/Documents/ros2-slam-comparison/install/turtlebot3_cartographer/share/turtlebot3_cartographer/environment/ament_prefix_path.sh
[1.494s] -- Installing: /home/zerohzzzz/Documents/ros2-slam-comparison/install/turtlebot3_cartographer/share/turtlebot3_cartographer/environment/ament_prefix_path.dsv
[1.494s] -- Installing: /home/zerohzzzz/Documents/ros2-slam-comparison/install/turtlebot3_cartographer/share/turtlebot3_cartographer/environment/path.sh
[1.495s] -- Installing: /home/zerohzzzz/Documents/ros2-slam-comparison/install/turtlebot3_cartographer/share/turtlebot3_cartographer/environment/path.dsv
[1.495s] -- Installing: /home/zerohzzzz/Documents/ros2-slam-comparison/install/turtlebot3_cartographer/share/turtlebot3_cartographer/local_setup.bash
[1.495s] -- Installing: /home/zerohzzzz/Documents/ros2-slam-comparison/install/turtlebot3_cartographer/share/turtlebot3_cartographer/local_setup.sh
[1.495s] -- Installing: /home/zerohzzzz/Documents/ros2-slam-comparison/install/turtlebot3_cartographer/share/turtlebot3_cartographer/local_setup.zsh
[1.495s] -- Installing: /home/zerohzzzz/Documents/ros2-slam-comparison/install/turtlebot3_cartographer/share/turtlebot3_cartographer/local_setup.dsv
[1.495s] -- Installing: /home/zerohzzzz/Documents/ros2-slam-comparison/install/turtlebot3_cartographer/share/turtlebot3_cartographer/package.dsv
[1.495s] -- Installing: /home/zerohzzzz/Documents/ros2-slam-comparison/install/turtlebot3_cartographer/share/ament_index/resource_index/packages/turtlebot3_cartographer
[1.496s] -- Installing: /home/zerohzzzz/Documents/ros2-slam-comparison/install/turtlebot3_cartographer/share/turtlebot3_cartographer/cmake/turtlebot3_cartographerConfig.cmake
[1.496s] -- Installing: /home/zerohzzzz/Documents/ros2-slam-comparison/install/turtlebot3_cartographer/share/turtlebot3_cartographer/cmake/turtlebot3_cartographerConfig-version.cmake
[1.496s] -- Installing: /home/zerohzzzz/Documents/ros2-slam-comparison/install/turtlebot3_cartographer/share/turtlebot3_cartographer/package.xml
[1.497s] Invoked command in '/home/zerohzzzz/Documents/ros2-slam-comparison/build/turtlebot3_cartographer' returned '0': CMAKE_PREFIX_PATH=${CMAKE_PREFIX_PATH}:/home/zerohzzzz/Documents/RobotNav2/install/map_build:/opt/ros/iron /usr/bin/cmake --install /home/zerohzzzz/Documents/ros2-slam-comparison/build/turtlebot3_cartographer
