running egg_info
writing ../../build/map_build/map_build.egg-info/PKG-INFO
writing dependency_links to ../../build/map_build/map_build.egg-info/dependency_links.txt
writing entry points to ../../build/map_build/map_build.egg-info/entry_points.txt
writing requirements to ../../build/map_build/map_build.egg-info/requires.txt
writing top-level names to ../../build/map_build/map_build.egg-info/top_level.txt
reading manifest file '../../build/map_build/map_build.egg-info/SOURCES.txt'
writing manifest file '../../build/map_build/map_build.egg-info/SOURCES.txt'
running build
running build_py
running install
running install_lib
running install_data
copying launch/gazebo_launch.py -> /home/zerohzzzz/Documents/RobotNav2/install/map_build/share/map_build/launch
copying launch/nav.launch.py -> /home/zerohzzzz/Documents/RobotNav2/install/map_build/share/map_build/launch
copying config/config.rviz -> /home/zerohzzzz/Documents/RobotNav2/install/map_build/share/map_build/config
copying config/nav.yaml -> /home/zerohzzzz/Documents/RobotNav2/install/map_build/share/map_build/config
creating /home/zerohzzzz/Documents/RobotNav2/install/map_build/share/map_build/maps
copying maps/map.pgm -> /home/zerohzzzz/Documents/RobotNav2/install/map_build/share/map_build/maps
copying maps/map.yaml -> /home/zerohzzzz/Documents/RobotNav2/install/map_build/share/map_build/maps
running install_egg_info
removing '/home/zerohzzzz/Documents/RobotNav2/install/map_build/lib/python3.10/site-packages/map_build-0.0.0-py3.10.egg-info' (and everything under it)
Copying ../../build/map_build/map_build.egg-info to /home/zerohzzzz/Documents/RobotNav2/install/map_build/lib/python3.10/site-packages/map_build-0.0.0-py3.10.egg-info
running install_scripts
writing list of installed files to '/home/zerohzzzz/Documents/RobotNav2/build/map_build/install.log'
