[0.754s] Invoking command in '/home/zerohzzzz/Documents/RobotNav2/src/map_build': PYTHONPATH=/home/zerohzzzz/Documents/RobotNav2/build/map_build/prefix_override:/usr/lib/python3/dist-packages/colcon_core/task/python/colcon_distutils_commands:/home/zerohzzzz/Documents/RobotNav2/install/map_build/lib/python3.10/site-packages:${PYTHONPATH} /usr/bin/python3 -W ignore:setup.py install is deprecated setup.py egg_info --egg-base ../../build/map_build build --build-base /home/zerohzzzz/Documents/RobotNav2/build/map_build/build install --record /home/zerohzzzz/Documents/RobotNav2/build/map_build/install.log --single-version-externally-managed install_data
[0.996s] running egg_info
[0.997s] writing ../../build/map_build/map_build.egg-info/PKG-INFO
[0.997s] writing dependency_links to ../../build/map_build/map_build.egg-info/dependency_links.txt
[0.997s] writing entry points to ../../build/map_build/map_build.egg-info/entry_points.txt
[0.997s] writing requirements to ../../build/map_build/map_build.egg-info/requires.txt
[0.997s] writing top-level names to ../../build/map_build/map_build.egg-info/top_level.txt
[0.999s] reading manifest file '../../build/map_build/map_build.egg-info/SOURCES.txt'
[1.000s] writing manifest file '../../build/map_build/map_build.egg-info/SOURCES.txt'
[1.000s] running build
[1.000s] running build_py
[1.000s] running install
[1.001s] running install_lib
[1.002s] running install_data
[1.002s] copying launch/gazebo_launch.py -> /home/zerohzzzz/Documents/RobotNav2/install/map_build/share/map_build/launch
[1.002s] copying launch/nav.launch.py -> /home/zerohzzzz/Documents/RobotNav2/install/map_build/share/map_build/launch
[1.002s] copying config/config.rviz -> /home/zerohzzzz/Documents/RobotNav2/install/map_build/share/map_build/config
[1.002s] copying config/nav.yaml -> /home/zerohzzzz/Documents/RobotNav2/install/map_build/share/map_build/config
[1.002s] creating /home/zerohzzzz/Documents/RobotNav2/install/map_build/share/map_build/maps
[1.002s] copying maps/map.pgm -> /home/zerohzzzz/Documents/RobotNav2/install/map_build/share/map_build/maps
[1.003s] copying maps/map.yaml -> /home/zerohzzzz/Documents/RobotNav2/install/map_build/share/map_build/maps
[1.003s] running install_egg_info
[1.005s] removing '/home/zerohzzzz/Documents/RobotNav2/install/map_build/lib/python3.10/site-packages/map_build-0.0.0-py3.10.egg-info' (and everything under it)
[1.005s] Copying ../../build/map_build/map_build.egg-info to /home/zerohzzzz/Documents/RobotNav2/install/map_build/lib/python3.10/site-packages/map_build-0.0.0-py3.10.egg-info
[1.006s] running install_scripts
[1.029s] writing list of installed files to '/home/zerohzzzz/Documents/RobotNav2/build/map_build/install.log'
[1.056s] Invoked command in '/home/zerohzzzz/Documents/RobotNav2/src/map_build' returned '0': PYTHONPATH=/home/zerohzzzz/Documents/RobotNav2/build/map_build/prefix_override:/usr/lib/python3/dist-packages/colcon_core/task/python/colcon_distutils_commands:/home/zerohzzzz/Documents/RobotNav2/install/map_build/lib/python3.10/site-packages:${PYTHONPATH} /usr/bin/python3 -W ignore:setup.py install is deprecated setup.py egg_info --egg-base ../../build/map_build build --build-base /home/zerohzzzz/Documents/RobotNav2/build/map_build/build install --record /home/zerohzzzz/Documents/RobotNav2/build/map_build/install.log --single-version-externally-managed install_data
