[0.353s] DEBUG:colcon:Command line arguments: ['/usr/bin/colcon', 'build']
[0.353s] DEBUG:colcon:Parsed command line arguments: Namespace(log_base=None, log_level=None, verb_name='build', build_base='build', install_base='install', merge_install=False, symlink_install=False, test_result_base=None, continue_on_error=False, executor='parallel', parallel_workers=32, event_handlers=None, ignore_user_meta=False, metas=['./colcon.meta'], base_paths=['.'], packages_ignore=None, packages_ignore_regex=None, paths=None, packages_up_to=None, packages_up_to_regex=None, packages_above=None, packages_above_and_dependencies=None, packages_above_depth=None, packages_select_by_dep=None, packages_skip_by_dep=None, packages_skip_up_to=None, packages_select_build_failed=False, packages_skip_build_finished=False, packages_select_test_failures=False, packages_skip_test_passed=False, packages_select=None, packages_skip=None, packages_select_regex=None, packages_skip_regex=None, packages_start=None, packages_end=None, allow_overriding=[], cmake_args=None, cmake_target=None, cmake_target_skip_unavailable=False, cmake_clean_cache=False, cmake_clean_first=False, cmake_force_configure=False, ament_cmake_args=None, catkin_cmake_args=None, catkin_skip_building_tests=False, mixin_files=None, mixin=None, verb_parser=<colcon_mixin.mixin.mixin_argument.MixinArgumentDecorator object at 0x7f71ea2bd390>, verb_extension=<colcon_core.verb.build.BuildVerb object at 0x7f71ea42e9e0>, main=<bound method BuildVerb.main of <colcon_core.verb.build.BuildVerb object at 0x7f71ea42e9e0>>, mixin_verb=('build',))
[0.525s] Level 1:colcon.colcon_core.package_discovery:discover_packages(colcon_meta) check parameters
[0.526s] Level 1:colcon.colcon_core.package_discovery:discover_packages(recursive) check parameters
[0.526s] Level 1:colcon.colcon_core.package_discovery:discover_packages(ignore) check parameters
[0.527s] Level 1:colcon.colcon_core.package_discovery:discover_packages(path) check parameters
[0.527s] Level 1:colcon.colcon_core.package_discovery:discover_packages(colcon_meta) discover
[0.528s] Level 1:colcon.colcon_core.package_discovery:discover_packages(recursive) discover
[0.528s] INFO:colcon.colcon_core.package_discovery:Crawling recursively for packages in '/mnt/c/Users/ZeroHzzzz/Desktop/robot'
[0.531s] Level 1:colcon.colcon_core.package_identification:_identify(.) by extensions ['ignore', 'ignore_ament_install']
[0.532s] Level 1:colcon.colcon_core.package_identification:_identify(.) by extension 'ignore'
[0.533s] Level 1:colcon.colcon_core.package_identification:_identify(.) by extension 'ignore_ament_install'
[0.534s] Level 1:colcon.colcon_core.package_identification:_identify(.) by extensions ['colcon_pkg']
[0.534s] Level 1:colcon.colcon_core.package_identification:_identify(.) by extension 'colcon_pkg'
[0.535s] Level 1:colcon.colcon_core.package_identification:_identify(.) by extensions ['colcon_meta']
[0.535s] Level 1:colcon.colcon_core.package_identification:_identify(.) by extension 'colcon_meta'
[0.536s] Level 1:colcon.colcon_core.package_identification:_identify(.) by extensions ['ros']
[0.536s] Level 1:colcon.colcon_core.package_identification:_identify(.) by extension 'ros'
[0.548s] Level 1:colcon.colcon_core.package_identification:_identify(.) by extensions ['cmake', 'python']
[0.548s] Level 1:colcon.colcon_core.package_identification:_identify(.) by extension 'cmake'
[0.549s] Level 1:colcon.colcon_core.package_identification:_identify(.) by extension 'python'
[0.550s] Level 1:colcon.colcon_core.package_identification:_identify(.) by extensions ['python_setup_py']
[0.551s] Level 1:colcon.colcon_core.package_identification:_identify(.) by extension 'python_setup_py'
[0.556s] Level 1:colcon.colcon_core.package_identification:_identify(build) by extensions ['ignore', 'ignore_ament_install']
[0.557s] Level 1:colcon.colcon_core.package_identification:_identify(build) by extension 'ignore'
[0.558s] Level 1:colcon.colcon_core.package_identification:_identify(build) ignored
[0.562s] Level 1:colcon.colcon_core.package_identification:_identify(install) by extensions ['ignore', 'ignore_ament_install']
[0.563s] Level 1:colcon.colcon_core.package_identification:_identify(install) by extension 'ignore'
[0.569s] Level 1:colcon.colcon_core.package_identification:_identify(install) ignored
[0.578s] Level 1:colcon.colcon_core.package_identification:_identify(log) by extensions ['ignore', 'ignore_ament_install']
[0.579s] Level 1:colcon.colcon_core.package_identification:_identify(log) by extension 'ignore'
[0.580s] Level 1:colcon.colcon_core.package_identification:_identify(log) ignored
[0.584s] Level 1:colcon.colcon_core.package_identification:_identify(src) by extensions ['ignore', 'ignore_ament_install']
[0.584s] Level 1:colcon.colcon_core.package_identification:_identify(src) by extension 'ignore'
[0.585s] Level 1:colcon.colcon_core.package_identification:_identify(src) by extension 'ignore_ament_install'
[0.587s] Level 1:colcon.colcon_core.package_identification:_identify(src) by extensions ['colcon_pkg']
[0.588s] Level 1:colcon.colcon_core.package_identification:_identify(src) by extension 'colcon_pkg'
[0.589s] Level 1:colcon.colcon_core.package_identification:_identify(src) by extensions ['colcon_meta']
[0.589s] Level 1:colcon.colcon_core.package_identification:_identify(src) by extension 'colcon_meta'
[0.591s] Level 1:colcon.colcon_core.package_identification:_identify(src) by extensions ['ros']
[0.591s] Level 1:colcon.colcon_core.package_identification:_identify(src) by extension 'ros'
[0.595s] Level 1:colcon.colcon_core.package_identification:_identify(src) by extensions ['cmake', 'python']
[0.595s] Level 1:colcon.colcon_core.package_identification:_identify(src) by extension 'cmake'
[0.596s] Level 1:colcon.colcon_core.package_identification:_identify(src) by extension 'python'
[0.598s] Level 1:colcon.colcon_core.package_identification:_identify(src) by extensions ['python_setup_py']
[0.598s] Level 1:colcon.colcon_core.package_identification:_identify(src) by extension 'python_setup_py'
[0.603s] Level 1:colcon.colcon_core.package_identification:_identify(src/csm) by extensions ['ignore', 'ignore_ament_install']
[0.604s] Level 1:colcon.colcon_core.package_identification:_identify(src/csm) by extension 'ignore'
[0.605s] Level 1:colcon.colcon_core.package_identification:_identify(src/csm) by extension 'ignore_ament_install'
[0.609s] Level 1:colcon.colcon_core.package_identification:_identify(src/csm) by extensions ['colcon_pkg']
[0.609s] Level 1:colcon.colcon_core.package_identification:_identify(src/csm) by extension 'colcon_pkg'
[0.612s] Level 1:colcon.colcon_core.package_identification:_identify(src/csm) by extensions ['colcon_meta']
[0.612s] Level 1:colcon.colcon_core.package_identification:_identify(src/csm) by extension 'colcon_meta'
[0.615s] Level 1:colcon.colcon_core.package_identification:_identify(src/csm) by extensions ['ros']
[0.616s] Level 1:colcon.colcon_core.package_identification:_identify(src/csm) by extension 'ros'
[0.634s] DEBUG:colcon.colcon_core.package_identification:Package 'src/csm' with type 'ros.ament_cmake' and name 'csm'
[0.639s] Level 1:colcon.colcon_core.package_identification:_identify(src/nav) by extensions ['ignore', 'ignore_ament_install']
[0.639s] Level 1:colcon.colcon_core.package_identification:_identify(src/nav) by extension 'ignore'
[0.641s] Level 1:colcon.colcon_core.package_identification:_identify(src/nav) by extension 'ignore_ament_install'
[0.644s] Level 1:colcon.colcon_core.package_identification:_identify(src/nav) by extensions ['colcon_pkg']
[0.645s] Level 1:colcon.colcon_core.package_identification:_identify(src/nav) by extension 'colcon_pkg'
[0.646s] Level 1:colcon.colcon_core.package_identification:_identify(src/nav) by extensions ['colcon_meta']
[0.647s] Level 1:colcon.colcon_core.package_identification:_identify(src/nav) by extension 'colcon_meta'
[0.649s] Level 1:colcon.colcon_core.package_identification:_identify(src/nav) by extensions ['ros']
[0.650s] Level 1:colcon.colcon_core.package_identification:_identify(src/nav) by extension 'ros'
[0.662s] DEBUG:colcon.colcon_core.package_identification:Package 'src/nav' with type 'ros.ament_python' and name 'nav'
[0.667s] Level 1:colcon.colcon_core.package_identification:_identify(src/ros2_laser_scan_matcher) by extensions ['ignore', 'ignore_ament_install']
[0.667s] Level 1:colcon.colcon_core.package_identification:_identify(src/ros2_laser_scan_matcher) by extension 'ignore'
[0.669s] Level 1:colcon.colcon_core.package_identification:_identify(src/ros2_laser_scan_matcher) by extension 'ignore_ament_install'
[0.672s] Level 1:colcon.colcon_core.package_identification:_identify(src/ros2_laser_scan_matcher) by extensions ['colcon_pkg']
[0.673s] Level 1:colcon.colcon_core.package_identification:_identify(src/ros2_laser_scan_matcher) by extension 'colcon_pkg'
[0.674s] Level 1:colcon.colcon_core.package_identification:_identify(src/ros2_laser_scan_matcher) by extensions ['colcon_meta']
[0.675s] Level 1:colcon.colcon_core.package_identification:_identify(src/ros2_laser_scan_matcher) by extension 'colcon_meta'
[0.677s] Level 1:colcon.colcon_core.package_identification:_identify(src/ros2_laser_scan_matcher) by extensions ['ros']
[0.677s] Level 1:colcon.colcon_core.package_identification:_identify(src/ros2_laser_scan_matcher) by extension 'ros'
[0.693s] DEBUG:colcon.colcon_core.package_identification:Package 'src/ros2_laser_scan_matcher' with type 'ros.ament_cmake' and name 'ros2_laser_scan_matcher'
[0.694s] Level 1:colcon.colcon_core.package_discovery:discover_packages(recursive) using defaults
[0.694s] Level 1:colcon.colcon_core.package_discovery:discover_packages(ignore) discover
[0.695s] Level 1:colcon.colcon_core.package_discovery:discover_packages(ignore) using defaults
[0.695s] Level 1:colcon.colcon_core.package_discovery:discover_packages(path) discover
[0.695s] Level 1:colcon.colcon_core.package_discovery:discover_packages(path) using defaults
[0.722s] Level 1:colcon.colcon_core.package_discovery:discover_packages(prefix_path) check parameters
[0.722s] Level 1:colcon.colcon_core.package_discovery:discover_packages(prefix_path) discover
[0.724s] DEBUG:colcon.colcon_installed_package_information.package_discovery:Found 323 installed packages in /opt/ros/humble
[0.725s] Level 1:colcon.colcon_core.package_discovery:discover_packages(prefix_path) using defaults
[0.754s] Level 5:colcon.colcon_core.verb:set package 'csm' build argument 'cmake_args' from command line to 'None'
[0.754s] Level 5:colcon.colcon_core.verb:set package 'csm' build argument 'cmake_target' from command line to 'None'
[0.755s] Level 5:colcon.colcon_core.verb:set package 'csm' build argument 'cmake_target_skip_unavailable' from command line to 'False'
[0.755s] Level 5:colcon.colcon_core.verb:set package 'csm' build argument 'cmake_clean_cache' from command line to 'False'
[0.755s] Level 5:colcon.colcon_core.verb:set package 'csm' build argument 'cmake_clean_first' from command line to 'False'
[0.755s] Level 5:colcon.colcon_core.verb:set package 'csm' build argument 'cmake_force_configure' from command line to 'False'
[0.756s] Level 5:colcon.colcon_core.verb:set package 'csm' build argument 'ament_cmake_args' from command line to 'None'
[0.756s] Level 5:colcon.colcon_core.verb:set package 'csm' build argument 'catkin_cmake_args' from command line to 'None'
[0.756s] Level 5:colcon.colcon_core.verb:set package 'csm' build argument 'catkin_skip_building_tests' from command line to 'False'
[0.756s] DEBUG:colcon.colcon_core.verb:Building package 'csm' with the following arguments: {'ament_cmake_args': None, 'build_base': '/mnt/c/Users/ZeroHzzzz/Desktop/robot/build/csm', 'catkin_cmake_args': None, 'catkin_skip_building_tests': False, 'cmake_args': None, 'cmake_clean_cache': False, 'cmake_clean_first': False, 'cmake_force_configure': False, 'cmake_target': None, 'cmake_target_skip_unavailable': False, 'install_base': '/mnt/c/Users/ZeroHzzzz/Desktop/robot/install/csm', 'merge_install': False, 'path': '/mnt/c/Users/ZeroHzzzz/Desktop/robot/src/csm', 'symlink_install': False, 'test_result_base': None}
[0.756s] Level 5:colcon.colcon_core.verb:set package 'ros2_laser_scan_matcher' build argument 'cmake_args' from command line to 'None'
[0.757s] Level 5:colcon.colcon_core.verb:set package 'ros2_laser_scan_matcher' build argument 'cmake_target' from command line to 'None'
[0.757s] Level 5:colcon.colcon_core.verb:set package 'ros2_laser_scan_matcher' build argument 'cmake_target_skip_unavailable' from command line to 'False'
[0.757s] Level 5:colcon.colcon_core.verb:set package 'ros2_laser_scan_matcher' build argument 'cmake_clean_cache' from command line to 'False'
[0.757s] Level 5:colcon.colcon_core.verb:set package 'ros2_laser_scan_matcher' build argument 'cmake_clean_first' from command line to 'False'
[0.757s] Level 5:colcon.colcon_core.verb:set package 'ros2_laser_scan_matcher' build argument 'cmake_force_configure' from command line to 'False'
[0.757s] Level 5:colcon.colcon_core.verb:set package 'ros2_laser_scan_matcher' build argument 'ament_cmake_args' from command line to 'None'
[0.758s] Level 5:colcon.colcon_core.verb:set package 'ros2_laser_scan_matcher' build argument 'catkin_cmake_args' from command line to 'None'
[0.758s] Level 5:colcon.colcon_core.verb:set package 'ros2_laser_scan_matcher' build argument 'catkin_skip_building_tests' from command line to 'False'
[0.758s] DEBUG:colcon.colcon_core.verb:Building package 'ros2_laser_scan_matcher' with the following arguments: {'ament_cmake_args': None, 'build_base': '/mnt/c/Users/ZeroHzzzz/Desktop/robot/build/ros2_laser_scan_matcher', 'catkin_cmake_args': None, 'catkin_skip_building_tests': False, 'cmake_args': None, 'cmake_clean_cache': False, 'cmake_clean_first': False, 'cmake_force_configure': False, 'cmake_target': None, 'cmake_target_skip_unavailable': False, 'install_base': '/mnt/c/Users/ZeroHzzzz/Desktop/robot/install/ros2_laser_scan_matcher', 'merge_install': False, 'path': '/mnt/c/Users/ZeroHzzzz/Desktop/robot/src/ros2_laser_scan_matcher', 'symlink_install': False, 'test_result_base': None}
[0.758s] Level 5:colcon.colcon_core.verb:set package 'nav' build argument 'cmake_args' from command line to 'None'
[0.759s] Level 5:colcon.colcon_core.verb:set package 'nav' build argument 'cmake_target' from command line to 'None'
[0.759s] Level 5:colcon.colcon_core.verb:set package 'nav' build argument 'cmake_target_skip_unavailable' from command line to 'False'
[0.759s] Level 5:colcon.colcon_core.verb:set package 'nav' build argument 'cmake_clean_cache' from command line to 'False'
[0.759s] Level 5:colcon.colcon_core.verb:set package 'nav' build argument 'cmake_clean_first' from command line to 'False'
[0.759s] Level 5:colcon.colcon_core.verb:set package 'nav' build argument 'cmake_force_configure' from command line to 'False'
[0.759s] Level 5:colcon.colcon_core.verb:set package 'nav' build argument 'ament_cmake_args' from command line to 'None'
[0.759s] Level 5:colcon.colcon_core.verb:set package 'nav' build argument 'catkin_cmake_args' from command line to 'None'
[0.760s] Level 5:colcon.colcon_core.verb:set package 'nav' build argument 'catkin_skip_building_tests' from command line to 'False'
[0.760s] DEBUG:colcon.colcon_core.verb:Building package 'nav' with the following arguments: {'ament_cmake_args': None, 'build_base': '/mnt/c/Users/ZeroHzzzz/Desktop/robot/build/nav', 'catkin_cmake_args': None, 'catkin_skip_building_tests': False, 'cmake_args': None, 'cmake_clean_cache': False, 'cmake_clean_first': False, 'cmake_force_configure': False, 'cmake_target': None, 'cmake_target_skip_unavailable': False, 'install_base': '/mnt/c/Users/ZeroHzzzz/Desktop/robot/install/nav', 'merge_install': False, 'path': '/mnt/c/Users/ZeroHzzzz/Desktop/robot/src/nav', 'symlink_install': False, 'test_result_base': None}
[0.760s] INFO:colcon.colcon_core.executor:Executing jobs using 'parallel' executor
[0.761s] DEBUG:colcon.colcon_parallel_executor.executor.parallel:run_until_complete
[0.761s] INFO:colcon.colcon_ros.task.ament_cmake.build:Building ROS package in '/mnt/c/Users/ZeroHzzzz/Desktop/robot/src/csm' with build type 'ament_cmake'
[0.761s] INFO:colcon.colcon_cmake.task.cmake.build:Building CMake package in '/mnt/c/Users/ZeroHzzzz/Desktop/robot/src/csm'
[0.762s] INFO:colcon.colcon_core.plugin_system:Skipping extension 'colcon_core.shell.bat': Not used on non-Windows systems
[0.763s] INFO:colcon.colcon_core.shell:Skip shell extension 'powershell' for command environment: Not usable outside of PowerShell
[0.763s] DEBUG:colcon.colcon_core.shell:Skip shell extension 'dsv' for command environment
[0.820s] DEBUG:colcon.colcon_core.event_handler.log_command:Invoking command in '/mnt/c/Users/ZeroHzzzz/Desktop/robot/build/csm': CMAKE_PREFIX_PATH=/opt/ros/humble /usr/bin/cmake --build /mnt/c/Users/ZeroHzzzz/Desktop/robot/build/csm -- -j32 -l32
[1.614s] DEBUG:colcon.colcon_core.event_handler.log_command:Invoked command in '/mnt/c/Users/ZeroHzzzz/Desktop/robot/build/csm' returned '0': CMAKE_PREFIX_PATH=/opt/ros/humble /usr/bin/cmake --build /mnt/c/Users/ZeroHzzzz/Desktop/robot/build/csm -- -j32 -l32
[1.757s] DEBUG:colcon.colcon_core.event_handler.log_command:Invoking command in '/mnt/c/Users/ZeroHzzzz/Desktop/robot/build/csm': CMAKE_PREFIX_PATH=/opt/ros/humble /usr/bin/cmake --install /mnt/c/Users/ZeroHzzzz/Desktop/robot/build/csm
[2.886s] Level 1:colcon.colcon_core.environment:create_environment_scripts_only(csm)
[2.887s] Level 1:colcon.colcon_core.environment:checking '/mnt/c/Users/ZeroHzzzz/Desktop/robot/install/csm' for CMake module files
[2.896s] DEBUG:colcon.colcon_core.event_handler.log_command:Invoked command in '/mnt/c/Users/ZeroHzzzz/Desktop/robot/build/csm' returned '0': CMAKE_PREFIX_PATH=/opt/ros/humble /usr/bin/cmake --install /mnt/c/Users/ZeroHzzzz/Desktop/robot/build/csm
[2.967s] Level 1:colcon.colcon_core.environment:checking '/mnt/c/Users/ZeroHzzzz/Desktop/robot/install/csm' for CMake config files
[3.048s] Level 1:colcon.colcon_core.shell:create_environment_hook('csm', 'cmake_prefix_path')
[3.049s] INFO:colcon.colcon_core.shell:Creating environment hook '/mnt/c/Users/ZeroHzzzz/Desktop/robot/install/csm/share/csm/hook/cmake_prefix_path.ps1'
[3.065s] INFO:colcon.colcon_core.shell:Creating environment descriptor '/mnt/c/Users/ZeroHzzzz/Desktop/robot/install/csm/share/csm/hook/cmake_prefix_path.dsv'
[3.079s] INFO:colcon.colcon_core.shell:Creating environment hook '/mnt/c/Users/ZeroHzzzz/Desktop/robot/install/csm/share/csm/hook/cmake_prefix_path.sh'
[3.098s] Level 1:colcon.colcon_core.environment:checking '/mnt/c/Users/ZeroHzzzz/Desktop/robot/install/csm/lib'
[3.102s] Level 1:colcon.colcon_core.shell:create_environment_hook('csm', 'ld_library_path_lib')
[3.103s] INFO:colcon.colcon_core.shell:Creating environment hook '/mnt/c/Users/ZeroHzzzz/Desktop/robot/install/csm/share/csm/hook/ld_library_path_lib.ps1'
[3.117s] INFO:colcon.colcon_core.shell:Creating environment descriptor '/mnt/c/Users/ZeroHzzzz/Desktop/robot/install/csm/share/csm/hook/ld_library_path_lib.dsv'
[3.146s] INFO:colcon.colcon_core.shell:Creating environment hook '/mnt/c/Users/ZeroHzzzz/Desktop/robot/install/csm/share/csm/hook/ld_library_path_lib.sh'
[3.182s] Level 1:colcon.colcon_core.environment:checking '/mnt/c/Users/ZeroHzzzz/Desktop/robot/install/csm/bin'
[3.186s] Level 1:colcon.colcon_core.environment:checking '/mnt/c/Users/ZeroHzzzz/Desktop/robot/install/csm/lib/pkgconfig/csm.pc'
[3.192s] Level 1:colcon.colcon_core.environment:checking '/mnt/c/Users/ZeroHzzzz/Desktop/robot/install/csm/lib/python3.10/site-packages'
[3.196s] Level 1:colcon.colcon_core.environment:checking '/mnt/c/Users/ZeroHzzzz/Desktop/robot/install/csm/bin'
[3.201s] INFO:colcon.colcon_core.shell:Creating package script '/mnt/c/Users/ZeroHzzzz/Desktop/robot/install/csm/share/csm/package.ps1'
[3.232s] INFO:colcon.colcon_core.shell:Creating package descriptor '/mnt/c/Users/ZeroHzzzz/Desktop/robot/install/csm/share/csm/package.dsv'
[3.260s] INFO:colcon.colcon_core.shell:Creating package script '/mnt/c/Users/ZeroHzzzz/Desktop/robot/install/csm/share/csm/package.sh'
[3.287s] INFO:colcon.colcon_core.shell:Creating package script '/mnt/c/Users/ZeroHzzzz/Desktop/robot/install/csm/share/csm/package.bash'
[3.338s] INFO:colcon.colcon_core.shell:Creating package script '/mnt/c/Users/ZeroHzzzz/Desktop/robot/install/csm/share/csm/package.zsh'
[3.359s] Level 1:colcon.colcon_core.environment:create_file_with_runtime_dependencies(/mnt/c/Users/ZeroHzzzz/Desktop/robot/install/csm/share/colcon-core/packages/csm)
[3.521s] Level 1:colcon.colcon_core.environment:create_environment_scripts_only(csm)
[3.521s] Level 1:colcon.colcon_core.environment:checking '/mnt/c/Users/ZeroHzzzz/Desktop/robot/install/csm' for CMake module files
[3.601s] Level 1:colcon.colcon_core.environment:checking '/mnt/c/Users/ZeroHzzzz/Desktop/robot/install/csm' for CMake config files
[3.670s] Level 1:colcon.colcon_core.shell:create_environment_hook('csm', 'cmake_prefix_path')
[3.671s] INFO:colcon.colcon_core.shell:Creating environment hook '/mnt/c/Users/ZeroHzzzz/Desktop/robot/install/csm/share/csm/hook/cmake_prefix_path.ps1'
[3.692s] INFO:colcon.colcon_core.shell:Creating environment descriptor '/mnt/c/Users/ZeroHzzzz/Desktop/robot/install/csm/share/csm/hook/cmake_prefix_path.dsv'
[3.706s] INFO:colcon.colcon_core.shell:Creating environment hook '/mnt/c/Users/ZeroHzzzz/Desktop/robot/install/csm/share/csm/hook/cmake_prefix_path.sh'
[3.734s] Level 1:colcon.colcon_core.environment:checking '/mnt/c/Users/ZeroHzzzz/Desktop/robot/install/csm/lib'
[3.742s] Level 1:colcon.colcon_core.shell:create_environment_hook('csm', 'ld_library_path_lib')
[3.743s] INFO:colcon.colcon_core.shell:Creating environment hook '/mnt/c/Users/ZeroHzzzz/Desktop/robot/install/csm/share/csm/hook/ld_library_path_lib.ps1'
[3.774s] INFO:colcon.colcon_core.shell:Creating environment descriptor '/mnt/c/Users/ZeroHzzzz/Desktop/robot/install/csm/share/csm/hook/ld_library_path_lib.dsv'
[3.805s] INFO:colcon.colcon_core.shell:Creating environment hook '/mnt/c/Users/ZeroHzzzz/Desktop/robot/install/csm/share/csm/hook/ld_library_path_lib.sh'
[3.852s] Level 1:colcon.colcon_core.environment:checking '/mnt/c/Users/ZeroHzzzz/Desktop/robot/install/csm/bin'
[3.857s] Level 1:colcon.colcon_core.environment:checking '/mnt/c/Users/ZeroHzzzz/Desktop/robot/install/csm/lib/pkgconfig/csm.pc'
[3.861s] Level 1:colcon.colcon_core.environment:checking '/mnt/c/Users/ZeroHzzzz/Desktop/robot/install/csm/lib/python3.10/site-packages'
[3.865s] Level 1:colcon.colcon_core.environment:checking '/mnt/c/Users/ZeroHzzzz/Desktop/robot/install/csm/bin'
[3.870s] INFO:colcon.colcon_core.shell:Creating package script '/mnt/c/Users/ZeroHzzzz/Desktop/robot/install/csm/share/csm/package.ps1'
[3.891s] INFO:colcon.colcon_core.shell:Creating package descriptor '/mnt/c/Users/ZeroHzzzz/Desktop/robot/install/csm/share/csm/package.dsv'
[3.909s] INFO:colcon.colcon_core.shell:Creating package script '/mnt/c/Users/ZeroHzzzz/Desktop/robot/install/csm/share/csm/package.sh'
[3.926s] INFO:colcon.colcon_core.shell:Creating package script '/mnt/c/Users/ZeroHzzzz/Desktop/robot/install/csm/share/csm/package.bash'
[3.944s] INFO:colcon.colcon_core.shell:Creating package script '/mnt/c/Users/ZeroHzzzz/Desktop/robot/install/csm/share/csm/package.zsh'
[3.959s] Level 1:colcon.colcon_core.environment:create_file_with_runtime_dependencies(/mnt/c/Users/ZeroHzzzz/Desktop/robot/install/csm/share/colcon-core/packages/csm)
[3.970s] INFO:colcon.colcon_ros.task.ament_cmake.build:Building ROS package in '/mnt/c/Users/ZeroHzzzz/Desktop/robot/src/ros2_laser_scan_matcher' with build type 'ament_cmake'
[3.971s] INFO:colcon.colcon_cmake.task.cmake.build:Building CMake package in '/mnt/c/Users/ZeroHzzzz/Desktop/robot/src/ros2_laser_scan_matcher'
[3.971s] INFO:colcon.colcon_core.shell:Skip shell extension 'powershell' for command environment: Not usable outside of PowerShell
[3.972s] DEBUG:colcon.colcon_core.shell:Skip shell extension 'dsv' for command environment
[4.548s] DEBUG:colcon.colcon_core.event_handler.log_command:Invoking command in '/mnt/c/Users/ZeroHzzzz/Desktop/robot/build/ros2_laser_scan_matcher': AMENT_PREFIX_PATH=/mnt/c/Users/ZeroHzzzz/Desktop/robot/install/csm:${AMENT_PREFIX_PATH} CMAKE_PREFIX_PATH=/mnt/c/Users/ZeroHzzzz/Desktop/robot/install/csm:/opt/ros/humble LD_LIBRARY_PATH=/mnt/c/Users/ZeroHzzzz/Desktop/robot/install/csm/lib:${LD_LIBRARY_PATH} /usr/bin/cmake --build /mnt/c/Users/ZeroHzzzz/Desktop/robot/build/ros2_laser_scan_matcher -- -j32 -l32
[5.827s] DEBUG:colcon.colcon_core.event_handler.log_command:Invoked command in '/mnt/c/Users/ZeroHzzzz/Desktop/robot/build/ros2_laser_scan_matcher' returned '0': AMENT_PREFIX_PATH=/mnt/c/Users/ZeroHzzzz/Desktop/robot/install/csm:${AMENT_PREFIX_PATH} CMAKE_PREFIX_PATH=/mnt/c/Users/ZeroHzzzz/Desktop/robot/install/csm:/opt/ros/humble LD_LIBRARY_PATH=/mnt/c/Users/ZeroHzzzz/Desktop/robot/install/csm/lib:${LD_LIBRARY_PATH} /usr/bin/cmake --build /mnt/c/Users/ZeroHzzzz/Desktop/robot/build/ros2_laser_scan_matcher -- -j32 -l32
[5.864s] DEBUG:colcon.colcon_core.event_handler.log_command:Invoking command in '/mnt/c/Users/ZeroHzzzz/Desktop/robot/build/ros2_laser_scan_matcher': AMENT_PREFIX_PATH=/mnt/c/Users/ZeroHzzzz/Desktop/robot/install/csm:${AMENT_PREFIX_PATH} CMAKE_PREFIX_PATH=/mnt/c/Users/ZeroHzzzz/Desktop/robot/install/csm:/opt/ros/humble LD_LIBRARY_PATH=/mnt/c/Users/ZeroHzzzz/Desktop/robot/install/csm/lib:${LD_LIBRARY_PATH} /usr/bin/cmake --install /mnt/c/Users/ZeroHzzzz/Desktop/robot/build/ros2_laser_scan_matcher
[6.816s] Level 1:colcon.colcon_core.environment:create_environment_scripts_only(ros2_laser_scan_matcher)
[6.817s] Level 1:colcon.colcon_core.environment:checking '/mnt/c/Users/ZeroHzzzz/Desktop/robot/install/ros2_laser_scan_matcher' for CMake module files
[6.818s] DEBUG:colcon.colcon_core.event_handler.log_command:Invoked command in '/mnt/c/Users/ZeroHzzzz/Desktop/robot/build/ros2_laser_scan_matcher' returned '0': AMENT_PREFIX_PATH=/mnt/c/Users/ZeroHzzzz/Desktop/robot/install/csm:${AMENT_PREFIX_PATH} CMAKE_PREFIX_PATH=/mnt/c/Users/ZeroHzzzz/Desktop/robot/install/csm:/opt/ros/humble LD_LIBRARY_PATH=/mnt/c/Users/ZeroHzzzz/Desktop/robot/install/csm/lib:${LD_LIBRARY_PATH} /usr/bin/cmake --install /mnt/c/Users/ZeroHzzzz/Desktop/robot/build/ros2_laser_scan_matcher
[6.904s] Level 1:colcon.colcon_core.environment:checking '/mnt/c/Users/ZeroHzzzz/Desktop/robot/install/ros2_laser_scan_matcher' for CMake config files
[7.044s] Level 1:colcon.colcon_core.shell:create_environment_hook('ros2_laser_scan_matcher', 'cmake_prefix_path')
[7.044s] INFO:colcon.colcon_core.shell:Creating environment hook '/mnt/c/Users/ZeroHzzzz/Desktop/robot/install/ros2_laser_scan_matcher/share/ros2_laser_scan_matcher/hook/cmake_prefix_path.ps1'
[7.065s] INFO:colcon.colcon_core.shell:Creating environment descriptor '/mnt/c/Users/ZeroHzzzz/Desktop/robot/install/ros2_laser_scan_matcher/share/ros2_laser_scan_matcher/hook/cmake_prefix_path.dsv'
[7.082s] INFO:colcon.colcon_core.shell:Creating environment hook '/mnt/c/Users/ZeroHzzzz/Desktop/robot/install/ros2_laser_scan_matcher/share/ros2_laser_scan_matcher/hook/cmake_prefix_path.sh'
[7.110s] Level 1:colcon.colcon_core.environment:checking '/mnt/c/Users/ZeroHzzzz/Desktop/robot/install/ros2_laser_scan_matcher/lib'
[7.115s] Level 1:colcon.colcon_core.environment:checking '/mnt/c/Users/ZeroHzzzz/Desktop/robot/install/ros2_laser_scan_matcher/bin'
[7.117s] Level 1:colcon.colcon_core.environment:checking '/mnt/c/Users/ZeroHzzzz/Desktop/robot/install/ros2_laser_scan_matcher/lib/pkgconfig/ros2_laser_scan_matcher.pc'
[7.119s] Level 1:colcon.colcon_core.environment:checking '/mnt/c/Users/ZeroHzzzz/Desktop/robot/install/ros2_laser_scan_matcher/lib/python3.10/site-packages'
[7.123s] Level 1:colcon.colcon_core.environment:checking '/mnt/c/Users/ZeroHzzzz/Desktop/robot/install/ros2_laser_scan_matcher/bin'
[7.125s] INFO:colcon.colcon_core.shell:Creating package script '/mnt/c/Users/ZeroHzzzz/Desktop/robot/install/ros2_laser_scan_matcher/share/ros2_laser_scan_matcher/package.ps1'
[7.138s] INFO:colcon.colcon_core.shell:Creating package descriptor '/mnt/c/Users/ZeroHzzzz/Desktop/robot/install/ros2_laser_scan_matcher/share/ros2_laser_scan_matcher/package.dsv'
[7.150s] INFO:colcon.colcon_core.shell:Creating package script '/mnt/c/Users/ZeroHzzzz/Desktop/robot/install/ros2_laser_scan_matcher/share/ros2_laser_scan_matcher/package.sh'
[7.163s] INFO:colcon.colcon_core.shell:Creating package script '/mnt/c/Users/ZeroHzzzz/Desktop/robot/install/ros2_laser_scan_matcher/share/ros2_laser_scan_matcher/package.bash'
[7.176s] INFO:colcon.colcon_core.shell:Creating package script '/mnt/c/Users/ZeroHzzzz/Desktop/robot/install/ros2_laser_scan_matcher/share/ros2_laser_scan_matcher/package.zsh'
[7.187s] Level 1:colcon.colcon_core.environment:create_file_with_runtime_dependencies(/mnt/c/Users/ZeroHzzzz/Desktop/robot/install/ros2_laser_scan_matcher/share/colcon-core/packages/ros2_laser_scan_matcher)
[7.270s] Level 1:colcon.colcon_core.environment:create_environment_scripts_only(ros2_laser_scan_matcher)
[7.272s] Level 1:colcon.colcon_core.environment:checking '/mnt/c/Users/ZeroHzzzz/Desktop/robot/install/ros2_laser_scan_matcher' for CMake module files
[7.440s] Level 1:colcon.colcon_core.environment:checking '/mnt/c/Users/ZeroHzzzz/Desktop/robot/install/ros2_laser_scan_matcher' for CMake config files
[7.529s] Level 1:colcon.colcon_core.shell:create_environment_hook('ros2_laser_scan_matcher', 'cmake_prefix_path')
[7.529s] INFO:colcon.colcon_core.shell:Creating environment hook '/mnt/c/Users/ZeroHzzzz/Desktop/robot/install/ros2_laser_scan_matcher/share/ros2_laser_scan_matcher/hook/cmake_prefix_path.ps1'
[7.557s] INFO:colcon.colcon_core.shell:Creating environment descriptor '/mnt/c/Users/ZeroHzzzz/Desktop/robot/install/ros2_laser_scan_matcher/share/ros2_laser_scan_matcher/hook/cmake_prefix_path.dsv'
[7.575s] INFO:colcon.colcon_core.shell:Creating environment hook '/mnt/c/Users/ZeroHzzzz/Desktop/robot/install/ros2_laser_scan_matcher/share/ros2_laser_scan_matcher/hook/cmake_prefix_path.sh'
[7.613s] Level 1:colcon.colcon_core.environment:checking '/mnt/c/Users/ZeroHzzzz/Desktop/robot/install/ros2_laser_scan_matcher/lib'
[7.618s] Level 1:colcon.colcon_core.environment:checking '/mnt/c/Users/ZeroHzzzz/Desktop/robot/install/ros2_laser_scan_matcher/bin'
[7.619s] Level 1:colcon.colcon_core.environment:checking '/mnt/c/Users/ZeroHzzzz/Desktop/robot/install/ros2_laser_scan_matcher/lib/pkgconfig/ros2_laser_scan_matcher.pc'
[7.620s] Level 1:colcon.colcon_core.environment:checking '/mnt/c/Users/ZeroHzzzz/Desktop/robot/install/ros2_laser_scan_matcher/lib/python3.10/site-packages'
[7.622s] Level 1:colcon.colcon_core.environment:checking '/mnt/c/Users/ZeroHzzzz/Desktop/robot/install/ros2_laser_scan_matcher/bin'
[7.624s] INFO:colcon.colcon_core.shell:Creating package script '/mnt/c/Users/ZeroHzzzz/Desktop/robot/install/ros2_laser_scan_matcher/share/ros2_laser_scan_matcher/package.ps1'
[7.639s] INFO:colcon.colcon_core.shell:Creating package descriptor '/mnt/c/Users/ZeroHzzzz/Desktop/robot/install/ros2_laser_scan_matcher/share/ros2_laser_scan_matcher/package.dsv'
[7.654s] INFO:colcon.colcon_core.shell:Creating package script '/mnt/c/Users/ZeroHzzzz/Desktop/robot/install/ros2_laser_scan_matcher/share/ros2_laser_scan_matcher/package.sh'
[7.668s] INFO:colcon.colcon_core.shell:Creating package script '/mnt/c/Users/ZeroHzzzz/Desktop/robot/install/ros2_laser_scan_matcher/share/ros2_laser_scan_matcher/package.bash'
[7.685s] INFO:colcon.colcon_core.shell:Creating package script '/mnt/c/Users/ZeroHzzzz/Desktop/robot/install/ros2_laser_scan_matcher/share/ros2_laser_scan_matcher/package.zsh'
[7.703s] Level 1:colcon.colcon_core.environment:create_file_with_runtime_dependencies(/mnt/c/Users/ZeroHzzzz/Desktop/robot/install/ros2_laser_scan_matcher/share/colcon-core/packages/ros2_laser_scan_matcher)
[7.711s] INFO:colcon.colcon_ros.task.ament_python.build:Building ROS package in '/mnt/c/Users/ZeroHzzzz/Desktop/robot/src/nav' with build type 'ament_python'
[7.711s] Level 1:colcon.colcon_core.shell:create_environment_hook('nav', 'ament_prefix_path')
[7.712s] INFO:colcon.colcon_core.shell:Creating environment hook '/mnt/c/Users/ZeroHzzzz/Desktop/robot/install/nav/share/nav/hook/ament_prefix_path.ps1'
[7.721s] INFO:colcon.colcon_core.shell:Creating environment descriptor '/mnt/c/Users/ZeroHzzzz/Desktop/robot/install/nav/share/nav/hook/ament_prefix_path.dsv'
[7.731s] INFO:colcon.colcon_core.shell:Creating environment hook '/mnt/c/Users/ZeroHzzzz/Desktop/robot/install/nav/share/nav/hook/ament_prefix_path.sh'
[7.743s] INFO:colcon.colcon_core.shell:Skip shell extension 'powershell' for command environment: Not usable outside of PowerShell
[7.743s] DEBUG:colcon.colcon_core.shell:Skip shell extension 'dsv' for command environment
[8.407s] INFO:colcon.colcon_core.task.python.build:Building Python package in '/mnt/c/Users/ZeroHzzzz/Desktop/robot/src/nav'
[8.408s] INFO:colcon.colcon_core.shell:Skip shell extension 'powershell' for command environment: Not usable outside of PowerShell
[8.408s] DEBUG:colcon.colcon_core.shell:Skip shell extension 'dsv' for command environment
[10.014s] DEBUG:colcon.colcon_core.event_handler.log_command:Invoking command in '/mnt/c/Users/ZeroHzzzz/Desktop/robot/src/nav': AMENT_PREFIX_PATH=/mnt/c/Users/ZeroHzzzz/Desktop/robot/install/ros2_laser_scan_matcher:/mnt/c/Users/ZeroHzzzz/Desktop/robot/install/csm:${AMENT_PREFIX_PATH} CMAKE_PREFIX_PATH=/mnt/c/Users/ZeroHzzzz/Desktop/robot/install/ros2_laser_scan_matcher:/mnt/c/Users/ZeroHzzzz/Desktop/robot/install/csm LD_LIBRARY_PATH=/mnt/c/Users/ZeroHzzzz/Desktop/robot/install/csm/lib:${LD_LIBRARY_PATH} PYTHONPATH=/mnt/c/Users/ZeroHzzzz/Desktop/robot/build/nav/prefix_override:/usr/lib/python3/dist-packages/colcon_core/task/python/colcon_distutils_commands:/mnt/c/Users/ZeroHzzzz/Desktop/robot/install/nav/lib/python3.10/site-packages:${PYTHONPATH} /usr/bin/python3 -W ignore:setup.py install is deprecated setup.py egg_info --egg-base ../../build/nav build --build-base /mnt/c/Users/ZeroHzzzz/Desktop/robot/build/nav/build install --record /mnt/c/Users/ZeroHzzzz/Desktop/robot/build/nav/install.log --single-version-externally-managed install_data
[12.093s] Level 1:colcon.colcon_core.environment:checking '/mnt/c/Users/ZeroHzzzz/Desktop/robot/install/nav' for CMake module files
[12.096s] DEBUG:colcon.colcon_core.event_handler.log_command:Invoked command in '/mnt/c/Users/ZeroHzzzz/Desktop/robot/src/nav' returned '0': AMENT_PREFIX_PATH=/mnt/c/Users/ZeroHzzzz/Desktop/robot/install/ros2_laser_scan_matcher:/mnt/c/Users/ZeroHzzzz/Desktop/robot/install/csm:${AMENT_PREFIX_PATH} CMAKE_PREFIX_PATH=/mnt/c/Users/ZeroHzzzz/Desktop/robot/install/ros2_laser_scan_matcher:/mnt/c/Users/ZeroHzzzz/Desktop/robot/install/csm LD_LIBRARY_PATH=/mnt/c/Users/ZeroHzzzz/Desktop/robot/install/csm/lib:${LD_LIBRARY_PATH} PYTHONPATH=/mnt/c/Users/ZeroHzzzz/Desktop/robot/build/nav/prefix_override:/usr/lib/python3/dist-packages/colcon_core/task/python/colcon_distutils_commands:/mnt/c/Users/ZeroHzzzz/Desktop/robot/install/nav/lib/python3.10/site-packages:${PYTHONPATH} /usr/bin/python3 -W ignore:setup.py install is deprecated setup.py egg_info --egg-base ../../build/nav build --build-base /mnt/c/Users/ZeroHzzzz/Desktop/robot/build/nav/build install --record /mnt/c/Users/ZeroHzzzz/Desktop/robot/build/nav/install.log --single-version-externally-managed install_data
[12.213s] Level 1:colcon.colcon_core.environment:checking '/mnt/c/Users/ZeroHzzzz/Desktop/robot/install/nav' for CMake config files
[12.389s] Level 1:colcon.colcon_core.environment:checking '/mnt/c/Users/ZeroHzzzz/Desktop/robot/install/nav/lib'
[12.396s] Level 1:colcon.colcon_core.environment:checking '/mnt/c/Users/ZeroHzzzz/Desktop/robot/install/nav/bin'
[12.399s] Level 1:colcon.colcon_core.environment:checking '/mnt/c/Users/ZeroHzzzz/Desktop/robot/install/nav/lib/pkgconfig/nav.pc'
[12.403s] Level 1:colcon.colcon_core.environment:checking '/mnt/c/Users/ZeroHzzzz/Desktop/robot/install/nav/lib/python3.10/site-packages'
[12.409s] Level 1:colcon.colcon_core.shell:create_environment_hook('nav', 'pythonpath')
[12.410s] INFO:colcon.colcon_core.shell:Creating environment hook '/mnt/c/Users/ZeroHzzzz/Desktop/robot/install/nav/share/nav/hook/pythonpath.ps1'
[12.446s] INFO:colcon.colcon_core.shell:Creating environment descriptor '/mnt/c/Users/ZeroHzzzz/Desktop/robot/install/nav/share/nav/hook/pythonpath.dsv'
[12.491s] INFO:colcon.colcon_core.shell:Creating environment hook '/mnt/c/Users/ZeroHzzzz/Desktop/robot/install/nav/share/nav/hook/pythonpath.sh'
[12.520s] Level 1:colcon.colcon_core.environment:checking '/mnt/c/Users/ZeroHzzzz/Desktop/robot/install/nav/bin'
[12.523s] Level 1:colcon.colcon_core.environment:create_environment_scripts_only(nav)
[12.523s] INFO:colcon.colcon_core.shell:Creating package script '/mnt/c/Users/ZeroHzzzz/Desktop/robot/install/nav/share/nav/package.ps1'
[12.543s] INFO:colcon.colcon_core.shell:Creating package descriptor '/mnt/c/Users/ZeroHzzzz/Desktop/robot/install/nav/share/nav/package.dsv'
[12.574s] INFO:colcon.colcon_core.shell:Creating package script '/mnt/c/Users/ZeroHzzzz/Desktop/robot/install/nav/share/nav/package.sh'
[12.602s] INFO:colcon.colcon_core.shell:Creating package script '/mnt/c/Users/ZeroHzzzz/Desktop/robot/install/nav/share/nav/package.bash'
[12.628s] INFO:colcon.colcon_core.shell:Creating package script '/mnt/c/Users/ZeroHzzzz/Desktop/robot/install/nav/share/nav/package.zsh'
[12.646s] Level 1:colcon.colcon_core.environment:create_file_with_runtime_dependencies(/mnt/c/Users/ZeroHzzzz/Desktop/robot/install/nav/share/colcon-core/packages/nav)
[12.659s] DEBUG:colcon.colcon_parallel_executor.executor.parallel:closing loop
[12.660s] DEBUG:colcon.colcon_parallel_executor.executor.parallel:loop closed
[12.661s] DEBUG:colcon.colcon_parallel_executor.executor.parallel:run_until_complete finished with '0'
[12.661s] DEBUG:colcon.colcon_core.event_reactor:joining thread
[12.678s] INFO:colcon.colcon_core.plugin_system:Skipping extension 'colcon_notification.desktop_notification.terminal_notifier': Not used on non-Darwin systems
[12.678s] INFO:colcon.colcon_core.plugin_system:Skipping extension 'colcon_notification.desktop_notification.win32': Not used on non-Windows systems
[12.679s] INFO:colcon.colcon_notification.desktop_notification:Sending desktop notification using 'notify2'
