[0.128s] DEBUG:colcon:Command line arguments: ['/usr/bin/colcon', 'build']
[0.128s] DEBUG:colcon:Parsed command line arguments: Namespace(log_base=None, log_level=None, verb_name='build', build_base='build', install_base='install', merge_install=False, symlink_install=False, test_result_base=None, continue_on_error=False, executor='parallel', parallel_workers=8, event_handlers=None, ignore_user_meta=False, metas=['./colcon.meta'], base_paths=['.'], packages_ignore=None, packages_ignore_regex=None, paths=None, packages_up_to=None, packages_up_to_regex=None, packages_above=None, packages_above_and_dependencies=None, packages_above_depth=None, packages_select_by_dep=None, packages_skip_by_dep=None, packages_skip_up_to=None, packages_select_build_failed=False, packages_skip_build_finished=False, packages_select_test_failures=False, packages_skip_test_passed=False, packages_select=None, packages_skip=None, packages_select_regex=None, packages_skip_regex=None, packages_start=None, packages_end=None, allow_overriding=[], cmake_args=None, cmake_target=None, cmake_target_skip_unavailable=False, cmake_clean_cache=False, cmake_clean_first=False, cmake_force_configure=False, ament_cmake_args=None, catkin_cmake_args=None, catkin_skip_building_tests=False, mixin_files=None, mixin=None, verb_parser=<colcon_mixin.mixin.mixin_argument.MixinArgumentDecorator object at 0x7f96477376d0>, verb_extension=<colcon_core.verb.build.BuildVerb object at 0x7f96477370a0>, main=<bound method BuildVerb.main of <colcon_core.verb.build.BuildVerb object at 0x7f96477370a0>>, mixin_verb=('build',))
[0.329s] Level 1:colcon.colcon_core.package_discovery:discover_packages(colcon_meta) check parameters
[0.329s] Level 1:colcon.colcon_core.package_discovery:discover_packages(recursive) check parameters
[0.329s] Level 1:colcon.colcon_core.package_discovery:discover_packages(ignore) check parameters
[0.329s] Level 1:colcon.colcon_core.package_discovery:discover_packages(path) check parameters
[0.329s] Level 1:colcon.colcon_core.package_discovery:discover_packages(colcon_meta) discover
[0.329s] Level 1:colcon.colcon_core.package_discovery:discover_packages(recursive) discover
[0.329s] INFO:colcon.colcon_core.package_discovery:Crawling recursively for packages in '/home/zerohzzzz/Documents/ros2-slam-comparison'
[0.329s] Level 1:colcon.colcon_core.package_identification:_identify(.) by extensions ['ignore', 'ignore_ament_install']
[0.330s] Level 1:colcon.colcon_core.package_identification:_identify(.) by extension 'ignore'
[0.330s] Level 1:colcon.colcon_core.package_identification:_identify(.) by extension 'ignore_ament_install'
[0.330s] Level 1:colcon.colcon_core.package_identification:_identify(.) by extensions ['colcon_pkg']
[0.330s] Level 1:colcon.colcon_core.package_identification:_identify(.) by extension 'colcon_pkg'
[0.330s] Level 1:colcon.colcon_core.package_identification:_identify(.) by extensions ['colcon_meta']
[0.330s] Level 1:colcon.colcon_core.package_identification:_identify(.) by extension 'colcon_meta'
[0.330s] Level 1:colcon.colcon_core.package_identification:_identify(.) by extensions ['ros']
[0.330s] Level 1:colcon.colcon_core.package_identification:_identify(.) by extension 'ros'
[0.341s] Level 1:colcon.colcon_core.package_identification:_identify(.) by extensions ['cmake', 'python']
[0.341s] Level 1:colcon.colcon_core.package_identification:_identify(.) by extension 'cmake'
[0.341s] Level 1:colcon.colcon_core.package_identification:_identify(.) by extension 'python'
[0.342s] Level 1:colcon.colcon_core.package_identification:_identify(.) by extensions ['python_setup_py']
[0.342s] Level 1:colcon.colcon_core.package_identification:_identify(.) by extension 'python_setup_py'
[0.342s] Level 1:colcon.colcon_core.package_identification:_identify(assests) by extensions ['ignore', 'ignore_ament_install']
[0.342s] Level 1:colcon.colcon_core.package_identification:_identify(assests) by extension 'ignore'
[0.342s] Level 1:colcon.colcon_core.package_identification:_identify(assests) by extension 'ignore_ament_install'
[0.342s] Level 1:colcon.colcon_core.package_identification:_identify(assests) by extensions ['colcon_pkg']
[0.342s] Level 1:colcon.colcon_core.package_identification:_identify(assests) by extension 'colcon_pkg'
[0.342s] Level 1:colcon.colcon_core.package_identification:_identify(assests) by extensions ['colcon_meta']
[0.342s] Level 1:colcon.colcon_core.package_identification:_identify(assests) by extension 'colcon_meta'
[0.342s] Level 1:colcon.colcon_core.package_identification:_identify(assests) by extensions ['ros']
[0.342s] Level 1:colcon.colcon_core.package_identification:_identify(assests) by extension 'ros'
[0.342s] Level 1:colcon.colcon_core.package_identification:_identify(assests) by extensions ['cmake', 'python']
[0.342s] Level 1:colcon.colcon_core.package_identification:_identify(assests) by extension 'cmake'
[0.342s] Level 1:colcon.colcon_core.package_identification:_identify(assests) by extension 'python'
[0.342s] Level 1:colcon.colcon_core.package_identification:_identify(assests) by extensions ['python_setup_py']
[0.342s] Level 1:colcon.colcon_core.package_identification:_identify(assests) by extension 'python_setup_py'
[0.347s] Level 1:colcon.colcon_core.package_identification:_identify(assests/images) by extensions ['ignore', 'ignore_ament_install']
[0.348s] Level 1:colcon.colcon_core.package_identification:_identify(assests/images) by extension 'ignore'
[0.348s] Level 1:colcon.colcon_core.package_identification:_identify(assests/images) by extension 'ignore_ament_install'
[0.348s] Level 1:colcon.colcon_core.package_identification:_identify(assests/images) by extensions ['colcon_pkg']
[0.348s] Level 1:colcon.colcon_core.package_identification:_identify(assests/images) by extension 'colcon_pkg'
[0.348s] Level 1:colcon.colcon_core.package_identification:_identify(assests/images) by extensions ['colcon_meta']
[0.348s] Level 1:colcon.colcon_core.package_identification:_identify(assests/images) by extension 'colcon_meta'
[0.348s] Level 1:colcon.colcon_core.package_identification:_identify(assests/images) by extensions ['ros']
[0.348s] Level 1:colcon.colcon_core.package_identification:_identify(assests/images) by extension 'ros'
[0.348s] Level 1:colcon.colcon_core.package_identification:_identify(assests/images) by extensions ['cmake', 'python']
[0.348s] Level 1:colcon.colcon_core.package_identification:_identify(assests/images) by extension 'cmake'
[0.348s] Level 1:colcon.colcon_core.package_identification:_identify(assests/images) by extension 'python'
[0.348s] Level 1:colcon.colcon_core.package_identification:_identify(assests/images) by extensions ['python_setup_py']
[0.348s] Level 1:colcon.colcon_core.package_identification:_identify(assests/images) by extension 'python_setup_py'
[0.348s] Level 1:colcon.colcon_core.package_identification:_identify(aws-robomaker-small-house-world) by extensions ['ignore', 'ignore_ament_install']
[0.349s] Level 1:colcon.colcon_core.package_identification:_identify(aws-robomaker-small-house-world) by extension 'ignore'
[0.349s] Level 1:colcon.colcon_core.package_identification:_identify(aws-robomaker-small-house-world) by extension 'ignore_ament_install'
[0.349s] Level 1:colcon.colcon_core.package_identification:_identify(aws-robomaker-small-house-world) by extensions ['colcon_pkg']
[0.349s] Level 1:colcon.colcon_core.package_identification:_identify(aws-robomaker-small-house-world) by extension 'colcon_pkg'
[0.349s] Level 1:colcon.colcon_core.package_identification:_identify(aws-robomaker-small-house-world) by extensions ['colcon_meta']
[0.349s] Level 1:colcon.colcon_core.package_identification:_identify(aws-robomaker-small-house-world) by extension 'colcon_meta'
[0.349s] Level 1:colcon.colcon_core.package_identification:_identify(aws-robomaker-small-house-world) by extensions ['ros']
[0.349s] Level 1:colcon.colcon_core.package_identification:_identify(aws-robomaker-small-house-world) by extension 'ros'
[0.352s] DEBUG:colcon.colcon_core.package_identification:Package 'aws-robomaker-small-house-world' with type 'ros.ament_cmake' and name 'aws_robomaker_small_house_world'
[0.352s] Level 1:colcon.colcon_core.package_identification:_identify(build) by extensions ['ignore', 'ignore_ament_install']
[0.352s] Level 1:colcon.colcon_core.package_identification:_identify(build) by extension 'ignore'
[0.353s] Level 1:colcon.colcon_core.package_identification:_identify(build) ignored
[0.353s] Level 1:colcon.colcon_core.package_identification:_identify(install) by extensions ['ignore', 'ignore_ament_install']
[0.353s] Level 1:colcon.colcon_core.package_identification:_identify(install) by extension 'ignore'
[0.353s] Level 1:colcon.colcon_core.package_identification:_identify(install) ignored
[0.353s] Level 1:colcon.colcon_core.package_identification:_identify(log) by extensions ['ignore', 'ignore_ament_install']
[0.353s] Level 1:colcon.colcon_core.package_identification:_identify(log) by extension 'ignore'
[0.353s] Level 1:colcon.colcon_core.package_identification:_identify(log) ignored
[0.353s] Level 1:colcon.colcon_core.package_identification:_identify(noisy_odometry) by extensions ['ignore', 'ignore_ament_install']
[0.353s] Level 1:colcon.colcon_core.package_identification:_identify(noisy_odometry) by extension 'ignore'
[0.353s] Level 1:colcon.colcon_core.package_identification:_identify(noisy_odometry) by extension 'ignore_ament_install'
[0.353s] Level 1:colcon.colcon_core.package_identification:_identify(noisy_odometry) by extensions ['colcon_pkg']
[0.353s] Level 1:colcon.colcon_core.package_identification:_identify(noisy_odometry) by extension 'colcon_pkg'
[0.353s] Level 1:colcon.colcon_core.package_identification:_identify(noisy_odometry) by extensions ['colcon_meta']
[0.354s] Level 1:colcon.colcon_core.package_identification:_identify(noisy_odometry) by extension 'colcon_meta'
[0.354s] Level 1:colcon.colcon_core.package_identification:_identify(noisy_odometry) by extensions ['ros']
[0.354s] Level 1:colcon.colcon_core.package_identification:_identify(noisy_odometry) by extension 'ros'
[0.355s] DEBUG:colcon.colcon_core.package_identification:Package 'noisy_odometry' with type 'ros.ament_cmake' and name 'noisy_odometry'
[0.355s] Level 1:colcon.colcon_core.package_identification:_identify(turtlebot3_burger) by extensions ['ignore', 'ignore_ament_install']
[0.355s] Level 1:colcon.colcon_core.package_identification:_identify(turtlebot3_burger) by extension 'ignore'
[0.355s] Level 1:colcon.colcon_core.package_identification:_identify(turtlebot3_burger) by extension 'ignore_ament_install'
[0.355s] Level 1:colcon.colcon_core.package_identification:_identify(turtlebot3_burger) by extensions ['colcon_pkg']
[0.355s] Level 1:colcon.colcon_core.package_identification:_identify(turtlebot3_burger) by extension 'colcon_pkg'
[0.355s] Level 1:colcon.colcon_core.package_identification:_identify(turtlebot3_burger) by extensions ['colcon_meta']
[0.356s] Level 1:colcon.colcon_core.package_identification:_identify(turtlebot3_burger) by extension 'colcon_meta'
[0.356s] Level 1:colcon.colcon_core.package_identification:_identify(turtlebot3_burger) by extensions ['ros']
[0.356s] Level 1:colcon.colcon_core.package_identification:_identify(turtlebot3_burger) by extension 'ros'
[0.357s] DEBUG:colcon.colcon_core.package_identification:Package 'turtlebot3_burger' with type 'ros.ament_cmake' and name 'turtlebot3_burger'
[0.357s] Level 1:colcon.colcon_core.package_identification:_identify(turtlebot3_burger_navigation2) by extensions ['ignore', 'ignore_ament_install']
[0.357s] Level 1:colcon.colcon_core.package_identification:_identify(turtlebot3_burger_navigation2) by extension 'ignore'
[0.357s] Level 1:colcon.colcon_core.package_identification:_identify(turtlebot3_burger_navigation2) by extension 'ignore_ament_install'
[0.357s] Level 1:colcon.colcon_core.package_identification:_identify(turtlebot3_burger_navigation2) by extensions ['colcon_pkg']
[0.357s] Level 1:colcon.colcon_core.package_identification:_identify(turtlebot3_burger_navigation2) by extension 'colcon_pkg'
[0.358s] Level 1:colcon.colcon_core.package_identification:_identify(turtlebot3_burger_navigation2) by extensions ['colcon_meta']
[0.358s] Level 1:colcon.colcon_core.package_identification:_identify(turtlebot3_burger_navigation2) by extension 'colcon_meta'
[0.358s] Level 1:colcon.colcon_core.package_identification:_identify(turtlebot3_burger_navigation2) by extensions ['ros']
[0.358s] Level 1:colcon.colcon_core.package_identification:_identify(turtlebot3_burger_navigation2) by extension 'ros'
[0.359s] DEBUG:colcon.colcon_core.package_identification:Package 'turtlebot3_burger_navigation2' with type 'ros.ament_cmake' and name 'turtlebot3_burger_navigation2'
[0.359s] Level 1:colcon.colcon_core.package_identification:_identify(turtlebot3_cartographer) by extensions ['ignore', 'ignore_ament_install']
[0.359s] Level 1:colcon.colcon_core.package_identification:_identify(turtlebot3_cartographer) by extension 'ignore'
[0.360s] Level 1:colcon.colcon_core.package_identification:_identify(turtlebot3_cartographer) by extension 'ignore_ament_install'
[0.360s] Level 1:colcon.colcon_core.package_identification:_identify(turtlebot3_cartographer) by extensions ['colcon_pkg']
[0.360s] Level 1:colcon.colcon_core.package_identification:_identify(turtlebot3_cartographer) by extension 'colcon_pkg'
[0.360s] Level 1:colcon.colcon_core.package_identification:_identify(turtlebot3_cartographer) by extensions ['colcon_meta']
[0.360s] Level 1:colcon.colcon_core.package_identification:_identify(turtlebot3_cartographer) by extension 'colcon_meta'
[0.360s] Level 1:colcon.colcon_core.package_identification:_identify(turtlebot3_cartographer) by extensions ['ros']
[0.360s] Level 1:colcon.colcon_core.package_identification:_identify(turtlebot3_cartographer) by extension 'ros'
[0.361s] DEBUG:colcon.colcon_core.package_identification:Package 'turtlebot3_cartographer' with type 'ros.ament_cmake' and name 'turtlebot3_cartographer'
[0.361s] Level 1:colcon.colcon_core.package_identification:_identify(turtlebot3_rtab) by extensions ['ignore', 'ignore_ament_install']
[0.361s] Level 1:colcon.colcon_core.package_identification:_identify(turtlebot3_rtab) by extension 'ignore'
[0.361s] Level 1:colcon.colcon_core.package_identification:_identify(turtlebot3_rtab) by extension 'ignore_ament_install'
[0.361s] Level 1:colcon.colcon_core.package_identification:_identify(turtlebot3_rtab) by extensions ['colcon_pkg']
[0.361s] Level 1:colcon.colcon_core.package_identification:_identify(turtlebot3_rtab) by extension 'colcon_pkg'
[0.361s] Level 1:colcon.colcon_core.package_identification:_identify(turtlebot3_rtab) by extensions ['colcon_meta']
[0.361s] Level 1:colcon.colcon_core.package_identification:_identify(turtlebot3_rtab) by extension 'colcon_meta'
[0.361s] Level 1:colcon.colcon_core.package_identification:_identify(turtlebot3_rtab) by extensions ['ros']
[0.361s] Level 1:colcon.colcon_core.package_identification:_identify(turtlebot3_rtab) by extension 'ros'
[0.362s] DEBUG:colcon.colcon_core.package_identification:Package 'turtlebot3_rtab' with type 'ros.ament_cmake' and name 'turtlebot3_rtab'
[0.362s] Level 1:colcon.colcon_core.package_discovery:discover_packages(recursive) using defaults
[0.362s] Level 1:colcon.colcon_core.package_discovery:discover_packages(ignore) discover
[0.362s] Level 1:colcon.colcon_core.package_discovery:discover_packages(ignore) using defaults
[0.362s] Level 1:colcon.colcon_core.package_discovery:discover_packages(path) discover
[0.362s] Level 1:colcon.colcon_core.package_discovery:discover_packages(path) using defaults
[0.401s] Level 1:colcon.colcon_core.package_discovery:discover_packages(prefix_path) check parameters
[0.401s] Level 1:colcon.colcon_core.package_discovery:discover_packages(prefix_path) discover
[0.403s] DEBUG:colcon.colcon_installed_package_information.package_discovery:Found 6 installed packages in /home/zerohzzzz/Documents/ros2-slam-comparison/install
[0.404s] DEBUG:colcon.colcon_installed_package_information.package_discovery:Found 10 installed packages in /home/zerohzzzz/Documents/RobotNav2/install
[0.406s] DEBUG:colcon.colcon_installed_package_information.package_discovery:Found 413 installed packages in /opt/ros/iron
[0.409s] Level 1:colcon.colcon_core.package_discovery:discover_packages(prefix_path) using defaults
[0.488s] Level 5:colcon.colcon_core.verb:set package 'aws_robomaker_small_house_world' build argument 'cmake_args' from command line to 'None'
[0.488s] Level 5:colcon.colcon_core.verb:set package 'aws_robomaker_small_house_world' build argument 'cmake_target' from command line to 'None'
[0.488s] Level 5:colcon.colcon_core.verb:set package 'aws_robomaker_small_house_world' build argument 'cmake_target_skip_unavailable' from command line to 'False'
[0.488s] Level 5:colcon.colcon_core.verb:set package 'aws_robomaker_small_house_world' build argument 'cmake_clean_cache' from command line to 'False'
[0.488s] Level 5:colcon.colcon_core.verb:set package 'aws_robomaker_small_house_world' build argument 'cmake_clean_first' from command line to 'False'
[0.488s] Level 5:colcon.colcon_core.verb:set package 'aws_robomaker_small_house_world' build argument 'cmake_force_configure' from command line to 'False'
[0.488s] Level 5:colcon.colcon_core.verb:set package 'aws_robomaker_small_house_world' build argument 'ament_cmake_args' from command line to 'None'
[0.488s] Level 5:colcon.colcon_core.verb:set package 'aws_robomaker_small_house_world' build argument 'catkin_cmake_args' from command line to 'None'
[0.488s] Level 5:colcon.colcon_core.verb:set package 'aws_robomaker_small_house_world' build argument 'catkin_skip_building_tests' from command line to 'False'
[0.488s] DEBUG:colcon.colcon_core.verb:Building package 'aws_robomaker_small_house_world' with the following arguments: {'ament_cmake_args': None, 'build_base': '/home/zerohzzzz/Documents/ros2-slam-comparison/build/aws_robomaker_small_house_world', 'catkin_cmake_args': None, 'catkin_skip_building_tests': False, 'cmake_args': None, 'cmake_clean_cache': False, 'cmake_clean_first': False, 'cmake_force_configure': False, 'cmake_target': None, 'cmake_target_skip_unavailable': False, 'install_base': '/home/zerohzzzz/Documents/ros2-slam-comparison/install/aws_robomaker_small_house_world', 'merge_install': False, 'path': '/home/zerohzzzz/Documents/ros2-slam-comparison/aws-robomaker-small-house-world', 'symlink_install': False, 'test_result_base': None}
[0.489s] Level 5:colcon.colcon_core.verb:set package 'noisy_odometry' build argument 'cmake_args' from command line to 'None'
[0.489s] Level 5:colcon.colcon_core.verb:set package 'noisy_odometry' build argument 'cmake_target' from command line to 'None'
[0.489s] Level 5:colcon.colcon_core.verb:set package 'noisy_odometry' build argument 'cmake_target_skip_unavailable' from command line to 'False'
[0.489s] Level 5:colcon.colcon_core.verb:set package 'noisy_odometry' build argument 'cmake_clean_cache' from command line to 'False'
[0.489s] Level 5:colcon.colcon_core.verb:set package 'noisy_odometry' build argument 'cmake_clean_first' from command line to 'False'
[0.489s] Level 5:colcon.colcon_core.verb:set package 'noisy_odometry' build argument 'cmake_force_configure' from command line to 'False'
[0.489s] Level 5:colcon.colcon_core.verb:set package 'noisy_odometry' build argument 'ament_cmake_args' from command line to 'None'
[0.489s] Level 5:colcon.colcon_core.verb:set package 'noisy_odometry' build argument 'catkin_cmake_args' from command line to 'None'
[0.489s] Level 5:colcon.colcon_core.verb:set package 'noisy_odometry' build argument 'catkin_skip_building_tests' from command line to 'False'
[0.489s] DEBUG:colcon.colcon_core.verb:Building package 'noisy_odometry' with the following arguments: {'ament_cmake_args': None, 'build_base': '/home/zerohzzzz/Documents/ros2-slam-comparison/build/noisy_odometry', 'catkin_cmake_args': None, 'catkin_skip_building_tests': False, 'cmake_args': None, 'cmake_clean_cache': False, 'cmake_clean_first': False, 'cmake_force_configure': False, 'cmake_target': None, 'cmake_target_skip_unavailable': False, 'install_base': '/home/zerohzzzz/Documents/ros2-slam-comparison/install/noisy_odometry', 'merge_install': False, 'path': '/home/zerohzzzz/Documents/ros2-slam-comparison/noisy_odometry', 'symlink_install': False, 'test_result_base': None}
[0.489s] Level 5:colcon.colcon_core.verb:set package 'turtlebot3_burger' build argument 'cmake_args' from command line to 'None'
[0.490s] Level 5:colcon.colcon_core.verb:set package 'turtlebot3_burger' build argument 'cmake_target' from command line to 'None'
[0.490s] Level 5:colcon.colcon_core.verb:set package 'turtlebot3_burger' build argument 'cmake_target_skip_unavailable' from command line to 'False'
[0.490s] Level 5:colcon.colcon_core.verb:set package 'turtlebot3_burger' build argument 'cmake_clean_cache' from command line to 'False'
[0.490s] Level 5:colcon.colcon_core.verb:set package 'turtlebot3_burger' build argument 'cmake_clean_first' from command line to 'False'
[0.490s] Level 5:colcon.colcon_core.verb:set package 'turtlebot3_burger' build argument 'cmake_force_configure' from command line to 'False'
[0.490s] Level 5:colcon.colcon_core.verb:set package 'turtlebot3_burger' build argument 'ament_cmake_args' from command line to 'None'
[0.490s] Level 5:colcon.colcon_core.verb:set package 'turtlebot3_burger' build argument 'catkin_cmake_args' from command line to 'None'
[0.490s] Level 5:colcon.colcon_core.verb:set package 'turtlebot3_burger' build argument 'catkin_skip_building_tests' from command line to 'False'
[0.490s] DEBUG:colcon.colcon_core.verb:Building package 'turtlebot3_burger' with the following arguments: {'ament_cmake_args': None, 'build_base': '/home/zerohzzzz/Documents/ros2-slam-comparison/build/turtlebot3_burger', 'catkin_cmake_args': None, 'catkin_skip_building_tests': False, 'cmake_args': None, 'cmake_clean_cache': False, 'cmake_clean_first': False, 'cmake_force_configure': False, 'cmake_target': None, 'cmake_target_skip_unavailable': False, 'install_base': '/home/zerohzzzz/Documents/ros2-slam-comparison/install/turtlebot3_burger', 'merge_install': False, 'path': '/home/zerohzzzz/Documents/ros2-slam-comparison/turtlebot3_burger', 'symlink_install': False, 'test_result_base': None}
[0.490s] Level 5:colcon.colcon_core.verb:set package 'turtlebot3_burger_navigation2' build argument 'cmake_args' from command line to 'None'
[0.490s] Level 5:colcon.colcon_core.verb:set package 'turtlebot3_burger_navigation2' build argument 'cmake_target' from command line to 'None'
[0.490s] Level 5:colcon.colcon_core.verb:set package 'turtlebot3_burger_navigation2' build argument 'cmake_target_skip_unavailable' from command line to 'False'
[0.490s] Level 5:colcon.colcon_core.verb:set package 'turtlebot3_burger_navigation2' build argument 'cmake_clean_cache' from command line to 'False'
[0.490s] Level 5:colcon.colcon_core.verb:set package 'turtlebot3_burger_navigation2' build argument 'cmake_clean_first' from command line to 'False'
[0.490s] Level 5:colcon.colcon_core.verb:set package 'turtlebot3_burger_navigation2' build argument 'cmake_force_configure' from command line to 'False'
[0.490s] Level 5:colcon.colcon_core.verb:set package 'turtlebot3_burger_navigation2' build argument 'ament_cmake_args' from command line to 'None'
[0.490s] Level 5:colcon.colcon_core.verb:set package 'turtlebot3_burger_navigation2' build argument 'catkin_cmake_args' from command line to 'None'
[0.490s] Level 5:colcon.colcon_core.verb:set package 'turtlebot3_burger_navigation2' build argument 'catkin_skip_building_tests' from command line to 'False'
[0.490s] DEBUG:colcon.colcon_core.verb:Building package 'turtlebot3_burger_navigation2' with the following arguments: {'ament_cmake_args': None, 'build_base': '/home/zerohzzzz/Documents/ros2-slam-comparison/build/turtlebot3_burger_navigation2', 'catkin_cmake_args': None, 'catkin_skip_building_tests': False, 'cmake_args': None, 'cmake_clean_cache': False, 'cmake_clean_first': False, 'cmake_force_configure': False, 'cmake_target': None, 'cmake_target_skip_unavailable': False, 'install_base': '/home/zerohzzzz/Documents/ros2-slam-comparison/install/turtlebot3_burger_navigation2', 'merge_install': False, 'path': '/home/zerohzzzz/Documents/ros2-slam-comparison/turtlebot3_burger_navigation2', 'symlink_install': False, 'test_result_base': None}
[0.491s] Level 5:colcon.colcon_core.verb:set package 'turtlebot3_cartographer' build argument 'cmake_args' from command line to 'None'
[0.491s] Level 5:colcon.colcon_core.verb:set package 'turtlebot3_cartographer' build argument 'cmake_target' from command line to 'None'
[0.491s] Level 5:colcon.colcon_core.verb:set package 'turtlebot3_cartographer' build argument 'cmake_target_skip_unavailable' from command line to 'False'
[0.491s] Level 5:colcon.colcon_core.verb:set package 'turtlebot3_cartographer' build argument 'cmake_clean_cache' from command line to 'False'
[0.491s] Level 5:colcon.colcon_core.verb:set package 'turtlebot3_cartographer' build argument 'cmake_clean_first' from command line to 'False'
[0.491s] Level 5:colcon.colcon_core.verb:set package 'turtlebot3_cartographer' build argument 'cmake_force_configure' from command line to 'False'
[0.491s] Level 5:colcon.colcon_core.verb:set package 'turtlebot3_cartographer' build argument 'ament_cmake_args' from command line to 'None'
[0.491s] Level 5:colcon.colcon_core.verb:set package 'turtlebot3_cartographer' build argument 'catkin_cmake_args' from command line to 'None'
[0.491s] Level 5:colcon.colcon_core.verb:set package 'turtlebot3_cartographer' build argument 'catkin_skip_building_tests' from command line to 'False'
[0.491s] DEBUG:colcon.colcon_core.verb:Building package 'turtlebot3_cartographer' with the following arguments: {'ament_cmake_args': None, 'build_base': '/home/zerohzzzz/Documents/ros2-slam-comparison/build/turtlebot3_cartographer', 'catkin_cmake_args': None, 'catkin_skip_building_tests': False, 'cmake_args': None, 'cmake_clean_cache': False, 'cmake_clean_first': False, 'cmake_force_configure': False, 'cmake_target': None, 'cmake_target_skip_unavailable': False, 'install_base': '/home/zerohzzzz/Documents/ros2-slam-comparison/install/turtlebot3_cartographer', 'merge_install': False, 'path': '/home/zerohzzzz/Documents/ros2-slam-comparison/turtlebot3_cartographer', 'symlink_install': False, 'test_result_base': None}
[0.491s] Level 5:colcon.colcon_core.verb:set package 'turtlebot3_rtab' build argument 'cmake_args' from command line to 'None'
[0.491s] Level 5:colcon.colcon_core.verb:set package 'turtlebot3_rtab' build argument 'cmake_target' from command line to 'None'
[0.491s] Level 5:colcon.colcon_core.verb:set package 'turtlebot3_rtab' build argument 'cmake_target_skip_unavailable' from command line to 'False'
[0.491s] Level 5:colcon.colcon_core.verb:set package 'turtlebot3_rtab' build argument 'cmake_clean_cache' from command line to 'False'
[0.491s] Level 5:colcon.colcon_core.verb:set package 'turtlebot3_rtab' build argument 'cmake_clean_first' from command line to 'False'
[0.492s] Level 5:colcon.colcon_core.verb:set package 'turtlebot3_rtab' build argument 'cmake_force_configure' from command line to 'False'
[0.492s] Level 5:colcon.colcon_core.verb:set package 'turtlebot3_rtab' build argument 'ament_cmake_args' from command line to 'None'
[0.492s] Level 5:colcon.colcon_core.verb:set package 'turtlebot3_rtab' build argument 'catkin_cmake_args' from command line to 'None'
[0.492s] Level 5:colcon.colcon_core.verb:set package 'turtlebot3_rtab' build argument 'catkin_skip_building_tests' from command line to 'False'
[0.492s] DEBUG:colcon.colcon_core.verb:Building package 'turtlebot3_rtab' with the following arguments: {'ament_cmake_args': None, 'build_base': '/home/zerohzzzz/Documents/ros2-slam-comparison/build/turtlebot3_rtab', 'catkin_cmake_args': None, 'catkin_skip_building_tests': False, 'cmake_args': None, 'cmake_clean_cache': False, 'cmake_clean_first': False, 'cmake_force_configure': False, 'cmake_target': None, 'cmake_target_skip_unavailable': False, 'install_base': '/home/zerohzzzz/Documents/ros2-slam-comparison/install/turtlebot3_rtab', 'merge_install': False, 'path': '/home/zerohzzzz/Documents/ros2-slam-comparison/turtlebot3_rtab', 'symlink_install': False, 'test_result_base': None}
[0.492s] INFO:colcon.colcon_core.executor:Executing jobs using 'parallel' executor
[0.493s] DEBUG:colcon.colcon_parallel_executor.executor.parallel:run_until_complete
[0.493s] INFO:colcon.colcon_ros.task.ament_cmake.build:Building ROS package in '/home/zerohzzzz/Documents/ros2-slam-comparison/aws-robomaker-small-house-world' with build type 'ament_cmake'
[0.493s] INFO:colcon.colcon_cmake.task.cmake.build:Building CMake package in '/home/zerohzzzz/Documents/ros2-slam-comparison/aws-robomaker-small-house-world'
[0.495s] INFO:colcon.colcon_core.plugin_system:Skipping extension 'colcon_core.shell.bat': Not used on non-Windows systems
[0.496s] INFO:colcon.colcon_core.shell:Skip shell extension 'powershell' for command environment: Not usable outside of PowerShell
[0.496s] DEBUG:colcon.colcon_core.shell:Skip shell extension 'dsv' for command environment
[0.508s] INFO:colcon.colcon_ros.task.ament_cmake.build:Building ROS package in '/home/zerohzzzz/Documents/ros2-slam-comparison/noisy_odometry' with build type 'ament_cmake'
[0.508s] INFO:colcon.colcon_cmake.task.cmake.build:Building CMake package in '/home/zerohzzzz/Documents/ros2-slam-comparison/noisy_odometry'
[0.508s] INFO:colcon.colcon_core.shell:Skip shell extension 'powershell' for command environment: Not usable outside of PowerShell
[0.508s] DEBUG:colcon.colcon_core.shell:Skip shell extension 'dsv' for command environment
[0.516s] INFO:colcon.colcon_ros.task.ament_cmake.build:Building ROS package in '/home/zerohzzzz/Documents/ros2-slam-comparison/turtlebot3_burger' with build type 'ament_cmake'
[0.517s] INFO:colcon.colcon_cmake.task.cmake.build:Building CMake package in '/home/zerohzzzz/Documents/ros2-slam-comparison/turtlebot3_burger'
[0.517s] INFO:colcon.colcon_core.shell:Skip shell extension 'powershell' for command environment: Not usable outside of PowerShell
[0.517s] DEBUG:colcon.colcon_core.shell:Skip shell extension 'dsv' for command environment
[0.524s] INFO:colcon.colcon_ros.task.ament_cmake.build:Building ROS package in '/home/zerohzzzz/Documents/ros2-slam-comparison/turtlebot3_burger_navigation2' with build type 'ament_cmake'
[0.524s] INFO:colcon.colcon_cmake.task.cmake.build:Building CMake package in '/home/zerohzzzz/Documents/ros2-slam-comparison/turtlebot3_burger_navigation2'
[0.524s] INFO:colcon.colcon_core.shell:Skip shell extension 'powershell' for command environment: Not usable outside of PowerShell
[0.524s] DEBUG:colcon.colcon_core.shell:Skip shell extension 'dsv' for command environment
[0.530s] INFO:colcon.colcon_ros.task.ament_cmake.build:Building ROS package in '/home/zerohzzzz/Documents/ros2-slam-comparison/turtlebot3_cartographer' with build type 'ament_cmake'
[0.530s] INFO:colcon.colcon_cmake.task.cmake.build:Building CMake package in '/home/zerohzzzz/Documents/ros2-slam-comparison/turtlebot3_cartographer'
[0.531s] INFO:colcon.colcon_core.shell:Skip shell extension 'powershell' for command environment: Not usable outside of PowerShell
[0.531s] DEBUG:colcon.colcon_core.shell:Skip shell extension 'dsv' for command environment
[0.537s] INFO:colcon.colcon_ros.task.ament_cmake.build:Building ROS package in '/home/zerohzzzz/Documents/ros2-slam-comparison/turtlebot3_rtab' with build type 'ament_cmake'
[0.537s] INFO:colcon.colcon_cmake.task.cmake.build:Building CMake package in '/home/zerohzzzz/Documents/ros2-slam-comparison/turtlebot3_rtab'
[0.537s] INFO:colcon.colcon_core.shell:Skip shell extension 'powershell' for command environment: Not usable outside of PowerShell
[0.537s] DEBUG:colcon.colcon_core.shell:Skip shell extension 'dsv' for command environment
[0.553s] DEBUG:colcon.colcon_core.event_handler.log_command:Invoking command in '/home/zerohzzzz/Documents/ros2-slam-comparison/build/aws_robomaker_small_house_world': CMAKE_PREFIX_PATH=${CMAKE_PREFIX_PATH}:/home/zerohzzzz/Documents/RobotNav2/install/map_build:/opt/ros/iron /usr/bin/cmake --build /home/zerohzzzz/Documents/ros2-slam-comparison/build/aws_robomaker_small_house_world -- -j8 -l8
[0.560s] DEBUG:colcon.colcon_core.event_handler.log_command:Invoking command in '/home/zerohzzzz/Documents/ros2-slam-comparison/build/noisy_odometry': CMAKE_PREFIX_PATH=${CMAKE_PREFIX_PATH}:/home/zerohzzzz/Documents/RobotNav2/install/map_build:/opt/ros/iron /usr/bin/cmake --build /home/zerohzzzz/Documents/ros2-slam-comparison/build/noisy_odometry -- -j8 -l8
[0.568s] DEBUG:colcon.colcon_core.event_handler.log_command:Invoking command in '/home/zerohzzzz/Documents/ros2-slam-comparison/build/turtlebot3_burger': CMAKE_PREFIX_PATH=${CMAKE_PREFIX_PATH}:/home/zerohzzzz/Documents/RobotNav2/install/map_build:/opt/ros/iron /usr/bin/cmake --build /home/zerohzzzz/Documents/ros2-slam-comparison/build/turtlebot3_burger -- -j8 -l8
[0.574s] DEBUG:colcon.colcon_core.event_handler.log_command:Invoking command in '/home/zerohzzzz/Documents/ros2-slam-comparison/build/turtlebot3_burger_navigation2': CMAKE_PREFIX_PATH=${CMAKE_PREFIX_PATH}:/home/zerohzzzz/Documents/RobotNav2/install/map_build:/opt/ros/iron /usr/bin/cmake --build /home/zerohzzzz/Documents/ros2-slam-comparison/build/turtlebot3_burger_navigation2 -- -j8 -l8
[0.581s] DEBUG:colcon.colcon_core.event_handler.log_command:Invoking command in '/home/zerohzzzz/Documents/ros2-slam-comparison/build/turtlebot3_cartographer': CMAKE_PREFIX_PATH=${CMAKE_PREFIX_PATH}:/home/zerohzzzz/Documents/RobotNav2/install/map_build:/opt/ros/iron /usr/bin/cmake --build /home/zerohzzzz/Documents/ros2-slam-comparison/build/turtlebot3_cartographer -- -j8 -l8
[0.587s] DEBUG:colcon.colcon_core.event_handler.log_command:Invoking command in '/home/zerohzzzz/Documents/ros2-slam-comparison/build/turtlebot3_rtab': CMAKE_PREFIX_PATH=${CMAKE_PREFIX_PATH}:/home/zerohzzzz/Documents/RobotNav2/install/map_build:/opt/ros/iron /usr/bin/cmake --build /home/zerohzzzz/Documents/ros2-slam-comparison/build/turtlebot3_rtab -- -j8 -l8
[0.639s] DEBUG:colcon.colcon_core.event_handler.log_command:Invoked command in '/home/zerohzzzz/Documents/ros2-slam-comparison/build/aws_robomaker_small_house_world' returned '0': CMAKE_PREFIX_PATH=${CMAKE_PREFIX_PATH}:/home/zerohzzzz/Documents/RobotNav2/install/map_build:/opt/ros/iron /usr/bin/cmake --build /home/zerohzzzz/Documents/ros2-slam-comparison/build/aws_robomaker_small_house_world -- -j8 -l8
[0.642s] DEBUG:colcon.colcon_core.event_handler.log_command:Invoked command in '/home/zerohzzzz/Documents/ros2-slam-comparison/build/turtlebot3_burger_navigation2' returned '0': CMAKE_PREFIX_PATH=${CMAKE_PREFIX_PATH}:/home/zerohzzzz/Documents/RobotNav2/install/map_build:/opt/ros/iron /usr/bin/cmake --build /home/zerohzzzz/Documents/ros2-slam-comparison/build/turtlebot3_burger_navigation2 -- -j8 -l8
[0.644s] DEBUG:colcon.colcon_core.event_handler.log_command:Invoked command in '/home/zerohzzzz/Documents/ros2-slam-comparison/build/turtlebot3_cartographer' returned '0': CMAKE_PREFIX_PATH=${CMAKE_PREFIX_PATH}:/home/zerohzzzz/Documents/RobotNav2/install/map_build:/opt/ros/iron /usr/bin/cmake --build /home/zerohzzzz/Documents/ros2-slam-comparison/build/turtlebot3_cartographer -- -j8 -l8
[0.653s] DEBUG:colcon.colcon_core.event_handler.log_command:Invoked command in '/home/zerohzzzz/Documents/ros2-slam-comparison/build/turtlebot3_rtab' returned '0': CMAKE_PREFIX_PATH=${CMAKE_PREFIX_PATH}:/home/zerohzzzz/Documents/RobotNav2/install/map_build:/opt/ros/iron /usr/bin/cmake --build /home/zerohzzzz/Documents/ros2-slam-comparison/build/turtlebot3_rtab -- -j8 -l8
[0.684s] DEBUG:colcon.colcon_core.event_handler.log_command:Invoking command in '/home/zerohzzzz/Documents/ros2-slam-comparison/build/aws_robomaker_small_house_world': CMAKE_PREFIX_PATH=${CMAKE_PREFIX_PATH}:/home/zerohzzzz/Documents/RobotNav2/install/map_build:/opt/ros/iron /usr/bin/cmake --install /home/zerohzzzz/Documents/ros2-slam-comparison/build/aws_robomaker_small_house_world
[0.688s] DEBUG:colcon.colcon_core.event_handler.log_command:Invoking command in '/home/zerohzzzz/Documents/ros2-slam-comparison/build/turtlebot3_burger_navigation2': CMAKE_PREFIX_PATH=${CMAKE_PREFIX_PATH}:/home/zerohzzzz/Documents/RobotNav2/install/map_build:/opt/ros/iron /usr/bin/cmake --install /home/zerohzzzz/Documents/ros2-slam-comparison/build/turtlebot3_burger_navigation2
[0.690s] DEBUG:colcon.colcon_core.event_handler.log_command:Invoking command in '/home/zerohzzzz/Documents/ros2-slam-comparison/build/turtlebot3_cartographer': CMAKE_PREFIX_PATH=${CMAKE_PREFIX_PATH}:/home/zerohzzzz/Documents/RobotNav2/install/map_build:/opt/ros/iron /usr/bin/cmake --install /home/zerohzzzz/Documents/ros2-slam-comparison/build/turtlebot3_cartographer
[0.693s] DEBUG:colcon.colcon_core.event_handler.log_command:Invoking command in '/home/zerohzzzz/Documents/ros2-slam-comparison/build/turtlebot3_rtab': CMAKE_PREFIX_PATH=${CMAKE_PREFIX_PATH}:/home/zerohzzzz/Documents/RobotNav2/install/map_build:/opt/ros/iron /usr/bin/cmake --install /home/zerohzzzz/Documents/ros2-slam-comparison/build/turtlebot3_rtab
[0.698s] DEBUG:colcon.colcon_core.event_handler.log_command:Invoked command in '/home/zerohzzzz/Documents/ros2-slam-comparison/build/noisy_odometry' returned '0': CMAKE_PREFIX_PATH=${CMAKE_PREFIX_PATH}:/home/zerohzzzz/Documents/RobotNav2/install/map_build:/opt/ros/iron /usr/bin/cmake --build /home/zerohzzzz/Documents/ros2-slam-comparison/build/noisy_odometry -- -j8 -l8
[0.707s] Level 1:colcon.colcon_core.environment:create_environment_scripts_only(turtlebot3_burger_navigation2)
[0.715s] DEBUG:colcon.colcon_core.event_handler.log_command:Invoked command in '/home/zerohzzzz/Documents/ros2-slam-comparison/build/turtlebot3_burger' returned '0': CMAKE_PREFIX_PATH=${CMAKE_PREFIX_PATH}:/home/zerohzzzz/Documents/RobotNav2/install/map_build:/opt/ros/iron /usr/bin/cmake --build /home/zerohzzzz/Documents/ros2-slam-comparison/build/turtlebot3_burger -- -j8 -l8
[0.728s] Level 1:colcon.colcon_core.environment:checking '/home/zerohzzzz/Documents/ros2-slam-comparison/install/turtlebot3_burger_navigation2' for CMake module files
[0.731s] Level 1:colcon.colcon_core.environment:checking '/home/zerohzzzz/Documents/ros2-slam-comparison/install/turtlebot3_burger_navigation2' for CMake config files
[0.733s] Level 1:colcon.colcon_core.shell:create_environment_hook('turtlebot3_burger_navigation2', 'cmake_prefix_path')
[0.734s] INFO:colcon.colcon_core.shell:Creating environment hook '/home/zerohzzzz/Documents/ros2-slam-comparison/install/turtlebot3_burger_navigation2/share/turtlebot3_burger_navigation2/hook/cmake_prefix_path.ps1'
[0.736s] INFO:colcon.colcon_core.shell:Creating environment descriptor '/home/zerohzzzz/Documents/ros2-slam-comparison/install/turtlebot3_burger_navigation2/share/turtlebot3_burger_navigation2/hook/cmake_prefix_path.dsv'
[0.738s] INFO:colcon.colcon_core.shell:Creating environment hook '/home/zerohzzzz/Documents/ros2-slam-comparison/install/turtlebot3_burger_navigation2/share/turtlebot3_burger_navigation2/hook/cmake_prefix_path.sh'
[0.741s] Level 1:colcon.colcon_core.environment:checking '/home/zerohzzzz/Documents/ros2-slam-comparison/install/turtlebot3_burger_navigation2/bin'
[0.741s] Level 1:colcon.colcon_core.environment:checking '/home/zerohzzzz/Documents/ros2-slam-comparison/install/turtlebot3_burger_navigation2/lib/pkgconfig/turtlebot3_burger_navigation2.pc'
[0.741s] Level 1:colcon.colcon_core.environment:checking '/home/zerohzzzz/Documents/ros2-slam-comparison/install/turtlebot3_burger_navigation2/lib/python3.10/site-packages'
[0.741s] Level 1:colcon.colcon_core.environment:checking '/home/zerohzzzz/Documents/ros2-slam-comparison/install/turtlebot3_burger_navigation2/bin'
[0.742s] INFO:colcon.colcon_core.shell:Creating package script '/home/zerohzzzz/Documents/ros2-slam-comparison/install/turtlebot3_burger_navigation2/share/turtlebot3_burger_navigation2/package.ps1'
[0.744s] INFO:colcon.colcon_core.shell:Creating package descriptor '/home/zerohzzzz/Documents/ros2-slam-comparison/install/turtlebot3_burger_navigation2/share/turtlebot3_burger_navigation2/package.dsv'
[0.745s] INFO:colcon.colcon_core.shell:Creating package script '/home/zerohzzzz/Documents/ros2-slam-comparison/install/turtlebot3_burger_navigation2/share/turtlebot3_burger_navigation2/package.sh'
[0.748s] INFO:colcon.colcon_core.shell:Creating package script '/home/zerohzzzz/Documents/ros2-slam-comparison/install/turtlebot3_burger_navigation2/share/turtlebot3_burger_navigation2/package.bash'
[0.750s] INFO:colcon.colcon_core.shell:Creating package script '/home/zerohzzzz/Documents/ros2-slam-comparison/install/turtlebot3_burger_navigation2/share/turtlebot3_burger_navigation2/package.zsh'
[0.751s] Level 1:colcon.colcon_core.environment:create_file_with_runtime_dependencies(/home/zerohzzzz/Documents/ros2-slam-comparison/install/turtlebot3_burger_navigation2/share/colcon-core/packages/turtlebot3_burger_navigation2)
[0.753s] Level 1:colcon.colcon_core.environment:create_environment_scripts_only(turtlebot3_cartographer)
[0.753s] Level 1:colcon.colcon_core.environment:checking '/home/zerohzzzz/Documents/ros2-slam-comparison/install/turtlebot3_cartographer' for CMake module files
[0.755s] Level 1:colcon.colcon_core.environment:checking '/home/zerohzzzz/Documents/ros2-slam-comparison/install/turtlebot3_cartographer' for CMake config files
[0.758s] Level 1:colcon.colcon_core.shell:create_environment_hook('turtlebot3_cartographer', 'cmake_prefix_path')
[0.758s] DEBUG:colcon.colcon_core.event_handler.log_command:Invoked command in '/home/zerohzzzz/Documents/ros2-slam-comparison/build/turtlebot3_burger_navigation2' returned '0': CMAKE_PREFIX_PATH=${CMAKE_PREFIX_PATH}:/home/zerohzzzz/Documents/RobotNav2/install/map_build:/opt/ros/iron /usr/bin/cmake --install /home/zerohzzzz/Documents/ros2-slam-comparison/build/turtlebot3_burger_navigation2
[0.759s] INFO:colcon.colcon_core.shell:Creating environment hook '/home/zerohzzzz/Documents/ros2-slam-comparison/install/turtlebot3_cartographer/share/turtlebot3_cartographer/hook/cmake_prefix_path.ps1'
[0.760s] INFO:colcon.colcon_core.shell:Creating environment descriptor '/home/zerohzzzz/Documents/ros2-slam-comparison/install/turtlebot3_cartographer/share/turtlebot3_cartographer/hook/cmake_prefix_path.dsv'
[0.761s] INFO:colcon.colcon_core.shell:Creating environment hook '/home/zerohzzzz/Documents/ros2-slam-comparison/install/turtlebot3_cartographer/share/turtlebot3_cartographer/hook/cmake_prefix_path.sh'
[0.763s] Level 1:colcon.colcon_core.environment:checking '/home/zerohzzzz/Documents/ros2-slam-comparison/install/turtlebot3_cartographer/bin'
[0.763s] Level 1:colcon.colcon_core.environment:checking '/home/zerohzzzz/Documents/ros2-slam-comparison/install/turtlebot3_cartographer/lib/pkgconfig/turtlebot3_cartographer.pc'
[0.764s] Level 1:colcon.colcon_core.environment:checking '/home/zerohzzzz/Documents/ros2-slam-comparison/install/turtlebot3_cartographer/lib/python3.10/site-packages'
[0.764s] Level 1:colcon.colcon_core.environment:checking '/home/zerohzzzz/Documents/ros2-slam-comparison/install/turtlebot3_cartographer/bin'
[0.764s] INFO:colcon.colcon_core.shell:Creating package script '/home/zerohzzzz/Documents/ros2-slam-comparison/install/turtlebot3_cartographer/share/turtlebot3_cartographer/package.ps1'
[0.766s] INFO:colcon.colcon_core.shell:Creating package descriptor '/home/zerohzzzz/Documents/ros2-slam-comparison/install/turtlebot3_cartographer/share/turtlebot3_cartographer/package.dsv'
[0.767s] INFO:colcon.colcon_core.shell:Creating package script '/home/zerohzzzz/Documents/ros2-slam-comparison/install/turtlebot3_cartographer/share/turtlebot3_cartographer/package.sh'
[0.770s] INFO:colcon.colcon_core.shell:Creating package script '/home/zerohzzzz/Documents/ros2-slam-comparison/install/turtlebot3_cartographer/share/turtlebot3_cartographer/package.bash'
[0.771s] INFO:colcon.colcon_core.shell:Creating package script '/home/zerohzzzz/Documents/ros2-slam-comparison/install/turtlebot3_cartographer/share/turtlebot3_cartographer/package.zsh'
[0.772s] Level 1:colcon.colcon_core.environment:create_file_with_runtime_dependencies(/home/zerohzzzz/Documents/ros2-slam-comparison/install/turtlebot3_cartographer/share/colcon-core/packages/turtlebot3_cartographer)
[0.782s] Level 1:colcon.colcon_core.environment:create_environment_scripts_only(turtlebot3_rtab)
[0.783s] Level 1:colcon.colcon_core.environment:checking '/home/zerohzzzz/Documents/ros2-slam-comparison/install/turtlebot3_rtab' for CMake module files
[0.788s] Level 1:colcon.colcon_core.environment:checking '/home/zerohzzzz/Documents/ros2-slam-comparison/install/turtlebot3_rtab' for CMake config files
[0.803s] Level 1:colcon.colcon_core.shell:create_environment_hook('turtlebot3_rtab', 'cmake_prefix_path')
[0.803s] INFO:colcon.colcon_core.shell:Creating environment hook '/home/zerohzzzz/Documents/ros2-slam-comparison/install/turtlebot3_rtab/share/turtlebot3_rtab/hook/cmake_prefix_path.ps1'
[0.804s] INFO:colcon.colcon_core.shell:Creating environment descriptor '/home/zerohzzzz/Documents/ros2-slam-comparison/install/turtlebot3_rtab/share/turtlebot3_rtab/hook/cmake_prefix_path.dsv'
[0.806s] INFO:colcon.colcon_core.shell:Creating environment hook '/home/zerohzzzz/Documents/ros2-slam-comparison/install/turtlebot3_rtab/share/turtlebot3_rtab/hook/cmake_prefix_path.sh'
[0.809s] Level 1:colcon.colcon_core.environment:checking '/home/zerohzzzz/Documents/ros2-slam-comparison/install/turtlebot3_rtab/bin'
[0.809s] Level 1:colcon.colcon_core.environment:checking '/home/zerohzzzz/Documents/ros2-slam-comparison/install/turtlebot3_rtab/lib/pkgconfig/turtlebot3_rtab.pc'
[0.810s] Level 1:colcon.colcon_core.environment:checking '/home/zerohzzzz/Documents/ros2-slam-comparison/install/turtlebot3_rtab/lib/python3.10/site-packages'
[0.810s] Level 1:colcon.colcon_core.environment:checking '/home/zerohzzzz/Documents/ros2-slam-comparison/install/turtlebot3_rtab/bin'
[0.811s] INFO:colcon.colcon_core.shell:Creating package script '/home/zerohzzzz/Documents/ros2-slam-comparison/install/turtlebot3_rtab/share/turtlebot3_rtab/package.ps1'
[0.813s] INFO:colcon.colcon_core.shell:Creating package descriptor '/home/zerohzzzz/Documents/ros2-slam-comparison/install/turtlebot3_rtab/share/turtlebot3_rtab/package.dsv'
[0.814s] INFO:colcon.colcon_core.shell:Creating package script '/home/zerohzzzz/Documents/ros2-slam-comparison/install/turtlebot3_rtab/share/turtlebot3_rtab/package.sh'
[0.815s] INFO:colcon.colcon_core.shell:Creating package script '/home/zerohzzzz/Documents/ros2-slam-comparison/install/turtlebot3_rtab/share/turtlebot3_rtab/package.bash'
[0.815s] INFO:colcon.colcon_core.shell:Creating package script '/home/zerohzzzz/Documents/ros2-slam-comparison/install/turtlebot3_rtab/share/turtlebot3_rtab/package.zsh'
[0.817s] Level 1:colcon.colcon_core.environment:create_file_with_runtime_dependencies(/home/zerohzzzz/Documents/ros2-slam-comparison/install/turtlebot3_rtab/share/colcon-core/packages/turtlebot3_rtab)
[0.821s] DEBUG:colcon.colcon_core.event_handler.log_command:Invoked command in '/home/zerohzzzz/Documents/ros2-slam-comparison/build/turtlebot3_cartographer' returned '0': CMAKE_PREFIX_PATH=${CMAKE_PREFIX_PATH}:/home/zerohzzzz/Documents/RobotNav2/install/map_build:/opt/ros/iron /usr/bin/cmake --install /home/zerohzzzz/Documents/ros2-slam-comparison/build/turtlebot3_cartographer
[0.823s] Level 1:colcon.colcon_core.environment:create_environment_scripts_only(aws_robomaker_small_house_world)
[0.823s] Level 1:colcon.colcon_core.environment:checking '/home/zerohzzzz/Documents/ros2-slam-comparison/install/aws_robomaker_small_house_world' for CMake module files
[0.827s] Level 1:colcon.colcon_core.environment:checking '/home/zerohzzzz/Documents/ros2-slam-comparison/install/aws_robomaker_small_house_world' for CMake config files
[0.839s] DEBUG:colcon.colcon_core.event_handler.log_command:Invoking command in '/home/zerohzzzz/Documents/ros2-slam-comparison/build/noisy_odometry': CMAKE_PREFIX_PATH=${CMAKE_PREFIX_PATH}:/home/zerohzzzz/Documents/RobotNav2/install/map_build:/opt/ros/iron /usr/bin/cmake --install /home/zerohzzzz/Documents/ros2-slam-comparison/build/noisy_odometry
[0.841s] DEBUG:colcon.colcon_core.event_handler.log_command:Invoking command in '/home/zerohzzzz/Documents/ros2-slam-comparison/build/turtlebot3_burger': CMAKE_PREFIX_PATH=${CMAKE_PREFIX_PATH}:/home/zerohzzzz/Documents/RobotNav2/install/map_build:/opt/ros/iron /usr/bin/cmake --install /home/zerohzzzz/Documents/ros2-slam-comparison/build/turtlebot3_burger
[0.843s] DEBUG:colcon.colcon_core.event_handler.log_command:Invoked command in '/home/zerohzzzz/Documents/ros2-slam-comparison/build/turtlebot3_rtab' returned '0': CMAKE_PREFIX_PATH=${CMAKE_PREFIX_PATH}:/home/zerohzzzz/Documents/RobotNav2/install/map_build:/opt/ros/iron /usr/bin/cmake --install /home/zerohzzzz/Documents/ros2-slam-comparison/build/turtlebot3_rtab
[0.852s] DEBUG:colcon.colcon_core.event_handler.log_command:Invoked command in '/home/zerohzzzz/Documents/ros2-slam-comparison/build/aws_robomaker_small_house_world' returned '0': CMAKE_PREFIX_PATH=${CMAKE_PREFIX_PATH}:/home/zerohzzzz/Documents/RobotNav2/install/map_build:/opt/ros/iron /usr/bin/cmake --install /home/zerohzzzz/Documents/ros2-slam-comparison/build/aws_robomaker_small_house_world
[0.857s] Level 1:colcon.colcon_core.shell:create_environment_hook('aws_robomaker_small_house_world', 'cmake_prefix_path')
[0.857s] INFO:colcon.colcon_core.shell:Creating environment hook '/home/zerohzzzz/Documents/ros2-slam-comparison/install/aws_robomaker_small_house_world/share/aws_robomaker_small_house_world/hook/cmake_prefix_path.ps1'
[0.858s] INFO:colcon.colcon_core.shell:Creating environment descriptor '/home/zerohzzzz/Documents/ros2-slam-comparison/install/aws_robomaker_small_house_world/share/aws_robomaker_small_house_world/hook/cmake_prefix_path.dsv'
[0.858s] INFO:colcon.colcon_core.shell:Creating environment hook '/home/zerohzzzz/Documents/ros2-slam-comparison/install/aws_robomaker_small_house_world/share/aws_robomaker_small_house_world/hook/cmake_prefix_path.sh'
[0.859s] Level 1:colcon.colcon_core.environment:checking '/home/zerohzzzz/Documents/ros2-slam-comparison/install/aws_robomaker_small_house_world/bin'
[0.859s] Level 1:colcon.colcon_core.environment:checking '/home/zerohzzzz/Documents/ros2-slam-comparison/install/aws_robomaker_small_house_world/lib/pkgconfig/aws_robomaker_small_house_world.pc'
[0.859s] Level 1:colcon.colcon_core.environment:checking '/home/zerohzzzz/Documents/ros2-slam-comparison/install/aws_robomaker_small_house_world/lib/python3.10/site-packages'
[0.859s] Level 1:colcon.colcon_core.environment:checking '/home/zerohzzzz/Documents/ros2-slam-comparison/install/aws_robomaker_small_house_world/bin'
[0.860s] INFO:colcon.colcon_core.shell:Creating package script '/home/zerohzzzz/Documents/ros2-slam-comparison/install/aws_robomaker_small_house_world/share/aws_robomaker_small_house_world/package.ps1'
[0.860s] INFO:colcon.colcon_core.shell:Creating package descriptor '/home/zerohzzzz/Documents/ros2-slam-comparison/install/aws_robomaker_small_house_world/share/aws_robomaker_small_house_world/package.dsv'
[0.860s] INFO:colcon.colcon_core.shell:Creating package script '/home/zerohzzzz/Documents/ros2-slam-comparison/install/aws_robomaker_small_house_world/share/aws_robomaker_small_house_world/package.sh'
[0.861s] INFO:colcon.colcon_core.shell:Creating package script '/home/zerohzzzz/Documents/ros2-slam-comparison/install/aws_robomaker_small_house_world/share/aws_robomaker_small_house_world/package.bash'
[0.861s] INFO:colcon.colcon_core.shell:Creating package script '/home/zerohzzzz/Documents/ros2-slam-comparison/install/aws_robomaker_small_house_world/share/aws_robomaker_small_house_world/package.zsh'
[0.862s] Level 1:colcon.colcon_core.environment:create_file_with_runtime_dependencies(/home/zerohzzzz/Documents/ros2-slam-comparison/install/aws_robomaker_small_house_world/share/colcon-core/packages/aws_robomaker_small_house_world)
[0.863s] Level 1:colcon.colcon_core.environment:create_environment_scripts_only(turtlebot3_burger_navigation2)
[0.863s] Level 1:colcon.colcon_core.environment:checking '/home/zerohzzzz/Documents/ros2-slam-comparison/install/turtlebot3_burger_navigation2' for CMake module files
[0.864s] Level 1:colcon.colcon_core.environment:checking '/home/zerohzzzz/Documents/ros2-slam-comparison/install/turtlebot3_burger_navigation2' for CMake config files
[0.864s] Level 1:colcon.colcon_core.shell:create_environment_hook('turtlebot3_burger_navigation2', 'cmake_prefix_path')
[0.864s] INFO:colcon.colcon_core.shell:Creating environment hook '/home/zerohzzzz/Documents/ros2-slam-comparison/install/turtlebot3_burger_navigation2/share/turtlebot3_burger_navigation2/hook/cmake_prefix_path.ps1'
[0.865s] INFO:colcon.colcon_core.shell:Creating environment descriptor '/home/zerohzzzz/Documents/ros2-slam-comparison/install/turtlebot3_burger_navigation2/share/turtlebot3_burger_navigation2/hook/cmake_prefix_path.dsv'
[0.865s] INFO:colcon.colcon_core.shell:Creating environment hook '/home/zerohzzzz/Documents/ros2-slam-comparison/install/turtlebot3_burger_navigation2/share/turtlebot3_burger_navigation2/hook/cmake_prefix_path.sh'
[0.866s] Level 1:colcon.colcon_core.environment:checking '/home/zerohzzzz/Documents/ros2-slam-comparison/install/turtlebot3_burger_navigation2/bin'
[0.866s] Level 1:colcon.colcon_core.environment:checking '/home/zerohzzzz/Documents/ros2-slam-comparison/install/turtlebot3_burger_navigation2/lib/pkgconfig/turtlebot3_burger_navigation2.pc'
[0.866s] Level 1:colcon.colcon_core.environment:checking '/home/zerohzzzz/Documents/ros2-slam-comparison/install/turtlebot3_burger_navigation2/lib/python3.10/site-packages'
[0.866s] Level 1:colcon.colcon_core.environment:checking '/home/zerohzzzz/Documents/ros2-slam-comparison/install/turtlebot3_burger_navigation2/bin'
[0.866s] INFO:colcon.colcon_core.shell:Creating package script '/home/zerohzzzz/Documents/ros2-slam-comparison/install/turtlebot3_burger_navigation2/share/turtlebot3_burger_navigation2/package.ps1'
[0.867s] INFO:colcon.colcon_core.shell:Creating package descriptor '/home/zerohzzzz/Documents/ros2-slam-comparison/install/turtlebot3_burger_navigation2/share/turtlebot3_burger_navigation2/package.dsv'
[0.867s] INFO:colcon.colcon_core.shell:Creating package script '/home/zerohzzzz/Documents/ros2-slam-comparison/install/turtlebot3_burger_navigation2/share/turtlebot3_burger_navigation2/package.sh'
[0.868s] INFO:colcon.colcon_core.shell:Creating package script '/home/zerohzzzz/Documents/ros2-slam-comparison/install/turtlebot3_burger_navigation2/share/turtlebot3_burger_navigation2/package.bash'
[0.868s] INFO:colcon.colcon_core.shell:Creating package script '/home/zerohzzzz/Documents/ros2-slam-comparison/install/turtlebot3_burger_navigation2/share/turtlebot3_burger_navigation2/package.zsh'
[0.869s] Level 1:colcon.colcon_core.environment:create_file_with_runtime_dependencies(/home/zerohzzzz/Documents/ros2-slam-comparison/install/turtlebot3_burger_navigation2/share/colcon-core/packages/turtlebot3_burger_navigation2)
[0.869s] Level 1:colcon.colcon_core.environment:create_environment_scripts_only(turtlebot3_cartographer)
[0.870s] Level 1:colcon.colcon_core.environment:checking '/home/zerohzzzz/Documents/ros2-slam-comparison/install/turtlebot3_cartographer' for CMake module files
[0.870s] Level 1:colcon.colcon_core.environment:checking '/home/zerohzzzz/Documents/ros2-slam-comparison/install/turtlebot3_cartographer' for CMake config files
[0.871s] Level 1:colcon.colcon_core.shell:create_environment_hook('turtlebot3_cartographer', 'cmake_prefix_path')
[0.871s] INFO:colcon.colcon_core.shell:Creating environment hook '/home/zerohzzzz/Documents/ros2-slam-comparison/install/turtlebot3_cartographer/share/turtlebot3_cartographer/hook/cmake_prefix_path.ps1'
[0.871s] INFO:colcon.colcon_core.shell:Creating environment descriptor '/home/zerohzzzz/Documents/ros2-slam-comparison/install/turtlebot3_cartographer/share/turtlebot3_cartographer/hook/cmake_prefix_path.dsv'
[0.872s] INFO:colcon.colcon_core.shell:Creating environment hook '/home/zerohzzzz/Documents/ros2-slam-comparison/install/turtlebot3_cartographer/share/turtlebot3_cartographer/hook/cmake_prefix_path.sh'
[0.872s] Level 1:colcon.colcon_core.environment:checking '/home/zerohzzzz/Documents/ros2-slam-comparison/install/turtlebot3_cartographer/bin'
[0.872s] Level 1:colcon.colcon_core.environment:checking '/home/zerohzzzz/Documents/ros2-slam-comparison/install/turtlebot3_cartographer/lib/pkgconfig/turtlebot3_cartographer.pc'
[0.873s] Level 1:colcon.colcon_core.environment:checking '/home/zerohzzzz/Documents/ros2-slam-comparison/install/turtlebot3_cartographer/lib/python3.10/site-packages'
[0.873s] Level 1:colcon.colcon_core.environment:checking '/home/zerohzzzz/Documents/ros2-slam-comparison/install/turtlebot3_cartographer/bin'
[0.873s] INFO:colcon.colcon_core.shell:Creating package script '/home/zerohzzzz/Documents/ros2-slam-comparison/install/turtlebot3_cartographer/share/turtlebot3_cartographer/package.ps1'
[0.874s] INFO:colcon.colcon_core.shell:Creating package descriptor '/home/zerohzzzz/Documents/ros2-slam-comparison/install/turtlebot3_cartographer/share/turtlebot3_cartographer/package.dsv'
[0.874s] INFO:colcon.colcon_core.shell:Creating package script '/home/zerohzzzz/Documents/ros2-slam-comparison/install/turtlebot3_cartographer/share/turtlebot3_cartographer/package.sh'
[0.875s] INFO:colcon.colcon_core.shell:Creating package script '/home/zerohzzzz/Documents/ros2-slam-comparison/install/turtlebot3_cartographer/share/turtlebot3_cartographer/package.bash'
[0.875s] INFO:colcon.colcon_core.shell:Creating package script '/home/zerohzzzz/Documents/ros2-slam-comparison/install/turtlebot3_cartographer/share/turtlebot3_cartographer/package.zsh'
[0.876s] Level 1:colcon.colcon_core.environment:create_file_with_runtime_dependencies(/home/zerohzzzz/Documents/ros2-slam-comparison/install/turtlebot3_cartographer/share/colcon-core/packages/turtlebot3_cartographer)
[0.876s] Level 1:colcon.colcon_core.environment:create_environment_scripts_only(noisy_odometry)
[0.877s] Level 1:colcon.colcon_core.environment:checking '/home/zerohzzzz/Documents/ros2-slam-comparison/install/noisy_odometry' for CMake module files
[0.878s] DEBUG:colcon.colcon_core.event_handler.log_command:Invoked command in '/home/zerohzzzz/Documents/ros2-slam-comparison/build/noisy_odometry' returned '0': CMAKE_PREFIX_PATH=${CMAKE_PREFIX_PATH}:/home/zerohzzzz/Documents/RobotNav2/install/map_build:/opt/ros/iron /usr/bin/cmake --install /home/zerohzzzz/Documents/ros2-slam-comparison/build/noisy_odometry
[0.878s] Level 1:colcon.colcon_core.environment:checking '/home/zerohzzzz/Documents/ros2-slam-comparison/install/noisy_odometry' for CMake config files
[0.878s] Level 1:colcon.colcon_core.shell:create_environment_hook('noisy_odometry', 'cmake_prefix_path')
[0.878s] INFO:colcon.colcon_core.shell:Creating environment hook '/home/zerohzzzz/Documents/ros2-slam-comparison/install/noisy_odometry/share/noisy_odometry/hook/cmake_prefix_path.ps1'
[0.879s] INFO:colcon.colcon_core.shell:Creating environment descriptor '/home/zerohzzzz/Documents/ros2-slam-comparison/install/noisy_odometry/share/noisy_odometry/hook/cmake_prefix_path.dsv'
[0.879s] INFO:colcon.colcon_core.shell:Creating environment hook '/home/zerohzzzz/Documents/ros2-slam-comparison/install/noisy_odometry/share/noisy_odometry/hook/cmake_prefix_path.sh'
[0.880s] Level 1:colcon.colcon_core.environment:checking '/home/zerohzzzz/Documents/ros2-slam-comparison/install/noisy_odometry/lib'
[0.880s] Level 1:colcon.colcon_core.environment:checking '/home/zerohzzzz/Documents/ros2-slam-comparison/install/noisy_odometry/bin'
[0.880s] Level 1:colcon.colcon_core.environment:checking '/home/zerohzzzz/Documents/ros2-slam-comparison/install/noisy_odometry/lib/pkgconfig/noisy_odometry.pc'
[0.880s] Level 1:colcon.colcon_core.environment:checking '/home/zerohzzzz/Documents/ros2-slam-comparison/install/noisy_odometry/lib/python3.10/site-packages'
[0.881s] Level 1:colcon.colcon_core.environment:checking '/home/zerohzzzz/Documents/ros2-slam-comparison/install/noisy_odometry/bin'
[0.881s] INFO:colcon.colcon_core.shell:Creating package script '/home/zerohzzzz/Documents/ros2-slam-comparison/install/noisy_odometry/share/noisy_odometry/package.ps1'
[0.881s] INFO:colcon.colcon_core.shell:Creating package descriptor '/home/zerohzzzz/Documents/ros2-slam-comparison/install/noisy_odometry/share/noisy_odometry/package.dsv'
[0.882s] INFO:colcon.colcon_core.shell:Creating package script '/home/zerohzzzz/Documents/ros2-slam-comparison/install/noisy_odometry/share/noisy_odometry/package.sh'
[0.882s] INFO:colcon.colcon_core.shell:Creating package script '/home/zerohzzzz/Documents/ros2-slam-comparison/install/noisy_odometry/share/noisy_odometry/package.bash'
[0.883s] INFO:colcon.colcon_core.shell:Creating package script '/home/zerohzzzz/Documents/ros2-slam-comparison/install/noisy_odometry/share/noisy_odometry/package.zsh'
[0.883s] Level 1:colcon.colcon_core.environment:create_file_with_runtime_dependencies(/home/zerohzzzz/Documents/ros2-slam-comparison/install/noisy_odometry/share/colcon-core/packages/noisy_odometry)
[0.884s] Level 1:colcon.colcon_core.environment:create_environment_scripts_only(turtlebot3_burger)
[0.884s] Level 1:colcon.colcon_core.environment:checking '/home/zerohzzzz/Documents/ros2-slam-comparison/install/turtlebot3_burger' for CMake module files
[0.885s] DEBUG:colcon.colcon_core.event_handler.log_command:Invoked command in '/home/zerohzzzz/Documents/ros2-slam-comparison/build/turtlebot3_burger' returned '0': CMAKE_PREFIX_PATH=${CMAKE_PREFIX_PATH}:/home/zerohzzzz/Documents/RobotNav2/install/map_build:/opt/ros/iron /usr/bin/cmake --install /home/zerohzzzz/Documents/ros2-slam-comparison/build/turtlebot3_burger
[0.885s] Level 1:colcon.colcon_core.environment:checking '/home/zerohzzzz/Documents/ros2-slam-comparison/install/turtlebot3_burger' for CMake config files
[0.886s] Level 1:colcon.colcon_core.shell:create_environment_hook('turtlebot3_burger', 'cmake_prefix_path')
[0.886s] INFO:colcon.colcon_core.shell:Creating environment hook '/home/zerohzzzz/Documents/ros2-slam-comparison/install/turtlebot3_burger/share/turtlebot3_burger/hook/cmake_prefix_path.ps1'
[0.886s] INFO:colcon.colcon_core.shell:Creating environment descriptor '/home/zerohzzzz/Documents/ros2-slam-comparison/install/turtlebot3_burger/share/turtlebot3_burger/hook/cmake_prefix_path.dsv'
[0.887s] INFO:colcon.colcon_core.shell:Creating environment hook '/home/zerohzzzz/Documents/ros2-slam-comparison/install/turtlebot3_burger/share/turtlebot3_burger/hook/cmake_prefix_path.sh'
[0.888s] Level 1:colcon.colcon_core.environment:checking '/home/zerohzzzz/Documents/ros2-slam-comparison/install/turtlebot3_burger/lib'
[0.888s] Level 1:colcon.colcon_core.environment:checking '/home/zerohzzzz/Documents/ros2-slam-comparison/install/turtlebot3_burger/bin'
[0.888s] Level 1:colcon.colcon_core.environment:checking '/home/zerohzzzz/Documents/ros2-slam-comparison/install/turtlebot3_burger/lib/pkgconfig/turtlebot3_burger.pc'
[0.888s] Level 1:colcon.colcon_core.environment:checking '/home/zerohzzzz/Documents/ros2-slam-comparison/install/turtlebot3_burger/lib/python3.10/site-packages'
[0.889s] Level 1:colcon.colcon_core.environment:checking '/home/zerohzzzz/Documents/ros2-slam-comparison/install/turtlebot3_burger/bin'
[0.890s] INFO:colcon.colcon_core.shell:Creating package script '/home/zerohzzzz/Documents/ros2-slam-comparison/install/turtlebot3_burger/share/turtlebot3_burger/package.ps1'
[0.890s] INFO:colcon.colcon_core.shell:Creating package descriptor '/home/zerohzzzz/Documents/ros2-slam-comparison/install/turtlebot3_burger/share/turtlebot3_burger/package.dsv'
[0.891s] INFO:colcon.colcon_core.shell:Creating package script '/home/zerohzzzz/Documents/ros2-slam-comparison/install/turtlebot3_burger/share/turtlebot3_burger/package.sh'
[0.891s] INFO:colcon.colcon_core.shell:Creating package script '/home/zerohzzzz/Documents/ros2-slam-comparison/install/turtlebot3_burger/share/turtlebot3_burger/package.bash'
[0.892s] INFO:colcon.colcon_core.shell:Creating package script '/home/zerohzzzz/Documents/ros2-slam-comparison/install/turtlebot3_burger/share/turtlebot3_burger/package.zsh'
[0.892s] Level 1:colcon.colcon_core.environment:create_file_with_runtime_dependencies(/home/zerohzzzz/Documents/ros2-slam-comparison/install/turtlebot3_burger/share/colcon-core/packages/turtlebot3_burger)
[0.896s] Level 1:colcon.colcon_core.environment:create_environment_scripts_only(turtlebot3_rtab)
[0.896s] Level 1:colcon.colcon_core.environment:checking '/home/zerohzzzz/Documents/ros2-slam-comparison/install/turtlebot3_rtab' for CMake module files
[0.897s] Level 1:colcon.colcon_core.environment:checking '/home/zerohzzzz/Documents/ros2-slam-comparison/install/turtlebot3_rtab' for CMake config files
[0.898s] Level 1:colcon.colcon_core.shell:create_environment_hook('turtlebot3_rtab', 'cmake_prefix_path')
[0.898s] INFO:colcon.colcon_core.shell:Creating environment hook '/home/zerohzzzz/Documents/ros2-slam-comparison/install/turtlebot3_rtab/share/turtlebot3_rtab/hook/cmake_prefix_path.ps1'
[0.899s] INFO:colcon.colcon_core.shell:Creating environment descriptor '/home/zerohzzzz/Documents/ros2-slam-comparison/install/turtlebot3_rtab/share/turtlebot3_rtab/hook/cmake_prefix_path.dsv'
[0.900s] INFO:colcon.colcon_core.shell:Creating environment hook '/home/zerohzzzz/Documents/ros2-slam-comparison/install/turtlebot3_rtab/share/turtlebot3_rtab/hook/cmake_prefix_path.sh'
[0.901s] Level 1:colcon.colcon_core.environment:checking '/home/zerohzzzz/Documents/ros2-slam-comparison/install/turtlebot3_rtab/bin'
[0.902s] Level 1:colcon.colcon_core.environment:checking '/home/zerohzzzz/Documents/ros2-slam-comparison/install/turtlebot3_rtab/lib/pkgconfig/turtlebot3_rtab.pc'
[0.902s] Level 1:colcon.colcon_core.environment:checking '/home/zerohzzzz/Documents/ros2-slam-comparison/install/turtlebot3_rtab/lib/python3.10/site-packages'
[0.903s] Level 1:colcon.colcon_core.environment:checking '/home/zerohzzzz/Documents/ros2-slam-comparison/install/turtlebot3_rtab/bin'
[0.903s] INFO:colcon.colcon_core.shell:Creating package script '/home/zerohzzzz/Documents/ros2-slam-comparison/install/turtlebot3_rtab/share/turtlebot3_rtab/package.ps1'
[0.904s] INFO:colcon.colcon_core.shell:Creating package descriptor '/home/zerohzzzz/Documents/ros2-slam-comparison/install/turtlebot3_rtab/share/turtlebot3_rtab/package.dsv'
[0.905s] INFO:colcon.colcon_core.shell:Creating package script '/home/zerohzzzz/Documents/ros2-slam-comparison/install/turtlebot3_rtab/share/turtlebot3_rtab/package.sh'
[0.906s] INFO:colcon.colcon_core.shell:Creating package script '/home/zerohzzzz/Documents/ros2-slam-comparison/install/turtlebot3_rtab/share/turtlebot3_rtab/package.bash'
[0.907s] INFO:colcon.colcon_core.shell:Creating package script '/home/zerohzzzz/Documents/ros2-slam-comparison/install/turtlebot3_rtab/share/turtlebot3_rtab/package.zsh'
[0.908s] Level 1:colcon.colcon_core.environment:create_file_with_runtime_dependencies(/home/zerohzzzz/Documents/ros2-slam-comparison/install/turtlebot3_rtab/share/colcon-core/packages/turtlebot3_rtab)
[0.909s] Level 1:colcon.colcon_core.environment:create_environment_scripts_only(aws_robomaker_small_house_world)
[0.910s] Level 1:colcon.colcon_core.environment:checking '/home/zerohzzzz/Documents/ros2-slam-comparison/install/aws_robomaker_small_house_world' for CMake module files
[0.912s] Level 1:colcon.colcon_core.environment:checking '/home/zerohzzzz/Documents/ros2-slam-comparison/install/aws_robomaker_small_house_world' for CMake config files
[0.918s] Level 1:colcon.colcon_core.shell:create_environment_hook('aws_robomaker_small_house_world', 'cmake_prefix_path')
[0.919s] INFO:colcon.colcon_core.shell:Creating environment hook '/home/zerohzzzz/Documents/ros2-slam-comparison/install/aws_robomaker_small_house_world/share/aws_robomaker_small_house_world/hook/cmake_prefix_path.ps1'
[0.919s] INFO:colcon.colcon_core.shell:Creating environment descriptor '/home/zerohzzzz/Documents/ros2-slam-comparison/install/aws_robomaker_small_house_world/share/aws_robomaker_small_house_world/hook/cmake_prefix_path.dsv'
[0.920s] INFO:colcon.colcon_core.shell:Creating environment hook '/home/zerohzzzz/Documents/ros2-slam-comparison/install/aws_robomaker_small_house_world/share/aws_robomaker_small_house_world/hook/cmake_prefix_path.sh'
[0.921s] Level 1:colcon.colcon_core.environment:checking '/home/zerohzzzz/Documents/ros2-slam-comparison/install/aws_robomaker_small_house_world/bin'
[0.921s] Level 1:colcon.colcon_core.environment:checking '/home/zerohzzzz/Documents/ros2-slam-comparison/install/aws_robomaker_small_house_world/lib/pkgconfig/aws_robomaker_small_house_world.pc'
[0.921s] Level 1:colcon.colcon_core.environment:checking '/home/zerohzzzz/Documents/ros2-slam-comparison/install/aws_robomaker_small_house_world/lib/python3.10/site-packages'
[0.922s] Level 1:colcon.colcon_core.environment:checking '/home/zerohzzzz/Documents/ros2-slam-comparison/install/aws_robomaker_small_house_world/bin'
[0.922s] INFO:colcon.colcon_core.shell:Creating package script '/home/zerohzzzz/Documents/ros2-slam-comparison/install/aws_robomaker_small_house_world/share/aws_robomaker_small_house_world/package.ps1'
[0.923s] INFO:colcon.colcon_core.shell:Creating package descriptor '/home/zerohzzzz/Documents/ros2-slam-comparison/install/aws_robomaker_small_house_world/share/aws_robomaker_small_house_world/package.dsv'
[0.925s] INFO:colcon.colcon_core.shell:Creating package script '/home/zerohzzzz/Documents/ros2-slam-comparison/install/aws_robomaker_small_house_world/share/aws_robomaker_small_house_world/package.sh'
[0.926s] INFO:colcon.colcon_core.shell:Creating package script '/home/zerohzzzz/Documents/ros2-slam-comparison/install/aws_robomaker_small_house_world/share/aws_robomaker_small_house_world/package.bash'
[0.926s] INFO:colcon.colcon_core.shell:Creating package script '/home/zerohzzzz/Documents/ros2-slam-comparison/install/aws_robomaker_small_house_world/share/aws_robomaker_small_house_world/package.zsh'
[0.927s] Level 1:colcon.colcon_core.environment:create_file_with_runtime_dependencies(/home/zerohzzzz/Documents/ros2-slam-comparison/install/aws_robomaker_small_house_world/share/colcon-core/packages/aws_robomaker_small_house_world)
[0.928s] Level 1:colcon.colcon_core.environment:create_environment_scripts_only(noisy_odometry)
[0.929s] Level 1:colcon.colcon_core.environment:checking '/home/zerohzzzz/Documents/ros2-slam-comparison/install/noisy_odometry' for CMake module files
[0.930s] Level 1:colcon.colcon_core.environment:checking '/home/zerohzzzz/Documents/ros2-slam-comparison/install/noisy_odometry' for CMake config files
[0.930s] Level 1:colcon.colcon_core.shell:create_environment_hook('noisy_odometry', 'cmake_prefix_path')
[0.931s] INFO:colcon.colcon_core.shell:Creating environment hook '/home/zerohzzzz/Documents/ros2-slam-comparison/install/noisy_odometry/share/noisy_odometry/hook/cmake_prefix_path.ps1'
[0.931s] INFO:colcon.colcon_core.shell:Creating environment descriptor '/home/zerohzzzz/Documents/ros2-slam-comparison/install/noisy_odometry/share/noisy_odometry/hook/cmake_prefix_path.dsv'
[0.932s] INFO:colcon.colcon_core.shell:Creating environment hook '/home/zerohzzzz/Documents/ros2-slam-comparison/install/noisy_odometry/share/noisy_odometry/hook/cmake_prefix_path.sh'
[0.933s] Level 1:colcon.colcon_core.environment:checking '/home/zerohzzzz/Documents/ros2-slam-comparison/install/noisy_odometry/lib'
[0.933s] Level 1:colcon.colcon_core.environment:checking '/home/zerohzzzz/Documents/ros2-slam-comparison/install/noisy_odometry/bin'
[0.933s] Level 1:colcon.colcon_core.environment:checking '/home/zerohzzzz/Documents/ros2-slam-comparison/install/noisy_odometry/lib/pkgconfig/noisy_odometry.pc'
[0.933s] Level 1:colcon.colcon_core.environment:checking '/home/zerohzzzz/Documents/ros2-slam-comparison/install/noisy_odometry/lib/python3.10/site-packages'
[0.934s] Level 1:colcon.colcon_core.environment:checking '/home/zerohzzzz/Documents/ros2-slam-comparison/install/noisy_odometry/bin'
[0.934s] INFO:colcon.colcon_core.shell:Creating package script '/home/zerohzzzz/Documents/ros2-slam-comparison/install/noisy_odometry/share/noisy_odometry/package.ps1'
[0.935s] INFO:colcon.colcon_core.shell:Creating package descriptor '/home/zerohzzzz/Documents/ros2-slam-comparison/install/noisy_odometry/share/noisy_odometry/package.dsv'
[0.936s] INFO:colcon.colcon_core.shell:Creating package script '/home/zerohzzzz/Documents/ros2-slam-comparison/install/noisy_odometry/share/noisy_odometry/package.sh'
[0.936s] INFO:colcon.colcon_core.shell:Creating package script '/home/zerohzzzz/Documents/ros2-slam-comparison/install/noisy_odometry/share/noisy_odometry/package.bash'
[0.937s] INFO:colcon.colcon_core.shell:Creating package script '/home/zerohzzzz/Documents/ros2-slam-comparison/install/noisy_odometry/share/noisy_odometry/package.zsh'
[0.937s] Level 1:colcon.colcon_core.environment:create_file_with_runtime_dependencies(/home/zerohzzzz/Documents/ros2-slam-comparison/install/noisy_odometry/share/colcon-core/packages/noisy_odometry)
[0.939s] Level 1:colcon.colcon_core.environment:create_environment_scripts_only(turtlebot3_burger)
[0.939s] Level 1:colcon.colcon_core.environment:checking '/home/zerohzzzz/Documents/ros2-slam-comparison/install/turtlebot3_burger' for CMake module files
[0.940s] Level 1:colcon.colcon_core.environment:checking '/home/zerohzzzz/Documents/ros2-slam-comparison/install/turtlebot3_burger' for CMake config files
[0.940s] Level 1:colcon.colcon_core.shell:create_environment_hook('turtlebot3_burger', 'cmake_prefix_path')
[0.940s] INFO:colcon.colcon_core.shell:Creating environment hook '/home/zerohzzzz/Documents/ros2-slam-comparison/install/turtlebot3_burger/share/turtlebot3_burger/hook/cmake_prefix_path.ps1'
[0.941s] INFO:colcon.colcon_core.shell:Creating environment descriptor '/home/zerohzzzz/Documents/ros2-slam-comparison/install/turtlebot3_burger/share/turtlebot3_burger/hook/cmake_prefix_path.dsv'
[0.941s] INFO:colcon.colcon_core.shell:Creating environment hook '/home/zerohzzzz/Documents/ros2-slam-comparison/install/turtlebot3_burger/share/turtlebot3_burger/hook/cmake_prefix_path.sh'
[0.942s] Level 1:colcon.colcon_core.environment:checking '/home/zerohzzzz/Documents/ros2-slam-comparison/install/turtlebot3_burger/lib'
[0.942s] Level 1:colcon.colcon_core.environment:checking '/home/zerohzzzz/Documents/ros2-slam-comparison/install/turtlebot3_burger/bin'
[0.942s] Level 1:colcon.colcon_core.environment:checking '/home/zerohzzzz/Documents/ros2-slam-comparison/install/turtlebot3_burger/lib/pkgconfig/turtlebot3_burger.pc'
[0.943s] Level 1:colcon.colcon_core.environment:checking '/home/zerohzzzz/Documents/ros2-slam-comparison/install/turtlebot3_burger/lib/python3.10/site-packages'
[0.943s] Level 1:colcon.colcon_core.environment:checking '/home/zerohzzzz/Documents/ros2-slam-comparison/install/turtlebot3_burger/bin'
[0.943s] INFO:colcon.colcon_core.shell:Creating package script '/home/zerohzzzz/Documents/ros2-slam-comparison/install/turtlebot3_burger/share/turtlebot3_burger/package.ps1'
[0.944s] INFO:colcon.colcon_core.shell:Creating package descriptor '/home/zerohzzzz/Documents/ros2-slam-comparison/install/turtlebot3_burger/share/turtlebot3_burger/package.dsv'
[0.944s] INFO:colcon.colcon_core.shell:Creating package script '/home/zerohzzzz/Documents/ros2-slam-comparison/install/turtlebot3_burger/share/turtlebot3_burger/package.sh'
[0.945s] INFO:colcon.colcon_core.shell:Creating package script '/home/zerohzzzz/Documents/ros2-slam-comparison/install/turtlebot3_burger/share/turtlebot3_burger/package.bash'
[0.945s] INFO:colcon.colcon_core.shell:Creating package script '/home/zerohzzzz/Documents/ros2-slam-comparison/install/turtlebot3_burger/share/turtlebot3_burger/package.zsh'
[0.946s] Level 1:colcon.colcon_core.environment:create_file_with_runtime_dependencies(/home/zerohzzzz/Documents/ros2-slam-comparison/install/turtlebot3_burger/share/colcon-core/packages/turtlebot3_burger)
[0.946s] DEBUG:colcon.colcon_parallel_executor.executor.parallel:closing loop
[0.946s] DEBUG:colcon.colcon_parallel_executor.executor.parallel:loop closed
[0.946s] DEBUG:colcon.colcon_parallel_executor.executor.parallel:run_until_complete finished with '0'
[0.946s] DEBUG:colcon.colcon_core.event_reactor:joining thread
[0.953s] INFO:colcon.colcon_core.plugin_system:Skipping extension 'colcon_notification.desktop_notification.notify_send': Could not find 'notify-send'
[0.953s] INFO:colcon.colcon_core.plugin_system:Skipping extension 'colcon_notification.desktop_notification.terminal_notifier': Not used on non-Darwin systems
[0.953s] INFO:colcon.colcon_core.plugin_system:Skipping extension 'colcon_notification.desktop_notification.win32': Not used on non-Windows systems
[0.953s] INFO:colcon.colcon_notification.desktop_notification:Sending desktop notification using 'notify2'
[0.962s] DEBUG:colcon.colcon_core.event_reactor:joined thread
[0.963s] INFO:colcon.colcon_core.shell:Creating prefix script '/home/zerohzzzz/Documents/ros2-slam-comparison/install/local_setup.ps1'
[0.964s] INFO:colcon.colcon_core.shell:Creating prefix util module '/home/zerohzzzz/Documents/ros2-slam-comparison/install/_local_setup_util_ps1.py'
[0.967s] INFO:colcon.colcon_core.shell:Creating prefix chain script '/home/zerohzzzz/Documents/ros2-slam-comparison/install/setup.ps1'
[0.970s] INFO:colcon.colcon_core.shell:Creating prefix script '/home/zerohzzzz/Documents/ros2-slam-comparison/install/local_setup.sh'
[0.971s] INFO:colcon.colcon_core.shell:Creating prefix util module '/home/zerohzzzz/Documents/ros2-slam-comparison/install/_local_setup_util_sh.py'
[0.973s] INFO:colcon.colcon_core.shell:Creating prefix chain script '/home/zerohzzzz/Documents/ros2-slam-comparison/install/setup.sh'
[0.975s] INFO:colcon.colcon_core.shell:Creating prefix script '/home/zerohzzzz/Documents/ros2-slam-comparison/install/local_setup.bash'
[0.975s] INFO:colcon.colcon_core.shell:Creating prefix chain script '/home/zerohzzzz/Documents/ros2-slam-comparison/install/setup.bash'
[0.977s] INFO:colcon.colcon_core.shell:Creating prefix script '/home/zerohzzzz/Documents/ros2-slam-comparison/install/local_setup.zsh'
[0.978s] INFO:colcon.colcon_core.shell:Creating prefix chain script '/home/zerohzzzz/Documents/ros2-slam-comparison/install/setup.zsh'
