[0.284s] Invoking command in '/home/zerohzzzz/Documents/RobotNav2/build/nav2_bringup': CMAKE_PREFIX_PATH=${CMAKE_PREFIX_PATH}:/home/zerohzzzz/Documents/RobotNav2/install/map_build:/opt/ros/humble /usr/bin/cmake --build /home/zerohzzzz/Documents/RobotNav2/build/nav2_bringup -- -j8 -l8
[0.342s] Invoked command in '/home/zerohzzzz/Documents/RobotNav2/build/nav2_bringup' returned '0': CMAKE_PREFIX_PATH=${CMAKE_PREFIX_PATH}:/home/zerohzzzz/Documents/RobotNav2/install/map_build:/opt/ros/humble /usr/bin/cmake --build /home/zerohzzzz/Documents/RobotNav2/build/nav2_bringup -- -j8 -l8
[0.375s] Invoking command in '/home/zerohzzzz/Documents/RobotNav2/build/nav2_bringup': CMAKE_PREFIX_PATH=${CMAKE_PREFIX_PATH}:/home/zerohzzzz/Documents/RobotNav2/install/map_build:/opt/ros/humble /usr/bin/cmake --install /home/zerohzzzz/Documents/RobotNav2/build/nav2_bringup
[0.386s] -- Install configuration: "Release"
[0.387s] -- Up-to-date: /home/zerohzzzz/Documents/RobotNav2/install/nav2_bringup/share/nav2_bringup/launch
[0.388s] -- Up-to-date: /home/zerohzzzz/Documents/RobotNav2/install/nav2_bringup/share/nav2_bringup/launch/slam_launch.py
[0.389s] -- Up-to-date: /home/zerohzzzz/Documents/RobotNav2/install/nav2_bringup/share/nav2_bringup/launch/bringup_launch.py
[0.390s] -- Up-to-date: /home/zerohzzzz/Documents/RobotNav2/install/nav2_bringup/share/nav2_bringup/launch/rviz_launch.py
[0.391s] -- Up-to-date: /home/zerohzzzz/Documents/RobotNav2/install/nav2_bringup/share/nav2_bringup/launch/navigation_launch.py
[0.391s] -- Up-to-date: /home/zerohzzzz/Documents/RobotNav2/install/nav2_bringup/share/nav2_bringup/launch/tb3_simulation_launch.py
[0.392s] -- Up-to-date: /home/zerohzzzz/Documents/RobotNav2/install/nav2_bringup/share/nav2_bringup/launch/multi_tb3_simulation_launch.py
[0.392s] -- Up-to-date: /home/zerohzzzz/Documents/RobotNav2/install/nav2_bringup/share/nav2_bringup/launch/localization_launch.py
[0.392s] -- Up-to-date: /home/zerohzzzz/Documents/RobotNav2/install/nav2_bringup/share/nav2_bringup/maps
[0.392s] -- Up-to-date: /home/zerohzzzz/Documents/RobotNav2/install/nav2_bringup/share/nav2_bringup/maps/turtlebot3_world.yaml
[0.394s] -- Up-to-date: /home/zerohzzzz/Documents/RobotNav2/install/nav2_bringup/share/nav2_bringup/maps/turtlebot3_world.pgm
[0.394s] -- Up-to-date: /home/zerohzzzz/Documents/RobotNav2/install/nav2_bringup/share/nav2_bringup/rviz
[0.395s] -- Up-to-date: /home/zerohzzzz/Documents/RobotNav2/install/nav2_bringup/share/nav2_bringup/rviz/nav2_default_view.rviz
[0.395s] -- Up-to-date: /home/zerohzzzz/Documents/RobotNav2/install/nav2_bringup/share/nav2_bringup/rviz/nav2_namespaced_view.rviz
[0.396s] -- Up-to-date: /home/zerohzzzz/Documents/RobotNav2/install/nav2_bringup/share/nav2_bringup/worlds
[0.396s] -- Up-to-date: /home/zerohzzzz/Documents/RobotNav2/install/nav2_bringup/share/nav2_bringup/worlds/waffle.model
[0.396s] -- Up-to-date: /home/zerohzzzz/Documents/RobotNav2/install/nav2_bringup/share/nav2_bringup/worlds/world_only.model
[0.396s] -- Up-to-date: /home/zerohzzzz/Documents/RobotNav2/install/nav2_bringup/share/nav2_bringup/params
[0.398s] -- Up-to-date: /home/zerohzzzz/Documents/RobotNav2/install/nav2_bringup/share/nav2_bringup/params/nav2_multirobot_params_2.yaml
[0.398s] -- Up-to-date: /home/zerohzzzz/Documents/RobotNav2/install/nav2_bringup/share/nav2_bringup/params/nav2_multirobot_params_1.yaml
[0.398s] -- Up-to-date: /home/zerohzzzz/Documents/RobotNav2/install/nav2_bringup/share/nav2_bringup/params/nav2_params.yaml
[0.398s] -- Up-to-date: /home/zerohzzzz/Documents/RobotNav2/install/nav2_bringup/share/nav2_bringup/urdf
[0.398s] -- Up-to-date: /home/zerohzzzz/Documents/RobotNav2/install/nav2_bringup/share/nav2_bringup/urdf/turtlebot3_waffle.urdf
[0.398s] -- Up-to-date: /home/zerohzzzz/Documents/RobotNav2/install/nav2_bringup/share/ament_index/resource_index/package_run_dependencies/nav2_bringup
[0.399s] -- Up-to-date: /home/zerohzzzz/Documents/RobotNav2/install/nav2_bringup/share/ament_index/resource_index/parent_prefix_path/nav2_bringup
[0.399s] -- Up-to-date: /home/zerohzzzz/Documents/RobotNav2/install/nav2_bringup/share/nav2_bringup/environment/ament_prefix_path.sh
[0.399s] -- Up-to-date: /home/zerohzzzz/Documents/RobotNav2/install/nav2_bringup/share/nav2_bringup/environment/ament_prefix_path.dsv
[0.399s] -- Up-to-date: /home/zerohzzzz/Documents/RobotNav2/install/nav2_bringup/share/nav2_bringup/environment/path.sh
[0.399s] -- Up-to-date: /home/zerohzzzz/Documents/RobotNav2/install/nav2_bringup/share/nav2_bringup/environment/path.dsv
[0.399s] -- Up-to-date: /home/zerohzzzz/Documents/RobotNav2/install/nav2_bringup/share/nav2_bringup/local_setup.bash
[0.399s] -- Up-to-date: /home/zerohzzzz/Documents/RobotNav2/install/nav2_bringup/share/nav2_bringup/local_setup.sh
[0.399s] -- Up-to-date: /home/zerohzzzz/Documents/RobotNav2/install/nav2_bringup/share/nav2_bringup/local_setup.zsh
[0.400s] -- Up-to-date: /home/zerohzzzz/Documents/RobotNav2/install/nav2_bringup/share/nav2_bringup/local_setup.dsv
[0.400s] -- Installing: /home/zerohzzzz/Documents/RobotNav2/install/nav2_bringup/share/nav2_bringup/package.dsv
[0.400s] -- Up-to-date: /home/zerohzzzz/Documents/RobotNav2/install/nav2_bringup/share/ament_index/resource_index/packages/nav2_bringup
[0.400s] -- Up-to-date: /home/zerohzzzz/Documents/RobotNav2/install/nav2_bringup/share/nav2_bringup/cmake/nav2_bringupConfig.cmake
[0.400s] -- Up-to-date: /home/zerohzzzz/Documents/RobotNav2/install/nav2_bringup/share/nav2_bringup/cmake/nav2_bringupConfig-version.cmake
[0.400s] -- Up-to-date: /home/zerohzzzz/Documents/RobotNav2/install/nav2_bringup/share/nav2_bringup/package.xml
[0.411s] Invoked command in '/home/zerohzzzz/Documents/RobotNav2/build/nav2_bringup' returned '0': CMAKE_PREFIX_PATH=${CMAKE_PREFIX_PATH}:/home/zerohzzzz/Documents/RobotNav2/install/map_build:/opt/ros/humble /usr/bin/cmake --install /home/zerohzzzz/Documents/RobotNav2/build/nav2_bringup
