[1.406s] Invoking command in '/home/zerohzzzz/Documents/RobotNav2/src/dir': PYTHONPATH=/home/zerohzzzz/Documents/RobotNav2/build/dir/prefix_override:/usr/lib/python3/dist-packages/colcon_core/task/python/colcon_distutils_commands:/home/zerohzzzz/Documents/RobotNav2/install/dir/lib/python3.10/site-packages:${PYTHONPATH} /usr/bin/python3 -W ignore:setup.py install is deprecated setup.py egg_info --egg-base ../../build/dir build --build-base /home/zerohzzzz/Documents/RobotNav2/build/dir/build install --record /home/zerohzzzz/Documents/RobotNav2/build/dir/install.log --single-version-externally-managed install_data
[1.692s] running egg_info
[1.692s] writing ../../build/dir/dir.egg-info/PKG-INFO
[1.693s] writing dependency_links to ../../build/dir/dir.egg-info/dependency_links.txt
[1.693s] writing entry points to ../../build/dir/dir.egg-info/entry_points.txt
[1.693s] writing requirements to ../../build/dir/dir.egg-info/requires.txt
[1.696s] writing top-level names to ../../build/dir/dir.egg-info/top_level.txt
[1.699s] reading manifest file '../../build/dir/dir.egg-info/SOURCES.txt'
[1.700s] writing manifest file '../../build/dir/dir.egg-info/SOURCES.txt'
[1.700s] running build
[1.700s] running build_py
[1.700s] running install
[1.700s] running install_lib
[1.702s] running install_data
[1.702s] running install_egg_info
[1.706s] removing '/home/zerohzzzz/Documents/RobotNav2/install/dir/lib/python3.10/site-packages/dir-0.0.0-py3.10.egg-info' (and everything under it)
[1.706s] Copying ../../build/dir/dir.egg-info to /home/zerohzzzz/Documents/RobotNav2/install/dir/lib/python3.10/site-packages/dir-0.0.0-py3.10.egg-info
[1.708s] running install_scripts
[1.748s] writing list of installed files to '/home/zerohzzzz/Documents/RobotNav2/build/dir/install.log'
[1.821s] Invoked command in '/home/zerohzzzz/Documents/RobotNav2/src/dir' returned '0': PYTHONPATH=/home/zerohzzzz/Documents/RobotNav2/build/dir/prefix_override:/usr/lib/python3/dist-packages/colcon_core/task/python/colcon_distutils_commands:/home/zerohzzzz/Documents/RobotNav2/install/dir/lib/python3.10/site-packages:${PYTHONPATH} /usr/bin/python3 -W ignore:setup.py install is deprecated setup.py egg_info --egg-base ../../build/dir build --build-base /home/zerohzzzz/Documents/RobotNav2/build/dir/build install --record /home/zerohzzzz/Documents/RobotNav2/build/dir/install.log --single-version-externally-managed install_data
