running egg_info
writing ../../build/dir/dir.egg-info/PKG-INFO
writing dependency_links to ../../build/dir/dir.egg-info/dependency_links.txt
writing entry points to ../../build/dir/dir.egg-info/entry_points.txt
writing requirements to ../../build/dir/dir.egg-info/requires.txt
writing top-level names to ../../build/dir/dir.egg-info/top_level.txt
reading manifest file '../../build/dir/dir.egg-info/SOURCES.txt'
writing manifest file '../../build/dir/dir.egg-info/SOURCES.txt'
running build
running build_py
creating /home/zerohzzzz/Documents/RobotNav2/build/dir/build
creating /home/zerohzzzz/Documents/RobotNav2/build/dir/build/lib
creating /home/zerohzzzz/Documents/RobotNav2/build/dir/build/lib/dir
copying dir/__init__.py -> /home/zerohzzzz/Documents/RobotNav2/build/dir/build/lib/dir
running install
running install_lib
creating /home/zerohzzzz/Documents/RobotNav2/install/dir/lib/python3.10/site-packages/dir
copying /home/zerohzzzz/Documents/RobotNav2/build/dir/build/lib/dir/__init__.py -> /home/zerohzzzz/Documents/RobotNav2/install/dir/lib/python3.10/site-packages/dir
byte-compiling /home/zerohzzzz/Documents/RobotNav2/install/dir/lib/python3.10/site-packages/dir/__init__.py to __init__.cpython-310.pyc
running install_data
creating /home/zerohzzzz/Documents/RobotNav2/install/dir/share/ament_index
creating /home/zerohzzzz/Documents/RobotNav2/install/dir/share/ament_index/resource_index
creating /home/zerohzzzz/Documents/RobotNav2/install/dir/share/ament_index/resource_index/packages
copying resource/dir -> /home/zerohzzzz/Documents/RobotNav2/install/dir/share/ament_index/resource_index/packages
copying package.xml -> /home/zerohzzzz/Documents/RobotNav2/install/dir/share/dir
running install_egg_info
Copying ../../build/dir/dir.egg-info to /home/zerohzzzz/Documents/RobotNav2/install/dir/lib/python3.10/site-packages/dir-0.0.0-py3.10.egg-info
running install_scripts
writing list of installed files to '/home/zerohzzzz/Documents/RobotNav2/build/dir/install.log'
