[1.366s] Invoking command in '/home/zerohzzzz/Documents/RobotNav2/src/dir': PYTHONPATH=/home/zerohzzzz/Documents/RobotNav2/build/dir/prefix_override:/usr/lib/python3/dist-packages/colcon_core/task/python/colcon_distutils_commands:/home/zerohzzzz/Documents/RobotNav2/install/dir/lib/python3.10/site-packages:${PYTHONPATH} /usr/bin/python3 -W ignore:setup.py install is deprecated setup.py egg_info --egg-base ../../build/dir build --build-base /home/zerohzzzz/Documents/RobotNav2/build/dir/build install --record /home/zerohzzzz/Documents/RobotNav2/build/dir/install.log --single-version-externally-managed install_data
[1.668s] running egg_info
[1.668s] writing ../../build/dir/dir.egg-info/PKG-INFO
[1.669s] writing dependency_links to ../../build/dir/dir.egg-info/dependency_links.txt
[1.669s] writing entry points to ../../build/dir/dir.egg-info/entry_points.txt
[1.669s] writing requirements to ../../build/dir/dir.egg-info/requires.txt
[1.669s] writing top-level names to ../../build/dir/dir.egg-info/top_level.txt
[1.671s] reading manifest file '../../build/dir/dir.egg-info/SOURCES.txt'
[1.672s] writing manifest file '../../build/dir/dir.egg-info/SOURCES.txt'
[1.673s] running build
[1.673s] running build_py
[1.673s] creating /home/zerohzzzz/Documents/RobotNav2/build/dir/build
[1.673s] creating /home/zerohzzzz/Documents/RobotNav2/build/dir/build/lib
[1.673s] creating /home/zerohzzzz/Documents/RobotNav2/build/dir/build/lib/dir
[1.674s] copying dir/__init__.py -> /home/zerohzzzz/Documents/RobotNav2/build/dir/build/lib/dir
[1.674s] running install
[1.674s] running install_lib
[1.675s] creating /home/zerohzzzz/Documents/RobotNav2/install/dir/lib/python3.10/site-packages/dir
[1.675s] copying /home/zerohzzzz/Documents/RobotNav2/build/dir/build/lib/dir/__init__.py -> /home/zerohzzzz/Documents/RobotNav2/install/dir/lib/python3.10/site-packages/dir
[1.676s] byte-compiling /home/zerohzzzz/Documents/RobotNav2/install/dir/lib/python3.10/site-packages/dir/__init__.py to __init__.cpython-310.pyc
[1.676s] running install_data
[1.676s] creating /home/zerohzzzz/Documents/RobotNav2/install/dir/share/ament_index
[1.677s] creating /home/zerohzzzz/Documents/RobotNav2/install/dir/share/ament_index/resource_index
[1.677s] creating /home/zerohzzzz/Documents/RobotNav2/install/dir/share/ament_index/resource_index/packages
[1.677s] copying resource/dir -> /home/zerohzzzz/Documents/RobotNav2/install/dir/share/ament_index/resource_index/packages
[1.677s] copying package.xml -> /home/zerohzzzz/Documents/RobotNav2/install/dir/share/dir
[1.677s] running install_egg_info
[1.680s] Copying ../../build/dir/dir.egg-info to /home/zerohzzzz/Documents/RobotNav2/install/dir/lib/python3.10/site-packages/dir-0.0.0-py3.10.egg-info
[1.681s] running install_scripts
[1.710s] writing list of installed files to '/home/zerohzzzz/Documents/RobotNav2/build/dir/install.log'
[1.786s] Invoked command in '/home/zerohzzzz/Documents/RobotNav2/src/dir' returned '0': PYTHONPATH=/home/zerohzzzz/Documents/RobotNav2/build/dir/prefix_override:/usr/lib/python3/dist-packages/colcon_core/task/python/colcon_distutils_commands:/home/zerohzzzz/Documents/RobotNav2/install/dir/lib/python3.10/site-packages:${PYTHONPATH} /usr/bin/python3 -W ignore:setup.py install is deprecated setup.py egg_info --egg-base ../../build/dir build --build-base /home/zerohzzzz/Documents/RobotNav2/build/dir/build install --record /home/zerohzzzz/Documents/RobotNav2/build/dir/install.log --single-version-externally-managed install_data
