[0.210s] Invoking command in '/mnt/c/Users/ZeroHzzzz/Desktop/robot/build/csm': CMAKE_PREFIX_PATH=${CMAKE_PREFIX_PATH}:/mnt/c/Users/ZeroHzzzz/Desktop/robot/install/nav:/opt/ros/humble /usr/bin/cmake --build /mnt/c/Users/ZeroHzzzz/Desktop/robot/build/csm -- -j32 -l32
[1.538s] [100%] Built target csm
[1.785s] Invoked command in '/mnt/c/Users/ZeroHzzzz/Desktop/robot/build/csm' returned '0': CMAKE_PREFIX_PATH=${CMAKE_PREFIX_PATH}:/mnt/c/Users/ZeroHzzzz/Desktop/robot/install/nav:/opt/ros/humble /usr/bin/cmake --build /mnt/c/Users/ZeroHzzzz/Desktop/robot/build/csm -- -j32 -l32
[3.903s] Invoking command in '/mnt/c/Users/ZeroHzzzz/Desktop/robot/build/csm': CMAKE_PREFIX_PATH=${CMAKE_PREFIX_PATH}:/mnt/c/Users/ZeroHzzzz/Desktop/robot/install/nav:/opt/ros/humble /usr/bin/cmake --install /mnt/c/Users/ZeroHzzzz/Desktop/robot/build/csm
[3.971s] -- Install configuration: ""
[4.002s] -- Up-to-date: /mnt/c/Users/ZeroHzzzz/Desktop/robot/install/csm/lib/libcsm.so
[4.015s] -- Up-to-date: /mnt/c/Users/ZeroHzzzz/Desktop/robot/install/csm/include/..//include
[4.031s] -- Up-to-date: /mnt/c/Users/ZeroHzzzz/Desktop/robot/install/csm/include/..//include/csm
[4.064s] -- Up-to-date: /mnt/c/Users/ZeroHzzzz/Desktop/robot/install/csm/include/..//include/csm/algos.h
[4.086s] -- Up-to-date: /mnt/c/Users/ZeroHzzzz/Desktop/robot/install/csm/include/..//include/csm/csm.h
[4.107s] -- Up-to-date: /mnt/c/Users/ZeroHzzzz/Desktop/robot/install/csm/include/..//include/csm/laser_data.h
[4.122s] -- Up-to-date: /mnt/c/Users/ZeroHzzzz/Desktop/robot/install/csm/include/..//include/csm/laser_data_inline.h
[4.138s] -- Up-to-date: /mnt/c/Users/ZeroHzzzz/Desktop/robot/install/csm/include/..//include/csm/restrict.h
[4.149s] -- Up-to-date: /mnt/c/Users/ZeroHzzzz/Desktop/robot/install/csm/include/..//include/gsl_eigen
[4.172s] -- Up-to-date: /mnt/c/Users/ZeroHzzzz/Desktop/robot/install/csm/include/..//include/gsl_eigen/gsl_eigen.h
[4.183s] -- Up-to-date: /mnt/c/Users/ZeroHzzzz/Desktop/robot/install/csm/share/csm/resource
[4.200s] -- Up-to-date: /mnt/c/Users/ZeroHzzzz/Desktop/robot/install/csm/share/csm/resource/csm
[4.212s] -- Up-to-date: /mnt/c/Users/ZeroHzzzz/Desktop/robot/install/csm/include/../gsl_eigen
[4.232s] -- Up-to-date: /mnt/c/Users/ZeroHzzzz/Desktop/robot/install/csm/include/../gsl_eigen/gsl_eigen.h
[4.242s] -- Up-to-date: /mnt/c/Users/ZeroHzzzz/Desktop/robot/install/csm/share/csm/environment/library_path.sh
[4.260s] -- Up-to-date: /mnt/c/Users/ZeroHzzzz/Desktop/robot/install/csm/share/csm/environment/library_path.dsv
[4.283s] -- Up-to-date: /mnt/c/Users/ZeroHzzzz/Desktop/robot/install/csm/share/ament_index/resource_index/package_run_dependencies/csm
[4.315s] -- Up-to-date: /mnt/c/Users/ZeroHzzzz/Desktop/robot/install/csm/share/ament_index/resource_index/parent_prefix_path/csm
[4.327s] -- Up-to-date: /mnt/c/Users/ZeroHzzzz/Desktop/robot/install/csm/share/csm/environment/ament_prefix_path.sh
[4.339s] -- Up-to-date: /mnt/c/Users/ZeroHzzzz/Desktop/robot/install/csm/share/csm/environment/ament_prefix_path.dsv
[4.348s] -- Up-to-date: /mnt/c/Users/ZeroHzzzz/Desktop/robot/install/csm/share/csm/environment/path.sh
[4.361s] -- Up-to-date: /mnt/c/Users/ZeroHzzzz/Desktop/robot/install/csm/share/csm/environment/path.dsv
[4.372s] -- Up-to-date: /mnt/c/Users/ZeroHzzzz/Desktop/robot/install/csm/share/csm/local_setup.bash
[4.381s] -- Up-to-date: /mnt/c/Users/ZeroHzzzz/Desktop/robot/install/csm/share/csm/local_setup.sh
[4.392s] -- Up-to-date: /mnt/c/Users/ZeroHzzzz/Desktop/robot/install/csm/share/csm/local_setup.zsh
[4.403s] -- Up-to-date: /mnt/c/Users/ZeroHzzzz/Desktop/robot/install/csm/share/csm/local_setup.dsv
[4.415s] -- Installing: /mnt/c/Users/ZeroHzzzz/Desktop/robot/install/csm/share/csm/package.dsv
[4.466s] -- Up-to-date: /mnt/c/Users/ZeroHzzzz/Desktop/robot/install/csm/share/ament_index/resource_index/packages/csm
[4.497s] -- Up-to-date: /mnt/c/Users/ZeroHzzzz/Desktop/robot/install/csm/share/csm/cmake/ament_cmake_export_dependencies-extras.cmake
[4.527s] -- Up-to-date: /mnt/c/Users/ZeroHzzzz/Desktop/robot/install/csm/share/csm/cmake/ament_cmake_export_include_directories-extras.cmake
[4.553s] -- Up-to-date: /mnt/c/Users/ZeroHzzzz/Desktop/robot/install/csm/share/csm/cmake/ament_cmake_export_libraries-extras.cmake
[4.572s] -- Up-to-date: /mnt/c/Users/ZeroHzzzz/Desktop/robot/install/csm/share/csm/cmake/csmConfig.cmake
[4.588s] -- Up-to-date: /mnt/c/Users/ZeroHzzzz/Desktop/robot/install/csm/share/csm/cmake/csmConfig-version.cmake
[4.602s] -- Up-to-date: /mnt/c/Users/ZeroHzzzz/Desktop/robot/install/csm/share/csm/package.xml
[4.610s] Invoked command in '/mnt/c/Users/ZeroHzzzz/Desktop/robot/build/csm' returned '0': CMAKE_PREFIX_PATH=${CMAKE_PREFIX_PATH}:/mnt/c/Users/ZeroHzzzz/Desktop/robot/install/nav:/opt/ros/humble /usr/bin/cmake --install /mnt/c/Users/ZeroHzzzz/Desktop/robot/build/csm
