[35m[1mConsolidate compiler generated dependencies of target turtlebot3_drive[0m
[100%] Built target turtlebot3_drive
-- Install configuration: ""
-- Up-to-date: /home/zerohzzzz/Documents/ros2-slam-comparison/install/turtlebot3_burger/lib/turtlebot3_burger/turtlebot3_drive
-- Up-to-date: /home/zerohzzzz/Documents/ros2-slam-comparison/install/turtlebot3_burger/share/turtlebot3_burger//launch
-- Up-to-date: /home/zerohzzzz/Documents/ros2-slam-comparison/install/turtlebot3_burger/share/turtlebot3_burger//launch/rviz2.launch.py
-- Up-to-date: /home/zerohzzzz/Documents/ros2-slam-comparison/install/turtlebot3_burger/share/turtlebot3_burger//launch/turtlebot3_aws_small_house_gazebo.launch.py
-- Up-to-date: /home/zerohzzzz/Documents/ros2-slam-comparison/install/turtlebot3_burger/share/turtlebot3_burger//launch/robot_state_publisher.launch.py
-- Up-to-date: /home/zerohzzzz/Documents/ros2-slam-comparison/install/turtlebot3_burger/share/turtlebot3_burger//launch/spawn_turtlebot3.launch.py
-- Up-to-date: /home/zerohzzzz/Documents/ros2-slam-comparison/install/turtlebot3_burger/share/turtlebot3_burger//models
-- Up-to-date: /home/zerohzzzz/Documents/ros2-slam-comparison/install/turtlebot3_burger/share/turtlebot3_burger//models/turtlebot3_burger_lidar_angular_resolution_0-9
-- Up-to-date: /home/zerohzzzz/Documents/ros2-slam-comparison/install/turtlebot3_burger/share/turtlebot3_burger//models/turtlebot3_burger_lidar_angular_resolution_0-9/model.sdf
-- Up-to-date: /home/zerohzzzz/Documents/ros2-slam-comparison/install/turtlebot3_burger/share/turtlebot3_burger//models/turtlebot3_burger_lidar_angular_resolution_0-9/model-1_4.sdf
-- Up-to-date: /home/zerohzzzz/Documents/ros2-slam-comparison/install/turtlebot3_burger/share/turtlebot3_burger//models/turtlebot3_burger_lidar_angular_resolution_0-9/model.config
-- Up-to-date: /home/zerohzzzz/Documents/ros2-slam-comparison/install/turtlebot3_burger/share/turtlebot3_burger//models/turtlebot3_common
-- Up-to-date: /home/zerohzzzz/Documents/ros2-slam-comparison/install/turtlebot3_burger/share/turtlebot3_burger//models/turtlebot3_common/meshes
-- Up-to-date: /home/zerohzzzz/Documents/ros2-slam-comparison/install/turtlebot3_burger/share/turtlebot3_burger//models/turtlebot3_common/meshes/burger_base.dae
-- Up-to-date: /home/zerohzzzz/Documents/ros2-slam-comparison/install/turtlebot3_burger/share/turtlebot3_burger//models/turtlebot3_common/meshes/lds.dae
-- Up-to-date: /home/zerohzzzz/Documents/ros2-slam-comparison/install/turtlebot3_burger/share/turtlebot3_burger//models/turtlebot3_common/meshes/tire.dae
-- Up-to-date: /home/zerohzzzz/Documents/ros2-slam-comparison/install/turtlebot3_burger/share/turtlebot3_burger//models/turtlebot3_common/meshes/r200.dae
-- Up-to-date: /home/zerohzzzz/Documents/ros2-slam-comparison/install/turtlebot3_burger/share/turtlebot3_burger//models/turtlebot3_common/model.config
-- Up-to-date: /home/zerohzzzz/Documents/ros2-slam-comparison/install/turtlebot3_burger/share/turtlebot3_burger//models/turtlebot3_burger_lidar_angular_resolution_2-5
-- Up-to-date: /home/zerohzzzz/Documents/ros2-slam-comparison/install/turtlebot3_burger/share/turtlebot3_burger//models/turtlebot3_burger_lidar_angular_resolution_2-5/model.sdf
-- Up-to-date: /home/zerohzzzz/Documents/ros2-slam-comparison/install/turtlebot3_burger/share/turtlebot3_burger//models/turtlebot3_burger_lidar_angular_resolution_2-5/model-1_4.sdf
-- Up-to-date: /home/zerohzzzz/Documents/ros2-slam-comparison/install/turtlebot3_burger/share/turtlebot3_burger//models/turtlebot3_burger_lidar_angular_resolution_2-5/model.config
-- Up-to-date: /home/zerohzzzz/Documents/ros2-slam-comparison/install/turtlebot3_burger/share/turtlebot3_burger//rviz
-- Up-to-date: /home/zerohzzzz/Documents/ros2-slam-comparison/install/turtlebot3_burger/share/turtlebot3_burger//rviz/tb3_gazebo.rviz
-- Up-to-date: /home/zerohzzzz/Documents/ros2-slam-comparison/install/turtlebot3_burger/share/turtlebot3_burger//urdf
-- Up-to-date: /home/zerohzzzz/Documents/ros2-slam-comparison/install/turtlebot3_burger/share/turtlebot3_burger//urdf/turtlebot3_burger.urdf
-- Up-to-date: /home/zerohzzzz/Documents/ros2-slam-comparison/install/turtlebot3_burger/share/turtlebot3_burger//urdf/common_properties.urdf
-- Up-to-date: /home/zerohzzzz/Documents/ros2-slam-comparison/install/turtlebot3_burger/share/turtlebot3_burger//meshes
-- Up-to-date: /home/zerohzzzz/Documents/ros2-slam-comparison/install/turtlebot3_burger/share/turtlebot3_burger//meshes/bases
-- Up-to-date: /home/zerohzzzz/Documents/ros2-slam-comparison/install/turtlebot3_burger/share/turtlebot3_burger//meshes/bases/burger_base.stl
-- Up-to-date: /home/zerohzzzz/Documents/ros2-slam-comparison/install/turtlebot3_burger/share/turtlebot3_burger//meshes/sensors
-- Up-to-date: /home/zerohzzzz/Documents/ros2-slam-comparison/install/turtlebot3_burger/share/turtlebot3_burger//meshes/sensors/astra.dae
-- Up-to-date: /home/zerohzzzz/Documents/ros2-slam-comparison/install/turtlebot3_burger/share/turtlebot3_burger//meshes/sensors/r200.jpg
-- Up-to-date: /home/zerohzzzz/Documents/ros2-slam-comparison/install/turtlebot3_burger/share/turtlebot3_burger//meshes/sensors/lds.stl
-- Up-to-date: /home/zerohzzzz/Documents/ros2-slam-comparison/install/turtlebot3_burger/share/turtlebot3_burger//meshes/sensors/astra.jpg
-- Up-to-date: /home/zerohzzzz/Documents/ros2-slam-comparison/install/turtlebot3_burger/share/turtlebot3_burger//meshes/sensors/r200.dae
-- Up-to-date: /home/zerohzzzz/Documents/ros2-slam-comparison/install/turtlebot3_burger/share/turtlebot3_burger//meshes/wheels
-- Up-to-date: /home/zerohzzzz/Documents/ros2-slam-comparison/install/turtlebot3_burger/share/turtlebot3_burger//meshes/wheels/right_tire.stl
-- Up-to-date: /home/zerohzzzz/Documents/ros2-slam-comparison/install/turtlebot3_burger/share/turtlebot3_burger//meshes/wheels/left_tire.stl
-- Up-to-date: /home/zerohzzzz/Documents/ros2-slam-comparison/install/turtlebot3_burger/include/
-- Up-to-date: /home/zerohzzzz/Documents/ros2-slam-comparison/install/turtlebot3_burger/include//turtlebot3_burger
-- Up-to-date: /home/zerohzzzz/Documents/ros2-slam-comparison/install/turtlebot3_burger/include//turtlebot3_burger/turtlebot3_drive.hpp
-- Up-to-date: /home/zerohzzzz/Documents/ros2-slam-comparison/install/turtlebot3_burger/share/ament_index/resource_index/package_run_dependencies/turtlebot3_burger
-- Up-to-date: /home/zerohzzzz/Documents/ros2-slam-comparison/install/turtlebot3_burger/share/ament_index/resource_index/parent_prefix_path/turtlebot3_burger
-- Up-to-date: /home/zerohzzzz/Documents/ros2-slam-comparison/install/turtlebot3_burger/share/turtlebot3_burger/environment/ament_prefix_path.sh
-- Up-to-date: /home/zerohzzzz/Documents/ros2-slam-comparison/install/turtlebot3_burger/share/turtlebot3_burger/environment/ament_prefix_path.dsv
-- Up-to-date: /home/zerohzzzz/Documents/ros2-slam-comparison/install/turtlebot3_burger/share/turtlebot3_burger/environment/path.sh
-- Up-to-date: /home/zerohzzzz/Documents/ros2-slam-comparison/install/turtlebot3_burger/share/turtlebot3_burger/environment/path.dsv
-- Up-to-date: /home/zerohzzzz/Documents/ros2-slam-comparison/install/turtlebot3_burger/share/turtlebot3_burger/local_setup.bash
-- Up-to-date: /home/zerohzzzz/Documents/ros2-slam-comparison/install/turtlebot3_burger/share/turtlebot3_burger/local_setup.sh
-- Up-to-date: /home/zerohzzzz/Documents/ros2-slam-comparison/install/turtlebot3_burger/share/turtlebot3_burger/local_setup.zsh
-- Up-to-date: /home/zerohzzzz/Documents/ros2-slam-comparison/install/turtlebot3_burger/share/turtlebot3_burger/local_setup.dsv
-- Installing: /home/zerohzzzz/Documents/ros2-slam-comparison/install/turtlebot3_burger/share/turtlebot3_burger/package.dsv
-- Up-to-date: /home/zerohzzzz/Documents/ros2-slam-comparison/install/turtlebot3_burger/share/ament_index/resource_index/packages/turtlebot3_burger
-- Up-to-date: /home/zerohzzzz/Documents/ros2-slam-comparison/install/turtlebot3_burger/share/turtlebot3_burger/cmake/ament_cmake_export_include_directories-extras.cmake
-- Up-to-date: /home/zerohzzzz/Documents/ros2-slam-comparison/install/turtlebot3_burger/share/turtlebot3_burger/cmake/ament_cmake_export_dependencies-extras.cmake
-- Up-to-date: /home/zerohzzzz/Documents/ros2-slam-comparison/install/turtlebot3_burger/share/turtlebot3_burger/cmake/turtlebot3_burgerConfig.cmake
-- Up-to-date: /home/zerohzzzz/Documents/ros2-slam-comparison/install/turtlebot3_burger/share/turtlebot3_burger/cmake/turtlebot3_burgerConfig-version.cmake
-- Up-to-date: /home/zerohzzzz/Documents/ros2-slam-comparison/install/turtlebot3_burger/share/turtlebot3_burger/package.xml
