[0.050s] Invoking command in '/home/zerohzzzz/Documents/ros2-slam-comparison/build/turtlebot3_burger': CMAKE_PREFIX_PATH=${CMAKE_PREFIX_PATH}:/home/zerohzzzz/Documents/RobotNav2/install/map_build:/opt/ros/iron /usr/bin/cmake --build /home/zerohzzzz/Documents/ros2-slam-comparison/build/turtlebot3_burger -- -j8 -l8
[0.120s] [35m[1mConsolidate compiler generated dependencies of target turtlebot3_drive[0m
[0.151s] [100%] Built target turtlebot3_drive
[0.197s] Invoked command in '/home/zerohzzzz/Documents/ros2-slam-comparison/build/turtlebot3_burger' returned '0': CMAKE_PREFIX_PATH=${CMAKE_PREFIX_PATH}:/home/zerohzzzz/Documents/RobotNav2/install/map_build:/opt/ros/iron /usr/bin/cmake --build /home/zerohzzzz/Documents/ros2-slam-comparison/build/turtlebot3_burger -- -j8 -l8
[0.323s] Invoking command in '/home/zerohzzzz/Documents/ros2-slam-comparison/build/turtlebot3_burger': CMAKE_PREFIX_PATH=${CMAKE_PREFIX_PATH}:/home/zerohzzzz/Documents/RobotNav2/install/map_build:/opt/ros/iron /usr/bin/cmake --install /home/zerohzzzz/Documents/ros2-slam-comparison/build/turtlebot3_burger
[0.330s] -- Install configuration: ""
[0.330s] -- Up-to-date: /home/zerohzzzz/Documents/ros2-slam-comparison/install/turtlebot3_burger/lib/turtlebot3_burger/turtlebot3_drive
[0.330s] -- Up-to-date: /home/zerohzzzz/Documents/ros2-slam-comparison/install/turtlebot3_burger/share/turtlebot3_burger//launch
[0.330s] -- Up-to-date: /home/zerohzzzz/Documents/ros2-slam-comparison/install/turtlebot3_burger/share/turtlebot3_burger//launch/rviz2.launch.py
[0.330s] -- Up-to-date: /home/zerohzzzz/Documents/ros2-slam-comparison/install/turtlebot3_burger/share/turtlebot3_burger//launch/turtlebot3_aws_small_house_gazebo.launch.py
[0.330s] -- Up-to-date: /home/zerohzzzz/Documents/ros2-slam-comparison/install/turtlebot3_burger/share/turtlebot3_burger//launch/robot_state_publisher.launch.py
[0.330s] -- Up-to-date: /home/zerohzzzz/Documents/ros2-slam-comparison/install/turtlebot3_burger/share/turtlebot3_burger//launch/spawn_turtlebot3.launch.py
[0.330s] -- Up-to-date: /home/zerohzzzz/Documents/ros2-slam-comparison/install/turtlebot3_burger/share/turtlebot3_burger//models
[0.330s] -- Up-to-date: /home/zerohzzzz/Documents/ros2-slam-comparison/install/turtlebot3_burger/share/turtlebot3_burger//models/turtlebot3_burger_lidar_angular_resolution_0-9
[0.330s] -- Up-to-date: /home/zerohzzzz/Documents/ros2-slam-comparison/install/turtlebot3_burger/share/turtlebot3_burger//models/turtlebot3_burger_lidar_angular_resolution_0-9/model.sdf
[0.331s] -- Up-to-date: /home/zerohzzzz/Documents/ros2-slam-comparison/install/turtlebot3_burger/share/turtlebot3_burger//models/turtlebot3_burger_lidar_angular_resolution_0-9/model-1_4.sdf
[0.331s] -- Up-to-date: /home/zerohzzzz/Documents/ros2-slam-comparison/install/turtlebot3_burger/share/turtlebot3_burger//models/turtlebot3_burger_lidar_angular_resolution_0-9/model.config
[0.331s] -- Up-to-date: /home/zerohzzzz/Documents/ros2-slam-comparison/install/turtlebot3_burger/share/turtlebot3_burger//models/turtlebot3_common
[0.331s] -- Up-to-date: /home/zerohzzzz/Documents/ros2-slam-comparison/install/turtlebot3_burger/share/turtlebot3_burger//models/turtlebot3_common/meshes
[0.331s] -- Up-to-date: /home/zerohzzzz/Documents/ros2-slam-comparison/install/turtlebot3_burger/share/turtlebot3_burger//models/turtlebot3_common/meshes/burger_base.dae
[0.331s] -- Up-to-date: /home/zerohzzzz/Documents/ros2-slam-comparison/install/turtlebot3_burger/share/turtlebot3_burger//models/turtlebot3_common/meshes/lds.dae
[0.331s] -- Up-to-date: /home/zerohzzzz/Documents/ros2-slam-comparison/install/turtlebot3_burger/share/turtlebot3_burger//models/turtlebot3_common/meshes/tire.dae
[0.331s] -- Up-to-date: /home/zerohzzzz/Documents/ros2-slam-comparison/install/turtlebot3_burger/share/turtlebot3_burger//models/turtlebot3_common/meshes/r200.dae
[0.331s] -- Up-to-date: /home/zerohzzzz/Documents/ros2-slam-comparison/install/turtlebot3_burger/share/turtlebot3_burger//models/turtlebot3_common/model.config
[0.331s] -- Up-to-date: /home/zerohzzzz/Documents/ros2-slam-comparison/install/turtlebot3_burger/share/turtlebot3_burger//models/turtlebot3_burger_lidar_angular_resolution_2-5
[0.331s] -- Up-to-date: /home/zerohzzzz/Documents/ros2-slam-comparison/install/turtlebot3_burger/share/turtlebot3_burger//models/turtlebot3_burger_lidar_angular_resolution_2-5/model.sdf
[0.331s] -- Up-to-date: /home/zerohzzzz/Documents/ros2-slam-comparison/install/turtlebot3_burger/share/turtlebot3_burger//models/turtlebot3_burger_lidar_angular_resolution_2-5/model-1_4.sdf
[0.331s] -- Up-to-date: /home/zerohzzzz/Documents/ros2-slam-comparison/install/turtlebot3_burger/share/turtlebot3_burger//models/turtlebot3_burger_lidar_angular_resolution_2-5/model.config
[0.331s] -- Up-to-date: /home/zerohzzzz/Documents/ros2-slam-comparison/install/turtlebot3_burger/share/turtlebot3_burger//rviz
[0.332s] -- Up-to-date: /home/zerohzzzz/Documents/ros2-slam-comparison/install/turtlebot3_burger/share/turtlebot3_burger//rviz/tb3_gazebo.rviz
[0.332s] -- Up-to-date: /home/zerohzzzz/Documents/ros2-slam-comparison/install/turtlebot3_burger/share/turtlebot3_burger//urdf
[0.332s] -- Up-to-date: /home/zerohzzzz/Documents/ros2-slam-comparison/install/turtlebot3_burger/share/turtlebot3_burger//urdf/turtlebot3_burger.urdf
[0.332s] -- Up-to-date: /home/zerohzzzz/Documents/ros2-slam-comparison/install/turtlebot3_burger/share/turtlebot3_burger//urdf/common_properties.urdf
[0.332s] -- Up-to-date: /home/zerohzzzz/Documents/ros2-slam-comparison/install/turtlebot3_burger/share/turtlebot3_burger//meshes
[0.332s] -- Up-to-date: /home/zerohzzzz/Documents/ros2-slam-comparison/install/turtlebot3_burger/share/turtlebot3_burger//meshes/bases
[0.332s] -- Up-to-date: /home/zerohzzzz/Documents/ros2-slam-comparison/install/turtlebot3_burger/share/turtlebot3_burger//meshes/bases/burger_base.stl
[0.332s] -- Up-to-date: /home/zerohzzzz/Documents/ros2-slam-comparison/install/turtlebot3_burger/share/turtlebot3_burger//meshes/sensors
[0.332s] -- Up-to-date: /home/zerohzzzz/Documents/ros2-slam-comparison/install/turtlebot3_burger/share/turtlebot3_burger//meshes/sensors/astra.dae
[0.332s] -- Up-to-date: /home/zerohzzzz/Documents/ros2-slam-comparison/install/turtlebot3_burger/share/turtlebot3_burger//meshes/sensors/r200.jpg
[0.332s] -- Up-to-date: /home/zerohzzzz/Documents/ros2-slam-comparison/install/turtlebot3_burger/share/turtlebot3_burger//meshes/sensors/lds.stl
[0.332s] -- Up-to-date: /home/zerohzzzz/Documents/ros2-slam-comparison/install/turtlebot3_burger/share/turtlebot3_burger//meshes/sensors/astra.jpg
[0.332s] -- Up-to-date: /home/zerohzzzz/Documents/ros2-slam-comparison/install/turtlebot3_burger/share/turtlebot3_burger//meshes/sensors/r200.dae
[0.332s] -- Up-to-date: /home/zerohzzzz/Documents/ros2-slam-comparison/install/turtlebot3_burger/share/turtlebot3_burger//meshes/wheels
[0.333s] -- Up-to-date: /home/zerohzzzz/Documents/ros2-slam-comparison/install/turtlebot3_burger/share/turtlebot3_burger//meshes/wheels/right_tire.stl
[0.333s] -- Up-to-date: /home/zerohzzzz/Documents/ros2-slam-comparison/install/turtlebot3_burger/share/turtlebot3_burger//meshes/wheels/left_tire.stl
[0.333s] -- Up-to-date: /home/zerohzzzz/Documents/ros2-slam-comparison/install/turtlebot3_burger/include/
[0.333s] -- Up-to-date: /home/zerohzzzz/Documents/ros2-slam-comparison/install/turtlebot3_burger/include//turtlebot3_burger
[0.333s] -- Up-to-date: /home/zerohzzzz/Documents/ros2-slam-comparison/install/turtlebot3_burger/include//turtlebot3_burger/turtlebot3_drive.hpp
[0.333s] -- Up-to-date: /home/zerohzzzz/Documents/ros2-slam-comparison/install/turtlebot3_burger/share/ament_index/resource_index/package_run_dependencies/turtlebot3_burger
[0.333s] -- Up-to-date: /home/zerohzzzz/Documents/ros2-slam-comparison/install/turtlebot3_burger/share/ament_index/resource_index/parent_prefix_path/turtlebot3_burger
[0.333s] -- Up-to-date: /home/zerohzzzz/Documents/ros2-slam-comparison/install/turtlebot3_burger/share/turtlebot3_burger/environment/ament_prefix_path.sh
[0.333s] -- Up-to-date: /home/zerohzzzz/Documents/ros2-slam-comparison/install/turtlebot3_burger/share/turtlebot3_burger/environment/ament_prefix_path.dsv
[0.333s] -- Up-to-date: /home/zerohzzzz/Documents/ros2-slam-comparison/install/turtlebot3_burger/share/turtlebot3_burger/environment/path.sh
[0.333s] -- Up-to-date: /home/zerohzzzz/Documents/ros2-slam-comparison/install/turtlebot3_burger/share/turtlebot3_burger/environment/path.dsv
[0.333s] -- Up-to-date: /home/zerohzzzz/Documents/ros2-slam-comparison/install/turtlebot3_burger/share/turtlebot3_burger/local_setup.bash
[0.333s] -- Up-to-date: /home/zerohzzzz/Documents/ros2-slam-comparison/install/turtlebot3_burger/share/turtlebot3_burger/local_setup.sh
[0.333s] -- Up-to-date: /home/zerohzzzz/Documents/ros2-slam-comparison/install/turtlebot3_burger/share/turtlebot3_burger/local_setup.zsh
[0.334s] -- Up-to-date: /home/zerohzzzz/Documents/ros2-slam-comparison/install/turtlebot3_burger/share/turtlebot3_burger/local_setup.dsv
[0.334s] -- Installing: /home/zerohzzzz/Documents/ros2-slam-comparison/install/turtlebot3_burger/share/turtlebot3_burger/package.dsv
[0.334s] -- Up-to-date: /home/zerohzzzz/Documents/ros2-slam-comparison/install/turtlebot3_burger/share/ament_index/resource_index/packages/turtlebot3_burger
[0.334s] -- Up-to-date: /home/zerohzzzz/Documents/ros2-slam-comparison/install/turtlebot3_burger/share/turtlebot3_burger/cmake/ament_cmake_export_include_directories-extras.cmake
[0.334s] -- Up-to-date: /home/zerohzzzz/Documents/ros2-slam-comparison/install/turtlebot3_burger/share/turtlebot3_burger/cmake/ament_cmake_export_dependencies-extras.cmake
[0.334s] -- Up-to-date: /home/zerohzzzz/Documents/ros2-slam-comparison/install/turtlebot3_burger/share/turtlebot3_burger/cmake/turtlebot3_burgerConfig.cmake
[0.334s] -- Up-to-date: /home/zerohzzzz/Documents/ros2-slam-comparison/install/turtlebot3_burger/share/turtlebot3_burger/cmake/turtlebot3_burgerConfig-version.cmake
[0.334s] -- Up-to-date: /home/zerohzzzz/Documents/ros2-slam-comparison/install/turtlebot3_burger/share/turtlebot3_burger/package.xml
[0.367s] Invoked command in '/home/zerohzzzz/Documents/ros2-slam-comparison/build/turtlebot3_burger' returned '0': CMAKE_PREFIX_PATH=${CMAKE_PREFIX_PATH}:/home/zerohzzzz/Documents/RobotNav2/install/map_build:/opt/ros/iron /usr/bin/cmake --install /home/zerohzzzz/Documents/ros2-slam-comparison/build/turtlebot3_burger
