--2024-09-30 22:41:16--  https://raw.githubusercontent.com/hrnr/m-explore-extra/master/map_merge/hector_maps/map00.pgm
正在解析主机 raw.githubusercontent.com (raw.githubusercontent.com)... 198.18.0.48
正在连接 raw.githubusercontent.com (raw.githubusercontent.com)|198.18.0.48|:443... 已连接。
已发出 HTTP 请求，正在等待回应... 200 OK
长度： 4194362 (4.0M) [application/octet-stream]
正在保存至: ‘/home/zerohzzzz/Documents/RobotNav2/build/multirobot_map_merge/map00.pgm’

     0K .......... .......... .......... .......... ..........  1% 93.9K 43s
    50K .......... .......... .......... .......... ..........  2% 9.87M 21s
   100K .......... .......... .......... .......... ..........  3%  248K 19s
   150K .......... .......... .......... .......... ..........  4% 10.4M 14s
   200K .......... .......... .......... .......... ..........  6%  320K 14s
   250K .......... .......... .......... .......... ..........  7%  202K 15s
   300K .......... .......... .......... .......... ..........  8%  243K 14s
   350K .......... .......... .......... .......... ..........  9% 10.4M 13s
   400K .......... .......... .......... .......... .......... 10% 8.83M 11s
   450K .......... .......... .......... .......... .......... 12%  255K 11s
   500K .......... .......... .......... .......... .......... 13% 11.9M 10s
   550K .......... .......... .......... .......... .......... 14% 12.9M 9s
   600K .......... .......... .......... .......... .......... 15%  509K 9s
   650K .......... .......... .......... .......... .......... 17% 2.98M 8s
   700K .......... .......... .......... .......... .......... 18% 1.63M 8s
   750K .......... .......... .......... .......... .......... 19% 1.02M 7s
   800K .......... .......... .......... .......... .......... 20% 1.22M 7s
   850K .......... .......... .......... .......... .......... 21% 2.02M 6s
   900K .......... .......... .......... .......... .......... 23%  274K 7s
   950K .......... .......... .......... .......... .......... 24% 7.66M 6s
  1000K .......... .......... .......... .......... .......... 25% 6.96M 6s
  1050K .......... .......... .......... .......... .......... 26% 7.78M 6s
  1100K .......... .......... .......... .......... .......... 28% 11.2M 5s
  1150K .......... .......... .......... .......... .......... 29% 22.0M 5s
  1200K .......... .......... .......... .......... .......... 30% 23.4M 5s
  1250K .......... .......... .......... .......... .......... 31% 8.16M 4s
  1300K .......... .......... .......... .......... .......... 32% 2.11M 4s
  1350K .......... .......... .......... .......... .......... 34% 1.98M 4s
  1400K .......... .......... .......... .......... .......... 35% 1.61M 4s
  1450K .......... .......... .......... .......... .......... 36% 1.71M 4s
  1500K .......... .......... .......... .......... .......... 37% 1.59M 4s
  1550K .......... .......... .......... .......... .......... 39% 1.74M 3s
  1600K .......... .......... .......... .......... .......... 40% 1.54M 3s
  1650K .......... .......... .......... .......... .......... 41% 2.01M 3s
  1700K .......... .......... .......... .......... .......... 42% 1.65M 3s
  1750K .......... .......... .......... .......... .......... 43% 2.66M 3s
  1800K .......... .......... .......... .......... .......... 45% 1.36M 3s
  1850K .......... .......... .......... .......... .......... 46%  195K 3s
  1900K .......... .......... .......... .......... .......... 47% 10.1M 3s
  1950K .......... .......... .......... .......... .......... 48% 11.2M 3s
  2000K .......... .......... .......... .......... .......... 50%  918K 3s
  2050K .......... .......... .......... .......... .......... 51% 12.8M 3s
  2100K .......... .......... .......... .......... .......... 52% 12.6M 2s
  2150K .......... .......... .......... .......... .......... 53% 11.0M 2s
  2200K .......... .......... .......... .......... .......... 54% 9.55M 2s
  2250K .......... .......... .......... .......... .......... 56% 14.5M 2s
  2300K .......... .......... .......... .......... .......... 57% 13.1M 2s
  2350K .......... .......... .......... .......... .......... 58% 14.4M 2s
  2400K .......... .......... .......... .......... .......... 59% 15.0M 2s
  2450K .......... .......... .......... .......... .......... 61% 4.29M 2s
  2500K .......... .......... .......... .......... .......... 62% 2.33M 2s
  2550K .......... .......... .......... .......... .......... 63% 1.75M 2s
  2600K .......... .......... .......... .......... .......... 64% 1.58M 2s
  2650K .......... .......... .......... .......... .......... 65% 1.76M 1s
  2700K .......... .......... .......... .......... .......... 67% 1.87M 1s
  2750K .......... .......... .......... .......... .......... 68% 1.70M 1s
  2800K .......... .......... .......... .......... .......... 69% 1.58M 1s
  2850K .......... .......... .......... .......... .......... 70% 2.04M 1s
  2900K .......... .......... .......... .......... .......... 72% 2.15M 1s
  2950K .......... .......... .......... .......... .......... 73%  448K 1s
  3000K .......... .......... .......... .......... .......... 74% 11.4M 1s
  3050K .......... .......... .......... .......... .......... 75% 12.6M 1s
  3100K .......... .......... .......... .......... .......... 76% 12.8M 1s
  3150K .......... .......... .......... .......... .......... 78% 5.03M 1s
  3200K .......... .......... .......... .......... .......... 79% 1.36M 1s
  3250K .......... .......... .......... .......... .......... 80% 1.77M 1s
  3300K .......... .......... .......... .......... .......... 81% 1.61M 1s
  3350K .......... .......... .......... .......... .......... 83%  351K 1s
  3400K .......... .......... .......... .......... .......... 84% 7.38M 1s
  3450K .......... .......... .......... .......... .......... 85% 9.09M 1s
  3500K .......... .......... .......... .......... .......... 86% 9.97M 1s
  3550K .......... .......... .......... .......... .......... 87% 12.4M 0s
  3600K .......... .......... .......... .......... .......... 89% 11.3M 0s
  3650K .......... .......... .......... .......... .......... 90% 2.74M 0s
  3700K .......... .......... .......... .......... .......... 91% 1.33M 0s
  3750K .......... .......... .......... .......... .......... 92% 2.65M 0s
  3800K .......... .......... .......... .......... .......... 93%  336K 0s
  3850K .......... .......... .......... .......... .......... 95% 11.7M 0s
  3900K .......... .......... .......... .......... .......... 96% 13.4M 0s
  3950K .......... .......... .......... .......... .......... 97% 11.6M 0s
  4000K .......... .......... .......... .......... .......... 98% 9.23M 0s
  4050K .......... .......... .......... .......... ......    100% 16.1M=3.6s

2024-09-30 22:41:22 (1.12 MB/s) - 已保存 ‘/home/zerohzzzz/Documents/RobotNav2/build/multirobot_map_merge/map00.pgm’ [4194362/4194362])

--2024-09-30 22:41:22--  https://raw.githubusercontent.com/hrnr/m-explore-extra/master/map_merge/hector_maps/map05.pgm
正在解析主机 raw.githubusercontent.com (raw.githubusercontent.com)... 198.18.0.48
正在连接 raw.githubusercontent.com (raw.githubusercontent.com)|198.18.0.48|:443... 已连接。
已发出 HTTP 请求，正在等待回应... 200 OK
长度： 4194362 (4.0M) [application/octet-stream]
正在保存至: ‘/home/zerohzzzz/Documents/RobotNav2/build/multirobot_map_merge/map05.pgm’

     0K .......... .......... .......... .......... ..........  1%  147K 28s
    50K .......... .......... .......... .......... ..........  2%  304K 20s
   100K .......... .......... .......... .......... ..........  3%  234K 19s
   150K .......... .......... .......... .......... ..........  4%  374K 17s
   200K .......... .......... .......... .......... ..........  6% 1.05M 14s
   250K .......... .......... .......... .......... ..........  7%  462K 13s
   300K .......... .......... .......... .......... ..........  8%  294K 13s
   350K .......... .......... .......... .......... ..........  9%  861K 11s
   400K .......... .......... .......... .......... .......... 10%  417K 11s
   450K .......... .......... .......... .......... .......... 12%  443K 11s
   500K .......... .......... .......... .......... .......... 13%  453K 10s
   550K .......... .......... .......... .......... .......... 14% 2.02M 9s
   600K .......... .......... .......... .......... .......... 15%  244K 10s
   650K .......... .......... .......... .......... .......... 17% 3.33M 9s
   700K .......... .......... .......... .......... .......... 18%  905K 8s
   750K .......... .......... .......... .......... .......... 19% 1.56M 8s
   800K .......... .......... .......... .......... .......... 20% 1.07M 7s
   850K .......... .......... .......... .......... .......... 21% 2.00M 7s
   900K .......... .......... .......... .......... .......... 23% 1.83M 7s
   950K .......... .......... .......... .......... .......... 24%  769K 6s
  1000K .......... .......... .......... .......... .......... 25% 1.03M 6s
  1050K .......... .......... .......... .......... .......... 26% 1.68M 6s
  1100K .......... .......... .......... .......... .......... 28% 1.97M 6s
  1150K .......... .......... .......... .......... .......... 29% 1.63M 5s
  1200K .......... .......... .......... .......... .......... 30%  652K 5s
  1250K .......... .......... .......... .......... .......... 31% 1.50M 5s
  1300K .......... .......... .......... .......... .......... 32% 1.34M 5s
  1350K .......... .......... .......... .......... .......... 34% 2.78M 5s
  1400K .......... .......... .......... .......... .......... 35% 1.60M 4s
  1450K .......... .......... .......... .......... .......... 36% 1.19M 4s
  1500K .......... .......... .......... .......... .......... 37% 1.99M 4s
  1550K .......... .......... .......... .......... .......... 39% 1.16M 4s
  1600K .......... .......... .......... .......... .......... 40% 1.08M 4s
  1650K .......... .......... .......... .......... .......... 41%  348K 4s
  1700K .......... .......... .......... .......... .......... 42% 9.35M 4s
  1750K .......... .......... .......... .......... .......... 43% 1.03M 3s
  1800K .......... .......... .......... .......... .......... 45% 7.62M 3s
  1850K .......... .......... .......... .......... .......... 46% 7.97M 3s
  1900K .......... .......... .......... .......... .......... 47% 7.64M 3s
  1950K .......... .......... .......... .......... .......... 48% 9.78M 3s
  2000K .......... .......... .......... .......... .......... 50% 2.63M 3s
  2050K .......... .......... .......... .......... .......... 51% 1.67M 3s
  2100K .......... .......... .......... .......... .......... 52% 1.73M 3s
  2150K .......... .......... .......... .......... .......... 53%  664K 3s
  2200K .......... .......... .......... .......... .......... 54% 2.04M 2s
  2250K .......... .......... .......... .......... .......... 56% 1.58M 2s
  2300K .......... .......... .......... .......... .......... 57% 1.60M 2s
  2350K .......... .......... .......... .......... .......... 58% 2.58M 2s
  2400K .......... .......... .......... .......... .......... 59% 1.50M 2s
  2450K .......... .......... .......... .......... .......... 61% 2.03M 2s
  2500K .......... .......... .......... .......... .......... 62% 1.58M 2s
  2550K .......... .......... .......... .......... .......... 63% 1.61M 2s
  2600K .......... .......... .......... .......... .......... 64% 1.64M 2s
  2650K .......... .......... .......... .......... .......... 65% 1.39M 2s
  2700K .......... .......... .......... .......... .......... 67% 2.58M 2s
  2750K .......... .......... .......... .......... .......... 68% 1.94M 2s
  2800K .......... .......... .......... .......... .......... 69% 1.22M 1s
  2850K .......... .......... .......... .......... .......... 70% 2.08M 1s
  2900K .......... .......... .......... .......... .......... 72% 2.66M 1s
  2950K .......... .......... .......... .......... .......... 73% 1.37M 1s
  3000K .......... .......... .......... .......... .......... 74% 1.89M 1s
  3050K .......... .......... .......... .......... .......... 75% 2.19M 1s
  3100K .......... .......... .......... .......... .......... 76% 1.56M 1s
  3150K .......... .......... .......... .......... .......... 78% 2.85M 1s
  3200K .......... .......... .......... .......... .......... 79% 1.30M 1s
  3250K .......... .......... .......... .......... .......... 80% 1.75M 1s
  3300K .......... .......... .......... .......... .......... 81% 1.93M 1s
  3350K .......... .......... .......... .......... .......... 83% 2.64M 1s
  3400K .......... .......... .......... .......... .......... 84% 1.62M 1s
  3450K .......... .......... .......... .......... .......... 85% 2.13M 1s
  3500K .......... .......... .......... .......... .......... 86% 1.54M 1s
  3550K .......... .......... .......... .......... .......... 87% 2.03M 1s
  3600K .......... .......... .......... .......... .......... 89% 1.65M 0s
  3650K .......... .......... .......... .......... .......... 90% 1.32M 0s
  3700K .......... .......... .......... .......... .......... 91% 2.06M 0s
  3750K .......... .......... .......... .......... .......... 92% 1.62M 0s
  3800K .......... .......... .......... .......... .......... 93% 2.57M 0s
  3850K .......... .......... .......... .......... .......... 95% 1.43M 0s
  3900K .......... .......... .......... .......... .......... 96% 1.59M 0s
  3950K .......... .......... .......... .......... .......... 97% 2.01M 0s
  4000K .......... .......... .......... .......... .......... 98% 1.18M 0s
  4050K .......... .......... .......... .......... ......    100% 3.48M=4.0s

2024-09-30 22:41:27 (1.01 MB/s) - 已保存 ‘/home/zerohzzzz/Documents/RobotNav2/build/multirobot_map_merge/map05.pgm’ [4194362/4194362])

--2024-09-30 22:41:27--  https://raw.githubusercontent.com/hrnr/m-explore-extra/master/map_merge/gmapping_maps/2011-08-09-12-22-52.pgm
正在解析主机 raw.githubusercontent.com (raw.githubusercontent.com)... 198.18.0.48
正在连接 raw.githubusercontent.com (raw.githubusercontent.com)|198.18.0.48|:443... 已连接。
已发出 HTTP 请求，正在等待回应... 200 OK
长度： 16000058 (15M) [application/octet-stream]
正在保存至: ‘/home/zerohzzzz/Documents/RobotNav2/build/multirobot_map_merge/2011-08-09-12-22-52.pgm’

     0K .......... .......... .......... .......... ..........  0%  121K 2m8s
    50K .......... .......... .......... .......... ..........  0%  123K 2m7s
   100K .......... .......... .......... .......... ..........  0%  243K 1m46s
   150K .......... .......... .......... .......... ..........  1% 8.66M 79s
   200K .......... .......... .......... .......... ..........  1%  248K 76s
   250K .......... .......... .......... .......... ..........  1%  246K 73s
   300K .......... .......... .......... .......... ..........  2% 10.2M 63s
   350K .......... .......... .......... .......... ..........  2%  227K 63s
   400K .......... .......... .......... .......... ..........  2%  396K 60s
   450K .......... .......... .......... .......... ..........  3%  441K 57s
   500K .......... .......... .......... .......... ..........  3%  522K 55s
   550K .......... .......... .......... .......... ..........  3%  690K 52s
   600K .......... .......... .......... .......... ..........  4%  458K 50s
   650K .......... .......... .......... .......... ..........  4%  844K 48s
   700K .......... .......... .......... .......... ..........  4%  502K 46s
   750K .......... .......... .......... .......... ..........  5%  576K 45s
   800K .......... .......... .......... .......... ..........  5%  653K 43s
   850K .......... .......... .......... .......... ..........  5%  867K 42s
   900K .......... .......... .......... .......... ..........  6%  649K 41s
   950K .......... .......... .......... .......... ..........  6%  800K 39s
  1000K .......... .......... .......... .......... ..........  6%  550K 39s
  1050K .......... .......... .......... .......... ..........  7%  674K 38s
  1100K .......... .......... .......... .......... ..........  7%  833K 37s
  1150K .......... .......... .......... .......... ..........  7%  732K 36s
  1200K .......... .......... .......... .......... ..........  7% 1004K 35s
  1250K .......... .......... .......... .......... ..........  8%  750K 34s
  1300K .......... .......... .......... .......... ..........  8%  900K 33s
  1350K .......... .......... .......... .......... ..........  8%  757K 33s
  1400K .......... .......... .......... .......... ..........  9%  910K 32s
  1450K .......... .......... .......... .......... ..........  9%  910K 31s
  1500K .......... .......... .......... .......... ..........  9%  918K 31s
  1550K .......... .......... .......... .......... .......... 10%  295K 31s
  1600K .......... .......... .......... .......... .......... 10% 7.05M 30s
  1650K .......... .......... .......... .......... .......... 10% 9.43M 29s
  1700K .......... .......... .......... .......... .......... 11%  696K 29s
  1750K .......... .......... .......... .......... .......... 11% 1.34M 28s
  1800K .......... .......... .......... .......... .......... 11% 1.03M 28s
  1850K .......... .......... .......... .......... .......... 12% 1.00M 27s
  1900K .......... .......... .......... .......... .......... 12% 1.02M 27s
  1950K .......... .......... .......... .......... .......... 12%  920K 26s
  2000K .......... .......... .......... .......... .......... 13% 1.16M 26s
  2050K .......... .......... .......... .......... .......... 13% 1.07M 26s
  2100K .......... .......... .......... .......... .......... 13% 1.00M 25s
  2150K .......... .......... .......... .......... .......... 14% 1.18M 25s
  2200K .......... .......... .......... .......... .......... 14% 1.01M 24s
  2250K .......... .......... .......... .......... .......... 14% 1012K 24s
  2300K .......... .......... .......... .......... .......... 15% 1.34M 24s
  2350K .......... .......... .......... .......... .......... 15%  932K 23s
  2400K .......... .......... .......... .......... .......... 15% 1.15M 23s
  2450K .......... .......... .......... .......... .......... 15%  425K 23s
  2500K .......... .......... .......... .......... .......... 16% 11.1M 23s
  2550K .......... .......... .......... .......... .......... 16% 10.2M 22s
  2600K .......... .......... .......... .......... .......... 16% 1.45M 22s
  2650K .......... .......... .......... .......... .......... 17% 1.40M 21s
  2700K .......... .......... .......... .......... .......... 17% 1.17M 21s
  2750K .......... .......... .......... .......... .......... 17% 1.05M 21s
  2800K .......... .......... .......... .......... .......... 18% 1.38M 21s
  2850K .......... .......... .......... .......... .......... 18% 1.35M 20s
  2900K .......... .......... .......... .......... .......... 18% 1.14M 20s
  2950K .......... .......... .......... .......... .......... 19% 1.63M 20s
  3000K .......... .......... .......... .......... .......... 19% 1.31M 20s
  3050K .......... .......... .......... .......... .......... 19% 1.08M 19s
  3100K .......... .......... .......... .......... .......... 20% 1.42M 19s
  3150K .......... .......... .......... .......... .......... 20% 1.59M 19s
  3200K .......... .......... .......... .......... .......... 20% 1.68M 19s
  3250K .......... .......... .......... .......... .......... 21% 1.15M 18s
  3300K .......... .......... .......... .......... .......... 21% 1.51M 18s
  3350K .......... .......... .......... .......... .......... 21% 1.37M 18s
  3400K .......... .......... .......... .......... .......... 22% 1.36M 18s
  3450K .......... .......... .......... .......... .......... 22% 1.36M 18s
  3500K .......... .......... .......... .......... .......... 22% 1.98M 17s
  3550K .......... .......... .......... .......... .......... 23%  463K 17s
  3600K .......... .......... .......... .......... .......... 23% 6.75M 17s
  3650K .......... .......... .......... .......... .......... 23% 7.21M 17s
  3700K .......... .......... .......... .......... .......... 23% 1.97M 17s
  3750K .......... .......... .......... .......... .......... 24% 1.32M 16s
  3800K .......... .......... .......... .......... .......... 24% 1.67M 16s
  3850K .......... .......... .......... .......... .......... 24% 1.42M 16s
  3900K .......... .......... .......... .......... .......... 25% 1.60M 16s
  3950K .......... .......... .......... .......... .......... 25% 1.37M 16s
  4000K .......... .......... .......... .......... .......... 25%  837K 16s
  4050K .......... .......... .......... .......... .......... 26%  832K 16s
  4100K .......... .......... .......... .......... .......... 26% 1.04M 15s
  4150K .......... .......... .......... .......... .......... 26%  218K 16s
  4200K .......... .......... .......... .......... .......... 27%  310K 16s
  4250K .......... .......... .......... .......... .......... 27% 10.5M 16s
  4300K .......... .......... .......... .......... .......... 27% 11.6M 16s
  4350K .......... .......... .......... .......... .......... 28% 9.97M 15s
  4400K .......... .......... .......... .......... .......... 28% 9.29M 15s
  4450K .......... .......... .......... .......... .......... 28% 1.86M 15s
  4500K .......... .......... .......... .......... .......... 29% 1.42M 15s
  4550K .......... .......... .......... .......... .......... 29% 2.00M 15s
  4600K .......... .......... .......... .......... .......... 29% 1.31M 14s
  4650K .......... .......... .......... .......... .......... 30% 1.21M 14s
  4700K .......... .......... .......... .......... .......... 30% 1.14M 14s
  4750K .......... .......... .......... .......... .......... 30% 1010K 14s
  4800K .......... .......... .......... .......... .......... 31%  364K 14s
  4850K .......... .......... .......... .......... .......... 31%  830K 14s
  4900K .......... .......... .......... .......... .......... 31% 1.35M 14s
  4950K .......... .......... .......... .......... .......... 31% 2.03M 14s
  5000K .......... .......... .......... .......... .......... 32%  649K 14s
  5050K .......... .......... .......... .......... .......... 32%  160K 14s
  5100K .......... .......... .......... .......... .......... 32% 4.01M 14s
  5150K .......... .......... .......... .......... .......... 33% 11.1M 14s
  5200K .......... .......... .......... .......... .......... 33% 10.6M 14s
  5250K .......... .......... .......... .......... .......... 33% 11.8M 13s
  5300K .......... .......... .......... .......... .......... 34% 12.8M 13s
  5350K .......... .......... .......... .......... .......... 34% 2.32M 13s
  5400K .......... .......... .......... .......... .......... 34%  305K 13s
  5450K .......... .......... .......... .......... .......... 35% 2.32M 13s
  5500K .......... .......... .......... .......... .......... 35% 7.89M 13s
  5550K .......... .......... .......... .......... .......... 35% 13.2M 13s
  5600K .......... .......... .......... .......... .......... 36% 16.8M 13s
  5650K .......... .......... .......... .......... .......... 36% 18.4M 12s
  5700K .......... .......... .......... .......... .......... 36% 4.16M 12s
  5750K .......... .......... .......... .......... .......... 37% 1.95M 12s
  5800K .......... .......... .......... .......... .......... 37% 1.79M 12s
  5850K .......... .......... .......... .......... .......... 37% 1.71M 12s
  5900K .......... .......... .......... .......... .......... 38% 1.58M 12s
  5950K .......... .......... .......... .......... .......... 38% 1.16M 12s
  6000K .......... .......... .......... .......... .......... 38% 2.52M 12s
  6050K .......... .......... .......... .......... .......... 39% 1.68M 11s
  6100K .......... .......... .......... .......... .......... 39% 1.33M 11s
  6150K .......... .......... .......... .......... .......... 39% 2.10M 11s
  6200K .......... .......... .......... .......... .......... 39% 1.61M 11s
  6250K .......... .......... .......... .......... .......... 40% 2.05M 11s
  6300K .......... .......... .......... .......... .......... 40% 2.06M 11s
  6350K .......... .......... .......... .......... .......... 40% 1.96M 11s
  6400K .......... .......... .......... .......... .......... 41% 1.67M 11s
  6450K .......... .......... .......... .......... .......... 41% 1.94M 11s
  6500K .......... .......... .......... .......... .......... 41% 1.40M 11s
  6550K .......... .......... .......... .......... .......... 42% 2.04M 10s
  6600K .......... .......... .......... .......... .......... 42% 2.07M 10s
  6650K .......... .......... .......... .......... .......... 42% 1.59M 10s
  6700K .......... .......... .......... .......... .......... 43% 1.65M 10s
  6750K .......... .......... .......... .......... .......... 43% 2.02M 10s
  6800K .......... .......... .......... .......... .......... 43% 2.18M 10s
  6850K .......... .......... .......... .......... .......... 44%  515K 10s
  6900K .......... .......... .......... .......... .......... 44% 2.50M 10s
  6950K .......... .......... .......... .......... .......... 44% 6.55M 10s
  7000K .......... .......... .......... .......... .......... 45% 9.86M 10s
  7050K .......... .......... .......... .......... .......... 45% 3.35M 9s
  7100K .......... .......... .......... .......... .......... 45% 1.53M 9s
  7150K .......... .......... .......... .......... .......... 46% 1.76M 9s
  7200K .......... .......... .......... .......... .......... 46% 1.50M 9s
  7250K .......... .......... .......... .......... .......... 46% 2.04M 9s
  7300K .......... .......... .......... .......... .......... 47% 1.33M 9s
  7350K .......... .......... .......... .......... .......... 47% 2.04M 9s
  7400K .......... .......... .......... .......... .......... 47% 1.74M 9s
  7450K .......... .......... .......... .......... .......... 47% 2.09M 9s
  7500K .......... .......... .......... .......... .......... 48%  469K 9s
  7550K .......... .......... .......... .......... .......... 48% 9.79M 9s
  7600K .......... .......... .......... .......... .......... 48% 10.3M 9s
  7650K .......... .......... .......... .......... .......... 49% 11.9M 8s
  7700K .......... .......... .......... .......... .......... 49% 2.32M 8s
  7750K .......... .......... .......... .......... .......... 49% 1.61M 8s
  7800K .......... .......... .......... .......... .......... 50% 1.16M 8s
  7850K .......... .......... .......... .......... .......... 50% 1.61M 8s
  7900K .......... .......... .......... .......... .......... 50% 2.09M 8s
  7950K .......... .......... .......... .......... .......... 51% 1.99M 8s
  8000K .......... .......... .......... .......... .......... 51% 2.01M 8s
  8050K .......... .......... .......... .......... .......... 51% 1.99M 8s
  8100K .......... .......... .......... .......... .......... 52% 1.70M 8s
  8150K .......... .......... .......... .......... .......... 52% 1.35M 8s
  8200K .......... .......... .......... .......... .......... 52% 2.01M 8s
  8250K .......... .......... .......... .......... .......... 53% 1.52M 8s
  8300K .......... .......... .......... .......... .......... 53% 2.71M 8s
  8350K .......... .......... .......... .......... .......... 53% 1.64M 7s
  8400K .......... .......... .......... .......... .......... 54% 1.64M 7s
  8450K .......... .......... .......... .......... .......... 54% 1.38M 7s
  8500K .......... .......... .......... .......... .......... 54% 2.02M 7s
  8550K .......... .......... .......... .......... .......... 55% 2.00M 7s
  8600K .......... .......... .......... .......... .......... 55% 1.69M 7s
  8650K .......... .......... .......... .......... .......... 55% 1.70M 7s
  8700K .......... .......... .......... .......... .......... 55% 1.63M 7s
  8750K .......... .......... .......... .......... .......... 56% 1.56M 7s
  8800K .......... .......... .......... .......... .......... 56% 1.70M 7s
  8850K .......... .......... .......... .......... .......... 56% 1.17M 7s
  8900K .......... .......... .......... .......... .......... 57% 2.20M 7s
  8950K .......... .......... .......... .......... .......... 57% 1.35M 7s
  9000K .......... .......... .......... .......... .......... 57% 1.59M 7s
  9050K .......... .......... .......... .......... .......... 58% 1.37M 7s
  9100K .......... .......... .......... .......... .......... 58% 1.27M 6s
  9150K .......... .......... .......... .......... .......... 58% 1.66M 6s
  9200K .......... .......... .......... .......... .......... 59% 1.37M 6s
  9250K .......... .......... .......... .......... .......... 59% 1.59M 6s
  9300K .......... .......... .......... .......... .......... 59% 1.59M 6s
  9350K .......... .......... .......... .......... .......... 60% 1.16M 6s
  9400K .......... .......... .......... .......... .......... 60% 1.68M 6s
  9450K .......... .......... .......... .......... .......... 60% 1.61M 6s
  9500K .......... .......... .......... .......... .......... 61% 2.06M 6s
  9550K .......... .......... .......... .......... .......... 61% 2.28M 6s
  9600K .......... .......... .......... .......... .......... 61% 1.37M 6s
  9650K .......... .......... .......... .......... .......... 62% 1.99M 6s
  9700K .......... .......... .......... .......... .......... 62% 1.66M 6s
  9750K .......... .......... .......... .......... .......... 62% 2.47M 6s
  9800K .......... .......... .......... .......... .......... 63% 1.80M 6s
  9850K .......... .......... .......... .......... .......... 63% 1.55M 6s
  9900K .......... .......... .......... .......... .......... 63% 1.49M 5s
  9950K .......... .......... .......... .......... .......... 63% 1.75M 5s
 10000K .......... .......... .......... .......... .......... 64% 1.56M 5s
 10050K .......... .......... .......... .......... .......... 64% 1.74M 5s
 10100K .......... .......... .......... .......... .......... 64% 2.01M 5s
 10150K .......... .......... .......... .......... .......... 65% 1.66M 5s
 10200K .......... .......... .......... .......... .......... 65% 1.73M 5s
 10250K .......... .......... .......... .......... .......... 65% 1.75M 5s
 10300K .......... .......... .......... .......... .......... 66% 1.58M 5s
 10350K .......... .......... .......... .......... .......... 66% 2.23M 5s
 10400K .......... .......... .......... .......... .......... 66% 2.12M 5s
 10450K .......... .......... .......... .......... .......... 67% 1.73M 5s
 10500K .......... .......... .......... .......... .......... 67% 2.11M 5s
 10550K .......... .......... .......... .......... .......... 67% 1.49M 5s
 10600K .......... .......... .......... .......... .......... 68%  307K 5s
 10650K .......... .......... .......... .......... .......... 68% 7.41M 5s
 10700K .......... .......... .......... .......... .......... 68% 8.44M 5s
 10750K .......... .......... .......... .......... .......... 69% 8.09M 5s
 10800K .......... .......... .......... .......... .......... 69% 7.74M 4s
 10850K .......... .......... .......... .......... .......... 69% 14.0M 4s
 10900K .......... .......... .......... .......... .......... 70% 18.0M 4s
 10950K .......... .......... .......... .......... .......... 70% 2.56M 4s
 11000K .......... .......... .......... .......... .......... 70% 1.54M 4s
 11050K .......... .......... .......... .......... .......... 71% 1.66M 4s
 11100K .......... .......... .......... .......... .......... 71% 1.65M 4s
 11150K .......... .......... .......... .......... .......... 71% 1.74M 4s
 11200K .......... .......... .......... .......... .......... 71% 1.99M 4s
 11250K .......... .......... .......... .......... .......... 72%  330K 4s
 11300K .......... .......... .......... .......... .......... 72% 7.38M 4s
 11350K .......... .......... .......... .......... .......... 72% 1.13M 4s
 11400K .......... .......... .......... .......... .......... 73% 11.8M 4s
 11450K .......... .......... .......... .......... .......... 73% 12.5M 4s
 11500K .......... .......... .......... .......... .......... 73% 12.9M 4s
 11550K .......... .......... .......... .......... .......... 74% 11.4M 4s
 11600K .......... .......... .......... .......... .......... 74% 11.1M 4s
 11650K .......... .......... .......... .......... .......... 74% 1.52M 4s
 11700K .......... .......... .......... .......... .......... 75% 1.88M 3s
 11750K .......... .......... .......... .......... .......... 75% 1.76M 3s
 11800K .......... .......... .......... .......... .......... 75% 1.42M 3s
 11850K .......... .......... .......... .......... .......... 76% 2.03M 3s
 11900K .......... .......... .......... .......... .......... 76% 1.59M 3s
 11950K .......... .......... .......... .......... .......... 76% 1.61M 3s
 12000K .......... .......... .......... .......... .......... 77% 2.69M 3s
 12050K .......... .......... .......... .......... .......... 77% 2.03M 3s
 12100K .......... .......... .......... .......... .......... 77% 1.88M 3s
 12150K .......... .......... .......... .......... .......... 78% 2.02M 3s
 12200K .......... .......... .......... .......... .......... 78% 1.38M 3s
 12250K .......... .......... .......... .......... .......... 78% 1.16M 3s
 12300K .......... .......... .......... .......... .......... 79% 2.00M 3s
 12350K .......... .......... .......... .......... .......... 79% 1.68M 3s
 12400K .......... .......... .......... .......... .......... 79% 1.58M 3s
 12450K .......... .......... .......... .......... .......... 79% 3.19M 3s
 12500K .......... .......... .......... .......... .......... 80% 1.57M 3s
 12550K .......... .......... .......... .......... .......... 80% 1.40M 3s
 12600K .......... .......... .......... .......... .......... 80% 2.01M 3s
 12650K .......... .......... .......... .......... .......... 81% 2.57M 3s
 12700K .......... .......... .......... .......... .......... 81% 1.61M 3s
 12750K .......... .......... .......... .......... .......... 81% 2.00M 2s
 12800K .......... .......... .......... .......... .......... 82% 1.59M 2s
 12850K .......... .......... .......... .......... .......... 82%  361K 2s
 12900K .......... .......... .......... .......... .......... 82% 8.16M 2s
 12950K .......... .......... .......... .......... .......... 83% 13.5M 2s
 13000K .......... .......... .......... .......... .......... 83%  738K 2s
 13050K .......... .......... .......... .......... .......... 83% 13.7M 2s
 13100K .......... .......... .......... .......... .......... 84% 16.6M 2s
 13150K .......... .......... .......... .......... .......... 84% 14.5M 2s
 13200K .......... .......... .......... .......... .......... 84% 24.1M 2s
 13250K .......... .......... .......... .......... .......... 85% 5.59M 2s
 13300K .......... .......... .......... .......... .......... 85% 2.06M 2s
 13350K .......... .......... .......... .......... .......... 85% 1.56M 2s
 13400K .......... .......... .......... .......... .......... 86% 1.37M 2s
 13450K .......... .......... .......... .......... .......... 86% 1.35M 2s
 13500K .......... .......... .......... .......... .......... 86% 1.93M 2s
 13550K .......... .......... .......... .......... .......... 87% 1.39M 2s
 13600K .......... .......... .......... .......... .......... 87% 1.96M 2s
 13650K .......... .......... .......... .......... .......... 87% 1.70M 2s
 13700K .......... .......... .......... .......... .......... 87% 1.61M 2s
 13750K .......... .......... .......... .......... .......... 88% 2.03M 2s
 13800K .......... .......... .......... .......... .......... 88% 2.01M 2s
 13850K .......... .......... .......... .......... .......... 88% 1.38M 1s
 13900K .......... .......... .......... .......... .......... 89% 2.64M 1s
 13950K .......... .......... .......... .......... .......... 89% 1.59M 1s
 14000K .......... .......... .......... .......... .......... 89% 1.65M 1s
 14050K .......... .......... .......... .......... .......... 90% 1.57M 1s
 14100K .......... .......... .......... .......... .......... 90% 1.72M 1s
 14150K .......... .......... .......... .......... .......... 90% 1.63M 1s
 14200K .......... .......... .......... .......... .......... 91% 1.07M 1s
 14250K .......... .......... .......... .......... .......... 91% 2.74M 1s
 14300K .......... .......... .......... .......... .......... 91% 1.92M 1s
 14350K .......... .......... .......... .......... .......... 92% 1.71M 1s
 14400K .......... .......... .......... .......... .......... 92% 1.62M 1s
 14450K .......... .......... .......... .......... .......... 92% 1.81M 1s
 14500K .......... .......... .......... .......... .......... 93% 1.69M 1s
 14550K .......... .......... .......... .......... .......... 93% 2.00M 1s
 14600K .......... .......... .......... .......... .......... 93% 1.29M 1s
 14650K .......... .......... .......... .......... .......... 94% 2.79M 1s
 14700K .......... .......... .......... .......... .......... 94% 1.95M 1s
 14750K .......... .......... .......... .......... .......... 94% 1.18M 1s
 14800K .......... .......... .......... .......... .......... 95% 1.99M 1s
 14850K .......... .......... .......... .......... .......... 95% 2.09M 1s
 14900K .......... .......... .......... .......... .......... 95% 2.43M 1s
 14950K .......... .......... .......... .......... .......... 95% 1.63M 1s
 15000K .......... .......... .......... .......... .......... 96% 2.56M 0s
 15050K .......... .......... .......... .......... .......... 96% 1.70M 0s
 15100K .......... .......... .......... .......... .......... 96% 1.62M 0s
 15150K .......... .......... .......... .......... .......... 97% 1.62M 0s
 15200K .......... .......... .......... .......... .......... 97% 2.03M 0s
 15250K .......... .......... .......... .......... .......... 97% 2.01M 0s
 15300K .......... .......... .......... .......... .......... 98% 1.82M 0s
 15350K .......... .......... .......... .......... .......... 98% 1.26M 0s
 15400K .......... .......... .......... .......... .......... 98% 2.58M 0s
 15450K .......... .......... .......... .......... .......... 99% 1.62M 0s
 15500K .......... .......... .......... .......... .......... 99%  167K 0s
 15550K .......... .......... .......... .......... .......... 99% 1.64M 0s
 15600K .......... .......... .....                           100% 16.4M=13s

2024-09-30 22:42:43 (1.17 MB/s) - 已保存 ‘/home/zerohzzzz/Documents/RobotNav2/build/multirobot_map_merge/2011-08-09-12-22-52.pgm’ [16000058/16000058])

--2024-09-30 22:42:43--  https://raw.githubusercontent.com/hrnr/m-explore-extra/master/map_merge/gmapping_maps/2012-01-28-11-12-01.pgm
正在解析主机 raw.githubusercontent.com (raw.githubusercontent.com)... 198.18.0.48
正在连接 raw.githubusercontent.com (raw.githubusercontent.com)|198.18.0.48|:443... 已连接。
已发出 HTTP 请求，正在等待回应... 200 OK
长度： 16000058 (15M) [application/octet-stream]
正在保存至: ‘/home/zerohzzzz/Documents/RobotNav2/build/multirobot_map_merge/2012-01-28-11-12-01.pgm’

     0K .......... .......... .......... .......... ..........  0%  121K 2m9s
    50K .......... .......... .......... .......... ..........  0%  121K 2m8s
   100K .......... .......... .......... .......... ..........  0%  278K 1m44s
   150K .......... .......... .......... .......... ..........  1%  220K 95s
   200K .......... .......... .......... .......... ..........  1%  180K 93s
   250K .......... .......... .......... .......... ..........  1%  149K 94s
   300K .......... .......... .......... .......... ..........  2% 9.68M 81s
   350K .......... .......... .......... .......... ..........  2%  240K 78s
   400K .......... .......... .......... .......... ..........  2%  284K 75s
   450K .......... .......... .......... .......... ..........  3%  552K 70s
   500K .......... .......... .......... .......... ..........  3%  670K 66s
   550K .......... .......... .......... .......... ..........  3%  825K 62s
   600K .......... .......... .......... .......... ..........  4%  731K 58s
   650K .......... .......... .......... .......... ..........  4%  585K 56s
   700K .......... .......... .......... .......... ..........  4%  809K 53s
   750K .......... .......... .......... .......... ..........  5%  791K 51s
   800K .......... .......... .......... .......... ..........  5%  943K 49s
   850K .......... .......... .......... .......... ..........  5%  755K 47s
   900K .......... .......... .......... .......... ..........  6%  832K 45s
   950K .......... .......... .......... .......... ..........  6%  834K 44s
  1000K .......... .......... .......... .......... ..........  6% 1.34M 42s
  1050K .......... .......... .......... .......... ..........  7%  760K 41s
  1100K .......... .......... .......... .......... ..........  7% 1.39M 39s
  1150K .......... .......... .......... .......... ..........  7% 1001K 38s
  1200K .......... .......... .......... .......... ..........  7% 1.22M 37s
  1250K .......... .......... .......... .......... ..........  8%  961K 36s
  1300K .......... .......... .......... .......... ..........  8% 1.32M 35s
  1350K .......... .......... .......... .......... ..........  8% 1.19M 34s
  1400K .......... .......... .......... .......... ..........  9% 1.62M 33s
  1450K .......... .......... .......... .......... ..........  9%  856K 32s
  1500K .......... .......... .......... .......... ..........  9% 1.66M 31s
  1550K .......... .......... .......... .......... .......... 10% 1.54M 31s
  1600K .......... .......... .......... .......... .......... 10% 1.18M 30s
  1650K .......... .......... .......... .......... .......... 10% 1.31M 29s
  1700K .......... .......... .......... .......... .......... 11% 1.16M 29s
  1750K .......... .......... .......... .......... .......... 11% 1.62M 28s
  1800K .......... .......... .......... .......... .......... 11% 1.63M 27s
  1850K .......... .......... .......... .......... .......... 12% 1.47M 27s
  1900K .......... .......... .......... .......... .......... 12% 1.86M 26s
  1950K .......... .......... .......... .......... .......... 12% 1.42M 26s
  2000K .......... .......... .......... .......... .......... 13% 1.61M 25s
  2050K .......... .......... .......... .......... .......... 13% 1.67M 25s
  2100K .......... .......... .......... .......... .......... 13% 1.49M 24s
  2150K .......... .......... .......... .......... .......... 14% 1.79M 24s
  2200K .......... .......... .......... .......... .......... 14% 1.13M 23s
  2250K .......... .......... .......... .......... .......... 14% 2.76M 23s
  2300K .......... .......... .......... .......... .......... 15% 2.03M 22s
  2350K .......... .......... .......... .......... .......... 15% 1.89M 22s
  2400K .......... .......... .......... .......... .......... 15% 1.12M 22s
  2450K .......... .......... .......... .......... .......... 15% 1.85M 21s
  2500K .......... .......... .......... .......... .......... 16% 1.88M 21s
  2550K .......... .......... .......... .......... .......... 16% 1.86M 21s
  2600K .......... .......... .......... .......... .......... 16% 1.99M 20s
  2650K .......... .......... .......... .......... .......... 17% 1.90M 20s
  2700K .......... .......... .......... .......... .......... 17% 1.54M 20s
  2750K .......... .......... .......... .......... .......... 17% 1.89M 19s
  2800K .......... .......... .......... .......... .......... 18% 1.60M 19s
  2850K .......... .......... .......... .......... .......... 18% 1.65M 19s
  2900K .......... .......... .......... .......... .......... 18% 2.47M 18s
  2950K .......... .......... .......... .......... .......... 19% 1.60M 18s
  3000K .......... .......... .......... .......... .......... 19% 1.40M 18s
  3050K .......... .......... .......... .......... .......... 19% 1.62M 18s
  3100K .......... .......... .......... .......... .......... 20% 1.90M 18s
  3150K .......... .......... .......... .......... .......... 20% 1.58M 17s
  3200K .......... .......... .......... .......... .......... 20% 1.60M 17s
  3250K .......... .......... .......... .......... .......... 21% 1.38M 17s
  3300K .......... .......... .......... .......... .......... 21% 2.85M 17s
  3350K .......... .......... .......... .......... .......... 21% 1.00M 16s
  3400K .......... .......... .......... .......... .......... 22% 1.73M 16s
  3450K .......... .......... .......... .......... .......... 22% 1.88M 16s
  3500K .......... .......... .......... .......... .......... 22% 1.85M 16s
  3550K .......... .......... .......... .......... .......... 23% 2.02M 16s
  3600K .......... .......... .......... .......... .......... 23% 1.37M 15s
  3650K .......... .......... .......... .......... .......... 23% 2.68M 15s
  3700K .......... .......... .......... .......... .......... 23% 2.01M 15s
  3750K .......... .......... .......... .......... .......... 24% 1.68M 15s
  3800K .......... .......... .......... .......... .......... 24% 1.35M 15s
  3850K .......... .......... .......... .......... .......... 24% 2.00M 15s
  3900K .......... .......... .......... .......... .......... 25% 2.05M 14s
  3950K .......... .......... .......... .......... .......... 25% 2.05M 14s
  4000K .......... .......... .......... .......... .......... 25% 1.36M 14s
  4050K .......... .......... .......... .......... .......... 26% 1.65M 14s
  4100K .......... .......... .......... .......... .......... 26% 2.02M 14s
  4150K .......... .......... .......... .......... .......... 26% 1.96M 14s
  4200K .......... .......... .......... .......... .......... 27% 1.47M 14s
  4250K .......... .......... .......... .......... .......... 27% 2.21M 13s
  4300K .......... .......... .......... .......... .......... 27% 1.59M 13s
  4350K .......... .......... .......... .......... .......... 28% 2.09M 13s
  4400K .......... .......... .......... .......... .......... 28% 1.32M 13s
  4450K .......... .......... .......... .......... .......... 28% 1.69M 13s
  4500K .......... .......... .......... .......... .......... 29% 2.07M 13s
  4550K .......... .......... .......... .......... .......... 29% 2.22M 13s
  4600K .......... .......... .......... .......... .......... 29% 1.95M 12s
  4650K .......... .......... .......... .......... .......... 30% 2.04M 12s
  4700K .......... .......... .......... .......... .......... 30% 1.34M 12s
  4750K .......... .......... .......... .......... .......... 30% 2.07M 12s
  4800K .......... .......... .......... .......... .......... 31% 1.66M 12s
  4850K .......... .......... .......... .......... .......... 31% 1.64M 12s
  4900K .......... .......... .......... .......... .......... 31% 1.81M 12s
  4950K .......... .......... .......... .......... .......... 31% 2.85M 12s
  5000K .......... .......... .......... .......... .......... 32% 1.37M 11s
  5050K .......... .......... .......... .......... .......... 32% 2.01M 11s
  5100K .......... .......... .......... .......... .......... 32% 1.62M 11s
  5150K .......... .......... .......... .......... .......... 33% 1.57M 11s
  5200K .......... .......... .......... .......... .......... 33% 2.86M 11s
  5250K .......... .......... .......... .......... .......... 33% 2.06M 11s
  5300K .......... .......... .......... .......... .......... 34% 1.33M 11s
  5350K .......... .......... .......... .......... .......... 34% 1.57M 11s
  5400K .......... .......... .......... .......... .......... 34% 1.73M 11s
  5450K .......... .......... .......... .......... .......... 35% 2.02M 11s
  5500K .......... .......... .......... .......... .......... 35% 2.04M 10s
  5550K .......... .......... .......... .......... .......... 35% 2.55M 10s
  5600K .......... .......... .......... .......... .......... 36% 1.68M 10s
  5650K .......... .......... .......... .......... .......... 36% 1.58M 10s
  5700K .......... .......... .......... .......... .......... 36% 1.22M 10s
  5750K .......... .......... .......... .......... .......... 37% 3.93M 10s
  5800K .......... .......... .......... .......... .......... 37% 1.83M 10s
  5850K .......... .......... .......... .......... .......... 37% 1.92M 10s
  5900K .......... .......... .......... .......... .......... 38% 1.42M 10s
  5950K .......... .......... .......... .......... .......... 38% 2.77M 10s
  6000K .......... .......... .......... .......... .......... 38% 1.99M 10s
  6050K .......... .......... .......... .......... .......... 39% 1.17M 9s
  6100K .......... .......... .......... .......... .......... 39% 1.91M 9s
  6150K .......... .......... .......... .......... .......... 39% 1.72M 9s
  6200K .......... .......... .......... .......... .......... 39% 2.54M 9s
  6250K .......... .......... .......... .......... .......... 40% 1.70M 9s
  6300K .......... .......... .......... .......... .......... 40% 1.34M 9s
  6350K .......... .......... .......... .......... .......... 40% 2.03M 9s
  6400K .......... .......... .......... .......... .......... 41% 2.20M 9s
  6450K .......... .......... .......... .......... .......... 41% 1.58M 9s
  6500K .......... .......... .......... .......... .......... 41% 1.88M 9s
  6550K .......... .......... .......... .......... .......... 42% 1.68M 9s
  6600K .......... .......... .......... .......... .......... 42% 1.59M 9s
  6650K .......... .......... .......... .......... .......... 42% 1.70M 9s
  6700K .......... .......... .......... .......... .......... 43% 1.61M 8s
  6750K .......... .......... .......... .......... .......... 43% 1.97M 8s
  6800K .......... .......... .......... .......... .......... 43% 2.12M 8s
  6850K .......... .......... .......... .......... .......... 44% 1.99M 8s
  6900K .......... .......... .......... .......... .......... 44% 1.62M 8s
  6950K .......... .......... .......... .......... .......... 44% 2.13M 8s
  7000K .......... .......... .......... .......... .......... 45% 1.31M 8s
  7050K .......... .......... .......... .......... .......... 45% 2.17M 8s
  7100K .......... .......... .......... .......... .......... 45% 2.19M 8s
  7150K .......... .......... .......... .......... .......... 46% 1.36M 8s
  7200K .......... .......... .......... .......... .......... 46% 2.03M 8s
  7250K .......... .......... .......... .......... .......... 46% 1.96M 8s
  7300K .......... .......... .......... .......... .......... 47% 1.60M 8s
  7350K .......... .......... .......... .......... .......... 47% 1.68M 8s
  7400K .......... .......... .......... .......... .......... 47% 1.88M 7s
  7450K .......... .......... .......... .......... .......... 47% 2.32M 7s
  7500K .......... .......... .......... .......... .......... 48% 1.49M 7s
  7550K .......... .......... .......... .......... .......... 48% 1.64M 7s
  7600K .......... .......... .......... .......... .......... 48% 2.07M 7s
  7650K .......... .......... .......... .......... .......... 49% 1.33M 7s
  7700K .......... .......... .......... .......... .......... 49% 1.64M 7s
  7750K .......... .......... .......... .......... .......... 49% 2.06M 7s
  7800K .......... .......... .......... .......... .......... 50% 1.97M 7s
  7850K .......... .......... .......... .......... .......... 50% 2.37M 7s
  7900K .......... .......... .......... .......... .......... 50% 1.57M 7s
  7950K .......... .......... .......... .......... .......... 51% 1.21M 7s
  8000K .......... .......... .......... .......... .......... 51% 2.05M 7s
  8050K .......... .......... .......... .......... .......... 51% 1.59M 7s
  8100K .......... .......... .......... .......... .......... 52% 2.10M 7s
  8150K .......... .......... .......... .......... .......... 52% 2.07M 7s
  8200K .......... .......... .......... .......... .......... 52% 1.50M 6s
  8250K .......... .......... .......... .......... .......... 53% 1.92M 6s
  8300K .......... .......... .......... .......... .......... 53% 1.43M 6s
  8350K .......... .......... .......... .......... .......... 53% 1.34M 6s
  8400K .......... .......... .......... .......... .......... 54% 1.68M 6s
  8450K .......... .......... .......... .......... .......... 54% 2.03M 6s
  8500K .......... .......... .......... .......... .......... 54% 1.43M 6s
  8550K .......... .......... .......... .......... .......... 55% 1.62M 6s
  8600K .......... .......... .......... .......... .......... 55% 1.62M 6s
  8650K .......... .......... .......... .......... .......... 55% 1.36M 6s
  8700K .......... .......... .......... .......... .......... 55% 1.50M 6s
  8750K .......... .......... .......... .......... .......... 56% 1.37M 6s
  8800K .......... .......... .......... .......... .......... 56% 1.64M 6s
  8850K .......... .......... .......... .......... .......... 56% 1.60M 6s
  8900K .......... .......... .......... .......... .......... 57% 1.34M 6s
  8950K .......... .......... .......... .......... .......... 57% 1.68M 6s
  9000K .......... .......... .......... .......... .......... 57% 1.16M 6s
  9050K .......... .......... .......... .......... .......... 58% 2.01M 6s
  9100K .......... .......... .......... .......... .......... 58% 2.02M 6s
  9150K .......... .......... .......... .......... .......... 58% 1.55M 5s
  9200K .......... .......... .......... .......... .......... 59% 1.64M 5s
  9250K .......... .......... .......... .......... .......... 59% 1.61M 5s
  9300K .......... .......... .......... .......... .......... 59% 1.65M 5s
  9350K .......... .......... .......... .......... .......... 60% 1.36M 5s
  9400K .......... .......... .......... .......... .......... 60% 2.01M 5s
  9450K .......... .......... .......... .......... .......... 60% 2.05M 5s
  9500K .......... .......... .......... .......... .......... 61% 1.85M 5s
  9550K .......... .......... .......... .......... .......... 61% 1.57M 5s
  9600K .......... .......... .......... .......... .......... 61% 1.70M 5s
  9650K .......... .......... .......... .......... .......... 62% 1.96M 5s
  9700K .......... .......... .......... .......... .......... 62% 2.08M 5s
  9750K .......... .......... .......... .......... .......... 62% 2.09M 5s
  9800K .......... .......... .......... .......... .......... 63% 1.28M 5s
  9850K .......... .......... .......... .......... .......... 63% 2.03M 5s
  9900K .......... .......... .......... .......... .......... 63% 1.54M 5s
  9950K .......... .......... .......... .......... .......... 63% 1.78M 5s
 10000K .......... .......... .......... .......... .......... 64% 1.63M 5s
 10050K .......... .......... .......... .......... .......... 64% 1.65M 5s
 10100K .......... .......... .......... .......... .......... 64% 2.08M 5s
 10150K .......... .......... .......... .......... .......... 65% 1.96M 4s
 10200K .......... .......... .......... .......... .......... 65% 1.63M 4s
 10250K .......... .......... .......... .......... .......... 65% 2.04M 4s
 10300K .......... .......... .......... .......... .......... 66% 1.18M 4s
 10350K .......... .......... .......... .......... .......... 66% 1.36M 4s
 10400K .......... .......... .......... .......... .......... 66% 2.02M 4s
 10450K .......... .......... .......... .......... .......... 67% 2.01M 4s
 10500K .......... .......... .......... .......... .......... 67% 2.02M 4s
 10550K .......... .......... .......... .......... .......... 67% 1.56M 4s
 10600K .......... .......... .......... .......... .......... 68% 1.56M 4s
 10650K .......... .......... .......... .......... .......... 68% 1.66M 4s
 10700K .......... .......... .......... .......... .......... 68% 1.39M 4s
 10750K .......... .......... .......... .......... .......... 69% 1.96M 4s
 10800K .......... .......... .......... .......... .......... 69% 2.08M 4s
 10850K .......... .......... .......... .......... .......... 69% 2.03M 4s
 10900K .......... .......... .......... .......... .......... 70% 1.48M 4s
 10950K .......... .......... .......... .......... .......... 70% 1.67M 4s
 11000K .......... .......... .......... .......... .......... 70% 2.01M 4s
 11050K .......... .......... .......... .......... .......... 71% 2.02M 4s
 11100K .......... .......... .......... .......... .......... 71% 1.35M 4s
 11150K .......... .......... .......... .......... .......... 71% 2.80M 4s
 11200K .......... .......... .......... .......... .......... 71% 1.66M 3s
 11250K .......... .......... .......... .......... .......... 72% 1.21M 3s
 11300K .......... .......... .......... .......... .......... 72% 1.91M 3s
 11350K .......... .......... .......... .......... .......... 72% 2.16M 3s
 11400K .......... .......... .......... .......... .......... 73% 2.56M 3s
 11450K .......... .......... .......... .......... .......... 73% 2.10M 3s
 11500K .......... .......... .......... .......... .......... 73% 1.36M 3s
 11550K .......... .......... .......... .......... .......... 74% 1.61M 3s
 11600K .......... .......... .......... .......... .......... 74% 2.05M 3s
 11650K .......... .......... .......... .......... .......... 74% 1.35M 3s
 11700K .......... .......... .......... .......... .......... 75% 1.26M 3s
 11750K .......... .......... .......... .......... .......... 75% 1.62M 3s
 11800K .......... .......... .......... .......... .......... 75% 1.99M 3s
 11850K .......... .......... .......... .......... .......... 76% 1.35M 3s
 11900K .......... .......... .......... .......... .......... 76% 2.58M 3s
 11950K .......... .......... .......... .......... .......... 76% 1.31M 3s
 12000K .......... .......... .......... .......... .......... 77% 1.41M 3s
 12050K .......... .......... .......... .......... .......... 77% 1.69M 3s
 12100K .......... .......... .......... .......... .......... 77% 1.64M 3s
 12150K .......... .......... .......... .......... .......... 78% 1.89M 3s
 12200K .......... .......... .......... .......... .......... 78% 1.68M 3s
 12250K .......... .......... .......... .......... .......... 78% 1.63M 3s
 12300K .......... .......... .......... .......... .......... 79% 1.90M 3s
 12350K .......... .......... .......... .......... .......... 79% 1.35M 3s
 12400K .......... .......... .......... .......... .......... 79% 2.81M 2s
 12450K .......... .......... .......... .......... .......... 79% 2.03M 2s
 12500K .......... .......... .......... .......... .......... 80% 1.63M 2s
 12550K .......... .......... .......... .......... .......... 80% 1.62M 2s
 12600K .......... .......... .......... .......... .......... 80% 2.43M 2s
 12650K .......... .......... .......... .......... .......... 81% 1.54M 2s
 12700K .......... .......... .......... .......... .......... 81% 1.74M 2s
 12750K .......... .......... .......... .......... .......... 81% 1.34M 2s
 12800K .......... .......... .......... .......... .......... 82% 1.63M 2s
 12850K .......... .......... .......... .......... .......... 82% 2.08M 2s
 12900K .......... .......... .......... .......... .......... 82% 1.34M 2s
 12950K .......... .......... .......... .......... .......... 83% 2.09M 2s
 13000K .......... .......... .......... .......... .......... 83% 1.72M 2s
 13050K .......... .......... .......... .......... .......... 83% 1.31M 2s
 13100K .......... .......... .......... .......... .......... 84% 1.70M 2s
 13150K .......... .......... .......... .......... .......... 84% 1.95M 2s
 13200K .......... .......... .......... .......... .......... 84% 2.07M 2s
 13250K .......... .......... .......... .......... .......... 85% 1.92M 2s
 13300K .......... .......... .......... .......... .......... 85% 1.21M 2s
 13350K .......... .......... .......... .......... .......... 85% 1.84M 2s
 13400K .......... .......... .......... .......... .......... 86% 1.76M 2s
 13450K .......... .......... .......... .......... .......... 86% 2.01M 2s
 13500K .......... .......... .......... .......... .......... 86% 2.06M 2s
 13550K .......... .......... .......... .......... .......... 87% 1.61M 2s
 13600K .......... .......... .......... .......... .......... 87% 1.18M 2s
 13650K .......... .......... .......... .......... .......... 87% 1.92M 1s
 13700K .......... .......... .......... .......... .......... 87% 1.40M 1s
 13750K .......... .......... .......... .......... .......... 88% 2.04M 1s
 13800K .......... .......... .......... .......... .......... 88% 1.64M 1s
 13850K .......... .......... .......... .......... .......... 88% 1.23M 1s
 13900K .......... .......... .......... .......... .......... 89% 1.75M 1s
 13950K .......... .......... .......... .......... .......... 89% 1.62M 1s
 14000K .......... .......... .......... .......... .......... 89% 1.62M 1s
 14050K .......... .......... .......... .......... .......... 90% 1.35M 1s
 14100K .......... .......... .......... .......... .......... 90% 2.01M 1s
 14150K .......... .......... .......... .......... .......... 90% 1.95M 1s
 14200K .......... .......... .......... .......... .......... 91% 2.11M 1s
 14250K .......... .......... .......... .......... .......... 91% 1.63M 1s
 14300K .......... .......... .......... .......... .......... 91% 2.02M 1s
 14350K .......... .......... .......... .......... .......... 92% 1.27M 1s
 14400K .......... .......... .......... .......... .......... 92% 2.14M 1s
 14450K .......... .......... .......... .......... .......... 92% 1.63M 1s
 14500K .......... .......... .......... .......... .......... 93% 1.97M 1s
 14550K .......... .......... .......... .......... .......... 93% 2.10M 1s
 14600K .......... .......... .......... .......... .......... 93% 1.16M 1s
 14650K .......... .......... .......... .......... .......... 94% 2.60M 1s
 14700K .......... .......... .......... .......... .......... 94% 1.67M 1s
 14750K .......... .......... .......... .......... .......... 94% 1.73M 1s
 14800K .......... .......... .......... .......... .......... 95% 1.98M 1s
 14850K .......... .......... .......... .......... .......... 95% 1.64M 1s
 14900K .......... .......... .......... .......... .......... 95% 1.99M 1s
 14950K .......... .......... .......... .......... .......... 95% 1.62M 0s
 15000K .......... .......... .......... .......... .......... 96% 2.13M 0s
 15050K .......... .......... .......... .......... .......... 96% 1.64M 0s
 15100K .......... .......... .......... .......... .......... 96% 2.27M 0s
 15150K .......... .......... .......... .......... .......... 97% 1.60M 0s
 15200K .......... .......... .......... .......... .......... 97% 1.71M 0s
 15250K .......... .......... .......... .......... .......... 97% 2.09M 0s
 15300K .......... .......... .......... .......... .......... 98% 1.93M 0s
 15350K .......... .......... .......... .......... .......... 98% 1.37M 0s
 15400K .......... .......... .......... .......... .......... 98% 1.57M 0s
 15450K .......... .......... .......... .......... .......... 99% 2.12M 0s
 15500K .......... .......... .......... .......... .......... 99% 1.72M 0s
 15550K .......... .......... .......... .......... .......... 99% 1.88M 0s
 15600K .......... .......... .....                           100% 5.80M=11s

2024-09-30 22:43:59 (1.33 MB/s) - 已保存 ‘/home/zerohzzzz/Documents/RobotNav2/build/multirobot_map_merge/2012-01-28-11-12-01.pgm’ [16000058/16000058])

In file included from [01m[K/home/zerohzzzz/Documents/RobotNav2/src/map_merge/test/testing_helpers.h:7[m[K,
                 from [01m[K/home/zerohzzzz/Documents/RobotNav2/src/map_merge/test/test_merging_pipeline.cpp:42[m[K:
[01m[K/opt/ros/humble/include/tf2_geometry_msgs/tf2_geometry_msgs/tf2_geometry_msgs.h:35:2:[m[K [01;35m[Kwarning: [m[K#warning This header is obsolete, please include tf2_geometry_msgs/tf2_geometry_msgs.hpp instead [[01;35m[K]8;;https://gcc.gnu.org/onlinedocs/gcc/Warning-Options.html#index-Wcpp-Wcpp]8;;[m[K]
   35 | #[01;35m[Kwarning[m[K This header is obsolete, please include tf2_geometry_msgs/tf2_geometry_msgs.hpp instead
      |  [01;35m[K^~~~~~~[m[K
In file included from [01m[K/home/zerohzzzz/Documents/RobotNav2/src/map_merge/src/map_merge.cpp:44[m[K:
[01m[K/opt/ros/humble/include/tf2_geometry_msgs/tf2_geometry_msgs/tf2_geometry_msgs.h:35:2:[m[K [01;35m[Kwarning: [m[K#warning This header is obsolete, please include tf2_geometry_msgs/tf2_geometry_msgs.hpp instead [[01;35m[K]8;;https://gcc.gnu.org/onlinedocs/gcc/Warning-Options.html#index-Wcpp-Wcpp]8;;[m[K]
   35 | #[01;35m[Kwarning[m[K This header is obsolete, please include tf2_geometry_msgs/tf2_geometry_msgs.hpp instead
      |  [01;35m[K^~~~~~~[m[K
