[0.458s] Invoking command in '/home/zerohzzzz/Documents/RobotNav2/build/multirobot_map_merge': CMAKE_PREFIX_PATH=/opt/ros/humble /usr/bin/cmake /home/zerohzzzz/Documents/RobotNav2/src/map_merge -DCMAKE_INSTALL_PREFIX=/home/zerohzzzz/Documents/RobotNav2/install/multirobot_map_merge
[0.481s] -- Found ament_cmake: 1.3.10 (/opt/ros/humble/share/ament_cmake/cmake)
[0.774s] -- Found rclcpp: 16.0.10 (/opt/ros/humble/share/rclcpp/cmake)
[0.868s] -- Found rosidl_generator_c: 3.1.5 (/opt/ros/humble/share/rosidl_generator_c/cmake)
[0.875s] -- Found rosidl_adapter: 3.1.5 (/opt/ros/humble/share/rosidl_adapter/cmake)
[0.888s] -- Found rosidl_generator_cpp: 3.1.5 (/opt/ros/humble/share/rosidl_generator_cpp/cmake)
[0.909s] -- Using all available rosidl_typesupport_c: rosidl_typesupport_fastrtps_c;rosidl_typesupport_introspection_c
[0.937s] -- Using all available rosidl_typesupport_cpp: rosidl_typesupport_fastrtps_cpp;rosidl_typesupport_introspection_cpp
[0.996s] -- Found rmw_implementation_cmake: 6.1.2 (/opt/ros/humble/share/rmw_implementation_cmake/cmake)
[0.999s] -- Found rmw_fastrtps_cpp: 6.2.7 (/opt/ros/humble/share/rmw_fastrtps_cpp/cmake)
[1.245s] -- Using RMW implementation 'rmw_fastrtps_cpp' as default
[1.374s] -- Found geometry_msgs: 4.2.4 (/opt/ros/humble/share/geometry_msgs/cmake)
[1.397s] -- Found image_geometry: 3.2.1 (/opt/ros/humble/share/image_geometry/cmake)
[1.448s] -- Found map_msgs: 2.1.0 (/opt/ros/humble/share/map_msgs/cmake)
[1.511s] -- Found tf2_geometry_msgs: 0.25.8 (/opt/ros/humble/share/tf2_geometry_msgs/cmake)
[1.533s] -- Found eigen3_cmake_module: 0.1.1 (/opt/ros/humble/share/eigen3_cmake_module/cmake)
[1.536s] -- Found Eigen3: TRUE (found version "3.4.0") 
[1.536s] -- Ensuring Eigen3 include directory is part of orocos-kdl CMake target
[1.791s] -- Found Boost: /usr/lib/x86_64-linux-gnu/cmake/Boost-1.74.0/BoostConfig.cmake (found version "1.74.0") found components: thread 
[1.809s] -- Found OpenCV: /usr (found version "4.5.4") 
[1.837s] -- Found ament_lint_auto: 0.12.11 (/opt/ros/humble/share/ament_lint_auto/cmake)
[1.975s] -- Found ament_cmake_gtest: 1.3.10 (/opt/ros/humble/share/ament_cmake_gtest/cmake)
[1.991s] --2024-09-30 22:41:16--  https://raw.githubusercontent.com/hrnr/m-explore-extra/master/map_merge/hector_maps/map00.pgm
[1.998s] 正在解析主机 raw.githubusercontent.com (raw.githubusercontent.com)... 198.18.0.48
[1.998s] 正在连接 raw.githubusercontent.com (raw.githubusercontent.com)|198.18.0.48|:443... 已连接。
[3.845s] 已发出 HTTP 请求，正在等待回应... 200 OK
[3.846s] 长度： 4194362 (4.0M) [application/octet-stream]
[3.847s] 正在保存至: ‘/home/zerohzzzz/Documents/RobotNav2/build/multirobot_map_merge/map00.pgm’
[3.968s] 
[4.378s]      0K .......... .......... .......... .......... ..........  1% 93.9K 43s
[4.382s]     50K .......... .......... .......... .......... ..........  2% 9.87M 21s
[4.584s]    100K .......... .......... .......... .......... ..........  3%  248K 19s
[4.588s]    150K .......... .......... .......... .......... ..........  4% 10.4M 14s
[4.745s]    200K .......... .......... .......... .......... ..........  6%  320K 14s
[4.992s]    250K .......... .......... .......... .......... ..........  7%  202K 15s
[5.198s]    300K .......... .......... .......... .......... ..........  8%  243K 14s
[5.204s]    350K .......... .......... .......... .......... ..........  9% 10.4M 13s
[5.208s]    400K .......... .......... .......... .......... .......... 10% 8.83M 11s
[5.404s]    450K .......... .......... .......... .......... .......... 12%  255K 11s
[5.408s]    500K .......... .......... .......... .......... .......... 13% 11.9M 10s
[5.412s]    550K .......... .......... .......... .......... .......... 14% 12.9M 9s
[5.510s]    600K .......... .......... .......... .......... .......... 15%  509K 9s
[5.526s]    650K .......... .......... .......... .......... .......... 17% 2.98M 8s
[5.556s]    700K .......... .......... .......... .......... .......... 18% 1.63M 8s
[5.614s]    750K .......... .......... .......... .......... .......... 19% 1.02M 7s
[5.645s]    800K .......... .......... .......... .......... .......... 20% 1.22M 7s
[5.669s]    850K .......... .......... .......... .......... .......... 21% 2.02M 6s
[5.852s]    900K .......... .......... .......... .......... .......... 23%  274K 7s
[5.858s]    950K .......... .......... .......... .......... .......... 24% 7.66M 6s
[5.865s]   1000K .......... .......... .......... .......... .......... 25% 6.96M 6s
[5.871s]   1050K .......... .......... .......... .......... .......... 26% 7.78M 6s
[5.875s]   1100K .......... .......... .......... .......... .......... 28% 11.2M 5s
[5.877s]   1150K .......... .......... .......... .......... .......... 29% 22.0M 5s
[5.879s]   1200K .......... .......... .......... .......... .......... 30% 23.4M 5s
[5.886s]   1250K .......... .......... .......... .......... .......... 31% 8.16M 4s
[5.908s]   1300K .......... .......... .......... .......... .......... 32% 2.11M 4s
[5.933s]   1350K .......... .......... .......... .......... .......... 34% 1.98M 4s
[5.964s]   1400K .......... .......... .......... .......... .......... 35% 1.61M 4s
[5.992s]   1450K .......... .......... .......... .......... .......... 36% 1.71M 4s
[6.023s]   1500K .......... .......... .......... .......... .......... 37% 1.59M 4s
[6.053s]   1550K .......... .......... .......... .......... .......... 39% 1.74M 3s
[6.083s]   1600K .......... .......... .......... .......... .......... 40% 1.54M 3s
[6.107s]   1650K .......... .......... .......... .......... .......... 41% 2.01M 3s
[6.136s]   1700K .......... .......... .......... .......... .......... 42% 1.65M 3s
[6.155s]   1750K .......... .......... .......... .......... .......... 43% 2.66M 3s
[6.190s]   1800K .......... .......... .......... .......... .......... 45% 1.36M 3s
[6.448s]   1850K .......... .......... .......... .......... .......... 46%  195K 3s
[6.452s]   1900K .......... .......... .......... .......... .......... 47% 10.1M 3s
[6.506s]   1950K .......... .......... .......... .......... .......... 48% 11.2M 3s
[6.511s]   2000K .......... .......... .......... .......... .......... 50%  918K 3s
[6.515s]   2050K .......... .......... .......... .......... .......... 51% 12.8M 3s
[6.518s]   2100K .......... .......... .......... .......... .......... 52% 12.6M 2s
[6.523s]   2150K .......... .......... .......... .......... .......... 53% 11.0M 2s
[6.528s]   2200K .......... .......... .......... .......... .......... 54% 9.55M 2s
[6.531s]   2250K .......... .......... .......... .......... .......... 56% 14.5M 2s
[6.535s]   2300K .......... .......... .......... .......... .......... 57% 13.1M 2s
[6.540s]   2350K .......... .......... .......... .......... .......... 58% 14.4M 2s
[6.542s]   2400K .......... .......... .......... .......... .......... 59% 15.0M 2s
[6.553s]   2450K .......... .......... .......... .......... .......... 61% 4.29M 2s
[6.574s]   2500K .......... .......... .......... .......... .......... 62% 2.33M 2s
[6.602s]   2550K .......... .......... .......... .......... .......... 63% 1.75M 2s
[6.633s]   2600K .......... .......... .......... .......... .......... 64% 1.58M 2s
[6.661s]   2650K .......... .......... .......... .......... .......... 65% 1.76M 1s
[6.687s]   2700K .......... .......... .......... .......... .......... 67% 1.87M 1s
[6.721s]   2750K .......... .......... .......... .......... .......... 68% 1.70M 1s
[6.747s]   2800K .......... .......... .......... .......... .......... 69% 1.58M 1s
[6.770s]   2850K .......... .......... .......... .......... .......... 70% 2.04M 1s
[6.793s]   2900K .......... .......... .......... .......... .......... 72% 2.15M 1s
[6.905s]   2950K .......... .......... .......... .......... .......... 73%  448K 1s
[6.909s]   3000K .......... .......... .......... .......... .......... 74% 11.4M 1s
[6.913s]   3050K .......... .......... .......... .......... .......... 75% 12.6M 1s
[6.917s]   3100K .......... .......... .......... .......... .......... 76% 12.8M 1s
[6.932s]   3150K .......... .......... .......... .......... .......... 78% 5.03M 1s
[6.962s]   3200K .......... .......... .......... .......... .......... 79% 1.36M 1s
[6.990s]   3250K .......... .......... .......... .......... .......... 80% 1.77M 1s
[7.020s]   3300K .......... .......... .......... .......... .......... 81% 1.61M 1s
[7.164s]   3350K .......... .......... .......... .......... .......... 83%  351K 1s
[7.169s]   3400K .......... .......... .......... .......... .......... 84% 7.38M 1s
[7.175s]   3450K .......... .......... .......... .......... .......... 85% 9.09M 1s
[7.180s]   3500K .......... .......... .......... .......... .......... 86% 9.97M 1s
[7.186s]   3550K .......... .......... .......... .......... .......... 87% 12.4M 0s
[7.188s]   3600K .......... .......... .......... .......... .......... 89% 11.3M 0s
[7.205s]   3650K .......... .......... .......... .......... .......... 90% 2.74M 0s
[7.243s]   3700K .......... .......... .......... .......... .......... 91% 1.33M 0s
[7.262s]   3750K .......... .......... .......... .......... .......... 92% 2.65M 0s
[7.410s]   3800K .......... .......... .......... .......... .......... 93%  336K 0s
[7.414s]   3850K .......... .......... .......... .......... .......... 95% 11.7M 0s
[7.418s]   3900K .......... .......... .......... .......... .......... 96% 13.4M 0s
[7.423s]   3950K .......... .......... .......... .......... .......... 97% 11.6M 0s
[7.427s]   4000K .......... .......... .......... .......... .......... 98% 9.23M 0s
[7.430s]   4050K .......... .......... .......... .......... ......    100% 16.1M=3.6s
[7.430s] 
[7.431s] 2024-09-30 22:41:22 (1.12 MB/s) - 已保存 ‘/home/zerohzzzz/Documents/RobotNav2/build/multirobot_map_merge/map00.pgm’ [4194362/4194362])
[7.431s] 
[7.444s] Checking MD5 sum of /home/zerohzzzz/Documents/RobotNav2/build/multirobot_map_merge/map00.pgm
[7.472s] /home/zerohzzzz/Documents/RobotNav2/build/multirobot_map_merge/map00.pgm: 成功
[7.480s] --2024-09-30 22:41:22--  https://raw.githubusercontent.com/hrnr/m-explore-extra/master/map_merge/hector_maps/map05.pgm
[7.485s] 正在解析主机 raw.githubusercontent.com (raw.githubusercontent.com)... 198.18.0.48
[7.485s] 正在连接 raw.githubusercontent.com (raw.githubusercontent.com)|198.18.0.48|:443... 已连接。
[8.898s] 已发出 HTTP 请求，正在等待回应... 200 OK
[8.899s] 长度： 4194362 (4.0M) [application/octet-stream]
[8.899s] 正在保存至: ‘/home/zerohzzzz/Documents/RobotNav2/build/multirobot_map_merge/map05.pgm’
[8.975s] 
[9.239s]      0K .......... .......... .......... .......... ..........  1%  147K 28s
[9.403s]     50K .......... .......... .......... .......... ..........  2%  304K 20s
[9.618s]    100K .......... .......... .......... .......... ..........  3%  234K 19s
[9.751s]    150K .......... .......... .......... .......... ..........  4%  374K 17s
[9.798s]    200K .......... .......... .......... .......... ..........  6% 1.05M 14s
[9.905s]    250K .......... .......... .......... .......... ..........  7%  462K 13s
[10.075s]    300K .......... .......... .......... .......... ..........  8%  294K 13s
[10.149s]    350K .......... .......... .......... .......... ..........  9%  861K 11s
[10.253s]    400K .......... .......... .......... .......... .......... 10%  417K 11s
[10.366s]    450K .......... .......... .......... .......... .......... 12%  443K 11s
[10.477s]    500K .......... .......... .......... .......... .......... 13%  453K 10s
[10.501s]    550K .......... .......... .......... .......... .......... 14% 2.02M 9s
[10.706s]    600K .......... .......... .......... .......... .......... 15%  244K 10s
[10.721s]    650K .......... .......... .......... .......... .......... 17% 3.33M 9s
[10.776s]    700K .......... .......... .......... .......... .......... 18%  905K 8s
[10.816s]    750K .......... .......... .......... .......... .......... 19% 1.56M 8s
[10.852s]    800K .......... .......... .......... .......... .......... 20% 1.07M 7s
[10.876s]    850K .......... .......... .......... .......... .......... 21% 2.00M 7s
[10.904s]    900K .......... .......... .......... .......... .......... 23% 1.83M 7s
[10.969s]    950K .......... .......... .......... .......... .......... 24%  769K 6s
[11.016s]   1000K .......... .......... .......... .......... .......... 25% 1.03M 6s
[11.045s]   1050K .......... .......... .......... .......... .......... 26% 1.68M 6s
[11.070s]   1100K .......... .......... .......... .......... .......... 28% 1.97M 6s
[11.114s]   1150K .......... .......... .......... .......... .......... 29% 1.63M 5s
[11.177s]   1200K .......... .......... .......... .......... .......... 30%  652K 5s
[11.209s]   1250K .......... .......... .......... .......... .......... 31% 1.50M 5s
[11.245s]   1300K .......... .......... .......... .......... .......... 32% 1.34M 5s
[11.263s]   1350K .......... .......... .......... .......... .......... 34% 2.78M 5s
[11.294s]   1400K .......... .......... .......... .......... .......... 35% 1.60M 4s
[11.334s]   1450K .......... .......... .......... .......... .......... 36% 1.19M 4s
[11.358s]   1500K .......... .......... .......... .......... .......... 37% 1.99M 4s
[11.411s]   1550K .......... .......... .......... .......... .......... 39% 1.16M 4s
[11.446s]   1600K .......... .......... .......... .......... .......... 40% 1.08M 4s
[11.589s]   1650K .......... .......... .......... .......... .......... 41%  348K 4s
[11.594s]   1700K .......... .......... .......... .......... .......... 42% 9.35M 4s
[11.642s]   1750K .......... .......... .......... .......... .......... 43% 1.03M 3s
[11.649s]   1800K .......... .......... .......... .......... .......... 45% 7.62M 3s
[11.655s]   1850K .......... .......... .......... .......... .......... 46% 7.97M 3s
[11.661s]   1900K .......... .......... .......... .......... .......... 47% 7.64M 3s
[11.666s]   1950K .......... .......... .......... .......... .......... 48% 9.78M 3s
[11.685s]   2000K .......... .......... .......... .......... .......... 50% 2.63M 3s
[11.713s]   2050K .......... .......... .......... .......... .......... 51% 1.67M 3s
[11.742s]   2100K .......... .......... .......... .......... .......... 52% 1.73M 3s
[11.818s]   2150K .......... .......... .......... .......... .......... 53%  664K 3s
[11.842s]   2200K .......... .......... .......... .......... .......... 54% 2.04M 2s
[11.872s]   2250K .......... .......... .......... .......... .......... 56% 1.58M 2s
[11.903s]   2300K .......... .......... .......... .......... .......... 57% 1.60M 2s
[11.933s]   2350K .......... .......... .......... .......... .......... 58% 2.58M 2s
[11.954s]   2400K .......... .......... .......... .......... .......... 59% 1.50M 2s
[11.979s]   2450K .......... .......... .......... .......... .......... 61% 2.03M 2s
[12.009s]   2500K .......... .......... .......... .......... .......... 62% 1.58M 2s
[12.040s]   2550K .......... .......... .......... .......... .......... 63% 1.61M 2s
[12.070s]   2600K .......... .......... .......... .......... .......... 64% 1.64M 2s
[12.105s]   2650K .......... .......... .......... .......... .......... 65% 1.39M 2s
[12.124s]   2700K .......... .......... .......... .......... .......... 67% 2.58M 2s
[12.162s]   2750K .......... .......... .......... .......... .......... 68% 1.94M 2s
[12.189s]   2800K .......... .......... .......... .......... .......... 69% 1.22M 1s
[12.213s]   2850K .......... .......... .......... .......... .......... 70% 2.08M 1s
[12.230s]   2900K .......... .......... .......... .......... .......... 72% 2.66M 1s
[12.267s]   2950K .......... .......... .......... .......... .......... 73% 1.37M 1s
[12.293s]   3000K .......... .......... .......... .......... .......... 74% 1.89M 1s
[12.314s]   3050K .......... .......... .......... .......... .......... 75% 2.19M 1s
[12.346s]   3100K .......... .......... .......... .......... .......... 76% 1.56M 1s
[12.375s]   3150K .......... .......... .......... .......... .......... 78% 2.85M 1s
[12.401s]   3200K .......... .......... .......... .......... .......... 79% 1.30M 1s
[12.428s]   3250K .......... .......... .......... .......... .......... 80% 1.75M 1s
[12.454s]   3300K .......... .......... .......... .......... .......... 81% 1.93M 1s
[12.472s]   3350K .......... .......... .......... .......... .......... 83% 2.64M 1s
[12.502s]   3400K .......... .......... .......... .......... .......... 84% 1.62M 1s
[12.525s]   3450K .......... .......... .......... .......... .......... 85% 2.13M 1s
[12.556s]   3500K .......... .......... .......... .......... .......... 86% 1.54M 1s
[12.586s]   3550K .......... .......... .......... .......... .......... 87% 2.03M 1s
[12.610s]   3600K .......... .......... .......... .......... .......... 89% 1.65M 0s
[12.647s]   3650K .......... .......... .......... .......... .......... 90% 1.32M 0s
[12.672s]   3700K .......... .......... .......... .......... .......... 91% 2.06M 0s
[12.701s]   3750K .......... .......... .......... .......... .......... 92% 1.62M 0s
[12.720s]   3800K .......... .......... .......... .......... .......... 93% 2.57M 0s
[12.753s]   3850K .......... .......... .......... .......... .......... 95% 1.43M 0s
[12.785s]   3900K .......... .......... .......... .......... .......... 96% 1.59M 0s
[12.814s]   3950K .......... .......... .......... .......... .......... 97% 2.01M 0s
[12.851s]   4000K .......... .......... .......... .......... .......... 98% 1.18M 0s
[12.864s]   4050K .......... .......... .......... .......... ......    100% 3.48M=4.0s
[12.864s] 
[12.865s] 2024-09-30 22:41:27 (1.01 MB/s) - 已保存 ‘/home/zerohzzzz/Documents/RobotNav2/build/multirobot_map_merge/map05.pgm’ [4194362/4194362])
[12.866s] 
[12.871s] Checking MD5 sum of /home/zerohzzzz/Documents/RobotNav2/build/multirobot_map_merge/map05.pgm
[12.901s] /home/zerohzzzz/Documents/RobotNav2/build/multirobot_map_merge/map05.pgm: 成功
[12.916s] --2024-09-30 22:41:27--  https://raw.githubusercontent.com/hrnr/m-explore-extra/master/map_merge/gmapping_maps/2011-08-09-12-22-52.pgm
[12.921s] 正在解析主机 raw.githubusercontent.com (raw.githubusercontent.com)... 198.18.0.48
[12.921s] 正在连接 raw.githubusercontent.com (raw.githubusercontent.com)|198.18.0.48|:443... 已连接。
[76.058s] 已发出 HTTP 请求，正在等待回应... 200 OK
[76.058s] 长度： 16000058 (15M) [application/octet-stream]
[76.059s] 正在保存至: ‘/home/zerohzzzz/Documents/RobotNav2/build/multirobot_map_merge/2011-08-09-12-22-52.pgm’
[76.268s] 
[76.471s]      0K .......... .......... .......... .......... ..........  0%  121K 2m8s
[76.877s]     50K .......... .......... .......... .......... ..........  0%  123K 2m7s
[77.083s]    100K .......... .......... .......... .......... ..........  0%  243K 1m46s
[77.088s]    150K .......... .......... .......... .......... ..........  1% 8.66M 79s
[77.290s]    200K .......... .......... .......... .......... ..........  1%  248K 76s
[77.493s]    250K .......... .......... .......... .......... ..........  1%  246K 73s
[77.498s]    300K .......... .......... .......... .......... ..........  2% 10.2M 63s
[77.719s]    350K .......... .......... .......... .......... ..........  2%  227K 63s
[77.846s]    400K .......... .......... .......... .......... ..........  2%  396K 60s
[77.958s]    450K .......... .......... .......... .......... ..........  3%  441K 57s
[78.054s]    500K .......... .......... .......... .......... ..........  3%  522K 55s
[78.126s]    550K .......... .......... .......... .......... ..........  3%  690K 52s
[78.236s]    600K .......... .......... .......... .......... ..........  4%  458K 50s
[78.295s]    650K .......... .......... .......... .......... ..........  4%  844K 48s
[78.394s]    700K .......... .......... .......... .......... ..........  4%  502K 46s
[78.481s]    750K .......... .......... .......... .......... ..........  5%  576K 45s
[78.558s]    800K .......... .......... .......... .......... ..........  5%  653K 43s
[78.616s]    850K .......... .......... .......... .......... ..........  5%  867K 42s
[78.693s]    900K .......... .......... .......... .......... ..........  6%  649K 41s
[78.755s]    950K .......... .......... .......... .......... ..........  6%  800K 39s
[78.846s]   1000K .......... .......... .......... .......... ..........  6%  550K 39s
[78.921s]   1050K .......... .......... .......... .......... ..........  7%  674K 38s
[78.980s]   1100K .......... .......... .......... .......... ..........  7%  833K 37s
[79.048s]   1150K .......... .......... .......... .......... ..........  7%  732K 36s
[79.098s]   1200K .......... .......... .......... .......... ..........  7% 1004K 35s
[79.165s]   1250K .......... .......... .......... .......... ..........  8%  750K 34s
[79.245s]   1300K .......... .......... .......... .......... ..........  8%  900K 33s
[79.286s]   1350K .......... .......... .......... .......... ..........  8%  757K 33s
[79.342s]   1400K .......... .......... .......... .......... ..........  9%  910K 32s
[79.396s]   1450K .......... .......... .......... .......... ..........  9%  910K 31s
[79.451s]   1500K .......... .......... .......... .......... ..........  9%  918K 31s
[79.621s]   1550K .......... .......... .......... .......... .......... 10%  295K 31s
[79.627s]   1600K .......... .......... .......... .......... .......... 10% 7.05M 30s
[79.633s]   1650K .......... .......... .......... .......... .......... 10% 9.43M 29s
[79.704s]   1700K .......... .......... .......... .......... .......... 11%  696K 29s
[79.742s]   1750K .......... .......... .......... .......... .......... 11% 1.34M 28s
[79.788s]   1800K .......... .......... .......... .......... .......... 11% 1.03M 28s
[79.837s]   1850K .......... .......... .......... .......... .......... 12% 1.00M 27s
[79.884s]   1900K .......... .......... .......... .......... .......... 12% 1.02M 27s
[79.939s]   1950K .......... .......... .......... .......... .......... 12%  920K 26s
[79.981s]   2000K .......... .......... .......... .......... .......... 13% 1.16M 26s
[80.039s]   2050K .......... .......... .......... .......... .......... 13% 1.07M 26s
[80.080s]   2100K .......... .......... .......... .......... .......... 13% 1.00M 25s
[80.117s]   2150K .......... .......... .......... .......... .......... 14% 1.18M 25s
[80.165s]   2200K .......... .......... .......... .......... .......... 14% 1.01M 24s
[80.214s]   2250K .......... .......... .......... .......... .......... 14% 1012K 24s
[80.251s]   2300K .......... .......... .......... .......... .......... 15% 1.34M 24s
[80.304s]   2350K .......... .......... .......... .......... .......... 15%  932K 23s
[80.348s]   2400K .......... .......... .......... .......... .......... 15% 1.15M 23s
[80.465s]   2450K .......... .......... .......... .......... .......... 15%  425K 23s
[80.469s]   2500K .......... .......... .......... .......... .......... 16% 11.1M 23s
[80.474s]   2550K .......... .......... .......... .......... .......... 16% 10.2M 22s
[80.507s]   2600K .......... .......... .......... .......... .......... 16% 1.45M 22s
[80.542s]   2650K .......... .......... .......... .......... .......... 17% 1.40M 21s
[80.584s]   2700K .......... .......... .......... .......... .......... 17% 1.17M 21s
[80.631s]   2750K .......... .......... .......... .......... .......... 17% 1.05M 21s
[80.666s]   2800K .......... .......... .......... .......... .......... 18% 1.38M 21s
[80.702s]   2850K .......... .......... .......... .......... .......... 18% 1.35M 20s
[80.745s]   2900K .......... .......... .......... .......... .......... 18% 1.14M 20s
[80.775s]   2950K .......... .......... .......... .......... .......... 19% 1.63M 20s
[80.819s]   3000K .......... .......... .......... .......... .......... 19% 1.31M 20s
[80.859s]   3050K .......... .......... .......... .......... .......... 19% 1.08M 19s
[80.892s]   3100K .......... .......... .......... .......... .......... 20% 1.42M 19s
[80.923s]   3150K .......... .......... .......... .......... .......... 20% 1.59M 19s
[80.952s]   3200K .......... .......... .......... .......... .......... 20% 1.68M 19s
[80.995s]   3250K .......... .......... .......... .......... .......... 21% 1.15M 18s
[81.027s]   3300K .......... .......... .......... .......... .......... 21% 1.51M 18s
[81.062s]   3350K .......... .......... .......... .......... .......... 21% 1.37M 18s
[81.099s]   3400K .......... .......... .......... .......... .......... 22% 1.36M 18s
[81.135s]   3450K .......... .......... .......... .......... .......... 22% 1.36M 18s
[81.159s]   3500K .......... .......... .......... .......... .......... 22% 1.98M 17s
[81.268s]   3550K .......... .......... .......... .......... .......... 23%  463K 17s
[81.275s]   3600K .......... .......... .......... .......... .......... 23% 6.75M 17s
[81.281s]   3650K .......... .......... .......... .......... .......... 23% 7.21M 17s
[81.305s]   3700K .......... .......... .......... .......... .......... 23% 1.97M 17s
[81.343s]   3750K .......... .......... .......... .......... .......... 24% 1.32M 16s
[81.372s]   3800K .......... .......... .......... .......... .......... 24% 1.67M 16s
[81.406s]   3850K .......... .......... .......... .......... .......... 24% 1.42M 16s
[81.437s]   3900K .......... .......... .......... .......... .......... 25% 1.60M 16s
[81.472s]   3950K .......... .......... .......... .......... .......... 25% 1.37M 16s
[81.532s]   4000K .......... .......... .......... .......... .......... 25%  837K 16s
[81.592s]   4050K .......... .......... .......... .......... .......... 26%  832K 16s
[81.640s]   4100K .......... .......... .......... .......... .......... 26% 1.04M 15s
[81.870s]   4150K .......... .......... .......... .......... .......... 26%  218K 16s
[82.030s]   4200K .......... .......... .......... .......... .......... 27%  310K 16s
[82.035s]   4250K .......... .......... .......... .......... .......... 27% 10.5M 16s
[82.039s]   4300K .......... .......... .......... .......... .......... 27% 11.6M 16s
[82.045s]   4350K .......... .......... .......... .......... .......... 28% 9.97M 15s
[82.049s]   4400K .......... .......... .......... .......... .......... 28% 9.29M 15s
[82.076s]   4450K .......... .......... .......... .......... .......... 28% 1.86M 15s
[82.110s]   4500K .......... .......... .......... .......... .......... 29% 1.42M 15s
[82.134s]   4550K .......... .......... .......... .......... .......... 29% 2.00M 15s
[82.172s]   4600K .......... .......... .......... .......... .......... 29% 1.31M 14s
[82.212s]   4650K .......... .......... .......... .......... .......... 30% 1.21M 14s
[82.255s]   4700K .......... .......... .......... .......... .......... 30% 1.14M 14s
[82.304s]   4750K .......... .......... .......... .......... .......... 30% 1010K 14s
[82.442s]   4800K .......... .......... .......... .......... .......... 31%  364K 14s
[82.502s]   4850K .......... .......... .......... .......... .......... 31%  830K 14s
[82.538s]   4900K .......... .......... .......... .......... .......... 31% 1.35M 14s
[82.563s]   4950K .......... .......... .......... .......... .......... 31% 2.03M 14s
[82.639s]   5000K .......... .......... .......... .......... .......... 32%  649K 14s
[82.953s]   5050K .......... .......... .......... .......... .......... 32%  160K 14s
[82.964s]   5100K .......... .......... .......... .......... .......... 32% 4.01M 14s
[82.969s]   5150K .......... .......... .......... .......... .......... 33% 11.1M 14s
[82.974s]   5200K .......... .......... .......... .......... .......... 33% 10.6M 14s
[82.978s]   5250K .......... .......... .......... .......... .......... 33% 11.8M 13s
[82.981s]   5300K .......... .......... .......... .......... .......... 34% 12.8M 13s
[83.002s]   5350K .......... .......... .......... .......... .......... 34% 2.32M 13s
[83.167s]   5400K .......... .......... .......... .......... .......... 34%  305K 13s
[83.188s]   5450K .......... .......... .......... .......... .......... 35% 2.32M 13s
[83.194s]   5500K .......... .......... .......... .......... .......... 35% 7.89M 13s
[83.197s]   5550K .......... .......... .......... .......... .......... 35% 13.2M 13s
[83.200s]   5600K .......... .......... .......... .......... .......... 36% 16.8M 13s
[83.202s]   5650K .......... .......... .......... .......... .......... 36% 18.4M 12s
[83.214s]   5700K .......... .......... .......... .......... .......... 36% 4.16M 12s
[83.240s]   5750K .......... .......... .......... .......... .......... 37% 1.95M 12s
[83.267s]   5800K .......... .......... .......... .......... .......... 37% 1.79M 12s
[83.295s]   5850K .......... .......... .......... .......... .......... 37% 1.71M 12s
[83.326s]   5900K .......... .......... .......... .......... .......... 38% 1.58M 12s
[83.369s]   5950K .......... .......... .......... .......... .......... 38% 1.16M 12s
[83.388s]   6000K .......... .......... .......... .......... .......... 38% 2.52M 12s
[83.417s]   6050K .......... .......... .......... .......... .......... 39% 1.68M 11s
[83.453s]   6100K .......... .......... .......... .......... .......... 39% 1.33M 11s
[83.477s]   6150K .......... .......... .......... .......... .......... 39% 2.10M 11s
[83.507s]   6200K .......... .......... .......... .......... .......... 39% 1.61M 11s
[83.532s]   6250K .......... .......... .......... .......... .......... 40% 2.05M 11s
[83.554s]   6300K .......... .......... .......... .......... .......... 40% 2.06M 11s
[83.579s]   6350K .......... .......... .......... .......... .......... 40% 1.96M 11s
[83.608s]   6400K .......... .......... .......... .......... .......... 41% 1.67M 11s
[83.635s]   6450K .......... .......... .......... .......... .......... 41% 1.94M 11s
[83.670s]   6500K .......... .......... .......... .......... .......... 41% 1.40M 11s
[83.692s]   6550K .......... .......... .......... .......... .......... 42% 2.04M 10s
[83.716s]   6600K .......... .......... .......... .......... .......... 42% 2.07M 10s
[83.747s]   6650K .......... .......... .......... .......... .......... 42% 1.59M 10s
[83.776s]   6700K .......... .......... .......... .......... .......... 43% 1.65M 10s
[83.801s]   6750K .......... .......... .......... .......... .......... 43% 2.02M 10s
[83.823s]   6800K .......... .......... .......... .......... .......... 43% 2.18M 10s
[83.920s]   6850K .......... .......... .......... .......... .......... 44%  515K 10s
[83.941s]   6900K .......... .......... .......... .......... .......... 44% 2.50M 10s
[83.947s]   6950K .......... .......... .......... .......... .......... 44% 6.55M 10s
[83.952s]   7000K .......... .......... .......... .......... .......... 45% 9.86M 10s
[83.966s]   7050K .......... .......... .......... .......... .......... 45% 3.35M 9s
[83.999s]   7100K .......... .......... .......... .......... .......... 45% 1.53M 9s
[84.027s]   7150K .......... .......... .......... .......... .......... 46% 1.76M 9s
[84.059s]   7200K .......... .......... .......... .......... .......... 46% 1.50M 9s
[84.083s]   7250K .......... .......... .......... .......... .......... 46% 2.04M 9s
[84.119s]   7300K .......... .......... .......... .......... .......... 47% 1.33M 9s
[84.144s]   7350K .......... .......... .......... .......... .......... 47% 2.04M 9s
[84.172s]   7400K .......... .......... .......... .......... .......... 47% 1.74M 9s
[84.200s]   7450K .......... .......... .......... .......... .......... 47% 2.09M 9s
[84.302s]   7500K .......... .......... .......... .......... .......... 48%  469K 9s
[84.307s]   7550K .......... .......... .......... .......... .......... 48% 9.79M 9s
[84.311s]   7600K .......... .......... .......... .......... .......... 48% 10.3M 9s
[84.315s]   7650K .......... .......... .......... .......... .......... 49% 11.9M 8s
[84.336s]   7700K .......... .......... .......... .......... .......... 49% 2.32M 8s
[84.366s]   7750K .......... .......... .......... .......... .......... 49% 1.61M 8s
[84.409s]   7800K .......... .......... .......... .......... .......... 50% 1.16M 8s
[84.439s]   7850K .......... .......... .......... .......... .......... 50% 1.61M 8s
[84.462s]   7900K .......... .......... .......... .......... .......... 50% 2.09M 8s
[84.487s]   7950K .......... .......... .......... .......... .......... 51% 1.99M 8s
[84.511s]   8000K .......... .......... .......... .......... .......... 51% 2.01M 8s
[84.536s]   8050K .......... .......... .......... .......... .......... 51% 1.99M 8s
[84.564s]   8100K .......... .......... .......... .......... .......... 52% 1.70M 8s
[84.601s]   8150K .......... .......... .......... .......... .......... 52% 1.35M 8s
[84.625s]   8200K .......... .......... .......... .......... .......... 52% 2.01M 8s
[84.657s]   8250K .......... .......... .......... .......... .......... 53% 1.52M 8s
[84.675s]   8300K .......... .......... .......... .......... .......... 53% 2.71M 8s
[84.706s]   8350K .......... .......... .......... .......... .......... 53% 1.64M 7s
[84.741s]   8400K .......... .......... .......... .......... .......... 54% 1.64M 7s
[84.770s]   8450K .......... .......... .......... .......... .......... 54% 1.38M 7s
[84.794s]   8500K .......... .......... .......... .......... .......... 54% 2.02M 7s
[84.819s]   8550K .......... .......... .......... .......... .......... 55% 2.00M 7s
[84.848s]   8600K .......... .......... .......... .......... .......... 55% 1.69M 7s
[84.877s]   8650K .......... .......... .......... .......... .......... 55% 1.70M 7s
[84.906s]   8700K .......... .......... .......... .......... .......... 55% 1.63M 7s
[84.938s]   8750K .......... .......... .......... .......... .......... 56% 1.56M 7s
[84.978s]   8800K .......... .......... .......... .......... .......... 56% 1.70M 7s
[85.008s]   8850K .......... .......... .......... .......... .......... 56% 1.17M 7s
[85.031s]   8900K .......... .......... .......... .......... .......... 57% 2.20M 7s
[85.066s]   8950K .......... .......... .......... .......... .......... 57% 1.35M 7s
[85.097s]   9000K .......... .......... .......... .......... .......... 57% 1.59M 7s
[85.133s]   9050K .......... .......... .......... .......... .......... 58% 1.37M 7s
[85.172s]   9100K .......... .......... .......... .......... .......... 58% 1.27M 6s
[85.201s]   9150K .......... .......... .......... .......... .......... 58% 1.66M 6s
[85.236s]   9200K .......... .......... .......... .......... .......... 59% 1.37M 6s
[85.267s]   9250K .......... .......... .......... .......... .......... 59% 1.59M 6s
[85.298s]   9300K .......... .......... .......... .......... .......... 59% 1.59M 6s
[85.340s]   9350K .......... .......... .......... .......... .......... 60% 1.16M 6s
[85.368s]   9400K .......... .......... .......... .......... .......... 60% 1.68M 6s
[85.399s]   9450K .......... .......... .......... .......... .......... 60% 1.61M 6s
[85.422s]   9500K .......... .......... .......... .......... .......... 61% 2.06M 6s
[85.444s]   9550K .......... .......... .......... .......... .......... 61% 2.28M 6s
[85.480s]   9600K .......... .......... .......... .......... .......... 61% 1.37M 6s
[85.504s]   9650K .......... .......... .......... .......... .......... 62% 1.99M 6s
[85.535s]   9700K .......... .......... .......... .......... .......... 62% 1.66M 6s
[85.553s]   9750K .......... .......... .......... .......... .......... 62% 2.47M 6s
[85.581s]   9800K .......... .......... .......... .......... .......... 63% 1.80M 6s
[85.612s]   9850K .......... .......... .......... .......... .......... 63% 1.55M 6s
[85.646s]   9900K .......... .......... .......... .......... .......... 63% 1.49M 5s
[85.673s]   9950K .......... .......... .......... .......... .......... 63% 1.75M 5s
[85.704s]  10000K .......... .......... .......... .......... .......... 64% 1.56M 5s
[85.732s]  10050K .......... .......... .......... .......... .......... 64% 1.74M 5s
[85.757s]  10100K .......... .......... .......... .......... .......... 64% 2.01M 5s
[85.787s]  10150K .......... .......... .......... .......... .......... 65% 1.66M 5s
[85.814s]  10200K .......... .......... .......... .......... .......... 65% 1.73M 5s
[85.842s]  10250K .......... .......... .......... .......... .......... 65% 1.75M 5s
[85.873s]  10300K .......... .......... .......... .......... .......... 66% 1.58M 5s
[85.895s]  10350K .......... .......... .......... .......... .......... 66% 2.23M 5s
[85.918s]  10400K .......... .......... .......... .......... .......... 66% 2.12M 5s
[85.946s]  10450K .......... .......... .......... .......... .......... 67% 1.73M 5s
[85.969s]  10500K .......... .......... .......... .......... .......... 67% 2.11M 5s
[86.002s]  10550K .......... .......... .......... .......... .......... 67% 1.49M 5s
[86.165s]  10600K .......... .......... .......... .......... .......... 68%  307K 5s
[86.173s]  10650K .......... .......... .......... .......... .......... 68% 7.41M 5s
[86.177s]  10700K .......... .......... .......... .......... .......... 68% 8.44M 5s
[86.183s]  10750K .......... .......... .......... .......... .......... 69% 8.09M 5s
[86.190s]  10800K .......... .......... .......... .......... .......... 69% 7.74M 4s
[86.193s]  10850K .......... .......... .......... .......... .......... 69% 14.0M 4s
[86.195s]  10900K .......... .......... .......... .......... .......... 70% 18.0M 4s
[86.214s]  10950K .......... .......... .......... .......... .......... 70% 2.56M 4s
[86.246s]  11000K .......... .......... .......... .......... .......... 70% 1.54M 4s
[86.276s]  11050K .......... .......... .......... .......... .......... 71% 1.66M 4s
[86.306s]  11100K .......... .......... .......... .......... .......... 71% 1.65M 4s
[86.333s]  11150K .......... .......... .......... .......... .......... 71% 1.74M 4s
[86.359s]  11200K .......... .......... .......... .......... .......... 71% 1.99M 4s
[86.509s]  11250K .......... .......... .......... .......... .......... 72%  330K 4s
[86.516s]  11300K .......... .......... .......... .......... .......... 72% 7.38M 4s
[86.559s]  11350K .......... .......... .......... .......... .......... 72% 1.13M 4s
[86.563s]  11400K .......... .......... .......... .......... .......... 73% 11.8M 4s
[86.567s]  11450K .......... .......... .......... .......... .......... 73% 12.5M 4s
[86.570s]  11500K .......... .......... .......... .......... .......... 73% 12.9M 4s
[86.575s]  11550K .......... .......... .......... .......... .......... 74% 11.4M 4s
[86.579s]  11600K .......... .......... .......... .......... .......... 74% 11.1M 4s
[86.611s]  11650K .......... .......... .......... .......... .......... 74% 1.52M 4s
[86.638s]  11700K .......... .......... .......... .......... .......... 75% 1.88M 3s
[86.665s]  11750K .......... .......... .......... .......... .......... 75% 1.76M 3s
[86.699s]  11800K .......... .......... .......... .......... .......... 75% 1.42M 3s
[86.724s]  11850K .......... .......... .......... .......... .......... 76% 2.03M 3s
[86.755s]  11900K .......... .......... .......... .......... .......... 76% 1.59M 3s
[86.785s]  11950K .......... .......... .......... .......... .......... 76% 1.61M 3s
[86.804s]  12000K .......... .......... .......... .......... .......... 77% 2.69M 3s
[86.827s]  12050K .......... .......... .......... .......... .......... 77% 2.03M 3s
[86.853s]  12100K .......... .......... .......... .......... .......... 77% 1.88M 3s
[86.877s]  12150K .......... .......... .......... .......... .......... 78% 2.02M 3s
[86.913s]  12200K .......... .......... .......... .......... .......... 78% 1.38M 3s
[86.955s]  12250K .......... .......... .......... .......... .......... 78% 1.16M 3s
[86.979s]  12300K .......... .......... .......... .......... .......... 79% 2.00M 3s
[87.008s]  12350K .......... .......... .......... .......... .......... 79% 1.68M 3s
[87.040s]  12400K .......... .......... .......... .......... .......... 79% 1.58M 3s
[87.054s]  12450K .......... .......... .......... .......... .......... 79% 3.19M 3s
[87.091s]  12500K .......... .......... .......... .......... .......... 80% 1.57M 3s
[87.121s]  12550K .......... .......... .......... .......... .......... 80% 1.40M 3s
[87.145s]  12600K .......... .......... .......... .......... .......... 80% 2.01M 3s
[87.165s]  12650K .......... .......... .......... .......... .......... 81% 2.57M 3s
[87.193s]  12700K .......... .......... .......... .......... .......... 81% 1.61M 3s
[87.218s]  12750K .......... .......... .......... .......... .......... 81% 2.00M 2s
[87.249s]  12800K .......... .......... .......... .......... .......... 82% 1.59M 2s
[87.389s]  12850K .......... .......... .......... .......... .......... 82%  361K 2s
[87.394s]  12900K .......... .......... .......... .......... .......... 82% 8.16M 2s
[87.397s]  12950K .......... .......... .......... .......... .......... 83% 13.5M 2s
[87.464s]  13000K .......... .......... .......... .......... .......... 83%  738K 2s
[87.468s]  13050K .......... .......... .......... .......... .......... 83% 13.7M 2s
[87.472s]  13100K .......... .......... .......... .......... .......... 84% 16.6M 2s
[87.474s]  13150K .......... .......... .......... .......... .......... 84% 14.5M 2s
[87.476s]  13200K .......... .......... .......... .......... .......... 84% 24.1M 2s
[87.485s]  13250K .......... .......... .......... .......... .......... 85% 5.59M 2s
[87.509s]  13300K .......... .......... .......... .......... .......... 85% 2.06M 2s
[87.546s]  13350K .......... .......... .......... .......... .......... 85% 1.56M 2s
[87.576s]  13400K .......... .......... .......... .......... .......... 86% 1.37M 2s
[87.613s]  13450K .......... .......... .......... .......... .......... 86% 1.35M 2s
[87.638s]  13500K .......... .......... .......... .......... .......... 86% 1.93M 2s
[87.673s]  13550K .......... .......... .......... .......... .......... 87% 1.39M 2s
[87.698s]  13600K .......... .......... .......... .......... .......... 87% 1.96M 2s
[87.727s]  13650K .......... .......... .......... .......... .......... 87% 1.70M 2s
[87.757s]  13700K .......... .......... .......... .......... .......... 87% 1.61M 2s
[87.781s]  13750K .......... .......... .......... .......... .......... 88% 2.03M 2s
[87.805s]  13800K .......... .......... .......... .......... .......... 88% 2.01M 2s
[87.841s]  13850K .......... .......... .......... .......... .......... 88% 1.38M 1s
[87.859s]  13900K .......... .......... .......... .......... .......... 89% 2.64M 1s
[87.889s]  13950K .......... .......... .......... .......... .......... 89% 1.59M 1s
[87.919s]  14000K .......... .......... .......... .......... .......... 89% 1.65M 1s
[87.950s]  14050K .......... .......... .......... .......... .......... 90% 1.57M 1s
[87.979s]  14100K .......... .......... .......... .......... .......... 90% 1.72M 1s
[88.008s]  14150K .......... .......... .......... .......... .......... 90% 1.63M 1s
[88.054s]  14200K .......... .......... .......... .......... .......... 91% 1.07M 1s
[88.072s]  14250K .......... .......... .......... .......... .......... 91% 2.74M 1s
[88.098s]  14300K .......... .......... .......... .......... .......... 91% 1.92M 1s
[88.127s]  14350K .......... .......... .......... .......... .......... 92% 1.71M 1s
[88.156s]  14400K .......... .......... .......... .......... .......... 92% 1.62M 1s
[88.183s]  14450K .......... .......... .......... .......... .......... 92% 1.81M 1s
[88.212s]  14500K .......... .......... .......... .......... .......... 93% 1.69M 1s
[88.236s]  14550K .......... .......... .......... .......... .......... 93% 2.00M 1s
[88.275s]  14600K .......... .......... .......... .......... .......... 93% 1.29M 1s
[88.292s]  14650K .......... .......... .......... .......... .......... 94% 2.79M 1s
[88.317s]  14700K .......... .......... .......... .......... .......... 94% 1.95M 1s
[88.359s]  14750K .......... .......... .......... .......... .......... 94% 1.18M 1s
[88.384s]  14800K .......... .......... .......... .......... .......... 95% 1.99M 1s
[88.406s]  14850K .......... .......... .......... .......... .......... 95% 2.09M 1s
[88.426s]  14900K .......... .......... .......... .......... .......... 95% 2.43M 1s
[88.456s]  14950K .......... .......... .......... .......... .......... 95% 1.63M 1s
[88.475s]  15000K .......... .......... .......... .......... .......... 96% 2.56M 0s
[88.511s]  15050K .......... .......... .......... .......... .......... 96% 1.70M 0s
[88.534s]  15100K .......... .......... .......... .......... .......... 96% 1.62M 0s
[88.564s]  15150K .......... .......... .......... .......... .......... 97% 1.62M 0s
[88.588s]  15200K .......... .......... .......... .......... .......... 97% 2.03M 0s
[88.613s]  15250K .......... .......... .......... .......... .......... 97% 2.01M 0s
[88.655s]  15300K .......... .......... .......... .......... .......... 98% 1.82M 0s
[88.678s]  15350K .......... .......... .......... .......... .......... 98% 1.26M 0s
[88.698s]  15400K .......... .......... .......... .......... .......... 98% 2.58M 0s
[88.728s]  15450K .......... .......... .......... .......... .......... 99% 1.62M 0s
[89.027s]  15500K .......... .......... .......... .......... .......... 99%  167K 0s
[89.057s]  15550K .......... .......... .......... .......... .......... 99% 1.64M 0s
[89.058s]  15600K .......... .......... .....                           100% 16.4M=13s
[89.059s] 
[89.060s] 2024-09-30 22:42:43 (1.17 MB/s) - 已保存 ‘/home/zerohzzzz/Documents/RobotNav2/build/multirobot_map_merge/2011-08-09-12-22-52.pgm’ [16000058/16000058])
[89.060s] 
[89.063s] Checking MD5 sum of /home/zerohzzzz/Documents/RobotNav2/build/multirobot_map_merge/2011-08-09-12-22-52.pgm
[89.114s] /home/zerohzzzz/Documents/RobotNav2/build/multirobot_map_merge/2011-08-09-12-22-52.pgm: 成功
[89.124s] --2024-09-30 22:42:43--  https://raw.githubusercontent.com/hrnr/m-explore-extra/master/map_merge/gmapping_maps/2012-01-28-11-12-01.pgm
[89.131s] 正在解析主机 raw.githubusercontent.com (raw.githubusercontent.com)... 198.18.0.48
[89.131s] 正在连接 raw.githubusercontent.com (raw.githubusercontent.com)|198.18.0.48|:443... 已连接。
[153.576s] 已发出 HTTP 请求，正在等待回应... 200 OK
[153.576s] 长度： 16000058 (15M) [application/octet-stream]
[153.577s] 正在保存至: ‘/home/zerohzzzz/Documents/RobotNav2/build/multirobot_map_merge/2012-01-28-11-12-01.pgm’
[153.781s] 
[153.990s]      0K .......... .......... .......... .......... ..........  0%  121K 2m9s
[154.401s]     50K .......... .......... .......... .......... ..........  0%  121K 2m8s
[154.581s]    100K .......... .......... .......... .......... ..........  0%  278K 1m44s
[154.808s]    150K .......... .......... .......... .......... ..........  1%  220K 95s
[155.085s]    200K .......... .......... .......... .......... ..........  1%  180K 93s
[155.420s]    250K .......... .......... .......... .......... ..........  1%  149K 94s
[155.425s]    300K .......... .......... .......... .......... ..........  2% 9.68M 81s
[155.668s]    350K .......... .......... .......... .......... ..........  2%  240K 78s
[155.810s]    400K .......... .......... .......... .......... ..........  2%  284K 75s
[155.901s]    450K .......... .......... .......... .......... ..........  3%  552K 70s
[155.975s]    500K .......... .......... .......... .......... ..........  3%  670K 66s
[156.036s]    550K .......... .......... .......... .......... ..........  3%  825K 62s
[156.104s]    600K .......... .......... .......... .......... ..........  4%  731K 58s
[156.190s]    650K .......... .......... .......... .......... ..........  4%  585K 56s
[156.251s]    700K .......... .......... .......... .......... ..........  4%  809K 53s
[156.315s]    750K .......... .......... .......... .......... ..........  5%  791K 51s
[156.367s]    800K .......... .......... .......... .......... ..........  5%  943K 49s
[156.434s]    850K .......... .......... .......... .......... ..........  5%  755K 47s
[156.494s]    900K .......... .......... .......... .......... ..........  6%  832K 45s
[156.554s]    950K .......... .......... .......... .......... ..........  6%  834K 44s
[156.614s]   1000K .......... .......... .......... .......... ..........  6% 1.34M 42s
[156.656s]   1050K .......... .......... .......... .......... ..........  7%  760K 41s
[156.691s]   1100K .......... .......... .......... .......... ..........  7% 1.39M 39s
[156.742s]   1150K .......... .......... .......... .......... ..........  7% 1001K 38s
[156.782s]   1200K .......... .......... .......... .......... ..........  7% 1.22M 37s
[156.833s]   1250K .......... .......... .......... .......... ..........  8%  961K 36s
[156.870s]   1300K .......... .......... .......... .......... ..........  8% 1.32M 35s
[156.911s]   1350K .......... .......... .......... .......... ..........  8% 1.19M 34s
[156.959s]   1400K .......... .......... .......... .......... ..........  9% 1.62M 33s
[157.000s]   1450K .......... .......... .......... .......... ..........  9%  856K 32s
[157.029s]   1500K .......... .......... .......... .......... ..........  9% 1.66M 31s
[157.061s]   1550K .......... .......... .......... .......... .......... 10% 1.54M 31s
[157.102s]   1600K .......... .......... .......... .......... .......... 10% 1.18M 30s
[157.139s]   1650K .......... .......... .......... .......... .......... 10% 1.31M 29s
[157.181s]   1700K .......... .......... .......... .......... .......... 11% 1.16M 29s
[157.212s]   1750K .......... .......... .......... .......... .......... 11% 1.62M 28s
[157.242s]   1800K .......... .......... .......... .......... .......... 11% 1.63M 27s
[157.275s]   1850K .......... .......... .......... .......... .......... 12% 1.47M 27s
[157.301s]   1900K .......... .......... .......... .......... .......... 12% 1.86M 26s
[157.335s]   1950K .......... .......... .......... .......... .......... 12% 1.42M 26s
[157.366s]   2000K .......... .......... .......... .......... .......... 13% 1.61M 25s
[157.395s]   2050K .......... .......... .......... .......... .......... 13% 1.67M 25s
[157.428s]   2100K .......... .......... .......... .......... .......... 13% 1.49M 24s
[157.455s]   2150K .......... .......... .......... .......... .......... 14% 1.79M 24s
[157.498s]   2200K .......... .......... .......... .......... .......... 14% 1.13M 23s
[157.515s]   2250K .......... .......... .......... .......... .......... 14% 2.76M 23s
[157.540s]   2300K .......... .......... .......... .......... .......... 15% 2.03M 22s
[157.578s]   2350K .......... .......... .......... .......... .......... 15% 1.89M 22s
[157.610s]   2400K .......... .......... .......... .......... .......... 15% 1.12M 22s
[157.635s]   2450K .......... .......... .......... .......... .......... 15% 1.85M 21s
[157.662s]   2500K .......... .......... .......... .......... .......... 16% 1.88M 21s
[157.688s]   2550K .......... .......... .......... .......... .......... 16% 1.86M 21s
[157.712s]   2600K .......... .......... .......... .......... .......... 16% 1.99M 20s
[157.737s]   2650K .......... .......... .......... .......... .......... 17% 1.90M 20s
[157.769s]   2700K .......... .......... .......... .......... .......... 17% 1.54M 20s
[157.795s]   2750K .......... .......... .......... .......... .......... 17% 1.89M 19s
[157.826s]   2800K .......... .......... .......... .......... .......... 18% 1.60M 19s
[157.855s]   2850K .......... .......... .......... .......... .......... 18% 1.65M 19s
[157.875s]   2900K .......... .......... .......... .......... .......... 18% 2.47M 18s
[157.905s]   2950K .......... .......... .......... .......... .......... 19% 1.60M 18s
[157.940s]   3000K .......... .......... .......... .......... .......... 19% 1.40M 18s
[157.971s]   3050K .......... .......... .......... .......... .......... 19% 1.62M 18s
[157.996s]   3100K .......... .......... .......... .......... .......... 20% 1.90M 18s
[158.027s]   3150K .......... .......... .......... .......... .......... 20% 1.58M 17s
[158.058s]   3200K .......... .......... .......... .......... .......... 20% 1.60M 17s
[158.093s]   3250K .......... .......... .......... .......... .......... 21% 1.38M 17s
[158.123s]   3300K .......... .......... .......... .......... .......... 21% 2.85M 17s
[158.160s]   3350K .......... .......... .......... .......... .......... 21% 1.00M 16s
[158.187s]   3400K .......... .......... .......... .......... .......... 22% 1.73M 16s
[158.213s]   3450K .......... .......... .......... .......... .......... 22% 1.88M 16s
[158.240s]   3500K .......... .......... .......... .......... .......... 22% 1.85M 16s
[158.264s]   3550K .......... .......... .......... .......... .......... 23% 2.02M 16s
[158.299s]   3600K .......... .......... .......... .......... .......... 23% 1.37M 15s
[158.318s]   3650K .......... .......... .......... .......... .......... 23% 2.68M 15s
[158.348s]   3700K .......... .......... .......... .......... .......... 23% 2.01M 15s
[158.371s]   3750K .......... .......... .......... .......... .......... 24% 1.68M 15s
[158.408s]   3800K .......... .......... .......... .......... .......... 24% 1.35M 15s
[158.432s]   3850K .......... .......... .......... .......... .......... 24% 2.00M 15s
[158.455s]   3900K .......... .......... .......... .......... .......... 25% 2.05M 14s
[158.479s]   3950K .......... .......... .......... .......... .......... 25% 2.05M 14s
[158.515s]   4000K .......... .......... .......... .......... .......... 25% 1.36M 14s
[158.545s]   4050K .......... .......... .......... .......... .......... 26% 1.65M 14s
[158.569s]   4100K .......... .......... .......... .......... .......... 26% 2.02M 14s
[158.594s]   4150K .......... .......... .......... .......... .......... 26% 1.96M 14s
[158.627s]   4200K .......... .......... .......... .......... .......... 27% 1.47M 14s
[158.650s]   4250K .......... .......... .......... .......... .......... 27% 2.21M 13s
[158.680s]   4300K .......... .......... .......... .......... .......... 27% 1.59M 13s
[158.703s]   4350K .......... .......... .......... .......... .......... 28% 2.09M 13s
[158.741s]   4400K .......... .......... .......... .......... .......... 28% 1.32M 13s
[158.770s]   4450K .......... .......... .......... .......... .......... 28% 1.69M 13s
[158.792s]   4500K .......... .......... .......... .......... .......... 29% 2.07M 13s
[158.814s]   4550K .......... .......... .......... .......... .......... 29% 2.22M 13s
[158.840s]   4600K .......... .......... .......... .......... .......... 29% 1.95M 12s
[158.874s]   4650K .......... .......... .......... .......... .......... 30% 2.04M 12s
[158.900s]   4700K .......... .......... .......... .......... .......... 30% 1.34M 12s
[158.924s]   4750K .......... .......... .......... .......... .......... 30% 2.07M 12s
[158.953s]   4800K .......... .......... .......... .......... .......... 31% 1.66M 12s
[158.984s]   4850K .......... .......... .......... .......... .......... 31% 1.64M 12s
[159.011s]   4900K .......... .......... .......... .......... .......... 31% 1.81M 12s
[159.027s]   4950K .......... .......... .......... .......... .......... 31% 2.85M 12s
[159.063s]   5000K .......... .......... .......... .......... .......... 32% 1.37M 11s
[159.087s]   5050K .......... .......... .......... .......... .......... 32% 2.01M 11s
[159.117s]   5100K .......... .......... .......... .......... .......... 32% 1.62M 11s
[159.148s]   5150K .......... .......... .......... .......... .......... 33% 1.57M 11s
[159.166s]   5200K .......... .......... .......... .......... .......... 33% 2.86M 11s
[159.189s]   5250K .......... .......... .......... .......... .......... 33% 2.06M 11s
[159.226s]   5300K .......... .......... .......... .......... .......... 34% 1.33M 11s
[159.258s]   5350K .......... .......... .......... .......... .......... 34% 1.57M 11s
[159.286s]   5400K .......... .......... .......... .......... .......... 34% 1.73M 11s
[159.310s]   5450K .......... .......... .......... .......... .......... 35% 2.02M 11s
[159.334s]   5500K .......... .......... .......... .......... .......... 35% 2.04M 10s
[159.352s]   5550K .......... .......... .......... .......... .......... 35% 2.55M 10s
[159.386s]   5600K .......... .......... .......... .......... .......... 36% 1.68M 10s
[159.413s]   5650K .......... .......... .......... .......... .......... 36% 1.58M 10s
[159.453s]   5700K .......... .......... .......... .......... .......... 36% 1.22M 10s
[159.465s]   5750K .......... .......... .......... .......... .......... 37% 3.93M 10s
[159.492s]   5800K .......... .......... .......... .......... .......... 37% 1.83M 10s
[159.517s]   5850K .......... .......... .......... .......... .......... 37% 1.92M 10s
[159.552s]   5900K .......... .......... .......... .......... .......... 38% 1.42M 10s
[159.569s]   5950K .......... .......... .......... .......... .......... 38% 2.77M 10s
[159.606s]   6000K .......... .......... .......... .......... .......... 38% 1.99M 10s
[159.636s]   6050K .......... .......... .......... .......... .......... 39% 1.17M 9s
[159.662s]   6100K .......... .......... .......... .......... .......... 39% 1.91M 9s
[159.690s]   6150K .......... .......... .......... .......... .......... 39% 1.72M 9s
[159.709s]   6200K .......... .......... .......... .......... .......... 39% 2.54M 9s
[159.737s]   6250K .......... .......... .......... .......... .......... 40% 1.70M 9s
[159.775s]   6300K .......... .......... .......... .......... .......... 40% 1.34M 9s
[159.798s]   6350K .......... .......... .......... .......... .......... 40% 2.03M 9s
[159.821s]   6400K .......... .......... .......... .......... .......... 41% 2.20M 9s
[159.852s]   6450K .......... .......... .......... .......... .......... 41% 1.58M 9s
[159.878s]   6500K .......... .......... .......... .......... .......... 41% 1.88M 9s
[159.906s]   6550K .......... .......... .......... .......... .......... 42% 1.68M 9s
[159.937s]   6600K .......... .......... .......... .......... .......... 42% 1.59M 9s
[159.965s]   6650K .......... .......... .......... .......... .......... 42% 1.70M 9s
[159.996s]   6700K .......... .......... .......... .......... .......... 43% 1.61M 8s
[160.021s]   6750K .......... .......... .......... .......... .......... 43% 1.97M 8s
[160.044s]   6800K .......... .......... .......... .......... .......... 43% 2.12M 8s
[160.068s]   6850K .......... .......... .......... .......... .......... 44% 1.99M 8s
[160.099s]   6900K .......... .......... .......... .......... .......... 44% 1.62M 8s
[160.128s]   6950K .......... .......... .......... .......... .......... 44% 2.13M 8s
[160.159s]   7000K .......... .......... .......... .......... .......... 45% 1.31M 8s
[160.181s]   7050K .......... .......... .......... .......... .......... 45% 2.17M 8s
[160.203s]   7100K .......... .......... .......... .......... .......... 45% 2.19M 8s
[160.239s]   7150K .......... .......... .......... .......... .......... 46% 1.36M 8s
[160.263s]   7200K .......... .......... .......... .......... .......... 46% 2.03M 8s
[160.288s]   7250K .......... .......... .......... .......... .......... 46% 1.96M 8s
[160.319s]   7300K .......... .......... .......... .......... .......... 47% 1.60M 8s
[160.348s]   7350K .......... .......... .......... .......... .......... 47% 1.68M 8s
[160.374s]   7400K .......... .......... .......... .......... .......... 47% 1.88M 7s
[160.395s]   7450K .......... .......... .......... .......... .......... 47% 2.32M 7s
[160.428s]   7500K .......... .......... .......... .......... .......... 48% 1.49M 7s
[160.457s]   7550K .......... .......... .......... .......... .......... 48% 1.64M 7s
[160.481s]   7600K .......... .......... .......... .......... .......... 48% 2.07M 7s
[160.518s]   7650K .......... .......... .......... .......... .......... 49% 1.33M 7s
[160.548s]   7700K .......... .......... .......... .......... .......... 49% 1.64M 7s
[160.571s]   7750K .......... .......... .......... .......... .......... 49% 2.06M 7s
[160.596s]   7800K .......... .......... .......... .......... .......... 50% 1.97M 7s
[160.617s]   7850K .......... .......... .......... .......... .......... 50% 2.37M 7s
[160.659s]   7900K .......... .......... .......... .......... .......... 50% 1.57M 7s
[160.688s]   7950K .......... .......... .......... .......... .......... 51% 1.21M 7s
[160.712s]   8000K .......... .......... .......... .......... .......... 51% 2.05M 7s
[160.743s]   8050K .......... .......... .......... .......... .......... 51% 1.59M 7s
[160.766s]   8100K .......... .......... .......... .......... .......... 52% 2.10M 7s
[160.789s]   8150K .......... .......... .......... .......... .......... 52% 2.07M 7s
[160.822s]   8200K .......... .......... .......... .......... .......... 52% 1.50M 6s
[160.847s]   8250K .......... .......... .......... .......... .......... 53% 1.92M 6s
[160.887s]   8300K .......... .......... .......... .......... .......... 53% 1.43M 6s
[160.918s]   8350K .......... .......... .......... .......... .......... 53% 1.34M 6s
[160.947s]   8400K .......... .......... .......... .......... .......... 54% 1.68M 6s
[160.971s]   8450K .......... .......... .......... .......... .......... 54% 2.03M 6s
[161.005s]   8500K .......... .......... .......... .......... .......... 54% 1.43M 6s
[161.035s]   8550K .......... .......... .......... .......... .......... 55% 1.62M 6s
[161.066s]   8600K .......... .......... .......... .......... .......... 55% 1.62M 6s
[161.102s]   8650K .......... .......... .......... .......... .......... 55% 1.36M 6s
[161.134s]   8700K .......... .......... .......... .......... .......... 55% 1.50M 6s
[161.170s]   8750K .......... .......... .......... .......... .......... 56% 1.37M 6s
[161.200s]   8800K .......... .......... .......... .......... .......... 56% 1.64M 6s
[161.230s]   8850K .......... .......... .......... .......... .......... 56% 1.60M 6s
[161.267s]   8900K .......... .......... .......... .......... .......... 57% 1.34M 6s
[161.295s]   8950K .......... .......... .......... .......... .......... 57% 1.68M 6s
[161.339s]   9000K .......... .......... .......... .......... .......... 57% 1.16M 6s
[161.363s]   9050K .......... .......... .......... .......... .......... 58% 2.01M 6s
[161.386s]   9100K .......... .......... .......... .......... .......... 58% 2.02M 6s
[161.418s]   9150K .......... .......... .......... .......... .......... 58% 1.55M 5s
[161.447s]   9200K .......... .......... .......... .......... .......... 59% 1.64M 5s
[161.477s]   9250K .......... .......... .......... .......... .......... 59% 1.61M 5s
[161.514s]   9300K .......... .......... .......... .......... .......... 59% 1.65M 5s
[161.543s]   9350K .......... .......... .......... .......... .......... 60% 1.36M 5s
[161.568s]   9400K .......... .......... .......... .......... .......... 60% 2.01M 5s
[161.591s]   9450K .......... .......... .......... .......... .......... 60% 2.05M 5s
[161.618s]   9500K .......... .......... .......... .......... .......... 61% 1.85M 5s
[161.649s]   9550K .......... .......... .......... .......... .......... 61% 1.57M 5s
[161.678s]   9600K .......... .......... .......... .......... .......... 61% 1.70M 5s
[161.703s]   9650K .......... .......... .......... .......... .......... 62% 1.96M 5s
[161.726s]   9700K .......... .......... .......... .......... .......... 62% 2.08M 5s
[161.749s]   9750K .......... .......... .......... .......... .......... 62% 2.09M 5s
[161.787s]   9800K .......... .......... .......... .......... .......... 63% 1.28M 5s
[161.811s]   9850K .......... .......... .......... .......... .......... 63% 2.03M 5s
[161.843s]   9900K .......... .......... .......... .......... .......... 63% 1.54M 5s
[161.870s]   9950K .......... .......... .......... .......... .......... 63% 1.78M 5s
[161.900s]  10000K .......... .......... .......... .......... .......... 64% 1.63M 5s
[161.930s]  10050K .......... .......... .......... .......... .......... 64% 1.65M 5s
[161.953s]  10100K .......... .......... .......... .......... .......... 64% 2.08M 5s
[161.978s]  10150K .......... .......... .......... .......... .......... 65% 1.96M 4s
[162.008s]  10200K .......... .......... .......... .......... .......... 65% 1.63M 4s
[162.032s]  10250K .......... .......... .......... .......... .......... 65% 2.04M 4s
[162.074s]  10300K .......... .......... .......... .......... .......... 66% 1.18M 4s
[162.110s]  10350K .......... .......... .......... .......... .......... 66% 1.36M 4s
[162.135s]  10400K .......... .......... .......... .......... .......... 66% 2.02M 4s
[162.159s]  10450K .......... .......... .......... .......... .......... 67% 2.01M 4s
[162.182s]  10500K .......... .......... .......... .......... .......... 67% 2.02M 4s
[162.214s]  10550K .......... .......... .......... .......... .......... 67% 1.56M 4s
[162.245s]  10600K .......... .......... .......... .......... .......... 68% 1.56M 4s
[162.274s]  10650K .......... .......... .......... .......... .......... 68% 1.66M 4s
[162.309s]  10700K .......... .......... .......... .......... .......... 68% 1.39M 4s
[162.334s]  10750K .......... .......... .......... .......... .......... 69% 1.96M 4s
[162.358s]  10800K .......... .......... .......... .......... .......... 69% 2.08M 4s
[162.382s]  10850K .......... .......... .......... .......... .......... 69% 2.03M 4s
[162.414s]  10900K .......... .......... .......... .......... .......... 70% 1.48M 4s
[162.444s]  10950K .......... .......... .......... .......... .......... 70% 1.67M 4s
[162.468s]  11000K .......... .......... .......... .......... .......... 70% 2.01M 4s
[162.492s]  11050K .......... .......... .......... .......... .......... 71% 2.02M 4s
[162.528s]  11100K .......... .......... .......... .......... .......... 71% 1.35M 4s
[162.546s]  11150K .......... .......... .......... .......... .......... 71% 2.80M 4s
[162.581s]  11200K .......... .......... .......... .......... .......... 71% 1.66M 3s
[162.616s]  11250K .......... .......... .......... .......... .......... 72% 1.21M 3s
[162.642s]  11300K .......... .......... .......... .......... .......... 72% 1.91M 3s
[162.664s]  11350K .......... .......... .......... .......... .......... 72% 2.16M 3s
[162.683s]  11400K .......... .......... .......... .......... .......... 73% 2.56M 3s
[162.718s]  11450K .......... .......... .......... .......... .......... 73% 2.10M 3s
[162.742s]  11500K .......... .......... .......... .......... .......... 73% 1.36M 3s
[162.773s]  11550K .......... .......... .......... .......... .......... 74% 1.61M 3s
[162.796s]  11600K .......... .......... .......... .......... .......... 74% 2.05M 3s
[162.832s]  11650K .......... .......... .......... .......... .......... 74% 1.35M 3s
[162.871s]  11700K .......... .......... .......... .......... .......... 75% 1.26M 3s
[162.901s]  11750K .......... .......... .......... .......... .......... 75% 1.62M 3s
[162.926s]  11800K .......... .......... .......... .......... .......... 75% 1.99M 3s
[162.962s]  11850K .......... .......... .......... .......... .......... 76% 1.35M 3s
[162.980s]  11900K .......... .......... .......... .......... .......... 76% 2.58M 3s
[163.019s]  11950K .......... .......... .......... .......... .......... 76% 1.31M 3s
[163.053s]  12000K .......... .......... .......... .......... .......... 77% 1.41M 3s
[163.081s]  12050K .......... .......... .......... .......... .......... 77% 1.69M 3s
[163.111s]  12100K .......... .......... .......... .......... .......... 77% 1.64M 3s
[163.137s]  12150K .......... .......... .......... .......... .......... 78% 1.89M 3s
[163.166s]  12200K .......... .......... .......... .......... .......... 78% 1.68M 3s
[163.196s]  12250K .......... .......... .......... .......... .......... 78% 1.63M 3s
[163.222s]  12300K .......... .......... .......... .......... .......... 79% 1.90M 3s
[163.258s]  12350K .......... .......... .......... .......... .......... 79% 1.35M 3s
[163.275s]  12400K .......... .......... .......... .......... .......... 79% 2.81M 2s
[163.299s]  12450K .......... .......... .......... .......... .......... 79% 2.03M 2s
[163.329s]  12500K .......... .......... .......... .......... .......... 80% 1.63M 2s
[163.359s]  12550K .......... .......... .......... .......... .......... 80% 1.62M 2s
[163.379s]  12600K .......... .......... .......... .......... .......... 80% 2.43M 2s
[163.411s]  12650K .......... .......... .......... .......... .......... 81% 1.54M 2s
[163.439s]  12700K .......... .......... .......... .......... .......... 81% 1.74M 2s
[163.476s]  12750K .......... .......... .......... .......... .......... 81% 1.34M 2s
[163.506s]  12800K .......... .......... .......... .......... .......... 82% 1.63M 2s
[163.529s]  12850K .......... .......... .......... .......... .......... 82% 2.08M 2s
[163.566s]  12900K .......... .......... .......... .......... .......... 82% 1.34M 2s
[163.589s]  12950K .......... .......... .......... .......... .......... 83% 2.09M 2s
[163.618s]  13000K .......... .......... .......... .......... .......... 83% 1.72M 2s
[163.655s]  13050K .......... .......... .......... .......... .......... 83% 1.31M 2s
[163.683s]  13100K .......... .......... .......... .......... .......... 84% 1.70M 2s
[163.708s]  13150K .......... .......... .......... .......... .......... 84% 1.95M 2s
[163.732s]  13200K .......... .......... .......... .......... .......... 84% 2.07M 2s
[163.758s]  13250K .......... .......... .......... .......... .......... 85% 1.92M 2s
[163.798s]  13300K .......... .......... .......... .......... .......... 85% 1.21M 2s
[163.824s]  13350K .......... .......... .......... .......... .......... 85% 1.84M 2s
[163.852s]  13400K .......... .......... .......... .......... .......... 86% 1.76M 2s
[163.877s]  13450K .......... .......... .......... .......... .......... 86% 2.01M 2s
[163.900s]  13500K .......... .......... .......... .......... .......... 86% 2.06M 2s
[163.931s]  13550K .......... .......... .......... .......... .......... 87% 1.61M 2s
[163.972s]  13600K .......... .......... .......... .......... .......... 87% 1.18M 2s
[163.997s]  13650K .......... .......... .......... .......... .......... 87% 1.92M 1s
[164.032s]  13700K .......... .......... .......... .......... .......... 87% 1.40M 1s
[164.056s]  13750K .......... .......... .......... .......... .......... 88% 2.04M 1s
[164.086s]  13800K .......... .......... .......... .......... .......... 88% 1.64M 1s
[164.126s]  13850K .......... .......... .......... .......... .......... 88% 1.23M 1s
[164.153s]  13900K .......... .......... .......... .......... .......... 89% 1.75M 1s
[164.183s]  13950K .......... .......... .......... .......... .......... 89% 1.62M 1s
[164.214s]  14000K .......... .......... .......... .......... .......... 89% 1.62M 1s
[164.251s]  14050K .......... .......... .......... .......... .......... 90% 1.35M 1s
[164.275s]  14100K .......... .......... .......... .......... .......... 90% 2.01M 1s
[164.299s]  14150K .......... .......... .......... .......... .......... 90% 1.95M 1s
[164.322s]  14200K .......... .......... .......... .......... .......... 91% 2.11M 1s
[164.352s]  14250K .......... .......... .......... .......... .......... 91% 1.63M 1s
[164.376s]  14300K .......... .......... .......... .......... .......... 91% 2.02M 1s
[164.415s]  14350K .......... .......... .......... .......... .......... 92% 1.27M 1s
[164.438s]  14400K .......... .......... .......... .......... .......... 92% 2.14M 1s
[164.467s]  14450K .......... .......... .......... .......... .......... 92% 1.63M 1s
[164.492s]  14500K .......... .......... .......... .......... .......... 93% 1.97M 1s
[164.515s]  14550K .......... .......... .......... .......... .......... 93% 2.10M 1s
[164.558s]  14600K .......... .......... .......... .......... .......... 93% 1.16M 1s
[164.576s]  14650K .......... .......... .......... .......... .......... 94% 2.60M 1s
[164.606s]  14700K .......... .......... .......... .......... .......... 94% 1.67M 1s
[164.634s]  14750K .......... .......... .......... .......... .......... 94% 1.73M 1s
[164.658s]  14800K .......... .......... .......... .......... .......... 95% 1.98M 1s
[164.688s]  14850K .......... .......... .......... .......... .......... 95% 1.64M 1s
[164.713s]  14900K .......... .......... .......... .......... .......... 95% 1.99M 1s
[164.743s]  14950K .......... .......... .......... .......... .......... 95% 1.62M 0s
[164.767s]  15000K .......... .......... .......... .......... .......... 96% 2.13M 0s
[164.795s]  15050K .......... .......... .......... .......... .......... 96% 1.64M 0s
[164.817s]  15100K .......... .......... .......... .......... .......... 96% 2.27M 0s
[164.848s]  15150K .......... .......... .......... .......... .......... 97% 1.60M 0s
[164.876s]  15200K .......... .......... .......... .......... .......... 97% 1.71M 0s
[164.899s]  15250K .......... .......... .......... .......... .......... 97% 2.09M 0s
[164.925s]  15300K .......... .......... .......... .......... .......... 98% 1.93M 0s
[164.960s]  15350K .......... .......... .......... .......... .......... 98% 1.37M 0s
[164.992s]  15400K .......... .......... .......... .......... .......... 98% 1.57M 0s
[165.015s]  15450K .......... .......... .......... .......... .......... 99% 2.12M 0s
[165.043s]  15500K .......... .......... .......... .......... .......... 99% 1.72M 0s
[165.069s]  15550K .......... .......... .......... .......... .......... 99% 1.88M 0s
[165.074s]  15600K .......... .......... .....                           100% 5.80M=11s
[165.074s] 
[165.075s] 2024-09-30 22:43:59 (1.33 MB/s) - 已保存 ‘/home/zerohzzzz/Documents/RobotNav2/build/multirobot_map_merge/2012-01-28-11-12-01.pgm’ [16000058/16000058])
[165.075s] 
[165.079s] Checking MD5 sum of /home/zerohzzzz/Documents/RobotNav2/build/multirobot_map_merge/2012-01-28-11-12-01.pgm
[165.143s] /home/zerohzzzz/Documents/RobotNav2/build/multirobot_map_merge/2012-01-28-11-12-01.pgm: 成功
[165.155s] -- Found gtest sources under '/opt/ros/humble/src/gtest_vendor': C++ tests using 'Google Test' will be built
[165.190s] -- Added test 'cppcheck' to perform static code analysis on C / C++ code
[165.191s] -- Configured cppcheck include dirs: /home/zerohzzzz/Documents/RobotNav2/src/map_merge/include;$<BUILD_INTERFACE:/home/zerohzzzz/Documents/RobotNav2/src/map_merge/include>
[165.191s] -- Configured cppcheck exclude dirs and/or files: 
[165.192s] -- Added test 'flake8' to check Python code syntax and style conventions
[165.193s] -- Added test 'lint_cmake' to check CMake code style
[165.195s] -- Added test 'pep257' to check Python code against some of the docstring style conventions in PEP 257
[165.199s] -- Added test 'uncrustify' to check C / C++ code style
[165.199s] -- Configured uncrustify additional arguments: 
[165.200s] -- Added test 'xmllint' to check XML markup files
[165.205s] -- Configuring done
[165.406s] -- Generating done
[165.409s] -- Build files have been written to: /home/zerohzzzz/Documents/RobotNav2/build/multirobot_map_merge
[165.435s] Invoked command in '/home/zerohzzzz/Documents/RobotNav2/build/multirobot_map_merge' returned '0': CMAKE_PREFIX_PATH=/opt/ros/humble /usr/bin/cmake /home/zerohzzzz/Documents/RobotNav2/src/map_merge -DCMAKE_INSTALL_PREFIX=/home/zerohzzzz/Documents/RobotNav2/install/multirobot_map_merge
[165.438s] Invoking command in '/home/zerohzzzz/Documents/RobotNav2/build/multirobot_map_merge': CMAKE_PREFIX_PATH=/opt/ros/humble /usr/bin/cmake --build /home/zerohzzzz/Documents/RobotNav2/build/multirobot_map_merge -- -j8 -l8
[165.510s] [  8%] [32mBuilding CXX object gtest/CMakeFiles/gtest.dir/src/gtest-all.cc.o[0m
[165.510s] [ 25%] [32mBuilding CXX object CMakeFiles/combine_grids.dir/src/combine_grids/merging_pipeline.cpp.o[0m
[165.510s] [ 25%] [32mBuilding CXX object CMakeFiles/combine_grids.dir/src/combine_grids/grid_warper.cpp.o[0m
[165.515s] [ 41%] [32mBuilding CXX object CMakeFiles/combine_grids.dir/src/combine_grids/grid_compositor.cpp.o[0m
[165.515s] [ 41%] [32mBuilding CXX object gtest/CMakeFiles/gtest_main.dir/src/gtest_main.cc.o[0m
[167.969s] [ 50%] [32m[1mLinking CXX static library libgtest_main.a[0m
[168.027s] [ 50%] Built target gtest_main
[172.787s] [ 58%] [32m[1mLinking CXX static library libgtest.a[0m
[172.908s] [ 58%] Built target gtest
[173.855s] [ 66%] [32m[1mLinking CXX static library libcombine_grids.a[0m
[173.926s] [ 66%] Built target combine_grids
[173.964s] [ 83%] [32mBuilding CXX object CMakeFiles/map_merge.dir/src/map_merge.cpp.o[0m
[173.964s] [ 83%] [32mBuilding CXX object CMakeFiles/test_merging_pipeline.dir/test/test_merging_pipeline.cpp.o[0m
[174.362s] In file included from [01m[K/home/zerohzzzz/Documents/RobotNav2/src/map_merge/test/testing_helpers.h:7[m[K,
[174.363s]                  from [01m[K/home/zerohzzzz/Documents/RobotNav2/src/map_merge/test/test_merging_pipeline.cpp:42[m[K:
[174.363s] [01m[K/opt/ros/humble/include/tf2_geometry_msgs/tf2_geometry_msgs/tf2_geometry_msgs.h:35:2:[m[K [01;35m[Kwarning: [m[K#warning This header is obsolete, please include tf2_geometry_msgs/tf2_geometry_msgs.hpp instead [[01;35m[K]8;;https://gcc.gnu.org/onlinedocs/gcc/Warning-Options.html#index-Wcpp-Wcpp]8;;[m[K]
[174.363s]    35 | #[01;35m[Kwarning[m[K This header is obsolete, please include tf2_geometry_msgs/tf2_geometry_msgs.hpp instead
[174.363s]       |  [01;35m[K^~~~~~~[m[K
[176.225s] In file included from [01m[K/home/zerohzzzz/Documents/RobotNav2/src/map_merge/src/map_merge.cpp:44[m[K:
[176.226s] [01m[K/opt/ros/humble/include/tf2_geometry_msgs/tf2_geometry_msgs/tf2_geometry_msgs.h:35:2:[m[K [01;35m[Kwarning: [m[K#warning This header is obsolete, please include tf2_geometry_msgs/tf2_geometry_msgs.hpp instead [[01;35m[K]8;;https://gcc.gnu.org/onlinedocs/gcc/Warning-Options.html#index-Wcpp-Wcpp]8;;[m[K]
[176.226s]    35 | #[01;35m[Kwarning[m[K This header is obsolete, please include tf2_geometry_msgs/tf2_geometry_msgs.hpp instead
[176.226s]       |  [01;35m[K^~~~~~~[m[K
[182.275s] [ 91%] [32m[1mLinking CXX executable test_merging_pipeline[0m
[183.684s] [ 91%] Built target test_merging_pipeline
[194.863s] [100%] [32m[1mLinking CXX executable map_merge[0m
[196.817s] [100%] Built target map_merge
[196.834s] Invoked command in '/home/zerohzzzz/Documents/RobotNav2/build/multirobot_map_merge' returned '0': CMAKE_PREFIX_PATH=/opt/ros/humble /usr/bin/cmake --build /home/zerohzzzz/Documents/RobotNav2/build/multirobot_map_merge -- -j8 -l8
[196.894s] Invoking command in '/home/zerohzzzz/Documents/RobotNav2/build/multirobot_map_merge': CMAKE_PREFIX_PATH=/opt/ros/humble /usr/bin/cmake --install /home/zerohzzzz/Documents/RobotNav2/build/multirobot_map_merge
[196.904s] -- Install configuration: ""
[196.905s] -- Installing: /home/zerohzzzz/Documents/RobotNav2/install/multirobot_map_merge/include/map_merge/
[196.905s] -- Installing: /home/zerohzzzz/Documents/RobotNav2/install/multirobot_map_merge/include/map_merge//ros1_names.hpp
[196.905s] -- Installing: /home/zerohzzzz/Documents/RobotNav2/install/multirobot_map_merge/include/map_merge//map_merge.h
[196.910s] -- Installing: /home/zerohzzzz/Documents/RobotNav2/install/multirobot_map_merge/share/multirobot_map_merge/launch
[196.910s] -- Installing: /home/zerohzzzz/Documents/RobotNav2/install/multirobot_map_merge/share/multirobot_map_merge/launch/tb3_simulation
[196.911s] -- Installing: /home/zerohzzzz/Documents/RobotNav2/install/multirobot_map_merge/share/multirobot_map_merge/launch/tb3_simulation/bringup_launch.py
[196.911s] -- Installing: /home/zerohzzzz/Documents/RobotNav2/install/multirobot_map_merge/share/multirobot_map_merge/launch/tb3_simulation/config
[196.911s] -- Installing: /home/zerohzzzz/Documents/RobotNav2/install/multirobot_map_merge/share/multirobot_map_merge/launch/tb3_simulation/config/nav2_multirobot_params_2.yaml
[196.911s] -- Installing: /home/zerohzzzz/Documents/RobotNav2/install/multirobot_map_merge/share/multirobot_map_merge/launch/tb3_simulation/config/nav2_multirobot_params_1.yaml
[196.912s] -- Installing: /home/zerohzzzz/Documents/RobotNav2/install/multirobot_map_merge/share/multirobot_map_merge/launch/tb3_simulation/tb3_simulation_launch.py
[196.912s] -- Installing: /home/zerohzzzz/Documents/RobotNav2/install/multirobot_map_merge/share/multirobot_map_merge/launch/tb3_simulation/multi_tb3_simulation_launch.py
[196.913s] -- Installing: /home/zerohzzzz/Documents/RobotNav2/install/multirobot_map_merge/share/multirobot_map_merge/launch/tb3_simulation/worlds
[196.913s] -- Installing: /home/zerohzzzz/Documents/RobotNav2/install/multirobot_map_merge/share/multirobot_map_merge/launch/tb3_simulation/worlds/world_only.model
[196.913s] -- Installing: /home/zerohzzzz/Documents/RobotNav2/install/multirobot_map_merge/share/multirobot_map_merge/launch/tb3_simulation/slam_toolbox.py
[196.913s] -- Installing: /home/zerohzzzz/Documents/RobotNav2/install/multirobot_map_merge/share/multirobot_map_merge/launch/map_merge.rviz
[196.914s] -- Installing: /home/zerohzzzz/Documents/RobotNav2/install/multirobot_map_merge/share/multirobot_map_merge/launch/from_map_server.launch.py
[196.914s] -- Installing: /home/zerohzzzz/Documents/RobotNav2/install/multirobot_map_merge/share/multirobot_map_merge/launch/map_merge.launch.py
[196.915s] -- Installing: /home/zerohzzzz/Documents/RobotNav2/install/multirobot_map_merge/share/multirobot_map_merge/config
[196.915s] -- Installing: /home/zerohzzzz/Documents/RobotNav2/install/multirobot_map_merge/share/multirobot_map_merge/config/params.yaml
[196.915s] -- Installing: /home/zerohzzzz/Documents/RobotNav2/install/multirobot_map_merge/lib/libcombine_grids.a
[196.917s] -- Installing: /home/zerohzzzz/Documents/RobotNav2/install/multirobot_map_merge/lib/multirobot_map_merge/map_merge
[196.924s] -- Set runtime path of "/home/zerohzzzz/Documents/RobotNav2/install/multirobot_map_merge/lib/multirobot_map_merge/map_merge" to ""
[196.924s] -- Installing: /home/zerohzzzz/Documents/RobotNav2/install/multirobot_map_merge/share/multirobot_map_merge/environment/library_path.sh
[196.924s] -- Installing: /home/zerohzzzz/Documents/RobotNav2/install/multirobot_map_merge/share/multirobot_map_merge/environment/library_path.dsv
[196.924s] -- Installing: /home/zerohzzzz/Documents/RobotNav2/install/multirobot_map_merge/share/ament_index/resource_index/package_run_dependencies/multirobot_map_merge
[196.925s] -- Installing: /home/zerohzzzz/Documents/RobotNav2/install/multirobot_map_merge/share/ament_index/resource_index/parent_prefix_path/multirobot_map_merge
[196.925s] -- Installing: /home/zerohzzzz/Documents/RobotNav2/install/multirobot_map_merge/share/multirobot_map_merge/environment/ament_prefix_path.sh
[196.925s] -- Installing: /home/zerohzzzz/Documents/RobotNav2/install/multirobot_map_merge/share/multirobot_map_merge/environment/ament_prefix_path.dsv
[196.925s] -- Installing: /home/zerohzzzz/Documents/RobotNav2/install/multirobot_map_merge/share/multirobot_map_merge/environment/path.sh
[196.926s] -- Installing: /home/zerohzzzz/Documents/RobotNav2/install/multirobot_map_merge/share/multirobot_map_merge/environment/path.dsv
[196.926s] -- Installing: /home/zerohzzzz/Documents/RobotNav2/install/multirobot_map_merge/share/multirobot_map_merge/local_setup.bash
[196.926s] -- Installing: /home/zerohzzzz/Documents/RobotNav2/install/multirobot_map_merge/share/multirobot_map_merge/local_setup.sh
[196.926s] -- Installing: /home/zerohzzzz/Documents/RobotNav2/install/multirobot_map_merge/share/multirobot_map_merge/local_setup.zsh
[196.926s] -- Installing: /home/zerohzzzz/Documents/RobotNav2/install/multirobot_map_merge/share/multirobot_map_merge/local_setup.dsv
[196.927s] -- Installing: /home/zerohzzzz/Documents/RobotNav2/install/multirobot_map_merge/share/multirobot_map_merge/package.dsv
[196.927s] -- Installing: /home/zerohzzzz/Documents/RobotNav2/install/multirobot_map_merge/share/ament_index/resource_index/packages/multirobot_map_merge
[196.927s] -- Installing: /home/zerohzzzz/Documents/RobotNav2/install/multirobot_map_merge/share/multirobot_map_merge/cmake/ament_cmake_export_include_directories-extras.cmake
[196.927s] -- Installing: /home/zerohzzzz/Documents/RobotNav2/install/multirobot_map_merge/share/multirobot_map_merge/cmake/ament_cmake_export_libraries-extras.cmake
[196.928s] -- Installing: /home/zerohzzzz/Documents/RobotNav2/install/multirobot_map_merge/share/multirobot_map_merge/cmake/multirobot_map_mergeConfig.cmake
[196.928s] -- Installing: /home/zerohzzzz/Documents/RobotNav2/install/multirobot_map_merge/share/multirobot_map_merge/cmake/multirobot_map_mergeConfig-version.cmake
[196.928s] -- Installing: /home/zerohzzzz/Documents/RobotNav2/install/multirobot_map_merge/share/multirobot_map_merge/package.xml
[196.931s] Invoked command in '/home/zerohzzzz/Documents/RobotNav2/build/multirobot_map_merge' returned '0': CMAKE_PREFIX_PATH=/opt/ros/humble /usr/bin/cmake --install /home/zerohzzzz/Documents/RobotNav2/build/multirobot_map_merge
