[0.202s] DEBUG:colcon:Command line arguments: ['/usr/bin/colcon', 'build']
[0.202s] DEBUG:colcon:Parsed command line arguments: Namespace(log_base=None, log_level=None, verb_name='build', build_base='build', install_base='install', merge_install=False, symlink_install=False, test_result_base=None, continue_on_error=False, executor='parallel', parallel_workers=8, event_handlers=None, ignore_user_meta=False, metas=['./colcon.meta'], base_paths=['.'], packages_ignore=None, packages_ignore_regex=None, paths=None, packages_up_to=None, packages_up_to_regex=None, packages_above=None, packages_above_and_dependencies=None, packages_above_depth=None, packages_select_by_dep=None, packages_skip_by_dep=None, packages_skip_up_to=None, packages_select_build_failed=False, packages_skip_build_finished=False, packages_select_test_failures=False, packages_skip_test_passed=False, packages_select=None, packages_skip=None, packages_select_regex=None, packages_skip_regex=None, packages_start=None, packages_end=None, allow_overriding=[], cmake_args=None, cmake_target=None, cmake_target_skip_unavailable=False, cmake_clean_cache=False, cmake_clean_first=False, cmake_force_configure=False, ament_cmake_args=None, catkin_cmake_args=None, catkin_skip_building_tests=False, mixin_files=None, mixin=None, verb_parser=<colcon_mixin.mixin.mixin_argument.MixinArgumentDecorator object at 0x7c984b645a80>, verb_extension=<colcon_core.verb.build.BuildVerb object at 0x7c984b645450>, main=<bound method BuildVerb.main of <colcon_core.verb.build.BuildVerb object at 0x7c984b645450>>, mixin_verb=('build',))
[0.516s] Level 1:colcon.colcon_core.package_discovery:discover_packages(colcon_meta) check parameters
[0.517s] Level 1:colcon.colcon_core.package_discovery:discover_packages(recursive) check parameters
[0.517s] Level 1:colcon.colcon_core.package_discovery:discover_packages(ignore) check parameters
[0.517s] Level 1:colcon.colcon_core.package_discovery:discover_packages(path) check parameters
[0.517s] Level 1:colcon.colcon_core.package_discovery:discover_packages(colcon_meta) discover
[0.517s] Level 1:colcon.colcon_core.package_discovery:discover_packages(recursive) discover
[0.517s] INFO:colcon.colcon_core.package_discovery:Crawling recursively for packages in '/home/zerohzzzz/Documents/RobotNav2'
[0.517s] Level 1:colcon.colcon_core.package_identification:_identify(.) by extensions ['ignore', 'ignore_ament_install']
[0.517s] Level 1:colcon.colcon_core.package_identification:_identify(.) by extension 'ignore'
[0.517s] Level 1:colcon.colcon_core.package_identification:_identify(.) by extension 'ignore_ament_install'
[0.517s] Level 1:colcon.colcon_core.package_identification:_identify(.) by extensions ['colcon_pkg']
[0.517s] Level 1:colcon.colcon_core.package_identification:_identify(.) by extension 'colcon_pkg'
[0.517s] Level 1:colcon.colcon_core.package_identification:_identify(.) by extensions ['colcon_meta']
[0.518s] Level 1:colcon.colcon_core.package_identification:_identify(.) by extension 'colcon_meta'
[0.518s] Level 1:colcon.colcon_core.package_identification:_identify(.) by extensions ['ros']
[0.518s] Level 1:colcon.colcon_core.package_identification:_identify(.) by extension 'ros'
[0.539s] Level 1:colcon.colcon_core.package_identification:_identify(.) by extensions ['cmake', 'python']
[0.539s] Level 1:colcon.colcon_core.package_identification:_identify(.) by extension 'cmake'
[0.539s] Level 1:colcon.colcon_core.package_identification:_identify(.) by extension 'python'
[0.539s] Level 1:colcon.colcon_core.package_identification:_identify(.) by extensions ['python_setup_py']
[0.539s] Level 1:colcon.colcon_core.package_identification:_identify(.) by extension 'python_setup_py'
[0.539s] Level 1:colcon.colcon_core.package_identification:_identify(build) by extensions ['ignore', 'ignore_ament_install']
[0.540s] Level 1:colcon.colcon_core.package_identification:_identify(build) by extension 'ignore'
[0.540s] Level 1:colcon.colcon_core.package_identification:_identify(build) ignored
[0.540s] Level 1:colcon.colcon_core.package_identification:_identify(install) by extensions ['ignore', 'ignore_ament_install']
[0.540s] Level 1:colcon.colcon_core.package_identification:_identify(install) by extension 'ignore'
[0.540s] Level 1:colcon.colcon_core.package_identification:_identify(install) ignored
[0.540s] Level 1:colcon.colcon_core.package_identification:_identify(log) by extensions ['ignore', 'ignore_ament_install']
[0.540s] Level 1:colcon.colcon_core.package_identification:_identify(log) by extension 'ignore'
[0.540s] Level 1:colcon.colcon_core.package_identification:_identify(log) ignored
[0.540s] Level 1:colcon.colcon_core.package_identification:_identify(src) by extensions ['ignore', 'ignore_ament_install']
[0.540s] Level 1:colcon.colcon_core.package_identification:_identify(src) by extension 'ignore'
[0.540s] Level 1:colcon.colcon_core.package_identification:_identify(src) by extension 'ignore_ament_install'
[0.540s] Level 1:colcon.colcon_core.package_identification:_identify(src) by extensions ['colcon_pkg']
[0.541s] Level 1:colcon.colcon_core.package_identification:_identify(src) by extension 'colcon_pkg'
[0.541s] Level 1:colcon.colcon_core.package_identification:_identify(src) by extensions ['colcon_meta']
[0.541s] Level 1:colcon.colcon_core.package_identification:_identify(src) by extension 'colcon_meta'
[0.541s] Level 1:colcon.colcon_core.package_identification:_identify(src) by extensions ['ros']
[0.541s] Level 1:colcon.colcon_core.package_identification:_identify(src) by extension 'ros'
[0.541s] Level 1:colcon.colcon_core.package_identification:_identify(src) by extensions ['cmake', 'python']
[0.541s] Level 1:colcon.colcon_core.package_identification:_identify(src) by extension 'cmake'
[0.541s] Level 1:colcon.colcon_core.package_identification:_identify(src) by extension 'python'
[0.541s] Level 1:colcon.colcon_core.package_identification:_identify(src) by extensions ['python_setup_py']
[0.541s] Level 1:colcon.colcon_core.package_identification:_identify(src) by extension 'python_setup_py'
[0.541s] Level 1:colcon.colcon_core.package_identification:_identify(src/csm) by extensions ['ignore', 'ignore_ament_install']
[0.541s] Level 1:colcon.colcon_core.package_identification:_identify(src/csm) by extension 'ignore'
[0.541s] Level 1:colcon.colcon_core.package_identification:_identify(src/csm) by extension 'ignore_ament_install'
[0.541s] Level 1:colcon.colcon_core.package_identification:_identify(src/csm) by extensions ['colcon_pkg']
[0.541s] Level 1:colcon.colcon_core.package_identification:_identify(src/csm) by extension 'colcon_pkg'
[0.541s] Level 1:colcon.colcon_core.package_identification:_identify(src/csm) by extensions ['colcon_meta']
[0.541s] Level 1:colcon.colcon_core.package_identification:_identify(src/csm) by extension 'colcon_meta'
[0.542s] Level 1:colcon.colcon_core.package_identification:_identify(src/csm) by extensions ['ros']
[0.542s] Level 1:colcon.colcon_core.package_identification:_identify(src/csm) by extension 'ros'
[0.542s] Level 1:colcon.colcon_core.package_identification:_identify(src/csm) by extensions ['cmake', 'python']
[0.542s] Level 1:colcon.colcon_core.package_identification:_identify(src/csm) by extension 'cmake'
[0.542s] Level 1:colcon.colcon_core.package_identification:_identify(src/csm) by extension 'python'
[0.542s] Level 1:colcon.colcon_core.package_identification:_identify(src/csm) by extensions ['python_setup_py']
[0.542s] Level 1:colcon.colcon_core.package_identification:_identify(src/csm) by extension 'python_setup_py'
[0.542s] Level 1:colcon.colcon_core.package_identification:_identify(src/map_build) by extensions ['ignore', 'ignore_ament_install']
[0.542s] Level 1:colcon.colcon_core.package_identification:_identify(src/map_build) by extension 'ignore'
[0.542s] Level 1:colcon.colcon_core.package_identification:_identify(src/map_build) by extension 'ignore_ament_install'
[0.542s] Level 1:colcon.colcon_core.package_identification:_identify(src/map_build) by extensions ['colcon_pkg']
[0.542s] Level 1:colcon.colcon_core.package_identification:_identify(src/map_build) by extension 'colcon_pkg'
[0.542s] Level 1:colcon.colcon_core.package_identification:_identify(src/map_build) by extensions ['colcon_meta']
[0.542s] Level 1:colcon.colcon_core.package_identification:_identify(src/map_build) by extension 'colcon_meta'
[0.542s] Level 1:colcon.colcon_core.package_identification:_identify(src/map_build) by extensions ['ros']
[0.542s] Level 1:colcon.colcon_core.package_identification:_identify(src/map_build) by extension 'ros'
[0.547s] DEBUG:colcon.colcon_core.package_identification:Package 'src/map_build' with type 'ros.ament_python' and name 'map_build'
[0.547s] Level 1:colcon.colcon_core.package_identification:_identify(src/mapbuild) by extensions ['ignore', 'ignore_ament_install']
[0.547s] Level 1:colcon.colcon_core.package_identification:_identify(src/mapbuild) by extension 'ignore'
[0.547s] Level 1:colcon.colcon_core.package_identification:_identify(src/mapbuild) by extension 'ignore_ament_install'
[0.547s] Level 1:colcon.colcon_core.package_identification:_identify(src/mapbuild) by extensions ['colcon_pkg']
[0.547s] Level 1:colcon.colcon_core.package_identification:_identify(src/mapbuild) by extension 'colcon_pkg'
[0.547s] Level 1:colcon.colcon_core.package_identification:_identify(src/mapbuild) by extensions ['colcon_meta']
[0.547s] Level 1:colcon.colcon_core.package_identification:_identify(src/mapbuild) by extension 'colcon_meta'
[0.548s] Level 1:colcon.colcon_core.package_identification:_identify(src/mapbuild) by extensions ['ros']
[0.548s] Level 1:colcon.colcon_core.package_identification:_identify(src/mapbuild) by extension 'ros'
[0.548s] DEBUG:colcon.colcon_core.package_identification:Package 'src/mapbuild' with type 'ros.ament_python' and name 'mapbuild'
[0.548s] Level 1:colcon.colcon_core.package_identification:_identify(src/nav) by extensions ['ignore', 'ignore_ament_install']
[0.549s] Level 1:colcon.colcon_core.package_identification:_identify(src/nav) by extension 'ignore'
[0.549s] Level 1:colcon.colcon_core.package_identification:_identify(src/nav) by extension 'ignore_ament_install'
[0.549s] Level 1:colcon.colcon_core.package_identification:_identify(src/nav) by extensions ['colcon_pkg']
[0.549s] Level 1:colcon.colcon_core.package_identification:_identify(src/nav) by extension 'colcon_pkg'
[0.549s] Level 1:colcon.colcon_core.package_identification:_identify(src/nav) by extensions ['colcon_meta']
[0.549s] Level 1:colcon.colcon_core.package_identification:_identify(src/nav) by extension 'colcon_meta'
[0.549s] Level 1:colcon.colcon_core.package_identification:_identify(src/nav) by extensions ['ros']
[0.549s] Level 1:colcon.colcon_core.package_identification:_identify(src/nav) by extension 'ros'
[0.550s] DEBUG:colcon.colcon_core.package_identification:Package 'src/nav' with type 'ros.ament_python' and name 'nav'
[0.550s] Level 1:colcon.colcon_core.package_identification:_identify(src/ros2_laser_scan_matcher) by extensions ['ignore', 'ignore_ament_install']
[0.551s] Level 1:colcon.colcon_core.package_identification:_identify(src/ros2_laser_scan_matcher) by extension 'ignore'
[0.551s] Level 1:colcon.colcon_core.package_identification:_identify(src/ros2_laser_scan_matcher) by extension 'ignore_ament_install'
[0.551s] Level 1:colcon.colcon_core.package_identification:_identify(src/ros2_laser_scan_matcher) by extensions ['colcon_pkg']
[0.551s] Level 1:colcon.colcon_core.package_identification:_identify(src/ros2_laser_scan_matcher) by extension 'colcon_pkg'
[0.551s] Level 1:colcon.colcon_core.package_identification:_identify(src/ros2_laser_scan_matcher) by extensions ['colcon_meta']
[0.551s] Level 1:colcon.colcon_core.package_identification:_identify(src/ros2_laser_scan_matcher) by extension 'colcon_meta'
[0.551s] Level 1:colcon.colcon_core.package_identification:_identify(src/ros2_laser_scan_matcher) by extensions ['ros']
[0.551s] Level 1:colcon.colcon_core.package_identification:_identify(src/ros2_laser_scan_matcher) by extension 'ros'
[0.551s] Level 1:colcon.colcon_core.package_identification:_identify(src/ros2_laser_scan_matcher) by extensions ['cmake', 'python']
[0.551s] Level 1:colcon.colcon_core.package_identification:_identify(src/ros2_laser_scan_matcher) by extension 'cmake'
[0.551s] Level 1:colcon.colcon_core.package_identification:_identify(src/ros2_laser_scan_matcher) by extension 'python'
[0.551s] Level 1:colcon.colcon_core.package_identification:_identify(src/ros2_laser_scan_matcher) by extensions ['python_setup_py']
[0.551s] Level 1:colcon.colcon_core.package_identification:_identify(src/ros2_laser_scan_matcher) by extension 'python_setup_py'
[0.551s] Level 1:colcon.colcon_core.package_discovery:discover_packages(recursive) using defaults
[0.551s] Level 1:colcon.colcon_core.package_discovery:discover_packages(ignore) discover
[0.551s] Level 1:colcon.colcon_core.package_discovery:discover_packages(ignore) using defaults
[0.551s] Level 1:colcon.colcon_core.package_discovery:discover_packages(path) discover
[0.551s] Level 1:colcon.colcon_core.package_discovery:discover_packages(path) using defaults
[0.583s] Level 1:colcon.colcon_core.package_discovery:discover_packages(prefix_path) check parameters
[0.583s] Level 1:colcon.colcon_core.package_discovery:discover_packages(prefix_path) discover
[0.588s] DEBUG:colcon.colcon_installed_package_information.package_discovery:Found 273 installed packages in /opt/ros/humble
[0.589s] Level 1:colcon.colcon_core.package_discovery:discover_packages(prefix_path) using defaults
[0.677s] Level 5:colcon.colcon_core.verb:set package 'map_build' build argument 'cmake_args' from command line to 'None'
[0.677s] Level 5:colcon.colcon_core.verb:set package 'map_build' build argument 'cmake_target' from command line to 'None'
[0.677s] Level 5:colcon.colcon_core.verb:set package 'map_build' build argument 'cmake_target_skip_unavailable' from command line to 'False'
[0.677s] Level 5:colcon.colcon_core.verb:set package 'map_build' build argument 'cmake_clean_cache' from command line to 'False'
[0.677s] Level 5:colcon.colcon_core.verb:set package 'map_build' build argument 'cmake_clean_first' from command line to 'False'
[0.677s] Level 5:colcon.colcon_core.verb:set package 'map_build' build argument 'cmake_force_configure' from command line to 'False'
[0.677s] Level 5:colcon.colcon_core.verb:set package 'map_build' build argument 'ament_cmake_args' from command line to 'None'
[0.677s] Level 5:colcon.colcon_core.verb:set package 'map_build' build argument 'catkin_cmake_args' from command line to 'None'
[0.677s] Level 5:colcon.colcon_core.verb:set package 'map_build' build argument 'catkin_skip_building_tests' from command line to 'False'
[0.678s] DEBUG:colcon.colcon_core.verb:Building package 'map_build' with the following arguments: {'ament_cmake_args': None, 'build_base': '/home/zerohzzzz/Documents/RobotNav2/build/map_build', 'catkin_cmake_args': None, 'catkin_skip_building_tests': False, 'cmake_args': None, 'cmake_clean_cache': False, 'cmake_clean_first': False, 'cmake_force_configure': False, 'cmake_target': None, 'cmake_target_skip_unavailable': False, 'install_base': '/home/zerohzzzz/Documents/RobotNav2/install/map_build', 'merge_install': False, 'path': '/home/zerohzzzz/Documents/RobotNav2/src/map_build', 'symlink_install': False, 'test_result_base': None}
[0.678s] Level 5:colcon.colcon_core.verb:set package 'mapbuild' build argument 'cmake_args' from command line to 'None'
[0.678s] Level 5:colcon.colcon_core.verb:set package 'mapbuild' build argument 'cmake_target' from command line to 'None'
[0.678s] Level 5:colcon.colcon_core.verb:set package 'mapbuild' build argument 'cmake_target_skip_unavailable' from command line to 'False'
[0.678s] Level 5:colcon.colcon_core.verb:set package 'mapbuild' build argument 'cmake_clean_cache' from command line to 'False'
[0.678s] Level 5:colcon.colcon_core.verb:set package 'mapbuild' build argument 'cmake_clean_first' from command line to 'False'
[0.678s] Level 5:colcon.colcon_core.verb:set package 'mapbuild' build argument 'cmake_force_configure' from command line to 'False'
[0.678s] Level 5:colcon.colcon_core.verb:set package 'mapbuild' build argument 'ament_cmake_args' from command line to 'None'
[0.678s] Level 5:colcon.colcon_core.verb:set package 'mapbuild' build argument 'catkin_cmake_args' from command line to 'None'
[0.678s] Level 5:colcon.colcon_core.verb:set package 'mapbuild' build argument 'catkin_skip_building_tests' from command line to 'False'
[0.678s] DEBUG:colcon.colcon_core.verb:Building package 'mapbuild' with the following arguments: {'ament_cmake_args': None, 'build_base': '/home/zerohzzzz/Documents/RobotNav2/build/mapbuild', 'catkin_cmake_args': None, 'catkin_skip_building_tests': False, 'cmake_args': None, 'cmake_clean_cache': False, 'cmake_clean_first': False, 'cmake_force_configure': False, 'cmake_target': None, 'cmake_target_skip_unavailable': False, 'install_base': '/home/zerohzzzz/Documents/RobotNav2/install/mapbuild', 'merge_install': False, 'path': '/home/zerohzzzz/Documents/RobotNav2/src/mapbuild', 'symlink_install': False, 'test_result_base': None}
[0.679s] Level 5:colcon.colcon_core.verb:set package 'nav' build argument 'cmake_args' from command line to 'None'
[0.679s] Level 5:colcon.colcon_core.verb:set package 'nav' build argument 'cmake_target' from command line to 'None'
[0.679s] Level 5:colcon.colcon_core.verb:set package 'nav' build argument 'cmake_target_skip_unavailable' from command line to 'False'
[0.679s] Level 5:colcon.colcon_core.verb:set package 'nav' build argument 'cmake_clean_cache' from command line to 'False'
[0.679s] Level 5:colcon.colcon_core.verb:set package 'nav' build argument 'cmake_clean_first' from command line to 'False'
[0.679s] Level 5:colcon.colcon_core.verb:set package 'nav' build argument 'cmake_force_configure' from command line to 'False'
[0.679s] Level 5:colcon.colcon_core.verb:set package 'nav' build argument 'ament_cmake_args' from command line to 'None'
[0.679s] Level 5:colcon.colcon_core.verb:set package 'nav' build argument 'catkin_cmake_args' from command line to 'None'
[0.679s] Level 5:colcon.colcon_core.verb:set package 'nav' build argument 'catkin_skip_building_tests' from command line to 'False'
[0.679s] DEBUG:colcon.colcon_core.verb:Building package 'nav' with the following arguments: {'ament_cmake_args': None, 'build_base': '/home/zerohzzzz/Documents/RobotNav2/build/nav', 'catkin_cmake_args': None, 'catkin_skip_building_tests': False, 'cmake_args': None, 'cmake_clean_cache': False, 'cmake_clean_first': False, 'cmake_force_configure': False, 'cmake_target': None, 'cmake_target_skip_unavailable': False, 'install_base': '/home/zerohzzzz/Documents/RobotNav2/install/nav', 'merge_install': False, 'path': '/home/zerohzzzz/Documents/RobotNav2/src/nav', 'symlink_install': False, 'test_result_base': None}
[0.679s] INFO:colcon.colcon_core.executor:Executing jobs using 'parallel' executor
[0.680s] DEBUG:colcon.colcon_parallel_executor.executor.parallel:run_until_complete
[0.680s] INFO:colcon.colcon_ros.task.ament_python.build:Building ROS package in '/home/zerohzzzz/Documents/RobotNav2/src/map_build' with build type 'ament_python'
[0.680s] Level 1:colcon.colcon_core.shell:create_environment_hook('map_build', 'ament_prefix_path')
[0.684s] INFO:colcon.colcon_core.plugin_system:Skipping extension 'colcon_core.shell.bat': Not used on non-Windows systems
[0.684s] INFO:colcon.colcon_core.shell:Creating environment hook '/home/zerohzzzz/Documents/RobotNav2/install/map_build/share/map_build/hook/ament_prefix_path.ps1'
[0.685s] INFO:colcon.colcon_core.shell:Creating environment descriptor '/home/zerohzzzz/Documents/RobotNav2/install/map_build/share/map_build/hook/ament_prefix_path.dsv'
[0.686s] INFO:colcon.colcon_core.shell:Creating environment hook '/home/zerohzzzz/Documents/RobotNav2/install/map_build/share/map_build/hook/ament_prefix_path.sh'
[0.687s] INFO:colcon.colcon_core.shell:Skip shell extension 'powershell' for command environment: Not usable outside of PowerShell
[0.688s] DEBUG:colcon.colcon_core.shell:Skip shell extension 'dsv' for command environment
[0.695s] INFO:colcon.colcon_ros.task.ament_python.build:Building ROS package in '/home/zerohzzzz/Documents/RobotNav2/src/mapbuild' with build type 'ament_python'
[0.695s] Level 1:colcon.colcon_core.shell:create_environment_hook('mapbuild', 'ament_prefix_path')
[0.695s] INFO:colcon.colcon_core.shell:Creating environment hook '/home/zerohzzzz/Documents/RobotNav2/install/mapbuild/share/mapbuild/hook/ament_prefix_path.ps1'
[0.696s] INFO:colcon.colcon_core.shell:Creating environment descriptor '/home/zerohzzzz/Documents/RobotNav2/install/mapbuild/share/mapbuild/hook/ament_prefix_path.dsv'
[0.696s] INFO:colcon.colcon_core.shell:Creating environment hook '/home/zerohzzzz/Documents/RobotNav2/install/mapbuild/share/mapbuild/hook/ament_prefix_path.sh'
[0.697s] INFO:colcon.colcon_core.shell:Skip shell extension 'powershell' for command environment: Not usable outside of PowerShell
[0.697s] DEBUG:colcon.colcon_core.shell:Skip shell extension 'dsv' for command environment
[0.701s] INFO:colcon.colcon_ros.task.ament_python.build:Building ROS package in '/home/zerohzzzz/Documents/RobotNav2/src/nav' with build type 'ament_python'
[0.701s] Level 1:colcon.colcon_core.shell:create_environment_hook('nav', 'ament_prefix_path')
[0.701s] INFO:colcon.colcon_core.shell:Creating environment hook '/home/zerohzzzz/Documents/RobotNav2/install/nav/share/nav/hook/ament_prefix_path.ps1'
[0.702s] INFO:colcon.colcon_core.shell:Creating environment descriptor '/home/zerohzzzz/Documents/RobotNav2/install/nav/share/nav/hook/ament_prefix_path.dsv'
[0.703s] INFO:colcon.colcon_core.shell:Creating environment hook '/home/zerohzzzz/Documents/RobotNav2/install/nav/share/nav/hook/ament_prefix_path.sh'
[0.703s] INFO:colcon.colcon_core.shell:Skip shell extension 'powershell' for command environment: Not usable outside of PowerShell
[0.704s] DEBUG:colcon.colcon_core.shell:Skip shell extension 'dsv' for command environment
[0.983s] INFO:colcon.colcon_core.task.python.build:Building Python package in '/home/zerohzzzz/Documents/RobotNav2/src/map_build'
[0.983s] INFO:colcon.colcon_core.shell:Skip shell extension 'powershell' for command environment: Not usable outside of PowerShell
[0.983s] DEBUG:colcon.colcon_core.shell:Skip shell extension 'dsv' for command environment
[1.263s] INFO:colcon.colcon_core.task.python.build:Building Python package in '/home/zerohzzzz/Documents/RobotNav2/src/mapbuild'
[1.263s] INFO:colcon.colcon_core.shell:Skip shell extension 'powershell' for command environment: Not usable outside of PowerShell
[1.263s] DEBUG:colcon.colcon_core.shell:Skip shell extension 'dsv' for command environment
[1.536s] INFO:colcon.colcon_core.task.python.build:Building Python package in '/home/zerohzzzz/Documents/RobotNav2/src/nav'
[1.537s] INFO:colcon.colcon_core.shell:Skip shell extension 'powershell' for command environment: Not usable outside of PowerShell
[1.537s] DEBUG:colcon.colcon_core.shell:Skip shell extension 'dsv' for command environment
[1.983s] DEBUG:colcon.colcon_core.event_handler.log_command:Invoking command in '/home/zerohzzzz/Documents/RobotNav2/src/map_build': PYTHONPATH=/home/zerohzzzz/Documents/RobotNav2/build/map_build/prefix_override:/usr/lib/python3/dist-packages/colcon_core/task/python/colcon_distutils_commands:/home/zerohzzzz/Documents/RobotNav2/install/map_build/lib/python3.10/site-packages:${PYTHONPATH} /usr/bin/python3 -W ignore:setup.py install is deprecated setup.py egg_info --egg-base ../../build/map_build build --build-base /home/zerohzzzz/Documents/RobotNav2/build/map_build/build install --record /home/zerohzzzz/Documents/RobotNav2/build/map_build/install.log --single-version-externally-managed install_data
[1.998s] DEBUG:colcon.colcon_core.event_handler.log_command:Invoking command in '/home/zerohzzzz/Documents/RobotNav2/src/nav': PYTHONPATH=/home/zerohzzzz/Documents/RobotNav2/build/nav/prefix_override:/usr/lib/python3/dist-packages/colcon_core/task/python/colcon_distutils_commands:/home/zerohzzzz/Documents/RobotNav2/install/nav/lib/python3.10/site-packages:${PYTHONPATH} /usr/bin/python3 -W ignore:setup.py install is deprecated setup.py egg_info --egg-base ../../build/nav build --build-base /home/zerohzzzz/Documents/RobotNav2/build/nav/build install --record /home/zerohzzzz/Documents/RobotNav2/build/nav/install.log --single-version-externally-managed install_data
[2.004s] DEBUG:colcon.colcon_core.event_handler.log_command:Invoking command in '/home/zerohzzzz/Documents/RobotNav2/src/mapbuild': PYTHONPATH=/home/zerohzzzz/Documents/RobotNav2/build/mapbuild/prefix_override:/usr/lib/python3/dist-packages/colcon_core/task/python/colcon_distutils_commands:/home/zerohzzzz/Documents/RobotNav2/install/mapbuild/lib/python3.10/site-packages:${PYTHONPATH} /usr/bin/python3 -W ignore:setup.py install is deprecated setup.py egg_info --egg-base ../../build/mapbuild build --build-base /home/zerohzzzz/Documents/RobotNav2/build/mapbuild/build install --record /home/zerohzzzz/Documents/RobotNav2/build/mapbuild/install.log --single-version-externally-managed install_data
[2.361s] DEBUG:colcon.colcon_core.event_handler.log_command:Invoked command in '/home/zerohzzzz/Documents/RobotNav2/src/mapbuild' returned '0': PYTHONPATH=/home/zerohzzzz/Documents/RobotNav2/build/mapbuild/prefix_override:/usr/lib/python3/dist-packages/colcon_core/task/python/colcon_distutils_commands:/home/zerohzzzz/Documents/RobotNav2/install/mapbuild/lib/python3.10/site-packages:${PYTHONPATH} /usr/bin/python3 -W ignore:setup.py install is deprecated setup.py egg_info --egg-base ../../build/mapbuild build --build-base /home/zerohzzzz/Documents/RobotNav2/build/mapbuild/build install --record /home/zerohzzzz/Documents/RobotNav2/build/mapbuild/install.log --single-version-externally-managed install_data
[2.367s] Level 1:colcon.colcon_core.environment:checking '/home/zerohzzzz/Documents/RobotNav2/install/mapbuild' for CMake module files
[2.368s] Level 1:colcon.colcon_core.environment:checking '/home/zerohzzzz/Documents/RobotNav2/install/mapbuild' for CMake config files
[2.369s] Level 1:colcon.colcon_core.environment:checking '/home/zerohzzzz/Documents/RobotNav2/install/mapbuild/lib'
[2.369s] Level 1:colcon.colcon_core.environment:checking '/home/zerohzzzz/Documents/RobotNav2/install/mapbuild/bin'
[2.369s] Level 1:colcon.colcon_core.environment:checking '/home/zerohzzzz/Documents/RobotNav2/install/mapbuild/lib/pkgconfig/mapbuild.pc'
[2.370s] Level 1:colcon.colcon_core.environment:checking '/home/zerohzzzz/Documents/RobotNav2/install/mapbuild/lib/python3.10/site-packages'
[2.370s] Level 1:colcon.colcon_core.shell:create_environment_hook('mapbuild', 'pythonpath')
[2.370s] INFO:colcon.colcon_core.shell:Creating environment hook '/home/zerohzzzz/Documents/RobotNav2/install/mapbuild/share/mapbuild/hook/pythonpath.ps1'
[2.371s] INFO:colcon.colcon_core.shell:Creating environment descriptor '/home/zerohzzzz/Documents/RobotNav2/install/mapbuild/share/mapbuild/hook/pythonpath.dsv'
[2.371s] INFO:colcon.colcon_core.shell:Creating environment hook '/home/zerohzzzz/Documents/RobotNav2/install/mapbuild/share/mapbuild/hook/pythonpath.sh'
[2.372s] Level 1:colcon.colcon_core.environment:checking '/home/zerohzzzz/Documents/RobotNav2/install/mapbuild/bin'
[2.372s] Level 1:colcon.colcon_core.environment:create_environment_scripts_only(mapbuild)
[2.373s] INFO:colcon.colcon_core.shell:Creating package script '/home/zerohzzzz/Documents/RobotNav2/install/mapbuild/share/mapbuild/package.ps1'
[2.374s] INFO:colcon.colcon_core.shell:Creating package descriptor '/home/zerohzzzz/Documents/RobotNav2/install/mapbuild/share/mapbuild/package.dsv'
[2.375s] INFO:colcon.colcon_core.shell:Creating package script '/home/zerohzzzz/Documents/RobotNav2/install/mapbuild/share/mapbuild/package.sh'
[2.376s] INFO:colcon.colcon_core.shell:Creating package script '/home/zerohzzzz/Documents/RobotNav2/install/mapbuild/share/mapbuild/package.bash'
[2.377s] INFO:colcon.colcon_core.shell:Creating package script '/home/zerohzzzz/Documents/RobotNav2/install/mapbuild/share/mapbuild/package.zsh'
[2.379s] Level 1:colcon.colcon_core.environment:create_file_with_runtime_dependencies(/home/zerohzzzz/Documents/RobotNav2/install/mapbuild/share/colcon-core/packages/mapbuild)
[2.381s] Level 1:colcon.colcon_core.environment:checking '/home/zerohzzzz/Documents/RobotNav2/install/map_build' for CMake module files
[2.382s] DEBUG:colcon.colcon_core.event_handler.log_command:Invoked command in '/home/zerohzzzz/Documents/RobotNav2/src/map_build' returned '0': PYTHONPATH=/home/zerohzzzz/Documents/RobotNav2/build/map_build/prefix_override:/usr/lib/python3/dist-packages/colcon_core/task/python/colcon_distutils_commands:/home/zerohzzzz/Documents/RobotNav2/install/map_build/lib/python3.10/site-packages:${PYTHONPATH} /usr/bin/python3 -W ignore:setup.py install is deprecated setup.py egg_info --egg-base ../../build/map_build build --build-base /home/zerohzzzz/Documents/RobotNav2/build/map_build/build install --record /home/zerohzzzz/Documents/RobotNav2/build/map_build/install.log --single-version-externally-managed install_data
[2.382s] Level 1:colcon.colcon_core.environment:checking '/home/zerohzzzz/Documents/RobotNav2/install/map_build' for CMake config files
[2.384s] Level 1:colcon.colcon_core.environment:checking '/home/zerohzzzz/Documents/RobotNav2/install/map_build/lib'
[2.384s] Level 1:colcon.colcon_core.environment:checking '/home/zerohzzzz/Documents/RobotNav2/install/map_build/bin'
[2.384s] Level 1:colcon.colcon_core.environment:checking '/home/zerohzzzz/Documents/RobotNav2/install/map_build/lib/pkgconfig/map_build.pc'
[2.384s] Level 1:colcon.colcon_core.environment:checking '/home/zerohzzzz/Documents/RobotNav2/install/map_build/lib/python3.10/site-packages'
[2.384s] Level 1:colcon.colcon_core.shell:create_environment_hook('map_build', 'pythonpath')
[2.385s] INFO:colcon.colcon_core.shell:Creating environment hook '/home/zerohzzzz/Documents/RobotNav2/install/map_build/share/map_build/hook/pythonpath.ps1'
[2.385s] INFO:colcon.colcon_core.shell:Creating environment descriptor '/home/zerohzzzz/Documents/RobotNav2/install/map_build/share/map_build/hook/pythonpath.dsv'
[2.386s] INFO:colcon.colcon_core.shell:Creating environment hook '/home/zerohzzzz/Documents/RobotNav2/install/map_build/share/map_build/hook/pythonpath.sh'
[2.387s] Level 1:colcon.colcon_core.environment:checking '/home/zerohzzzz/Documents/RobotNav2/install/map_build/bin'
[2.387s] Level 1:colcon.colcon_core.environment:create_environment_scripts_only(map_build)
[2.387s] INFO:colcon.colcon_core.shell:Creating package script '/home/zerohzzzz/Documents/RobotNav2/install/map_build/share/map_build/package.ps1'
[2.388s] INFO:colcon.colcon_core.shell:Creating package descriptor '/home/zerohzzzz/Documents/RobotNav2/install/map_build/share/map_build/package.dsv'
[2.388s] INFO:colcon.colcon_core.shell:Creating package script '/home/zerohzzzz/Documents/RobotNav2/install/map_build/share/map_build/package.sh'
[2.389s] INFO:colcon.colcon_core.shell:Creating package script '/home/zerohzzzz/Documents/RobotNav2/install/map_build/share/map_build/package.bash'
[2.389s] INFO:colcon.colcon_core.shell:Creating package script '/home/zerohzzzz/Documents/RobotNav2/install/map_build/share/map_build/package.zsh'
[2.390s] Level 1:colcon.colcon_core.environment:create_file_with_runtime_dependencies(/home/zerohzzzz/Documents/RobotNav2/install/map_build/share/colcon-core/packages/map_build)
[2.391s] Level 1:colcon.colcon_core.environment:checking '/home/zerohzzzz/Documents/RobotNav2/install/nav' for CMake module files
[2.392s] DEBUG:colcon.colcon_core.event_handler.log_command:Invoked command in '/home/zerohzzzz/Documents/RobotNav2/src/nav' returned '0': PYTHONPATH=/home/zerohzzzz/Documents/RobotNav2/build/nav/prefix_override:/usr/lib/python3/dist-packages/colcon_core/task/python/colcon_distutils_commands:/home/zerohzzzz/Documents/RobotNav2/install/nav/lib/python3.10/site-packages:${PYTHONPATH} /usr/bin/python3 -W ignore:setup.py install is deprecated setup.py egg_info --egg-base ../../build/nav build --build-base /home/zerohzzzz/Documents/RobotNav2/build/nav/build install --record /home/zerohzzzz/Documents/RobotNav2/build/nav/install.log --single-version-externally-managed install_data
[2.393s] Level 1:colcon.colcon_core.environment:checking '/home/zerohzzzz/Documents/RobotNav2/install/nav' for CMake config files
[2.394s] Level 1:colcon.colcon_core.environment:checking '/home/zerohzzzz/Documents/RobotNav2/install/nav/lib'
[2.394s] Level 1:colcon.colcon_core.environment:checking '/home/zerohzzzz/Documents/RobotNav2/install/nav/bin'
[2.394s] Level 1:colcon.colcon_core.environment:checking '/home/zerohzzzz/Documents/RobotNav2/install/nav/lib/pkgconfig/nav.pc'
[2.394s] Level 1:colcon.colcon_core.environment:checking '/home/zerohzzzz/Documents/RobotNav2/install/nav/lib/python3.10/site-packages'
[2.394s] Level 1:colcon.colcon_core.shell:create_environment_hook('nav', 'pythonpath')
[2.395s] INFO:colcon.colcon_core.shell:Creating environment hook '/home/zerohzzzz/Documents/RobotNav2/install/nav/share/nav/hook/pythonpath.ps1'
[2.396s] INFO:colcon.colcon_core.shell:Creating environment descriptor '/home/zerohzzzz/Documents/RobotNav2/install/nav/share/nav/hook/pythonpath.dsv'
[2.396s] INFO:colcon.colcon_core.shell:Creating environment hook '/home/zerohzzzz/Documents/RobotNav2/install/nav/share/nav/hook/pythonpath.sh'
[2.397s] Level 1:colcon.colcon_core.environment:checking '/home/zerohzzzz/Documents/RobotNav2/install/nav/bin'
[2.397s] Level 1:colcon.colcon_core.environment:create_environment_scripts_only(nav)
[2.398s] INFO:colcon.colcon_core.shell:Creating package script '/home/zerohzzzz/Documents/RobotNav2/install/nav/share/nav/package.ps1'
[2.398s] INFO:colcon.colcon_core.shell:Creating package descriptor '/home/zerohzzzz/Documents/RobotNav2/install/nav/share/nav/package.dsv'
[2.399s] INFO:colcon.colcon_core.shell:Creating package script '/home/zerohzzzz/Documents/RobotNav2/install/nav/share/nav/package.sh'
[2.399s] INFO:colcon.colcon_core.shell:Creating package script '/home/zerohzzzz/Documents/RobotNav2/install/nav/share/nav/package.bash'
[2.400s] INFO:colcon.colcon_core.shell:Creating package script '/home/zerohzzzz/Documents/RobotNav2/install/nav/share/nav/package.zsh'
[2.400s] Level 1:colcon.colcon_core.environment:create_file_with_runtime_dependencies(/home/zerohzzzz/Documents/RobotNav2/install/nav/share/colcon-core/packages/nav)
[2.401s] DEBUG:colcon.colcon_parallel_executor.executor.parallel:closing loop
[2.401s] DEBUG:colcon.colcon_parallel_executor.executor.parallel:loop closed
[2.401s] DEBUG:colcon.colcon_parallel_executor.executor.parallel:run_until_complete finished with '0'
[2.401s] DEBUG:colcon.colcon_core.event_reactor:joining thread
[2.410s] INFO:colcon.colcon_core.plugin_system:Skipping extension 'colcon_notification.desktop_notification.notify_send': Could not find 'notify-send'
[2.411s] INFO:colcon.colcon_core.plugin_system:Skipping extension 'colcon_notification.desktop_notification.terminal_notifier': Not used on non-Darwin systems
[2.411s] INFO:colcon.colcon_core.plugin_system:Skipping extension 'colcon_notification.desktop_notification.win32': Not used on non-Windows systems
[2.411s] INFO:colcon.colcon_notification.desktop_notification:Sending desktop notification using 'notify2'
[2.458s] DEBUG:colcon.colcon_core.event_reactor:joined thread
[2.459s] INFO:colcon.colcon_core.shell:Creating prefix script '/home/zerohzzzz/Documents/RobotNav2/install/local_setup.ps1'
[2.461s] INFO:colcon.colcon_core.shell:Creating prefix util module '/home/zerohzzzz/Documents/RobotNav2/install/_local_setup_util_ps1.py'
[2.464s] INFO:colcon.colcon_core.shell:Creating prefix chain script '/home/zerohzzzz/Documents/RobotNav2/install/setup.ps1'
[2.467s] INFO:colcon.colcon_core.shell:Creating prefix script '/home/zerohzzzz/Documents/RobotNav2/install/local_setup.sh'
[2.468s] INFO:colcon.colcon_core.shell:Creating prefix util module '/home/zerohzzzz/Documents/RobotNav2/install/_local_setup_util_sh.py'
[2.469s] INFO:colcon.colcon_core.shell:Creating prefix chain script '/home/zerohzzzz/Documents/RobotNav2/install/setup.sh'
[2.472s] INFO:colcon.colcon_core.shell:Creating prefix script '/home/zerohzzzz/Documents/RobotNav2/install/local_setup.bash'
[2.473s] INFO:colcon.colcon_core.shell:Creating prefix chain script '/home/zerohzzzz/Documents/RobotNav2/install/setup.bash'
[2.476s] INFO:colcon.colcon_core.shell:Creating prefix script '/home/zerohzzzz/Documents/RobotNav2/install/local_setup.zsh'
[2.477s] INFO:colcon.colcon_core.shell:Creating prefix chain script '/home/zerohzzzz/Documents/RobotNav2/install/setup.zsh'
