[0.736s] DEBUG:colcon:Command line arguments: ['/usr/bin/colcon', 'build']
[0.737s] DEBUG:colcon:Parsed command line arguments: Namespace(log_base=None, log_level=None, verb_name='build', build_base='build', install_base='install', merge_install=False, symlink_install=False, test_result_base=None, continue_on_error=False, executor='parallel', parallel_workers=32, event_handlers=None, ignore_user_meta=False, metas=['./colcon.meta'], base_paths=['.'], packages_ignore=None, packages_ignore_regex=None, paths=None, packages_up_to=None, packages_up_to_regex=None, packages_above=None, packages_above_and_dependencies=None, packages_above_depth=None, packages_select_by_dep=None, packages_skip_by_dep=None, packages_skip_up_to=None, packages_select_build_failed=False, packages_skip_build_finished=False, packages_select_test_failures=False, packages_skip_test_passed=False, packages_select=None, packages_skip=None, packages_select_regex=None, packages_skip_regex=None, packages_start=None, packages_end=None, allow_overriding=[], cmake_args=None, cmake_target=None, cmake_target_skip_unavailable=False, cmake_clean_cache=False, cmake_clean_first=False, cmake_force_configure=False, ament_cmake_args=None, catkin_cmake_args=None, catkin_skip_building_tests=False, mixin_files=None, mixin=None, verb_parser=<colcon_mixin.mixin.mixin_argument.MixinArgumentDecorator object at 0x7fed574dd570>, verb_extension=<colcon_core.verb.build.BuildVerb object at 0x7fed5764ebc0>, main=<bound method BuildVerb.main of <colcon_core.verb.build.BuildVerb object at 0x7fed5764ebc0>>, mixin_verb=('build',))
[1.058s] Level 1:colcon.colcon_core.package_discovery:discover_packages(colcon_meta) check parameters
[1.063s] Level 1:colcon.colcon_core.package_discovery:discover_packages(recursive) check parameters
[1.064s] Level 1:colcon.colcon_core.package_discovery:discover_packages(ignore) check parameters
[1.064s] Level 1:colcon.colcon_core.package_discovery:discover_packages(path) check parameters
[1.064s] Level 1:colcon.colcon_core.package_discovery:discover_packages(colcon_meta) discover
[1.065s] Level 1:colcon.colcon_core.package_discovery:discover_packages(recursive) discover
[1.065s] INFO:colcon.colcon_core.package_discovery:Crawling recursively for packages in '/mnt/c/Users/ZeroHzzzz/Desktop/robot'
[1.067s] Level 1:colcon.colcon_core.package_identification:_identify(.) by extensions ['ignore', 'ignore_ament_install']
[1.067s] Level 1:colcon.colcon_core.package_identification:_identify(.) by extension 'ignore'
[1.068s] Level 1:colcon.colcon_core.package_identification:_identify(.) by extension 'ignore_ament_install'
[1.068s] Level 1:colcon.colcon_core.package_identification:_identify(.) by extensions ['colcon_pkg']
[1.069s] Level 1:colcon.colcon_core.package_identification:_identify(.) by extension 'colcon_pkg'
[1.070s] Level 1:colcon.colcon_core.package_identification:_identify(.) by extensions ['colcon_meta']
[1.070s] Level 1:colcon.colcon_core.package_identification:_identify(.) by extension 'colcon_meta'
[1.071s] Level 1:colcon.colcon_core.package_identification:_identify(.) by extensions ['ros']
[1.071s] Level 1:colcon.colcon_core.package_identification:_identify(.) by extension 'ros'
[1.089s] Level 1:colcon.colcon_core.package_identification:_identify(.) by extensions ['cmake', 'python']
[1.092s] Level 1:colcon.colcon_core.package_identification:_identify(.) by extension 'cmake'
[1.097s] Level 1:colcon.colcon_core.package_identification:_identify(.) by extension 'python'
[1.108s] Level 1:colcon.colcon_core.package_identification:_identify(.) by extensions ['python_setup_py']
[1.109s] Level 1:colcon.colcon_core.package_identification:_identify(.) by extension 'python_setup_py'
[1.130s] Level 1:colcon.colcon_core.package_identification:_identify(build) by extensions ['ignore', 'ignore_ament_install']
[1.130s] Level 1:colcon.colcon_core.package_identification:_identify(build) by extension 'ignore'
[1.134s] Level 1:colcon.colcon_core.package_identification:_identify(build) ignored
[1.141s] Level 1:colcon.colcon_core.package_identification:_identify(install) by extensions ['ignore', 'ignore_ament_install']
[1.141s] Level 1:colcon.colcon_core.package_identification:_identify(install) by extension 'ignore'
[1.145s] Level 1:colcon.colcon_core.package_identification:_identify(install) ignored
[1.155s] Level 1:colcon.colcon_core.package_identification:_identify(log) by extensions ['ignore', 'ignore_ament_install']
[1.156s] Level 1:colcon.colcon_core.package_identification:_identify(log) by extension 'ignore'
[1.158s] Level 1:colcon.colcon_core.package_identification:_identify(log) ignored
[1.163s] Level 1:colcon.colcon_core.package_identification:_identify(src) by extensions ['ignore', 'ignore_ament_install']
[1.163s] Level 1:colcon.colcon_core.package_identification:_identify(src) by extension 'ignore'
[1.164s] Level 1:colcon.colcon_core.package_identification:_identify(src) by extension 'ignore_ament_install'
[1.166s] Level 1:colcon.colcon_core.package_identification:_identify(src) by extensions ['colcon_pkg']
[1.167s] Level 1:colcon.colcon_core.package_identification:_identify(src) by extension 'colcon_pkg'
[1.168s] Level 1:colcon.colcon_core.package_identification:_identify(src) by extensions ['colcon_meta']
[1.168s] Level 1:colcon.colcon_core.package_identification:_identify(src) by extension 'colcon_meta'
[1.170s] Level 1:colcon.colcon_core.package_identification:_identify(src) by extensions ['ros']
[1.170s] Level 1:colcon.colcon_core.package_identification:_identify(src) by extension 'ros'
[1.176s] Level 1:colcon.colcon_core.package_identification:_identify(src) by extensions ['cmake', 'python']
[1.176s] Level 1:colcon.colcon_core.package_identification:_identify(src) by extension 'cmake'
[1.178s] Level 1:colcon.colcon_core.package_identification:_identify(src) by extension 'python'
[1.179s] Level 1:colcon.colcon_core.package_identification:_identify(src) by extensions ['python_setup_py']
[1.179s] Level 1:colcon.colcon_core.package_identification:_identify(src) by extension 'python_setup_py'
[1.186s] Level 1:colcon.colcon_core.package_identification:_identify(src/csm) by extensions ['ignore', 'ignore_ament_install']
[1.187s] Level 1:colcon.colcon_core.package_identification:_identify(src/csm) by extension 'ignore'
[1.189s] Level 1:colcon.colcon_core.package_identification:_identify(src/csm) by extension 'ignore_ament_install'
[1.194s] Level 1:colcon.colcon_core.package_identification:_identify(src/csm) by extensions ['colcon_pkg']
[1.194s] Level 1:colcon.colcon_core.package_identification:_identify(src/csm) by extension 'colcon_pkg'
[1.196s] Level 1:colcon.colcon_core.package_identification:_identify(src/csm) by extensions ['colcon_meta']
[1.196s] Level 1:colcon.colcon_core.package_identification:_identify(src/csm) by extension 'colcon_meta'
[1.199s] Level 1:colcon.colcon_core.package_identification:_identify(src/csm) by extensions ['ros']
[1.199s] Level 1:colcon.colcon_core.package_identification:_identify(src/csm) by extension 'ros'
[1.220s] DEBUG:colcon.colcon_core.package_identification:Package 'src/csm' with type 'ros.ament_cmake' and name 'csm'
[1.225s] Level 1:colcon.colcon_core.package_identification:_identify(src/nav) by extensions ['ignore', 'ignore_ament_install']
[1.226s] Level 1:colcon.colcon_core.package_identification:_identify(src/nav) by extension 'ignore'
[1.227s] Level 1:colcon.colcon_core.package_identification:_identify(src/nav) by extension 'ignore_ament_install'
[1.230s] Level 1:colcon.colcon_core.package_identification:_identify(src/nav) by extensions ['colcon_pkg']
[1.230s] Level 1:colcon.colcon_core.package_identification:_identify(src/nav) by extension 'colcon_pkg'
[1.232s] Level 1:colcon.colcon_core.package_identification:_identify(src/nav) by extensions ['colcon_meta']
[1.232s] Level 1:colcon.colcon_core.package_identification:_identify(src/nav) by extension 'colcon_meta'
[1.235s] Level 1:colcon.colcon_core.package_identification:_identify(src/nav) by extensions ['ros']
[1.235s] Level 1:colcon.colcon_core.package_identification:_identify(src/nav) by extension 'ros'
[1.252s] DEBUG:colcon.colcon_core.package_identification:Package 'src/nav' with type 'ros.ament_python' and name 'nav'
[1.257s] Level 1:colcon.colcon_core.package_identification:_identify(src/ros2_laser_scan_matcher) by extensions ['ignore', 'ignore_ament_install']
[1.257s] Level 1:colcon.colcon_core.package_identification:_identify(src/ros2_laser_scan_matcher) by extension 'ignore'
[1.259s] Level 1:colcon.colcon_core.package_identification:_identify(src/ros2_laser_scan_matcher) by extension 'ignore_ament_install'
[1.262s] Level 1:colcon.colcon_core.package_identification:_identify(src/ros2_laser_scan_matcher) by extensions ['colcon_pkg']
[1.262s] Level 1:colcon.colcon_core.package_identification:_identify(src/ros2_laser_scan_matcher) by extension 'colcon_pkg'
[1.263s] Level 1:colcon.colcon_core.package_identification:_identify(src/ros2_laser_scan_matcher) by extensions ['colcon_meta']
[1.264s] Level 1:colcon.colcon_core.package_identification:_identify(src/ros2_laser_scan_matcher) by extension 'colcon_meta'
[1.266s] Level 1:colcon.colcon_core.package_identification:_identify(src/ros2_laser_scan_matcher) by extensions ['ros']
[1.266s] Level 1:colcon.colcon_core.package_identification:_identify(src/ros2_laser_scan_matcher) by extension 'ros'
[1.280s] DEBUG:colcon.colcon_core.package_identification:Package 'src/ros2_laser_scan_matcher' with type 'ros.ament_cmake' and name 'ros2_laser_scan_matcher'
[1.280s] Level 1:colcon.colcon_core.package_discovery:discover_packages(recursive) using defaults
[1.281s] Level 1:colcon.colcon_core.package_discovery:discover_packages(ignore) discover
[1.281s] Level 1:colcon.colcon_core.package_discovery:discover_packages(ignore) using defaults
[1.281s] Level 1:colcon.colcon_core.package_discovery:discover_packages(path) discover
[1.282s] Level 1:colcon.colcon_core.package_discovery:discover_packages(path) using defaults
[1.348s] Level 1:colcon.colcon_core.package_discovery:discover_packages(prefix_path) check parameters
[1.348s] Level 1:colcon.colcon_core.package_discovery:discover_packages(prefix_path) discover
[1.417s] DEBUG:colcon.colcon_installed_package_information.package_discovery:Found 3 installed packages in /mnt/c/Users/ZeroHzzzz/Desktop/robot/install
[1.419s] DEBUG:colcon.colcon_installed_package_information.package_discovery:Found 323 installed packages in /opt/ros/humble
[1.421s] Level 1:colcon.colcon_core.package_discovery:discover_packages(prefix_path) using defaults
[1.494s] Level 5:colcon.colcon_core.verb:set package 'csm' build argument 'cmake_args' from command line to 'None'
[1.494s] Level 5:colcon.colcon_core.verb:set package 'csm' build argument 'cmake_target' from command line to 'None'
[1.495s] Level 5:colcon.colcon_core.verb:set package 'csm' build argument 'cmake_target_skip_unavailable' from command line to 'False'
[1.495s] Level 5:colcon.colcon_core.verb:set package 'csm' build argument 'cmake_clean_cache' from command line to 'False'
[1.495s] Level 5:colcon.colcon_core.verb:set package 'csm' build argument 'cmake_clean_first' from command line to 'False'
[1.496s] Level 5:colcon.colcon_core.verb:set package 'csm' build argument 'cmake_force_configure' from command line to 'False'
[1.496s] Level 5:colcon.colcon_core.verb:set package 'csm' build argument 'ament_cmake_args' from command line to 'None'
[1.496s] Level 5:colcon.colcon_core.verb:set package 'csm' build argument 'catkin_cmake_args' from command line to 'None'
[1.496s] Level 5:colcon.colcon_core.verb:set package 'csm' build argument 'catkin_skip_building_tests' from command line to 'False'
[1.497s] DEBUG:colcon.colcon_core.verb:Building package 'csm' with the following arguments: {'ament_cmake_args': None, 'build_base': '/mnt/c/Users/ZeroHzzzz/Desktop/robot/build/csm', 'catkin_cmake_args': None, 'catkin_skip_building_tests': False, 'cmake_args': None, 'cmake_clean_cache': False, 'cmake_clean_first': False, 'cmake_force_configure': False, 'cmake_target': None, 'cmake_target_skip_unavailable': False, 'install_base': '/mnt/c/Users/ZeroHzzzz/Desktop/robot/install/csm', 'merge_install': False, 'path': '/mnt/c/Users/ZeroHzzzz/Desktop/robot/src/csm', 'symlink_install': False, 'test_result_base': None}
[1.498s] Level 5:colcon.colcon_core.verb:set package 'ros2_laser_scan_matcher' build argument 'cmake_args' from command line to 'None'
[1.502s] Level 5:colcon.colcon_core.verb:set package 'ros2_laser_scan_matcher' build argument 'cmake_target' from command line to 'None'
[1.503s] Level 5:colcon.colcon_core.verb:set package 'ros2_laser_scan_matcher' build argument 'cmake_target_skip_unavailable' from command line to 'False'
[1.503s] Level 5:colcon.colcon_core.verb:set package 'ros2_laser_scan_matcher' build argument 'cmake_clean_cache' from command line to 'False'
[1.504s] Level 5:colcon.colcon_core.verb:set package 'ros2_laser_scan_matcher' build argument 'cmake_clean_first' from command line to 'False'
[1.505s] Level 5:colcon.colcon_core.verb:set package 'ros2_laser_scan_matcher' build argument 'cmake_force_configure' from command line to 'False'
[1.505s] Level 5:colcon.colcon_core.verb:set package 'ros2_laser_scan_matcher' build argument 'ament_cmake_args' from command line to 'None'
[1.506s] Level 5:colcon.colcon_core.verb:set package 'ros2_laser_scan_matcher' build argument 'catkin_cmake_args' from command line to 'None'
[1.506s] Level 5:colcon.colcon_core.verb:set package 'ros2_laser_scan_matcher' build argument 'catkin_skip_building_tests' from command line to 'False'
[1.507s] DEBUG:colcon.colcon_core.verb:Building package 'ros2_laser_scan_matcher' with the following arguments: {'ament_cmake_args': None, 'build_base': '/mnt/c/Users/ZeroHzzzz/Desktop/robot/build/ros2_laser_scan_matcher', 'catkin_cmake_args': None, 'catkin_skip_building_tests': False, 'cmake_args': None, 'cmake_clean_cache': False, 'cmake_clean_first': False, 'cmake_force_configure': False, 'cmake_target': None, 'cmake_target_skip_unavailable': False, 'install_base': '/mnt/c/Users/ZeroHzzzz/Desktop/robot/install/ros2_laser_scan_matcher', 'merge_install': False, 'path': '/mnt/c/Users/ZeroHzzzz/Desktop/robot/src/ros2_laser_scan_matcher', 'symlink_install': False, 'test_result_base': None}
[1.509s] Level 5:colcon.colcon_core.verb:set package 'nav' build argument 'cmake_args' from command line to 'None'
[1.510s] Level 5:colcon.colcon_core.verb:set package 'nav' build argument 'cmake_target' from command line to 'None'
[1.511s] Level 5:colcon.colcon_core.verb:set package 'nav' build argument 'cmake_target_skip_unavailable' from command line to 'False'
[1.512s] Level 5:colcon.colcon_core.verb:set package 'nav' build argument 'cmake_clean_cache' from command line to 'False'
[1.512s] Level 5:colcon.colcon_core.verb:set package 'nav' build argument 'cmake_clean_first' from command line to 'False'
[1.513s] Level 5:colcon.colcon_core.verb:set package 'nav' build argument 'cmake_force_configure' from command line to 'False'
[1.514s] Level 5:colcon.colcon_core.verb:set package 'nav' build argument 'ament_cmake_args' from command line to 'None'
[1.514s] Level 5:colcon.colcon_core.verb:set package 'nav' build argument 'catkin_cmake_args' from command line to 'None'
[1.517s] Level 5:colcon.colcon_core.verb:set package 'nav' build argument 'catkin_skip_building_tests' from command line to 'False'
[1.518s] DEBUG:colcon.colcon_core.verb:Building package 'nav' with the following arguments: {'ament_cmake_args': None, 'build_base': '/mnt/c/Users/ZeroHzzzz/Desktop/robot/build/nav', 'catkin_cmake_args': None, 'catkin_skip_building_tests': False, 'cmake_args': None, 'cmake_clean_cache': False, 'cmake_clean_first': False, 'cmake_force_configure': False, 'cmake_target': None, 'cmake_target_skip_unavailable': False, 'install_base': '/mnt/c/Users/ZeroHzzzz/Desktop/robot/install/nav', 'merge_install': False, 'path': '/mnt/c/Users/ZeroHzzzz/Desktop/robot/src/nav', 'symlink_install': False, 'test_result_base': None}
[1.518s] INFO:colcon.colcon_core.executor:Executing jobs using 'parallel' executor
[1.521s] DEBUG:colcon.colcon_parallel_executor.executor.parallel:run_until_complete
[1.522s] INFO:colcon.colcon_ros.task.ament_cmake.build:Building ROS package in '/mnt/c/Users/ZeroHzzzz/Desktop/robot/src/csm' with build type 'ament_cmake'
[1.523s] INFO:colcon.colcon_cmake.task.cmake.build:Building CMake package in '/mnt/c/Users/ZeroHzzzz/Desktop/robot/src/csm'
[1.537s] INFO:colcon.colcon_core.plugin_system:Skipping extension 'colcon_core.shell.bat': Not used on non-Windows systems
[1.538s] INFO:colcon.colcon_core.shell:Skip shell extension 'powershell' for command environment: Not usable outside of PowerShell
[1.539s] DEBUG:colcon.colcon_core.shell:Skip shell extension 'dsv' for command environment
[1.764s] DEBUG:colcon.colcon_core.event_handler.log_command:Invoking command in '/mnt/c/Users/ZeroHzzzz/Desktop/robot/build/csm': CMAKE_PREFIX_PATH=${CMAKE_PREFIX_PATH}:/mnt/c/Users/ZeroHzzzz/Desktop/robot/install/nav:/opt/ros/humble /usr/bin/cmake --build /mnt/c/Users/ZeroHzzzz/Desktop/robot/build/csm -- -j32 -l32
[4.214s] DEBUG:colcon.colcon_core.event_handler.log_command:Invoked command in '/mnt/c/Users/ZeroHzzzz/Desktop/robot/build/csm' returned '0': CMAKE_PREFIX_PATH=${CMAKE_PREFIX_PATH}:/mnt/c/Users/ZeroHzzzz/Desktop/robot/install/nav:/opt/ros/humble /usr/bin/cmake --build /mnt/c/Users/ZeroHzzzz/Desktop/robot/build/csm -- -j32 -l32
[8.355s] DEBUG:colcon.colcon_core.event_handler.log_command:Invoking command in '/mnt/c/Users/ZeroHzzzz/Desktop/robot/build/csm': CMAKE_PREFIX_PATH=${CMAKE_PREFIX_PATH}:/mnt/c/Users/ZeroHzzzz/Desktop/robot/install/nav:/opt/ros/humble /usr/bin/cmake --install /mnt/c/Users/ZeroHzzzz/Desktop/robot/build/csm
[10.182s] Level 1:colcon.colcon_core.environment:create_environment_scripts_only(csm)
[10.185s] DEBUG:colcon.colcon_core.event_handler.log_command:Invoked command in '/mnt/c/Users/ZeroHzzzz/Desktop/robot/build/csm' returned '0': CMAKE_PREFIX_PATH=${CMAKE_PREFIX_PATH}:/mnt/c/Users/ZeroHzzzz/Desktop/robot/install/nav:/opt/ros/humble /usr/bin/cmake --install /mnt/c/Users/ZeroHzzzz/Desktop/robot/build/csm
[10.199s] Level 1:colcon.colcon_core.environment:checking '/mnt/c/Users/ZeroHzzzz/Desktop/robot/install/csm' for CMake module files
[10.338s] Level 1:colcon.colcon_core.environment:checking '/mnt/c/Users/ZeroHzzzz/Desktop/robot/install/csm' for CMake config files
[10.479s] Level 1:colcon.colcon_core.shell:create_environment_hook('csm', 'cmake_prefix_path')
[10.480s] INFO:colcon.colcon_core.shell:Creating environment hook '/mnt/c/Users/ZeroHzzzz/Desktop/robot/install/csm/share/csm/hook/cmake_prefix_path.ps1'
[10.502s] INFO:colcon.colcon_core.shell:Creating environment descriptor '/mnt/c/Users/ZeroHzzzz/Desktop/robot/install/csm/share/csm/hook/cmake_prefix_path.dsv'
[10.517s] INFO:colcon.colcon_core.shell:Creating environment hook '/mnt/c/Users/ZeroHzzzz/Desktop/robot/install/csm/share/csm/hook/cmake_prefix_path.sh'
[10.554s] Level 1:colcon.colcon_core.environment:checking '/mnt/c/Users/ZeroHzzzz/Desktop/robot/install/csm/lib'
[10.557s] Level 1:colcon.colcon_core.shell:create_environment_hook('csm', 'ld_library_path_lib')
[10.558s] INFO:colcon.colcon_core.shell:Creating environment hook '/mnt/c/Users/ZeroHzzzz/Desktop/robot/install/csm/share/csm/hook/ld_library_path_lib.ps1'
[10.567s] INFO:colcon.colcon_core.shell:Creating environment descriptor '/mnt/c/Users/ZeroHzzzz/Desktop/robot/install/csm/share/csm/hook/ld_library_path_lib.dsv'
[10.577s] INFO:colcon.colcon_core.shell:Creating environment hook '/mnt/c/Users/ZeroHzzzz/Desktop/robot/install/csm/share/csm/hook/ld_library_path_lib.sh'
[10.586s] Level 1:colcon.colcon_core.environment:checking '/mnt/c/Users/ZeroHzzzz/Desktop/robot/install/csm/bin'
[10.588s] Level 1:colcon.colcon_core.environment:checking '/mnt/c/Users/ZeroHzzzz/Desktop/robot/install/csm/lib/pkgconfig/csm.pc'
[10.591s] Level 1:colcon.colcon_core.environment:checking '/mnt/c/Users/ZeroHzzzz/Desktop/robot/install/csm/lib/python3.10/site-packages'
[10.595s] Level 1:colcon.colcon_core.environment:checking '/mnt/c/Users/ZeroHzzzz/Desktop/robot/install/csm/bin'
[10.598s] INFO:colcon.colcon_core.shell:Creating package script '/mnt/c/Users/ZeroHzzzz/Desktop/robot/install/csm/share/csm/package.ps1'
[10.624s] INFO:colcon.colcon_core.shell:Creating package descriptor '/mnt/c/Users/ZeroHzzzz/Desktop/robot/install/csm/share/csm/package.dsv'
[10.641s] INFO:colcon.colcon_core.shell:Creating package script '/mnt/c/Users/ZeroHzzzz/Desktop/robot/install/csm/share/csm/package.sh'
[10.656s] INFO:colcon.colcon_core.shell:Creating package script '/mnt/c/Users/ZeroHzzzz/Desktop/robot/install/csm/share/csm/package.bash'
[10.667s] INFO:colcon.colcon_core.shell:Creating package script '/mnt/c/Users/ZeroHzzzz/Desktop/robot/install/csm/share/csm/package.zsh'
[10.679s] Level 1:colcon.colcon_core.environment:create_file_with_runtime_dependencies(/mnt/c/Users/ZeroHzzzz/Desktop/robot/install/csm/share/colcon-core/packages/csm)
[14.070s] Level 1:colcon.colcon_core.environment:create_environment_scripts_only(csm)
[14.070s] Level 1:colcon.colcon_core.environment:checking '/mnt/c/Users/ZeroHzzzz/Desktop/robot/install/csm' for CMake module files
[14.185s] Level 1:colcon.colcon_core.environment:checking '/mnt/c/Users/ZeroHzzzz/Desktop/robot/install/csm' for CMake config files
[14.343s] Level 1:colcon.colcon_core.shell:create_environment_hook('csm', 'cmake_prefix_path')
[14.343s] INFO:colcon.colcon_core.shell:Creating environment hook '/mnt/c/Users/ZeroHzzzz/Desktop/robot/install/csm/share/csm/hook/cmake_prefix_path.ps1'
[14.373s] INFO:colcon.colcon_core.shell:Creating environment descriptor '/mnt/c/Users/ZeroHzzzz/Desktop/robot/install/csm/share/csm/hook/cmake_prefix_path.dsv'
[14.392s] INFO:colcon.colcon_core.shell:Creating environment hook '/mnt/c/Users/ZeroHzzzz/Desktop/robot/install/csm/share/csm/hook/cmake_prefix_path.sh'
[14.413s] Level 1:colcon.colcon_core.environment:checking '/mnt/c/Users/ZeroHzzzz/Desktop/robot/install/csm/lib'
[14.417s] Level 1:colcon.colcon_core.shell:create_environment_hook('csm', 'ld_library_path_lib')
[14.418s] INFO:colcon.colcon_core.shell:Creating environment hook '/mnt/c/Users/ZeroHzzzz/Desktop/robot/install/csm/share/csm/hook/ld_library_path_lib.ps1'
[14.431s] INFO:colcon.colcon_core.shell:Creating environment descriptor '/mnt/c/Users/ZeroHzzzz/Desktop/robot/install/csm/share/csm/hook/ld_library_path_lib.dsv'
[14.442s] INFO:colcon.colcon_core.shell:Creating environment hook '/mnt/c/Users/ZeroHzzzz/Desktop/robot/install/csm/share/csm/hook/ld_library_path_lib.sh'
[14.453s] Level 1:colcon.colcon_core.environment:checking '/mnt/c/Users/ZeroHzzzz/Desktop/robot/install/csm/bin'
[14.454s] Level 1:colcon.colcon_core.environment:checking '/mnt/c/Users/ZeroHzzzz/Desktop/robot/install/csm/lib/pkgconfig/csm.pc'
[14.456s] Level 1:colcon.colcon_core.environment:checking '/mnt/c/Users/ZeroHzzzz/Desktop/robot/install/csm/lib/python3.10/site-packages'
[14.457s] Level 1:colcon.colcon_core.environment:checking '/mnt/c/Users/ZeroHzzzz/Desktop/robot/install/csm/bin'
[14.458s] INFO:colcon.colcon_core.shell:Creating package script '/mnt/c/Users/ZeroHzzzz/Desktop/robot/install/csm/share/csm/package.ps1'
[14.467s] INFO:colcon.colcon_core.shell:Creating package descriptor '/mnt/c/Users/ZeroHzzzz/Desktop/robot/install/csm/share/csm/package.dsv'
[14.476s] INFO:colcon.colcon_core.shell:Creating package script '/mnt/c/Users/ZeroHzzzz/Desktop/robot/install/csm/share/csm/package.sh'
[14.485s] INFO:colcon.colcon_core.shell:Creating package script '/mnt/c/Users/ZeroHzzzz/Desktop/robot/install/csm/share/csm/package.bash'
[14.494s] INFO:colcon.colcon_core.shell:Creating package script '/mnt/c/Users/ZeroHzzzz/Desktop/robot/install/csm/share/csm/package.zsh'
[14.504s] Level 1:colcon.colcon_core.environment:create_file_with_runtime_dependencies(/mnt/c/Users/ZeroHzzzz/Desktop/robot/install/csm/share/colcon-core/packages/csm)
[14.512s] INFO:colcon.colcon_ros.task.ament_cmake.build:Building ROS package in '/mnt/c/Users/ZeroHzzzz/Desktop/robot/src/ros2_laser_scan_matcher' with build type 'ament_cmake'
[14.513s] INFO:colcon.colcon_cmake.task.cmake.build:Building CMake package in '/mnt/c/Users/ZeroHzzzz/Desktop/robot/src/ros2_laser_scan_matcher'
[14.513s] INFO:colcon.colcon_core.shell:Skip shell extension 'powershell' for command environment: Not usable outside of PowerShell
[14.513s] DEBUG:colcon.colcon_core.shell:Skip shell extension 'dsv' for command environment
[15.426s] DEBUG:colcon.colcon_core.event_handler.log_command:Invoking command in '/mnt/c/Users/ZeroHzzzz/Desktop/robot/build/ros2_laser_scan_matcher': CMAKE_PREFIX_PATH=/mnt/c/Users/ZeroHzzzz/Desktop/robot/install/csm:/mnt/c/Users/ZeroHzzzz/Desktop/robot/install/ros2_laser_scan_matcher:/mnt/c/Users/ZeroHzzzz/Desktop/robot/install/nav:/opt/ros/humble /usr/bin/cmake --build /mnt/c/Users/ZeroHzzzz/Desktop/robot/build/ros2_laser_scan_matcher -- -j32 -l32
[16.682s] DEBUG:colcon.colcon_core.event_handler.log_command:Invoked command in '/mnt/c/Users/ZeroHzzzz/Desktop/robot/build/ros2_laser_scan_matcher' returned '0': CMAKE_PREFIX_PATH=/mnt/c/Users/ZeroHzzzz/Desktop/robot/install/csm:/mnt/c/Users/ZeroHzzzz/Desktop/robot/install/ros2_laser_scan_matcher:/mnt/c/Users/ZeroHzzzz/Desktop/robot/install/nav:/opt/ros/humble /usr/bin/cmake --build /mnt/c/Users/ZeroHzzzz/Desktop/robot/build/ros2_laser_scan_matcher -- -j32 -l32
[17.327s] DEBUG:colcon.colcon_core.event_handler.log_command:Invoking command in '/mnt/c/Users/ZeroHzzzz/Desktop/robot/build/ros2_laser_scan_matcher': CMAKE_PREFIX_PATH=/mnt/c/Users/ZeroHzzzz/Desktop/robot/install/csm:/mnt/c/Users/ZeroHzzzz/Desktop/robot/install/ros2_laser_scan_matcher:/mnt/c/Users/ZeroHzzzz/Desktop/robot/install/nav:/opt/ros/humble /usr/bin/cmake --install /mnt/c/Users/ZeroHzzzz/Desktop/robot/build/ros2_laser_scan_matcher
[18.043s] Level 1:colcon.colcon_core.environment:create_environment_scripts_only(ros2_laser_scan_matcher)
[18.043s] Level 1:colcon.colcon_core.environment:checking '/mnt/c/Users/ZeroHzzzz/Desktop/robot/install/ros2_laser_scan_matcher' for CMake module files
[18.045s] DEBUG:colcon.colcon_core.event_handler.log_command:Invoked command in '/mnt/c/Users/ZeroHzzzz/Desktop/robot/build/ros2_laser_scan_matcher' returned '0': CMAKE_PREFIX_PATH=/mnt/c/Users/ZeroHzzzz/Desktop/robot/install/csm:/mnt/c/Users/ZeroHzzzz/Desktop/robot/install/ros2_laser_scan_matcher:/mnt/c/Users/ZeroHzzzz/Desktop/robot/install/nav:/opt/ros/humble /usr/bin/cmake --install /mnt/c/Users/ZeroHzzzz/Desktop/robot/build/ros2_laser_scan_matcher
[18.132s] Level 1:colcon.colcon_core.environment:checking '/mnt/c/Users/ZeroHzzzz/Desktop/robot/install/ros2_laser_scan_matcher' for CMake config files
[18.208s] Level 1:colcon.colcon_core.shell:create_environment_hook('ros2_laser_scan_matcher', 'cmake_prefix_path')
[18.209s] INFO:colcon.colcon_core.shell:Creating environment hook '/mnt/c/Users/ZeroHzzzz/Desktop/robot/install/ros2_laser_scan_matcher/share/ros2_laser_scan_matcher/hook/cmake_prefix_path.ps1'
[18.232s] INFO:colcon.colcon_core.shell:Creating environment descriptor '/mnt/c/Users/ZeroHzzzz/Desktop/robot/install/ros2_laser_scan_matcher/share/ros2_laser_scan_matcher/hook/cmake_prefix_path.dsv'
[18.256s] INFO:colcon.colcon_core.shell:Creating environment hook '/mnt/c/Users/ZeroHzzzz/Desktop/robot/install/ros2_laser_scan_matcher/share/ros2_laser_scan_matcher/hook/cmake_prefix_path.sh'
[18.287s] Level 1:colcon.colcon_core.environment:checking '/mnt/c/Users/ZeroHzzzz/Desktop/robot/install/ros2_laser_scan_matcher/lib'
[18.297s] Level 1:colcon.colcon_core.environment:checking '/mnt/c/Users/ZeroHzzzz/Desktop/robot/install/ros2_laser_scan_matcher/bin'
[18.299s] Level 1:colcon.colcon_core.environment:checking '/mnt/c/Users/ZeroHzzzz/Desktop/robot/install/ros2_laser_scan_matcher/lib/pkgconfig/ros2_laser_scan_matcher.pc'
[18.302s] Level 1:colcon.colcon_core.environment:checking '/mnt/c/Users/ZeroHzzzz/Desktop/robot/install/ros2_laser_scan_matcher/lib/python3.10/site-packages'
[18.305s] Level 1:colcon.colcon_core.environment:checking '/mnt/c/Users/ZeroHzzzz/Desktop/robot/install/ros2_laser_scan_matcher/bin'
[18.308s] INFO:colcon.colcon_core.shell:Creating package script '/mnt/c/Users/ZeroHzzzz/Desktop/robot/install/ros2_laser_scan_matcher/share/ros2_laser_scan_matcher/package.ps1'
[18.329s] INFO:colcon.colcon_core.shell:Creating package descriptor '/mnt/c/Users/ZeroHzzzz/Desktop/robot/install/ros2_laser_scan_matcher/share/ros2_laser_scan_matcher/package.dsv'
[18.354s] INFO:colcon.colcon_core.shell:Creating package script '/mnt/c/Users/ZeroHzzzz/Desktop/robot/install/ros2_laser_scan_matcher/share/ros2_laser_scan_matcher/package.sh'
[18.381s] INFO:colcon.colcon_core.shell:Creating package script '/mnt/c/Users/ZeroHzzzz/Desktop/robot/install/ros2_laser_scan_matcher/share/ros2_laser_scan_matcher/package.bash'
[18.403s] INFO:colcon.colcon_core.shell:Creating package script '/mnt/c/Users/ZeroHzzzz/Desktop/robot/install/ros2_laser_scan_matcher/share/ros2_laser_scan_matcher/package.zsh'
[18.422s] Level 1:colcon.colcon_core.environment:create_file_with_runtime_dependencies(/mnt/c/Users/ZeroHzzzz/Desktop/robot/install/ros2_laser_scan_matcher/share/colcon-core/packages/ros2_laser_scan_matcher)
[19.195s] Level 1:colcon.colcon_core.environment:create_environment_scripts_only(ros2_laser_scan_matcher)
[19.196s] Level 1:colcon.colcon_core.environment:checking '/mnt/c/Users/ZeroHzzzz/Desktop/robot/install/ros2_laser_scan_matcher' for CMake module files
[19.273s] Level 1:colcon.colcon_core.environment:checking '/mnt/c/Users/ZeroHzzzz/Desktop/robot/install/ros2_laser_scan_matcher' for CMake config files
[19.327s] Level 1:colcon.colcon_core.shell:create_environment_hook('ros2_laser_scan_matcher', 'cmake_prefix_path')
[19.328s] INFO:colcon.colcon_core.shell:Creating environment hook '/mnt/c/Users/ZeroHzzzz/Desktop/robot/install/ros2_laser_scan_matcher/share/ros2_laser_scan_matcher/hook/cmake_prefix_path.ps1'
[19.352s] INFO:colcon.colcon_core.shell:Creating environment descriptor '/mnt/c/Users/ZeroHzzzz/Desktop/robot/install/ros2_laser_scan_matcher/share/ros2_laser_scan_matcher/hook/cmake_prefix_path.dsv'
[19.374s] INFO:colcon.colcon_core.shell:Creating environment hook '/mnt/c/Users/ZeroHzzzz/Desktop/robot/install/ros2_laser_scan_matcher/share/ros2_laser_scan_matcher/hook/cmake_prefix_path.sh'
[19.402s] Level 1:colcon.colcon_core.environment:checking '/mnt/c/Users/ZeroHzzzz/Desktop/robot/install/ros2_laser_scan_matcher/lib'
[19.410s] Level 1:colcon.colcon_core.environment:checking '/mnt/c/Users/ZeroHzzzz/Desktop/robot/install/ros2_laser_scan_matcher/bin'
[19.413s] Level 1:colcon.colcon_core.environment:checking '/mnt/c/Users/ZeroHzzzz/Desktop/robot/install/ros2_laser_scan_matcher/lib/pkgconfig/ros2_laser_scan_matcher.pc'
[19.417s] Level 1:colcon.colcon_core.environment:checking '/mnt/c/Users/ZeroHzzzz/Desktop/robot/install/ros2_laser_scan_matcher/lib/python3.10/site-packages'
[19.421s] Level 1:colcon.colcon_core.environment:checking '/mnt/c/Users/ZeroHzzzz/Desktop/robot/install/ros2_laser_scan_matcher/bin'
[19.423s] INFO:colcon.colcon_core.shell:Creating package script '/mnt/c/Users/ZeroHzzzz/Desktop/robot/install/ros2_laser_scan_matcher/share/ros2_laser_scan_matcher/package.ps1'
[19.450s] INFO:colcon.colcon_core.shell:Creating package descriptor '/mnt/c/Users/ZeroHzzzz/Desktop/robot/install/ros2_laser_scan_matcher/share/ros2_laser_scan_matcher/package.dsv'
[19.475s] INFO:colcon.colcon_core.shell:Creating package script '/mnt/c/Users/ZeroHzzzz/Desktop/robot/install/ros2_laser_scan_matcher/share/ros2_laser_scan_matcher/package.sh'
[19.502s] INFO:colcon.colcon_core.shell:Creating package script '/mnt/c/Users/ZeroHzzzz/Desktop/robot/install/ros2_laser_scan_matcher/share/ros2_laser_scan_matcher/package.bash'
[19.523s] INFO:colcon.colcon_core.shell:Creating package script '/mnt/c/Users/ZeroHzzzz/Desktop/robot/install/ros2_laser_scan_matcher/share/ros2_laser_scan_matcher/package.zsh'
[19.535s] Level 1:colcon.colcon_core.environment:create_file_with_runtime_dependencies(/mnt/c/Users/ZeroHzzzz/Desktop/robot/install/ros2_laser_scan_matcher/share/colcon-core/packages/ros2_laser_scan_matcher)
[19.550s] INFO:colcon.colcon_ros.task.ament_python.build:Building ROS package in '/mnt/c/Users/ZeroHzzzz/Desktop/robot/src/nav' with build type 'ament_python'
[19.552s] Level 1:colcon.colcon_core.shell:create_environment_hook('nav', 'ament_prefix_path')
[19.552s] INFO:colcon.colcon_core.shell:Creating environment hook '/mnt/c/Users/ZeroHzzzz/Desktop/robot/install/nav/share/nav/hook/ament_prefix_path.ps1'
[19.599s] INFO:colcon.colcon_core.shell:Creating environment descriptor '/mnt/c/Users/ZeroHzzzz/Desktop/robot/install/nav/share/nav/hook/ament_prefix_path.dsv'
[19.626s] INFO:colcon.colcon_core.shell:Creating environment hook '/mnt/c/Users/ZeroHzzzz/Desktop/robot/install/nav/share/nav/hook/ament_prefix_path.sh'
[19.658s] INFO:colcon.colcon_core.shell:Skip shell extension 'powershell' for command environment: Not usable outside of PowerShell
[19.658s] DEBUG:colcon.colcon_core.shell:Skip shell extension 'dsv' for command environment
[21.233s] INFO:colcon.colcon_core.task.python.build:Building Python package in '/mnt/c/Users/ZeroHzzzz/Desktop/robot/src/nav'
[21.234s] INFO:colcon.colcon_core.shell:Skip shell extension 'powershell' for command environment: Not usable outside of PowerShell
[21.234s] DEBUG:colcon.colcon_core.shell:Skip shell extension 'dsv' for command environment
[22.882s] DEBUG:colcon.colcon_core.event_handler.log_command:Invoking command in '/mnt/c/Users/ZeroHzzzz/Desktop/robot/src/nav': PYTHONPATH=/mnt/c/Users/ZeroHzzzz/Desktop/robot/build/nav/prefix_override:/usr/lib/python3/dist-packages/colcon_core/task/python/colcon_distutils_commands:/mnt/c/Users/ZeroHzzzz/Desktop/robot/install/nav/lib/python3.10/site-packages:${PYTHONPATH} /usr/bin/python3 -W ignore:setup.py install is deprecated setup.py egg_info --egg-base ../../build/nav build --build-base /mnt/c/Users/ZeroHzzzz/Desktop/robot/build/nav/build install --record /mnt/c/Users/ZeroHzzzz/Desktop/robot/build/nav/install.log --single-version-externally-managed install_data
[24.156s] DEBUG:colcon.colcon_core.event_handler.log_command:Invoked command in '/mnt/c/Users/ZeroHzzzz/Desktop/robot/src/nav' returned '1': PYTHONPATH=/mnt/c/Users/ZeroHzzzz/Desktop/robot/build/nav/prefix_override:/usr/lib/python3/dist-packages/colcon_core/task/python/colcon_distutils_commands:/mnt/c/Users/ZeroHzzzz/Desktop/robot/install/nav/lib/python3.10/site-packages:${PYTHONPATH} /usr/bin/python3 -W ignore:setup.py install is deprecated setup.py egg_info --egg-base ../../build/nav build --build-base /mnt/c/Users/ZeroHzzzz/Desktop/robot/build/nav/build install --record /mnt/c/Users/ZeroHzzzz/Desktop/robot/build/nav/install.log --single-version-externally-managed install_data
[24.165s] DEBUG:colcon.colcon_parallel_executor.executor.parallel:closing loop
[24.169s] DEBUG:colcon.colcon_parallel_executor.executor.parallel:loop closed
[24.170s] DEBUG:colcon.colcon_parallel_executor.executor.parallel:run_until_complete finished with '1'
[24.170s] DEBUG:colcon.colcon_core.event_reactor:joining thread
[24.270s] INFO:colcon.colcon_core.plugin_system:Skipping extension 'colcon_notification.desktop_notification.terminal_notifier': Not used on non-Darwin systems
[24.270s] INFO:colcon.colcon_core.plugin_system:Skipping extension 'colcon_notification.desktop_notification.win32': Not used on non-Windows systems
[24.271s] INFO:colcon.colcon_notification.desktop_notification:Sending desktop notification using 'notify2'
