[0.565s] DEBUG:colcon:Command line arguments: ['/usr/bin/colcon', 'build']
[0.565s] DEBUG:colcon:Parsed command line arguments: Namespace(log_base=None, log_level=None, verb_name='build', build_base='build', install_base='install', merge_install=False, symlink_install=False, test_result_base=None, continue_on_error=False, executor='parallel', parallel_workers=32, event_handlers=None, ignore_user_meta=False, metas=['./colcon.meta'], base_paths=['.'], packages_ignore=None, packages_ignore_regex=None, paths=None, packages_up_to=None, packages_up_to_regex=None, packages_above=None, packages_above_and_dependencies=None, packages_above_depth=None, packages_select_by_dep=None, packages_skip_by_dep=None, packages_skip_up_to=None, packages_select_build_failed=False, packages_skip_build_finished=False, packages_select_test_failures=False, packages_skip_test_passed=False, packages_select=None, packages_skip=None, packages_select_regex=None, packages_skip_regex=None, packages_start=None, packages_end=None, allow_overriding=[], cmake_args=None, cmake_target=None, cmake_target_skip_unavailable=False, cmake_clean_cache=False, cmake_clean_first=False, cmake_force_configure=False, ament_cmake_args=None, catkin_cmake_args=None, catkin_skip_building_tests=False, mixin_files=None, mixin=None, verb_parser=<colcon_mixin.mixin.mixin_argument.MixinArgumentDecorator object at 0x7f8736ee12d0>, verb_extension=<colcon_core.verb.build.BuildVerb object at 0x7f8737056920>, main=<bound method BuildVerb.main of <colcon_core.verb.build.BuildVerb object at 0x7f8737056920>>, mixin_verb=('build',))
[0.766s] Level 1:colcon.colcon_core.package_discovery:discover_packages(colcon_meta) check parameters
[0.767s] Level 1:colcon.colcon_core.package_discovery:discover_packages(recursive) check parameters
[0.767s] Level 1:colcon.colcon_core.package_discovery:discover_packages(ignore) check parameters
[0.767s] Level 1:colcon.colcon_core.package_discovery:discover_packages(path) check parameters
[0.767s] Level 1:colcon.colcon_core.package_discovery:discover_packages(colcon_meta) discover
[0.768s] Level 1:colcon.colcon_core.package_discovery:discover_packages(recursive) discover
[0.768s] INFO:colcon.colcon_core.package_discovery:Crawling recursively for packages in '/mnt/c/Users/ZeroHzzzz/Desktop/robot'
[0.769s] Level 1:colcon.colcon_core.package_identification:_identify(.) by extensions ['ignore', 'ignore_ament_install']
[0.769s] Level 1:colcon.colcon_core.package_identification:_identify(.) by extension 'ignore'
[0.770s] Level 1:colcon.colcon_core.package_identification:_identify(.) by extension 'ignore_ament_install'
[0.770s] Level 1:colcon.colcon_core.package_identification:_identify(.) by extensions ['colcon_pkg']
[0.771s] Level 1:colcon.colcon_core.package_identification:_identify(.) by extension 'colcon_pkg'
[0.771s] Level 1:colcon.colcon_core.package_identification:_identify(.) by extensions ['colcon_meta']
[0.771s] Level 1:colcon.colcon_core.package_identification:_identify(.) by extension 'colcon_meta'
[0.771s] Level 1:colcon.colcon_core.package_identification:_identify(.) by extensions ['ros']
[0.771s] Level 1:colcon.colcon_core.package_identification:_identify(.) by extension 'ros'
[0.807s] Level 1:colcon.colcon_core.package_identification:_identify(.) by extensions ['cmake', 'python']
[0.807s] Level 1:colcon.colcon_core.package_identification:_identify(.) by extension 'cmake'
[0.808s] Level 1:colcon.colcon_core.package_identification:_identify(.) by extension 'python'
[0.809s] Level 1:colcon.colcon_core.package_identification:_identify(.) by extensions ['python_setup_py']
[0.810s] Level 1:colcon.colcon_core.package_identification:_identify(.) by extension 'python_setup_py'
[0.815s] Level 1:colcon.colcon_core.package_identification:_identify(build) by extensions ['ignore', 'ignore_ament_install']
[0.816s] Level 1:colcon.colcon_core.package_identification:_identify(build) by extension 'ignore'
[0.818s] Level 1:colcon.colcon_core.package_identification:_identify(build) ignored
[0.822s] Level 1:colcon.colcon_core.package_identification:_identify(install) by extensions ['ignore', 'ignore_ament_install']
[0.823s] Level 1:colcon.colcon_core.package_identification:_identify(install) by extension 'ignore'
[0.825s] Level 1:colcon.colcon_core.package_identification:_identify(install) ignored
[0.831s] Level 1:colcon.colcon_core.package_identification:_identify(log) by extensions ['ignore', 'ignore_ament_install']
[0.831s] Level 1:colcon.colcon_core.package_identification:_identify(log) by extension 'ignore'
[0.832s] Level 1:colcon.colcon_core.package_identification:_identify(log) ignored
[0.837s] Level 1:colcon.colcon_core.package_identification:_identify(src) by extensions ['ignore', 'ignore_ament_install']
[0.837s] Level 1:colcon.colcon_core.package_identification:_identify(src) by extension 'ignore'
[0.838s] Level 1:colcon.colcon_core.package_identification:_identify(src) by extension 'ignore_ament_install'
[0.840s] Level 1:colcon.colcon_core.package_identification:_identify(src) by extensions ['colcon_pkg']
[0.840s] Level 1:colcon.colcon_core.package_identification:_identify(src) by extension 'colcon_pkg'
[0.841s] Level 1:colcon.colcon_core.package_identification:_identify(src) by extensions ['colcon_meta']
[0.842s] Level 1:colcon.colcon_core.package_identification:_identify(src) by extension 'colcon_meta'
[0.843s] Level 1:colcon.colcon_core.package_identification:_identify(src) by extensions ['ros']
[0.843s] Level 1:colcon.colcon_core.package_identification:_identify(src) by extension 'ros'
[0.848s] Level 1:colcon.colcon_core.package_identification:_identify(src) by extensions ['cmake', 'python']
[0.848s] Level 1:colcon.colcon_core.package_identification:_identify(src) by extension 'cmake'
[0.850s] Level 1:colcon.colcon_core.package_identification:_identify(src) by extension 'python'
[0.851s] Level 1:colcon.colcon_core.package_identification:_identify(src) by extensions ['python_setup_py']
[0.851s] Level 1:colcon.colcon_core.package_identification:_identify(src) by extension 'python_setup_py'
[0.858s] Level 1:colcon.colcon_core.package_identification:_identify(src/csm) by extensions ['ignore', 'ignore_ament_install']
[0.858s] Level 1:colcon.colcon_core.package_identification:_identify(src/csm) by extension 'ignore'
[0.860s] Level 1:colcon.colcon_core.package_identification:_identify(src/csm) by extension 'ignore_ament_install'
[0.863s] Level 1:colcon.colcon_core.package_identification:_identify(src/csm) by extensions ['colcon_pkg']
[0.863s] Level 1:colcon.colcon_core.package_identification:_identify(src/csm) by extension 'colcon_pkg'
[0.865s] Level 1:colcon.colcon_core.package_identification:_identify(src/csm) by extensions ['colcon_meta']
[0.865s] Level 1:colcon.colcon_core.package_identification:_identify(src/csm) by extension 'colcon_meta'
[0.868s] Level 1:colcon.colcon_core.package_identification:_identify(src/csm) by extensions ['ros']
[0.868s] Level 1:colcon.colcon_core.package_identification:_identify(src/csm) by extension 'ros'
[0.884s] DEBUG:colcon.colcon_core.package_identification:Package 'src/csm' with type 'ros.ament_cmake' and name 'csm'
[0.889s] Level 1:colcon.colcon_core.package_identification:_identify(src/nav) by extensions ['ignore', 'ignore_ament_install']
[0.889s] Level 1:colcon.colcon_core.package_identification:_identify(src/nav) by extension 'ignore'
[0.891s] Level 1:colcon.colcon_core.package_identification:_identify(src/nav) by extension 'ignore_ament_install'
[0.893s] Level 1:colcon.colcon_core.package_identification:_identify(src/nav) by extensions ['colcon_pkg']
[0.894s] Level 1:colcon.colcon_core.package_identification:_identify(src/nav) by extension 'colcon_pkg'
[0.895s] Level 1:colcon.colcon_core.package_identification:_identify(src/nav) by extensions ['colcon_meta']
[0.896s] Level 1:colcon.colcon_core.package_identification:_identify(src/nav) by extension 'colcon_meta'
[0.898s] Level 1:colcon.colcon_core.package_identification:_identify(src/nav) by extensions ['ros']
[0.898s] Level 1:colcon.colcon_core.package_identification:_identify(src/nav) by extension 'ros'
[0.909s] DEBUG:colcon.colcon_core.package_identification:Package 'src/nav' with type 'ros.ament_python' and name 'nav'
[0.912s] Level 1:colcon.colcon_core.package_identification:_identify(src/ros2_laser_scan_matcher) by extensions ['ignore', 'ignore_ament_install']
[0.913s] Level 1:colcon.colcon_core.package_identification:_identify(src/ros2_laser_scan_matcher) by extension 'ignore'
[0.914s] Level 1:colcon.colcon_core.package_identification:_identify(src/ros2_laser_scan_matcher) by extension 'ignore_ament_install'
[0.915s] Level 1:colcon.colcon_core.package_identification:_identify(src/ros2_laser_scan_matcher) by extensions ['colcon_pkg']
[0.915s] Level 1:colcon.colcon_core.package_identification:_identify(src/ros2_laser_scan_matcher) by extension 'colcon_pkg'
[0.916s] Level 1:colcon.colcon_core.package_identification:_identify(src/ros2_laser_scan_matcher) by extensions ['colcon_meta']
[0.916s] Level 1:colcon.colcon_core.package_identification:_identify(src/ros2_laser_scan_matcher) by extension 'colcon_meta'
[0.917s] Level 1:colcon.colcon_core.package_identification:_identify(src/ros2_laser_scan_matcher) by extensions ['ros']
[0.918s] Level 1:colcon.colcon_core.package_identification:_identify(src/ros2_laser_scan_matcher) by extension 'ros'
[0.929s] DEBUG:colcon.colcon_core.package_identification:Package 'src/ros2_laser_scan_matcher' with type 'ros.ament_cmake' and name 'ros2_laser_scan_matcher'
[0.929s] Level 1:colcon.colcon_core.package_discovery:discover_packages(recursive) using defaults
[0.929s] Level 1:colcon.colcon_core.package_discovery:discover_packages(ignore) discover
[0.930s] Level 1:colcon.colcon_core.package_discovery:discover_packages(ignore) using defaults
[0.930s] Level 1:colcon.colcon_core.package_discovery:discover_packages(path) discover
[0.930s] Level 1:colcon.colcon_core.package_discovery:discover_packages(path) using defaults
[0.998s] Level 1:colcon.colcon_core.package_discovery:discover_packages(prefix_path) check parameters
[0.998s] Level 1:colcon.colcon_core.package_discovery:discover_packages(prefix_path) discover
[1.051s] DEBUG:colcon.colcon_installed_package_information.package_discovery:Found 3 installed packages in /mnt/c/Users/ZeroHzzzz/Desktop/robot/install
[1.052s] DEBUG:colcon.colcon_installed_package_information.package_discovery:Found 276 installed packages in /opt/ros/humble
[1.053s] Level 1:colcon.colcon_core.package_discovery:discover_packages(prefix_path) using defaults
[1.113s] Level 5:colcon.colcon_core.verb:set package 'csm' build argument 'cmake_args' from command line to 'None'
[1.113s] Level 5:colcon.colcon_core.verb:set package 'csm' build argument 'cmake_target' from command line to 'None'
[1.113s] Level 5:colcon.colcon_core.verb:set package 'csm' build argument 'cmake_target_skip_unavailable' from command line to 'False'
[1.114s] Level 5:colcon.colcon_core.verb:set package 'csm' build argument 'cmake_clean_cache' from command line to 'False'
[1.114s] Level 5:colcon.colcon_core.verb:set package 'csm' build argument 'cmake_clean_first' from command line to 'False'
[1.114s] Level 5:colcon.colcon_core.verb:set package 'csm' build argument 'cmake_force_configure' from command line to 'False'
[1.114s] Level 5:colcon.colcon_core.verb:set package 'csm' build argument 'ament_cmake_args' from command line to 'None'
[1.115s] Level 5:colcon.colcon_core.verb:set package 'csm' build argument 'catkin_cmake_args' from command line to 'None'
[1.115s] Level 5:colcon.colcon_core.verb:set package 'csm' build argument 'catkin_skip_building_tests' from command line to 'False'
[1.116s] DEBUG:colcon.colcon_core.verb:Building package 'csm' with the following arguments: {'ament_cmake_args': None, 'build_base': '/mnt/c/Users/ZeroHzzzz/Desktop/robot/build/csm', 'catkin_cmake_args': None, 'catkin_skip_building_tests': False, 'cmake_args': None, 'cmake_clean_cache': False, 'cmake_clean_first': False, 'cmake_force_configure': False, 'cmake_target': None, 'cmake_target_skip_unavailable': False, 'install_base': '/mnt/c/Users/ZeroHzzzz/Desktop/robot/install/csm', 'merge_install': False, 'path': '/mnt/c/Users/ZeroHzzzz/Desktop/robot/src/csm', 'symlink_install': False, 'test_result_base': None}
[1.117s] Level 5:colcon.colcon_core.verb:set package 'ros2_laser_scan_matcher' build argument 'cmake_args' from command line to 'None'
[1.117s] Level 5:colcon.colcon_core.verb:set package 'ros2_laser_scan_matcher' build argument 'cmake_target' from command line to 'None'
[1.117s] Level 5:colcon.colcon_core.verb:set package 'ros2_laser_scan_matcher' build argument 'cmake_target_skip_unavailable' from command line to 'False'
[1.117s] Level 5:colcon.colcon_core.verb:set package 'ros2_laser_scan_matcher' build argument 'cmake_clean_cache' from command line to 'False'
[1.117s] Level 5:colcon.colcon_core.verb:set package 'ros2_laser_scan_matcher' build argument 'cmake_clean_first' from command line to 'False'
[1.118s] Level 5:colcon.colcon_core.verb:set package 'ros2_laser_scan_matcher' build argument 'cmake_force_configure' from command line to 'False'
[1.118s] Level 5:colcon.colcon_core.verb:set package 'ros2_laser_scan_matcher' build argument 'ament_cmake_args' from command line to 'None'
[1.118s] Level 5:colcon.colcon_core.verb:set package 'ros2_laser_scan_matcher' build argument 'catkin_cmake_args' from command line to 'None'
[1.118s] Level 5:colcon.colcon_core.verb:set package 'ros2_laser_scan_matcher' build argument 'catkin_skip_building_tests' from command line to 'False'
[1.118s] DEBUG:colcon.colcon_core.verb:Building package 'ros2_laser_scan_matcher' with the following arguments: {'ament_cmake_args': None, 'build_base': '/mnt/c/Users/ZeroHzzzz/Desktop/robot/build/ros2_laser_scan_matcher', 'catkin_cmake_args': None, 'catkin_skip_building_tests': False, 'cmake_args': None, 'cmake_clean_cache': False, 'cmake_clean_first': False, 'cmake_force_configure': False, 'cmake_target': None, 'cmake_target_skip_unavailable': False, 'install_base': '/mnt/c/Users/ZeroHzzzz/Desktop/robot/install/ros2_laser_scan_matcher', 'merge_install': False, 'path': '/mnt/c/Users/ZeroHzzzz/Desktop/robot/src/ros2_laser_scan_matcher', 'symlink_install': False, 'test_result_base': None}
[1.119s] Level 5:colcon.colcon_core.verb:set package 'nav' build argument 'cmake_args' from command line to 'None'
[1.119s] Level 5:colcon.colcon_core.verb:set package 'nav' build argument 'cmake_target' from command line to 'None'
[1.119s] Level 5:colcon.colcon_core.verb:set package 'nav' build argument 'cmake_target_skip_unavailable' from command line to 'False'
[1.119s] Level 5:colcon.colcon_core.verb:set package 'nav' build argument 'cmake_clean_cache' from command line to 'False'
[1.119s] Level 5:colcon.colcon_core.verb:set package 'nav' build argument 'cmake_clean_first' from command line to 'False'
[1.119s] Level 5:colcon.colcon_core.verb:set package 'nav' build argument 'cmake_force_configure' from command line to 'False'
[1.119s] Level 5:colcon.colcon_core.verb:set package 'nav' build argument 'ament_cmake_args' from command line to 'None'
[1.119s] Level 5:colcon.colcon_core.verb:set package 'nav' build argument 'catkin_cmake_args' from command line to 'None'
[1.120s] Level 5:colcon.colcon_core.verb:set package 'nav' build argument 'catkin_skip_building_tests' from command line to 'False'
[1.120s] DEBUG:colcon.colcon_core.verb:Building package 'nav' with the following arguments: {'ament_cmake_args': None, 'build_base': '/mnt/c/Users/ZeroHzzzz/Desktop/robot/build/nav', 'catkin_cmake_args': None, 'catkin_skip_building_tests': False, 'cmake_args': None, 'cmake_clean_cache': False, 'cmake_clean_first': False, 'cmake_force_configure': False, 'cmake_target': None, 'cmake_target_skip_unavailable': False, 'install_base': '/mnt/c/Users/ZeroHzzzz/Desktop/robot/install/nav', 'merge_install': False, 'path': '/mnt/c/Users/ZeroHzzzz/Desktop/robot/src/nav', 'symlink_install': False, 'test_result_base': None}
[1.120s] INFO:colcon.colcon_core.executor:Executing jobs using 'parallel' executor
[1.121s] DEBUG:colcon.colcon_parallel_executor.executor.parallel:run_until_complete
[1.121s] INFO:colcon.colcon_ros.task.ament_cmake.build:Building ROS package in '/mnt/c/Users/ZeroHzzzz/Desktop/robot/src/csm' with build type 'ament_cmake'
[1.121s] INFO:colcon.colcon_cmake.task.cmake.build:Building CMake package in '/mnt/c/Users/ZeroHzzzz/Desktop/robot/src/csm'
[1.126s] INFO:colcon.colcon_core.plugin_system:Skipping extension 'colcon_core.shell.bat': Not used on non-Windows systems
[1.127s] INFO:colcon.colcon_core.shell:Skip shell extension 'powershell' for command environment: Not usable outside of PowerShell
[1.127s] DEBUG:colcon.colcon_core.shell:Skip shell extension 'dsv' for command environment
[1.379s] DEBUG:colcon.colcon_core.event_handler.log_command:Invoking command in '/mnt/c/Users/ZeroHzzzz/Desktop/robot/build/csm': CMAKE_PREFIX_PATH=${CMAKE_PREFIX_PATH}:/mnt/c/Users/ZeroHzzzz/Desktop/robot/install/nav:/opt/ros/humble /usr/bin/cmake --build /mnt/c/Users/ZeroHzzzz/Desktop/robot/build/csm -- -j32 -l32
[3.287s] DEBUG:colcon.colcon_core.event_handler.log_command:Invoked command in '/mnt/c/Users/ZeroHzzzz/Desktop/robot/build/csm' returned '0': CMAKE_PREFIX_PATH=${CMAKE_PREFIX_PATH}:/mnt/c/Users/ZeroHzzzz/Desktop/robot/install/nav:/opt/ros/humble /usr/bin/cmake --build /mnt/c/Users/ZeroHzzzz/Desktop/robot/build/csm -- -j32 -l32
[6.958s] DEBUG:colcon.colcon_core.event_handler.log_command:Invoking command in '/mnt/c/Users/ZeroHzzzz/Desktop/robot/build/csm': CMAKE_PREFIX_PATH=${CMAKE_PREFIX_PATH}:/mnt/c/Users/ZeroHzzzz/Desktop/robot/install/nav:/opt/ros/humble /usr/bin/cmake --install /mnt/c/Users/ZeroHzzzz/Desktop/robot/build/csm
[8.061s] Level 1:colcon.colcon_core.environment:create_environment_scripts_only(csm)
[8.063s] DEBUG:colcon.colcon_core.event_handler.log_command:Invoked command in '/mnt/c/Users/ZeroHzzzz/Desktop/robot/build/csm' returned '0': CMAKE_PREFIX_PATH=${CMAKE_PREFIX_PATH}:/mnt/c/Users/ZeroHzzzz/Desktop/robot/install/nav:/opt/ros/humble /usr/bin/cmake --install /mnt/c/Users/ZeroHzzzz/Desktop/robot/build/csm
[8.070s] Level 1:colcon.colcon_core.environment:checking '/mnt/c/Users/ZeroHzzzz/Desktop/robot/install/csm' for CMake module files
[8.205s] Level 1:colcon.colcon_core.environment:checking '/mnt/c/Users/ZeroHzzzz/Desktop/robot/install/csm' for CMake config files
[8.330s] Level 1:colcon.colcon_core.shell:create_environment_hook('csm', 'cmake_prefix_path')
[8.330s] INFO:colcon.colcon_core.shell:Creating environment hook '/mnt/c/Users/ZeroHzzzz/Desktop/robot/install/csm/share/csm/hook/cmake_prefix_path.ps1'
[8.351s] INFO:colcon.colcon_core.shell:Creating environment descriptor '/mnt/c/Users/ZeroHzzzz/Desktop/robot/install/csm/share/csm/hook/cmake_prefix_path.dsv'
[8.405s] INFO:colcon.colcon_core.shell:Creating environment hook '/mnt/c/Users/ZeroHzzzz/Desktop/robot/install/csm/share/csm/hook/cmake_prefix_path.sh'
[8.481s] Level 1:colcon.colcon_core.environment:checking '/mnt/c/Users/ZeroHzzzz/Desktop/robot/install/csm/lib'
[8.489s] Level 1:colcon.colcon_core.shell:create_environment_hook('csm', 'ld_library_path_lib')
[8.490s] INFO:colcon.colcon_core.shell:Creating environment hook '/mnt/c/Users/ZeroHzzzz/Desktop/robot/install/csm/share/csm/hook/ld_library_path_lib.ps1'
[8.520s] INFO:colcon.colcon_core.shell:Creating environment descriptor '/mnt/c/Users/ZeroHzzzz/Desktop/robot/install/csm/share/csm/hook/ld_library_path_lib.dsv'
[8.542s] INFO:colcon.colcon_core.shell:Creating environment hook '/mnt/c/Users/ZeroHzzzz/Desktop/robot/install/csm/share/csm/hook/ld_library_path_lib.sh'
[8.566s] Level 1:colcon.colcon_core.environment:checking '/mnt/c/Users/ZeroHzzzz/Desktop/robot/install/csm/bin'
[8.567s] Level 1:colcon.colcon_core.environment:checking '/mnt/c/Users/ZeroHzzzz/Desktop/robot/install/csm/lib/pkgconfig/csm.pc'
[8.569s] Level 1:colcon.colcon_core.environment:checking '/mnt/c/Users/ZeroHzzzz/Desktop/robot/install/csm/lib/python3.10/site-packages'
[8.572s] Level 1:colcon.colcon_core.environment:checking '/mnt/c/Users/ZeroHzzzz/Desktop/robot/install/csm/bin'
[8.575s] INFO:colcon.colcon_core.shell:Creating package script '/mnt/c/Users/ZeroHzzzz/Desktop/robot/install/csm/share/csm/package.ps1'
[8.592s] INFO:colcon.colcon_core.shell:Creating package descriptor '/mnt/c/Users/ZeroHzzzz/Desktop/robot/install/csm/share/csm/package.dsv'
[8.603s] INFO:colcon.colcon_core.shell:Creating package script '/mnt/c/Users/ZeroHzzzz/Desktop/robot/install/csm/share/csm/package.sh'
[8.614s] INFO:colcon.colcon_core.shell:Creating package script '/mnt/c/Users/ZeroHzzzz/Desktop/robot/install/csm/share/csm/package.bash'
[8.624s] INFO:colcon.colcon_core.shell:Creating package script '/mnt/c/Users/ZeroHzzzz/Desktop/robot/install/csm/share/csm/package.zsh'
[8.635s] Level 1:colcon.colcon_core.environment:create_file_with_runtime_dependencies(/mnt/c/Users/ZeroHzzzz/Desktop/robot/install/csm/share/colcon-core/packages/csm)
[11.649s] Level 1:colcon.colcon_core.environment:create_environment_scripts_only(csm)
[11.650s] Level 1:colcon.colcon_core.environment:checking '/mnt/c/Users/ZeroHzzzz/Desktop/robot/install/csm' for CMake module files
[11.766s] Level 1:colcon.colcon_core.environment:checking '/mnt/c/Users/ZeroHzzzz/Desktop/robot/install/csm' for CMake config files
[11.887s] Level 1:colcon.colcon_core.shell:create_environment_hook('csm', 'cmake_prefix_path')
[11.887s] INFO:colcon.colcon_core.shell:Creating environment hook '/mnt/c/Users/ZeroHzzzz/Desktop/robot/install/csm/share/csm/hook/cmake_prefix_path.ps1'
[11.906s] INFO:colcon.colcon_core.shell:Creating environment descriptor '/mnt/c/Users/ZeroHzzzz/Desktop/robot/install/csm/share/csm/hook/cmake_prefix_path.dsv'
[11.917s] INFO:colcon.colcon_core.shell:Creating environment hook '/mnt/c/Users/ZeroHzzzz/Desktop/robot/install/csm/share/csm/hook/cmake_prefix_path.sh'
[11.934s] Level 1:colcon.colcon_core.environment:checking '/mnt/c/Users/ZeroHzzzz/Desktop/robot/install/csm/lib'
[11.937s] Level 1:colcon.colcon_core.shell:create_environment_hook('csm', 'ld_library_path_lib')
[11.938s] INFO:colcon.colcon_core.shell:Creating environment hook '/mnt/c/Users/ZeroHzzzz/Desktop/robot/install/csm/share/csm/hook/ld_library_path_lib.ps1'
[11.953s] INFO:colcon.colcon_core.shell:Creating environment descriptor '/mnt/c/Users/ZeroHzzzz/Desktop/robot/install/csm/share/csm/hook/ld_library_path_lib.dsv'
[11.967s] INFO:colcon.colcon_core.shell:Creating environment hook '/mnt/c/Users/ZeroHzzzz/Desktop/robot/install/csm/share/csm/hook/ld_library_path_lib.sh'
[11.979s] Level 1:colcon.colcon_core.environment:checking '/mnt/c/Users/ZeroHzzzz/Desktop/robot/install/csm/bin'
[11.980s] Level 1:colcon.colcon_core.environment:checking '/mnt/c/Users/ZeroHzzzz/Desktop/robot/install/csm/lib/pkgconfig/csm.pc'
[11.981s] Level 1:colcon.colcon_core.environment:checking '/mnt/c/Users/ZeroHzzzz/Desktop/robot/install/csm/lib/python3.10/site-packages'
[11.983s] Level 1:colcon.colcon_core.environment:checking '/mnt/c/Users/ZeroHzzzz/Desktop/robot/install/csm/bin'
[11.984s] INFO:colcon.colcon_core.shell:Creating package script '/mnt/c/Users/ZeroHzzzz/Desktop/robot/install/csm/share/csm/package.ps1'
[11.993s] INFO:colcon.colcon_core.shell:Creating package descriptor '/mnt/c/Users/ZeroHzzzz/Desktop/robot/install/csm/share/csm/package.dsv'
[12.002s] INFO:colcon.colcon_core.shell:Creating package script '/mnt/c/Users/ZeroHzzzz/Desktop/robot/install/csm/share/csm/package.sh'
[12.012s] INFO:colcon.colcon_core.shell:Creating package script '/mnt/c/Users/ZeroHzzzz/Desktop/robot/install/csm/share/csm/package.bash'
[12.021s] INFO:colcon.colcon_core.shell:Creating package script '/mnt/c/Users/ZeroHzzzz/Desktop/robot/install/csm/share/csm/package.zsh'
[12.031s] Level 1:colcon.colcon_core.environment:create_file_with_runtime_dependencies(/mnt/c/Users/ZeroHzzzz/Desktop/robot/install/csm/share/colcon-core/packages/csm)
[12.042s] INFO:colcon.colcon_ros.task.ament_cmake.build:Building ROS package in '/mnt/c/Users/ZeroHzzzz/Desktop/robot/src/ros2_laser_scan_matcher' with build type 'ament_cmake'
[12.042s] INFO:colcon.colcon_cmake.task.cmake.build:Building CMake package in '/mnt/c/Users/ZeroHzzzz/Desktop/robot/src/ros2_laser_scan_matcher'
[12.043s] INFO:colcon.colcon_core.shell:Skip shell extension 'powershell' for command environment: Not usable outside of PowerShell
[12.043s] DEBUG:colcon.colcon_core.shell:Skip shell extension 'dsv' for command environment
[12.508s] DEBUG:colcon.colcon_core.event_handler.log_command:Invoking command in '/mnt/c/Users/ZeroHzzzz/Desktop/robot/build/ros2_laser_scan_matcher': CMAKE_PREFIX_PATH=/mnt/c/Users/ZeroHzzzz/Desktop/robot/install/csm:/mnt/c/Users/ZeroHzzzz/Desktop/robot/install/ros2_laser_scan_matcher:/mnt/c/Users/ZeroHzzzz/Desktop/robot/install/nav:/opt/ros/humble /usr/bin/cmake --build /mnt/c/Users/ZeroHzzzz/Desktop/robot/build/ros2_laser_scan_matcher -- -j32 -l32
[13.572s] DEBUG:colcon.colcon_core.event_handler.log_command:Invoked command in '/mnt/c/Users/ZeroHzzzz/Desktop/robot/build/ros2_laser_scan_matcher' returned '0': CMAKE_PREFIX_PATH=/mnt/c/Users/ZeroHzzzz/Desktop/robot/install/csm:/mnt/c/Users/ZeroHzzzz/Desktop/robot/install/ros2_laser_scan_matcher:/mnt/c/Users/ZeroHzzzz/Desktop/robot/install/nav:/opt/ros/humble /usr/bin/cmake --build /mnt/c/Users/ZeroHzzzz/Desktop/robot/build/ros2_laser_scan_matcher -- -j32 -l32
[14.359s] DEBUG:colcon.colcon_core.event_handler.log_command:Invoking command in '/mnt/c/Users/ZeroHzzzz/Desktop/robot/build/ros2_laser_scan_matcher': CMAKE_PREFIX_PATH=/mnt/c/Users/ZeroHzzzz/Desktop/robot/install/csm:/mnt/c/Users/ZeroHzzzz/Desktop/robot/install/ros2_laser_scan_matcher:/mnt/c/Users/ZeroHzzzz/Desktop/robot/install/nav:/opt/ros/humble /usr/bin/cmake --install /mnt/c/Users/ZeroHzzzz/Desktop/robot/build/ros2_laser_scan_matcher
[15.359s] Level 1:colcon.colcon_core.environment:create_environment_scripts_only(ros2_laser_scan_matcher)
[15.360s] Level 1:colcon.colcon_core.environment:checking '/mnt/c/Users/ZeroHzzzz/Desktop/robot/install/ros2_laser_scan_matcher' for CMake module files
[15.361s] DEBUG:colcon.colcon_core.event_handler.log_command:Invoked command in '/mnt/c/Users/ZeroHzzzz/Desktop/robot/build/ros2_laser_scan_matcher' returned '0': CMAKE_PREFIX_PATH=/mnt/c/Users/ZeroHzzzz/Desktop/robot/install/csm:/mnt/c/Users/ZeroHzzzz/Desktop/robot/install/ros2_laser_scan_matcher:/mnt/c/Users/ZeroHzzzz/Desktop/robot/install/nav:/opt/ros/humble /usr/bin/cmake --install /mnt/c/Users/ZeroHzzzz/Desktop/robot/build/ros2_laser_scan_matcher
[15.515s] Level 1:colcon.colcon_core.environment:checking '/mnt/c/Users/ZeroHzzzz/Desktop/robot/install/ros2_laser_scan_matcher' for CMake config files
[15.613s] Level 1:colcon.colcon_core.shell:create_environment_hook('ros2_laser_scan_matcher', 'cmake_prefix_path')
[15.613s] INFO:colcon.colcon_core.shell:Creating environment hook '/mnt/c/Users/ZeroHzzzz/Desktop/robot/install/ros2_laser_scan_matcher/share/ros2_laser_scan_matcher/hook/cmake_prefix_path.ps1'
[15.639s] INFO:colcon.colcon_core.shell:Creating environment descriptor '/mnt/c/Users/ZeroHzzzz/Desktop/robot/install/ros2_laser_scan_matcher/share/ros2_laser_scan_matcher/hook/cmake_prefix_path.dsv'
[15.658s] INFO:colcon.colcon_core.shell:Creating environment hook '/mnt/c/Users/ZeroHzzzz/Desktop/robot/install/ros2_laser_scan_matcher/share/ros2_laser_scan_matcher/hook/cmake_prefix_path.sh'
[15.685s] Level 1:colcon.colcon_core.environment:checking '/mnt/c/Users/ZeroHzzzz/Desktop/robot/install/ros2_laser_scan_matcher/lib'
[15.693s] Level 1:colcon.colcon_core.environment:checking '/mnt/c/Users/ZeroHzzzz/Desktop/robot/install/ros2_laser_scan_matcher/bin'
[15.695s] Level 1:colcon.colcon_core.environment:checking '/mnt/c/Users/ZeroHzzzz/Desktop/robot/install/ros2_laser_scan_matcher/lib/pkgconfig/ros2_laser_scan_matcher.pc'
[15.698s] Level 1:colcon.colcon_core.environment:checking '/mnt/c/Users/ZeroHzzzz/Desktop/robot/install/ros2_laser_scan_matcher/lib/python3.10/site-packages'
[15.701s] Level 1:colcon.colcon_core.environment:checking '/mnt/c/Users/ZeroHzzzz/Desktop/robot/install/ros2_laser_scan_matcher/bin'
[15.705s] INFO:colcon.colcon_core.shell:Creating package script '/mnt/c/Users/ZeroHzzzz/Desktop/robot/install/ros2_laser_scan_matcher/share/ros2_laser_scan_matcher/package.ps1'
[15.724s] INFO:colcon.colcon_core.shell:Creating package descriptor '/mnt/c/Users/ZeroHzzzz/Desktop/robot/install/ros2_laser_scan_matcher/share/ros2_laser_scan_matcher/package.dsv'
[15.747s] INFO:colcon.colcon_core.shell:Creating package script '/mnt/c/Users/ZeroHzzzz/Desktop/robot/install/ros2_laser_scan_matcher/share/ros2_laser_scan_matcher/package.sh'
[15.769s] INFO:colcon.colcon_core.shell:Creating package script '/mnt/c/Users/ZeroHzzzz/Desktop/robot/install/ros2_laser_scan_matcher/share/ros2_laser_scan_matcher/package.bash'
[15.783s] INFO:colcon.colcon_core.shell:Creating package script '/mnt/c/Users/ZeroHzzzz/Desktop/robot/install/ros2_laser_scan_matcher/share/ros2_laser_scan_matcher/package.zsh'
[15.801s] Level 1:colcon.colcon_core.environment:create_file_with_runtime_dependencies(/mnt/c/Users/ZeroHzzzz/Desktop/robot/install/ros2_laser_scan_matcher/share/colcon-core/packages/ros2_laser_scan_matcher)
[16.551s] Level 1:colcon.colcon_core.environment:create_environment_scripts_only(ros2_laser_scan_matcher)
[16.551s] Level 1:colcon.colcon_core.environment:checking '/mnt/c/Users/ZeroHzzzz/Desktop/robot/install/ros2_laser_scan_matcher' for CMake module files
[16.630s] Level 1:colcon.colcon_core.environment:checking '/mnt/c/Users/ZeroHzzzz/Desktop/robot/install/ros2_laser_scan_matcher' for CMake config files
[16.690s] Level 1:colcon.colcon_core.shell:create_environment_hook('ros2_laser_scan_matcher', 'cmake_prefix_path')
[16.691s] INFO:colcon.colcon_core.shell:Creating environment hook '/mnt/c/Users/ZeroHzzzz/Desktop/robot/install/ros2_laser_scan_matcher/share/ros2_laser_scan_matcher/hook/cmake_prefix_path.ps1'
[16.702s] INFO:colcon.colcon_core.shell:Creating environment descriptor '/mnt/c/Users/ZeroHzzzz/Desktop/robot/install/ros2_laser_scan_matcher/share/ros2_laser_scan_matcher/hook/cmake_prefix_path.dsv'
[16.713s] INFO:colcon.colcon_core.shell:Creating environment hook '/mnt/c/Users/ZeroHzzzz/Desktop/robot/install/ros2_laser_scan_matcher/share/ros2_laser_scan_matcher/hook/cmake_prefix_path.sh'
[16.730s] Level 1:colcon.colcon_core.environment:checking '/mnt/c/Users/ZeroHzzzz/Desktop/robot/install/ros2_laser_scan_matcher/lib'
[16.735s] Level 1:colcon.colcon_core.environment:checking '/mnt/c/Users/ZeroHzzzz/Desktop/robot/install/ros2_laser_scan_matcher/bin'
[16.737s] Level 1:colcon.colcon_core.environment:checking '/mnt/c/Users/ZeroHzzzz/Desktop/robot/install/ros2_laser_scan_matcher/lib/pkgconfig/ros2_laser_scan_matcher.pc'
[16.740s] Level 1:colcon.colcon_core.environment:checking '/mnt/c/Users/ZeroHzzzz/Desktop/robot/install/ros2_laser_scan_matcher/lib/python3.10/site-packages'
[16.742s] Level 1:colcon.colcon_core.environment:checking '/mnt/c/Users/ZeroHzzzz/Desktop/robot/install/ros2_laser_scan_matcher/bin'
[16.743s] INFO:colcon.colcon_core.shell:Creating package script '/mnt/c/Users/ZeroHzzzz/Desktop/robot/install/ros2_laser_scan_matcher/share/ros2_laser_scan_matcher/package.ps1'
[16.753s] INFO:colcon.colcon_core.shell:Creating package descriptor '/mnt/c/Users/ZeroHzzzz/Desktop/robot/install/ros2_laser_scan_matcher/share/ros2_laser_scan_matcher/package.dsv'
[16.798s] INFO:colcon.colcon_core.shell:Creating package script '/mnt/c/Users/ZeroHzzzz/Desktop/robot/install/ros2_laser_scan_matcher/share/ros2_laser_scan_matcher/package.sh'
[16.815s] INFO:colcon.colcon_core.shell:Creating package script '/mnt/c/Users/ZeroHzzzz/Desktop/robot/install/ros2_laser_scan_matcher/share/ros2_laser_scan_matcher/package.bash'
[16.867s] INFO:colcon.colcon_core.shell:Creating package script '/mnt/c/Users/ZeroHzzzz/Desktop/robot/install/ros2_laser_scan_matcher/share/ros2_laser_scan_matcher/package.zsh'
[16.898s] Level 1:colcon.colcon_core.environment:create_file_with_runtime_dependencies(/mnt/c/Users/ZeroHzzzz/Desktop/robot/install/ros2_laser_scan_matcher/share/colcon-core/packages/ros2_laser_scan_matcher)
[16.909s] INFO:colcon.colcon_ros.task.ament_python.build:Building ROS package in '/mnt/c/Users/ZeroHzzzz/Desktop/robot/src/nav' with build type 'ament_python'
[16.910s] Level 1:colcon.colcon_core.shell:create_environment_hook('nav', 'ament_prefix_path')
[16.910s] INFO:colcon.colcon_core.shell:Creating environment hook '/mnt/c/Users/ZeroHzzzz/Desktop/robot/install/nav/share/nav/hook/ament_prefix_path.ps1'
[16.955s] INFO:colcon.colcon_core.shell:Creating environment descriptor '/mnt/c/Users/ZeroHzzzz/Desktop/robot/install/nav/share/nav/hook/ament_prefix_path.dsv'
[16.969s] INFO:colcon.colcon_core.shell:Creating environment hook '/mnt/c/Users/ZeroHzzzz/Desktop/robot/install/nav/share/nav/hook/ament_prefix_path.sh'
[16.996s] INFO:colcon.colcon_core.shell:Skip shell extension 'powershell' for command environment: Not usable outside of PowerShell
[16.996s] DEBUG:colcon.colcon_core.shell:Skip shell extension 'dsv' for command environment
[18.378s] INFO:colcon.colcon_core.task.python.build:Building Python package in '/mnt/c/Users/ZeroHzzzz/Desktop/robot/src/nav'
[18.379s] INFO:colcon.colcon_core.shell:Skip shell extension 'powershell' for command environment: Not usable outside of PowerShell
[18.380s] DEBUG:colcon.colcon_core.shell:Skip shell extension 'dsv' for command environment
[20.219s] DEBUG:colcon.colcon_core.event_handler.log_command:Invoking command in '/mnt/c/Users/ZeroHzzzz/Desktop/robot/src/nav': PYTHONPATH=/mnt/c/Users/ZeroHzzzz/Desktop/robot/build/nav/prefix_override:/usr/lib/python3/dist-packages/colcon_core/task/python/colcon_distutils_commands:/mnt/c/Users/ZeroHzzzz/Desktop/robot/install/nav/lib/python3.10/site-packages:${PYTHONPATH} /usr/bin/python3 -W ignore:setup.py install is deprecated setup.py egg_info --egg-base ../../build/nav build --build-base /mnt/c/Users/ZeroHzzzz/Desktop/robot/build/nav/build install --record /mnt/c/Users/ZeroHzzzz/Desktop/robot/build/nav/install.log --single-version-externally-managed install_data
[22.406s] Level 1:colcon.colcon_core.environment:checking '/mnt/c/Users/ZeroHzzzz/Desktop/robot/install/nav' for CMake module files
[22.417s] DEBUG:colcon.colcon_core.event_handler.log_command:Invoked command in '/mnt/c/Users/ZeroHzzzz/Desktop/robot/src/nav' returned '0': PYTHONPATH=/mnt/c/Users/ZeroHzzzz/Desktop/robot/build/nav/prefix_override:/usr/lib/python3/dist-packages/colcon_core/task/python/colcon_distutils_commands:/mnt/c/Users/ZeroHzzzz/Desktop/robot/install/nav/lib/python3.10/site-packages:${PYTHONPATH} /usr/bin/python3 -W ignore:setup.py install is deprecated setup.py egg_info --egg-base ../../build/nav build --build-base /mnt/c/Users/ZeroHzzzz/Desktop/robot/build/nav/build install --record /mnt/c/Users/ZeroHzzzz/Desktop/robot/build/nav/install.log --single-version-externally-managed install_data
[22.485s] Level 1:colcon.colcon_core.environment:checking '/mnt/c/Users/ZeroHzzzz/Desktop/robot/install/nav' for CMake config files
[22.606s] Level 1:colcon.colcon_core.environment:checking '/mnt/c/Users/ZeroHzzzz/Desktop/robot/install/nav/lib'
[22.614s] Level 1:colcon.colcon_core.environment:checking '/mnt/c/Users/ZeroHzzzz/Desktop/robot/install/nav/bin'
[22.616s] Level 1:colcon.colcon_core.environment:checking '/mnt/c/Users/ZeroHzzzz/Desktop/robot/install/nav/lib/pkgconfig/nav.pc'
[22.618s] Level 1:colcon.colcon_core.environment:checking '/mnt/c/Users/ZeroHzzzz/Desktop/robot/install/nav/lib/python3.10/site-packages'
[22.621s] Level 1:colcon.colcon_core.shell:create_environment_hook('nav', 'pythonpath')
[22.621s] INFO:colcon.colcon_core.shell:Creating environment hook '/mnt/c/Users/ZeroHzzzz/Desktop/robot/install/nav/share/nav/hook/pythonpath.ps1'
[22.638s] INFO:colcon.colcon_core.shell:Creating environment descriptor '/mnt/c/Users/ZeroHzzzz/Desktop/robot/install/nav/share/nav/hook/pythonpath.dsv'
[22.663s] INFO:colcon.colcon_core.shell:Creating environment hook '/mnt/c/Users/ZeroHzzzz/Desktop/robot/install/nav/share/nav/hook/pythonpath.sh'
[22.687s] Level 1:colcon.colcon_core.environment:checking '/mnt/c/Users/ZeroHzzzz/Desktop/robot/install/nav/bin'
[22.690s] Level 1:colcon.colcon_core.environment:create_environment_scripts_only(nav)
[22.690s] INFO:colcon.colcon_core.shell:Creating package script '/mnt/c/Users/ZeroHzzzz/Desktop/robot/install/nav/share/nav/package.ps1'
[22.708s] INFO:colcon.colcon_core.shell:Creating package descriptor '/mnt/c/Users/ZeroHzzzz/Desktop/robot/install/nav/share/nav/package.dsv'
[22.725s] INFO:colcon.colcon_core.shell:Creating package script '/mnt/c/Users/ZeroHzzzz/Desktop/robot/install/nav/share/nav/package.sh'
[22.740s] INFO:colcon.colcon_core.shell:Creating package script '/mnt/c/Users/ZeroHzzzz/Desktop/robot/install/nav/share/nav/package.bash'
[22.756s] INFO:colcon.colcon_core.shell:Creating package script '/mnt/c/Users/ZeroHzzzz/Desktop/robot/install/nav/share/nav/package.zsh'
[22.771s] Level 1:colcon.colcon_core.environment:create_file_with_runtime_dependencies(/mnt/c/Users/ZeroHzzzz/Desktop/robot/install/nav/share/colcon-core/packages/nav)
[22.783s] DEBUG:colcon.colcon_parallel_executor.executor.parallel:closing loop
[22.784s] DEBUG:colcon.colcon_parallel_executor.executor.parallel:loop closed
[22.784s] DEBUG:colcon.colcon_parallel_executor.executor.parallel:run_until_complete finished with '0'
[22.784s] DEBUG:colcon.colcon_core.event_reactor:joining thread
[22.827s] INFO:colcon.colcon_core.plugin_system:Skipping extension 'colcon_notification.desktop_notification.terminal_notifier': Not used on non-Darwin systems
[22.828s] INFO:colcon.colcon_core.plugin_system:Skipping extension 'colcon_notification.desktop_notification.win32': Not used on non-Windows systems
[22.828s] INFO:colcon.colcon_notification.desktop_notification:Sending desktop notification using 'notify2'
[155.647s] DEBUG:colcon.colcon_notification.desktop_notification.notify2:Failed to initialize notify2: org.freedesktop.DBus.Error.Spawn.ExecFailed: /usr/bin/dbus-launch terminated abnormally with the following error: Autolaunch error: X11 initialization failed.

[155.649s] DEBUG:colcon.colcon_core.event_reactor:joined thread
[155.651s] INFO:colcon.colcon_core.shell:Creating prefix script '/mnt/c/Users/ZeroHzzzz/Desktop/robot/install/local_setup.ps1'
[155.664s] INFO:colcon.colcon_core.shell:Creating prefix util module '/mnt/c/Users/ZeroHzzzz/Desktop/robot/install/_local_setup_util_ps1.py'
[155.673s] INFO:colcon.colcon_core.shell:Creating prefix chain script '/mnt/c/Users/ZeroHzzzz/Desktop/robot/install/setup.ps1'
[155.744s] INFO:colcon.colcon_core.shell:Creating prefix script '/mnt/c/Users/ZeroHzzzz/Desktop/robot/install/local_setup.sh'
[155.752s] INFO:colcon.colcon_core.shell:Creating prefix util module '/mnt/c/Users/ZeroHzzzz/Desktop/robot/install/_local_setup_util_sh.py'
[155.762s] INFO:colcon.colcon_core.shell:Creating prefix chain script '/mnt/c/Users/ZeroHzzzz/Desktop/robot/install/setup.sh'
[155.818s] INFO:colcon.colcon_core.shell:Creating prefix script '/mnt/c/Users/ZeroHzzzz/Desktop/robot/install/local_setup.bash'
[155.825s] INFO:colcon.colcon_core.shell:Creating prefix chain script '/mnt/c/Users/ZeroHzzzz/Desktop/robot/install/setup.bash'
[155.852s] INFO:colcon.colcon_core.shell:Creating prefix script '/mnt/c/Users/ZeroHzzzz/Desktop/robot/install/local_setup.zsh'
[155.856s] INFO:colcon.colcon_core.shell:Creating prefix chain script '/mnt/c/Users/ZeroHzzzz/Desktop/robot/install/setup.zsh'
