/home/zerohzzzz/Documents/RobotNav2/install/nav/lib/python3.10/site-packages/nav/__init__.py
/home/zerohzzzz/Documents/RobotNav2/install/nav/lib/python3.10/site-packages/nav/__pycache__/__init__.cpython-310.pyc
/home/zerohzzzz/Documents/RobotNav2/install/nav/share/ament_index/resource_index/packages/nav
/home/zerohzzzz/Documents/RobotNav2/install/nav/share/nav/package.xml
/home/zerohzzzz/Documents/RobotNav2/install/nav/share/nav/launch/planner.launch.py
/home/zerohzzzz/Documents/RobotNav2/install/nav/share/nav/launch/map.launch.py
/home/zerohzzzz/Documents/RobotNav2/install/nav/share/nav/launch/locate.launch.py
/home/zerohzzzz/Documents/RobotNav2/install/nav/share/nav/config/map_server.yaml
/home/zerohzzzz/Documents/RobotNav2/install/nav/share/nav/config/amcl.yaml
/home/zerohzzzz/Documents/RobotNav2/install/nav/share/nav/config/nav_package.yaml
/home/zerohzzzz/Documents/RobotNav2/install/nav/share/nav/config/recovery.yaml
/home/zerohzzzz/Documents/RobotNav2/install/nav/share/nav/config/controller.yaml
/home/zerohzzzz/Documents/RobotNav2/install/nav/share/nav/config/bt_navigator.yaml
/home/zerohzzzz/Documents/RobotNav2/install/nav/share/nav/config/planner_server.yaml
/home/zerohzzzz/Documents/RobotNav2/install/nav/share/nav/config/behavior_tree.xml
/home/zerohzzzz/Documents/RobotNav2/install/nav/share/nav/map/map.pgm
/home/zerohzzzz/Documents/RobotNav2/install/nav/share/nav/map/map.yaml
/home/zerohzzzz/Documents/RobotNav2/install/nav/share/nav/urdf/base.urdf
/home/zerohzzzz/Documents/RobotNav2/install/nav/share/nav/world/map1.world
/home/zerohzzzz/Documents/RobotNav2/install/nav/lib/python3.10/site-packages/nav-0.0.0-py3.10.egg-info/requires.txt
/home/zerohzzzz/Documents/RobotNav2/install/nav/lib/python3.10/site-packages/nav-0.0.0-py3.10.egg-info/zip-safe
/home/zerohzzzz/Documents/RobotNav2/install/nav/lib/python3.10/site-packages/nav-0.0.0-py3.10.egg-info/top_level.txt
/home/zerohzzzz/Documents/RobotNav2/install/nav/lib/python3.10/site-packages/nav-0.0.0-py3.10.egg-info/entry_points.txt
/home/zerohzzzz/Documents/RobotNav2/install/nav/lib/python3.10/site-packages/nav-0.0.0-py3.10.egg-info/SOURCES.txt
/home/zerohzzzz/Documents/RobotNav2/install/nav/lib/python3.10/site-packages/nav-0.0.0-py3.10.egg-info/PKG-INFO
/home/zerohzzzz/Documents/RobotNav2/install/nav/lib/python3.10/site-packages/nav-0.0.0-py3.10.egg-info/dependency_links.txt
