[0.098s] Invoking command in '/home/zerohzzzz/Documents/RobotNav2/build/explore_lite': CMAKE_PREFIX_PATH=${CMAKE_PREFIX_PATH}:/home/zerohzzzz/Documents/RobotNav2/install/map_build:/opt/ros/humble /usr/bin/cmake --build /home/zerohzzzz/Documents/RobotNav2/build/explore_lite -- -j8 -l8
[1.607s] [ 20%] Built target gtest_main
[1.612s] [ 40%] Built target gtest
[1.612s] [ 80%] Built target explore
[1.615s] [100%] Built target test_explore
[1.650s] Invoked command in '/home/zerohzzzz/Documents/RobotNav2/build/explore_lite' returned '0': CMAKE_PREFIX_PATH=${CMAKE_PREFIX_PATH}:/home/zerohzzzz/Documents/RobotNav2/install/map_build:/opt/ros/humble /usr/bin/cmake --build /home/zerohzzzz/Documents/RobotNav2/build/explore_lite -- -j8 -l8
[1.904s] Invoking command in '/home/zerohzzzz/Documents/RobotNav2/build/explore_lite': CMAKE_PREFIX_PATH=${CMAKE_PREFIX_PATH}:/home/zerohzzzz/Documents/RobotNav2/install/map_build:/opt/ros/humble /usr/bin/cmake --install /home/zerohzzzz/Documents/RobotNav2/build/explore_lite
[1.933s] -- Install configuration: ""
[1.934s] -- Up-to-date: /home/zerohzzzz/Documents/RobotNav2/install/explore_lite/include/explore/
[1.935s] -- Up-to-date: /home/zerohzzzz/Documents/RobotNav2/install/explore_lite/include/explore//costmap_tools.h
[1.936s] -- Up-to-date: /home/zerohzzzz/Documents/RobotNav2/install/explore_lite/include/explore//costmap_client.h
[1.937s] -- Up-to-date: /home/zerohzzzz/Documents/RobotNav2/install/explore_lite/include/explore//explore.h
[1.938s] -- Up-to-date: /home/zerohzzzz/Documents/RobotNav2/install/explore_lite/include/explore//frontier_search.h
[1.938s] -- Up-to-date: /home/zerohzzzz/Documents/RobotNav2/install/explore_lite/share/explore_lite/config
[1.939s] -- Up-to-date: /home/zerohzzzz/Documents/RobotNav2/install/explore_lite/share/explore_lite/config/params.yaml
[1.939s] -- Up-to-date: /home/zerohzzzz/Documents/RobotNav2/install/explore_lite/share/explore_lite/config/params_costmap.yaml
[1.939s] -- Up-to-date: /home/zerohzzzz/Documents/RobotNav2/install/explore_lite/share/explore_lite/launch
[1.940s] -- Up-to-date: /home/zerohzzzz/Documents/RobotNav2/install/explore_lite/share/explore_lite/launch/explore.launch.py
[1.945s] -- Up-to-date: /home/zerohzzzz/Documents/RobotNav2/install/explore_lite/lib/explore_lite/explore
[1.947s] -- Up-to-date: /home/zerohzzzz/Documents/RobotNav2/install/explore_lite/share/ament_index/resource_index/package_run_dependencies/explore_lite
[1.947s] -- Up-to-date: /home/zerohzzzz/Documents/RobotNav2/install/explore_lite/share/ament_index/resource_index/parent_prefix_path/explore_lite
[1.947s] -- Up-to-date: /home/zerohzzzz/Documents/RobotNav2/install/explore_lite/share/explore_lite/environment/ament_prefix_path.sh
[1.947s] -- Up-to-date: /home/zerohzzzz/Documents/RobotNav2/install/explore_lite/share/explore_lite/environment/ament_prefix_path.dsv
[1.947s] -- Up-to-date: /home/zerohzzzz/Documents/RobotNav2/install/explore_lite/share/explore_lite/environment/path.sh
[1.948s] -- Up-to-date: /home/zerohzzzz/Documents/RobotNav2/install/explore_lite/share/explore_lite/environment/path.dsv
[1.948s] -- Up-to-date: /home/zerohzzzz/Documents/RobotNav2/install/explore_lite/share/explore_lite/local_setup.bash
[1.948s] -- Up-to-date: /home/zerohzzzz/Documents/RobotNav2/install/explore_lite/share/explore_lite/local_setup.sh
[1.948s] -- Up-to-date: /home/zerohzzzz/Documents/RobotNav2/install/explore_lite/share/explore_lite/local_setup.zsh
[1.949s] -- Up-to-date: /home/zerohzzzz/Documents/RobotNav2/install/explore_lite/share/explore_lite/local_setup.dsv
[1.949s] -- Installing: /home/zerohzzzz/Documents/RobotNav2/install/explore_lite/share/explore_lite/package.dsv
[1.952s] -- Up-to-date: /home/zerohzzzz/Documents/RobotNav2/install/explore_lite/share/ament_index/resource_index/packages/explore_lite
[1.952s] -- Up-to-date: /home/zerohzzzz/Documents/RobotNav2/install/explore_lite/share/explore_lite/cmake/ament_cmake_export_include_directories-extras.cmake
[1.953s] -- Up-to-date: /home/zerohzzzz/Documents/RobotNav2/install/explore_lite/share/explore_lite/cmake/explore_liteConfig.cmake
[1.953s] -- Up-to-date: /home/zerohzzzz/Documents/RobotNav2/install/explore_lite/share/explore_lite/cmake/explore_liteConfig-version.cmake
[1.953s] -- Up-to-date: /home/zerohzzzz/Documents/RobotNav2/install/explore_lite/share/explore_lite/package.xml
[1.961s] Invoked command in '/home/zerohzzzz/Documents/RobotNav2/build/explore_lite' returned '0': CMAKE_PREFIX_PATH=${CMAKE_PREFIX_PATH}:/home/zerohzzzz/Documents/RobotNav2/install/map_build:/opt/ros/humble /usr/bin/cmake --install /home/zerohzzzz/Documents/RobotNav2/build/explore_lite
