[0.687s] Invoking command in '/home/zerohzzzz/Documents/RobotNav2/src/map_build': PYTHONPATH=/home/zerohzzzz/Documents/RobotNav2/build/map_build/prefix_override:/usr/lib/python3/dist-packages/colcon_core/task/python/colcon_distutils_commands:/home/zerohzzzz/Documents/RobotNav2/install/map_build/lib/python3.10/site-packages:${PYTHONPATH} /usr/bin/python3 -W ignore:setup.py install is deprecated setup.py egg_info --egg-base ../../build/map_build build --build-base /home/zerohzzzz/Documents/RobotNav2/build/map_build/build install --record /home/zerohzzzz/Documents/RobotNav2/build/map_build/install.log --single-version-externally-managed install_data
[0.964s] running egg_info
[0.965s] writing ../../build/map_build/map_build.egg-info/PKG-INFO
[0.965s] writing dependency_links to ../../build/map_build/map_build.egg-info/dependency_links.txt
[0.965s] writing entry points to ../../build/map_build/map_build.egg-info/entry_points.txt
[0.965s] writing requirements to ../../build/map_build/map_build.egg-info/requires.txt
[0.966s] writing top-level names to ../../build/map_build/map_build.egg-info/top_level.txt
[0.967s] reading manifest file '../../build/map_build/map_build.egg-info/SOURCES.txt'
[0.968s] writing manifest file '../../build/map_build/map_build.egg-info/SOURCES.txt'
[0.968s] running build
[0.968s] running build_py
[0.969s] running install
[0.969s] running install_lib
[0.970s] running install_data
[0.970s] copying launch/map_launch.py -> /home/zerohzzzz/Documents/RobotNav2/install/map_build/share/map_build/launch
[0.970s] copying launch/gazebo_launch.py -> /home/zerohzzzz/Documents/RobotNav2/install/map_build/share/map_build/launch
[0.971s] running install_egg_info
[0.972s] removing '/home/zerohzzzz/Documents/RobotNav2/install/map_build/lib/python3.10/site-packages/map_build-0.0.0-py3.10.egg-info' (and everything under it)
[0.973s] Copying ../../build/map_build/map_build.egg-info to /home/zerohzzzz/Documents/RobotNav2/install/map_build/lib/python3.10/site-packages/map_build-0.0.0-py3.10.egg-info
[0.974s] running install_scripts
[0.997s] writing list of installed files to '/home/zerohzzzz/Documents/RobotNav2/build/map_build/install.log'
[1.034s] Invoked command in '/home/zerohzzzz/Documents/RobotNav2/src/map_build' returned '0': PYTHONPATH=/home/zerohzzzz/Documents/RobotNav2/build/map_build/prefix_override:/usr/lib/python3/dist-packages/colcon_core/task/python/colcon_distutils_commands:/home/zerohzzzz/Documents/RobotNav2/install/map_build/lib/python3.10/site-packages:${PYTHONPATH} /usr/bin/python3 -W ignore:setup.py install is deprecated setup.py egg_info --egg-base ../../build/map_build build --build-base /home/zerohzzzz/Documents/RobotNav2/build/map_build/build install --record /home/zerohzzzz/Documents/RobotNav2/build/map_build/install.log --single-version-externally-managed install_data
