[0.049s] Invoking command in '/home/zerohzzzz/Documents/ros2-slam-comparison/build/turtlebot3_burger_navigation2': CMAKE_PREFIX_PATH=${CMAKE_PREFIX_PATH}:/home/zerohzzzz/Documents/RobotNav2/install/map_build:/opt/ros/iron /usr/bin/cmake --build /home/zerohzzzz/Documents/ros2-slam-comparison/build/turtlebot3_burger_navigation2 -- -j8 -l8
[0.117s] Invoked command in '/home/zerohzzzz/Documents/ros2-slam-comparison/build/turtlebot3_burger_navigation2' returned '0': CMAKE_PREFIX_PATH=${CMAKE_PREFIX_PATH}:/home/zerohzzzz/Documents/RobotNav2/install/map_build:/opt/ros/iron /usr/bin/cmake --build /home/zerohzzzz/Documents/ros2-slam-comparison/build/turtlebot3_burger_navigation2 -- -j8 -l8
[0.163s] Invoking command in '/home/zerohzzzz/Documents/ros2-slam-comparison/build/turtlebot3_burger_navigation2': CMAKE_PREFIX_PATH=${CMAKE_PREFIX_PATH}:/home/zerohzzzz/Documents/RobotNav2/install/map_build:/opt/ros/iron /usr/bin/cmake --install /home/zerohzzzz/Documents/ros2-slam-comparison/build/turtlebot3_burger_navigation2
[0.180s] -- Install configuration: ""
[0.180s] -- Up-to-date: /home/zerohzzzz/Documents/ros2-slam-comparison/install/turtlebot3_burger_navigation2/share/turtlebot3_burger_navigation2/launch
[0.184s] -- Up-to-date: /home/zerohzzzz/Documents/ros2-slam-comparison/install/turtlebot3_burger_navigation2/share/turtlebot3_burger_navigation2/launch/navigation2.launch.py
[0.184s] -- Up-to-date: /home/zerohzzzz/Documents/ros2-slam-comparison/install/turtlebot3_burger_navigation2/share/turtlebot3_burger_navigation2/maps
[0.184s] -- Up-to-date: /home/zerohzzzz/Documents/ros2-slam-comparison/install/turtlebot3_burger_navigation2/share/turtlebot3_burger_navigation2/maps/cart_lidar2-5res
[0.185s] -- Up-to-date: /home/zerohzzzz/Documents/ros2-slam-comparison/install/turtlebot3_burger_navigation2/share/turtlebot3_burger_navigation2/maps/cart_lidar2-5res/map.pgm
[0.187s] -- Up-to-date: /home/zerohzzzz/Documents/ros2-slam-comparison/install/turtlebot3_burger_navigation2/share/turtlebot3_burger_navigation2/maps/cart_lidar2-5res/map.yaml
[0.188s] -- Up-to-date: /home/zerohzzzz/Documents/ros2-slam-comparison/install/turtlebot3_burger_navigation2/share/turtlebot3_burger_navigation2/maps/cart_lidar0-9res
[0.188s] -- Up-to-date: /home/zerohzzzz/Documents/ros2-slam-comparison/install/turtlebot3_burger_navigation2/share/turtlebot3_burger_navigation2/maps/cart_lidar0-9res/map.pgm
[0.188s] -- Up-to-date: /home/zerohzzzz/Documents/ros2-slam-comparison/install/turtlebot3_burger_navigation2/share/turtlebot3_burger_navigation2/maps/cart_lidar0-9res/map.yaml
[0.188s] -- Up-to-date: /home/zerohzzzz/Documents/ros2-slam-comparison/install/turtlebot3_burger_navigation2/share/turtlebot3_burger_navigation2/maps/rtab_lidar2-5res
[0.188s] -- Up-to-date: /home/zerohzzzz/Documents/ros2-slam-comparison/install/turtlebot3_burger_navigation2/share/turtlebot3_burger_navigation2/maps/rtab_lidar2-5res/map.pgm
[0.189s] -- Up-to-date: /home/zerohzzzz/Documents/ros2-slam-comparison/install/turtlebot3_burger_navigation2/share/turtlebot3_burger_navigation2/maps/rtab_lidar2-5res/map.yaml
[0.190s] -- Up-to-date: /home/zerohzzzz/Documents/ros2-slam-comparison/install/turtlebot3_burger_navigation2/share/turtlebot3_burger_navigation2/maps/rtab_lidar0-9res
[0.192s] -- Up-to-date: /home/zerohzzzz/Documents/ros2-slam-comparison/install/turtlebot3_burger_navigation2/share/turtlebot3_burger_navigation2/maps/rtab_lidar0-9res/map.pgm
[0.193s] -- Up-to-date: /home/zerohzzzz/Documents/ros2-slam-comparison/install/turtlebot3_burger_navigation2/share/turtlebot3_burger_navigation2/maps/rtab_lidar0-9res/map.yaml
[0.193s] -- Up-to-date: /home/zerohzzzz/Documents/ros2-slam-comparison/install/turtlebot3_burger_navigation2/share/turtlebot3_burger_navigation2/param
[0.193s] -- Up-to-date: /home/zerohzzzz/Documents/ros2-slam-comparison/install/turtlebot3_burger_navigation2/share/turtlebot3_burger_navigation2/param/burger.yaml
[0.193s] -- Up-to-date: /home/zerohzzzz/Documents/ros2-slam-comparison/install/turtlebot3_burger_navigation2/share/turtlebot3_burger_navigation2/rviz
[0.196s] -- Up-to-date: /home/zerohzzzz/Documents/ros2-slam-comparison/install/turtlebot3_burger_navigation2/share/turtlebot3_burger_navigation2/rviz/tb3_navigation2.rviz
[0.196s] -- Up-to-date: /home/zerohzzzz/Documents/ros2-slam-comparison/install/turtlebot3_burger_navigation2/share/ament_index/resource_index/package_run_dependencies/turtlebot3_burger_navigation2
[0.197s] -- Up-to-date: /home/zerohzzzz/Documents/ros2-slam-comparison/install/turtlebot3_burger_navigation2/share/ament_index/resource_index/parent_prefix_path/turtlebot3_burger_navigation2
[0.199s] -- Up-to-date: /home/zerohzzzz/Documents/ros2-slam-comparison/install/turtlebot3_burger_navigation2/share/turtlebot3_burger_navigation2/environment/ament_prefix_path.sh
[0.199s] -- Up-to-date: /home/zerohzzzz/Documents/ros2-slam-comparison/install/turtlebot3_burger_navigation2/share/turtlebot3_burger_navigation2/environment/ament_prefix_path.dsv
[0.199s] -- Up-to-date: /home/zerohzzzz/Documents/ros2-slam-comparison/install/turtlebot3_burger_navigation2/share/turtlebot3_burger_navigation2/environment/path.sh
[0.199s] -- Up-to-date: /home/zerohzzzz/Documents/ros2-slam-comparison/install/turtlebot3_burger_navigation2/share/turtlebot3_burger_navigation2/environment/path.dsv
[0.200s] -- Up-to-date: /home/zerohzzzz/Documents/ros2-slam-comparison/install/turtlebot3_burger_navigation2/share/turtlebot3_burger_navigation2/local_setup.bash
[0.200s] -- Up-to-date: /home/zerohzzzz/Documents/ros2-slam-comparison/install/turtlebot3_burger_navigation2/share/turtlebot3_burger_navigation2/local_setup.sh
[0.200s] -- Up-to-date: /home/zerohzzzz/Documents/ros2-slam-comparison/install/turtlebot3_burger_navigation2/share/turtlebot3_burger_navigation2/local_setup.zsh
[0.200s] -- Up-to-date: /home/zerohzzzz/Documents/ros2-slam-comparison/install/turtlebot3_burger_navigation2/share/turtlebot3_burger_navigation2/local_setup.dsv
[0.201s] -- Up-to-date: /home/zerohzzzz/Documents/ros2-slam-comparison/install/turtlebot3_burger_navigation2/share/turtlebot3_burger_navigation2/package.dsv
[0.201s] -- Up-to-date: /home/zerohzzzz/Documents/ros2-slam-comparison/install/turtlebot3_burger_navigation2/share/ament_index/resource_index/packages/turtlebot3_burger_navigation2
[0.204s] -- Up-to-date: /home/zerohzzzz/Documents/ros2-slam-comparison/install/turtlebot3_burger_navigation2/share/turtlebot3_burger_navigation2/cmake/turtlebot3_burger_navigation2Config.cmake
[0.205s] -- Up-to-date: /home/zerohzzzz/Documents/ros2-slam-comparison/install/turtlebot3_burger_navigation2/share/turtlebot3_burger_navigation2/cmake/turtlebot3_burger_navigation2Config-version.cmake
[0.205s] -- Up-to-date: /home/zerohzzzz/Documents/ros2-slam-comparison/install/turtlebot3_burger_navigation2/share/turtlebot3_burger_navigation2/package.xml
[0.233s] Invoked command in '/home/zerohzzzz/Documents/ros2-slam-comparison/build/turtlebot3_burger_navigation2' returned '0': CMAKE_PREFIX_PATH=${CMAKE_PREFIX_PATH}:/home/zerohzzzz/Documents/RobotNav2/install/map_build:/opt/ros/iron /usr/bin/cmake --install /home/zerohzzzz/Documents/ros2-slam-comparison/build/turtlebot3_burger_navigation2
