[0.245s] DEBUG:colcon:Command line arguments: ['/usr/bin/colcon', 'build', '--packages-select', 'map_build']
[0.245s] DEBUG:colcon:Parsed command line arguments: Namespace(log_base=None, log_level=None, verb_name='build', build_base='build', install_base='install', merge_install=False, symlink_install=False, test_result_base=None, continue_on_error=False, executor='parallel', parallel_workers=32, event_handlers=None, ignore_user_meta=False, metas=['./colcon.meta'], base_paths=['.'], packages_ignore=None, packages_ignore_regex=None, paths=None, packages_up_to=None, packages_up_to_regex=None, packages_above=None, packages_above_and_dependencies=None, packages_above_depth=None, packages_select_by_dep=None, packages_skip_by_dep=None, packages_skip_up_to=None, packages_select_build_failed=False, packages_skip_build_finished=False, packages_select_test_failures=False, packages_skip_test_passed=False, packages_select=['map_build'], packages_skip=None, packages_select_regex=None, packages_skip_regex=None, packages_start=None, packages_end=None, allow_overriding=[], cmake_args=None, cmake_target=None, cmake_target_skip_unavailable=False, cmake_clean_cache=False, cmake_clean_first=False, cmake_force_configure=False, ament_cmake_args=None, catkin_cmake_args=None, catkin_skip_building_tests=False, mixin_files=None, mixin=None, verb_parser=<colcon_mixin.mixin.mixin_argument.MixinArgumentDecorator object at 0x7fe01df89390>, verb_extension=<colcon_core.verb.build.BuildVerb object at 0x7fe01e0fe9e0>, main=<bound method BuildVerb.main of <colcon_core.verb.build.BuildVerb object at 0x7fe01e0fe9e0>>, mixin_verb=('build',))
[0.342s] Level 1:colcon.colcon_core.package_discovery:discover_packages(colcon_meta) check parameters
[0.349s] Level 1:colcon.colcon_core.package_discovery:discover_packages(recursive) check parameters
[0.349s] Level 1:colcon.colcon_core.package_discovery:discover_packages(ignore) check parameters
[0.350s] Level 1:colcon.colcon_core.package_discovery:discover_packages(path) check parameters
[0.350s] Level 1:colcon.colcon_core.package_discovery:discover_packages(colcon_meta) discover
[0.350s] Level 1:colcon.colcon_core.package_discovery:discover_packages(recursive) discover
[0.351s] INFO:colcon.colcon_core.package_discovery:Crawling recursively for packages in '/mnt/c/Users/ZeroHzzzz/Desktop/robot'
[0.352s] Level 1:colcon.colcon_core.package_identification:_identify(.) by extensions ['ignore', 'ignore_ament_install']
[0.353s] Level 1:colcon.colcon_core.package_identification:_identify(.) by extension 'ignore'
[0.353s] Level 1:colcon.colcon_core.package_identification:_identify(.) by extension 'ignore_ament_install'
[0.353s] Level 1:colcon.colcon_core.package_identification:_identify(.) by extensions ['colcon_pkg']
[0.353s] Level 1:colcon.colcon_core.package_identification:_identify(.) by extension 'colcon_pkg'
[0.354s] Level 1:colcon.colcon_core.package_identification:_identify(.) by extensions ['colcon_meta']
[0.354s] Level 1:colcon.colcon_core.package_identification:_identify(.) by extension 'colcon_meta'
[0.354s] Level 1:colcon.colcon_core.package_identification:_identify(.) by extensions ['ros']
[0.354s] Level 1:colcon.colcon_core.package_identification:_identify(.) by extension 'ros'
[0.362s] Level 1:colcon.colcon_core.package_identification:_identify(.) by extensions ['cmake', 'python']
[0.362s] Level 1:colcon.colcon_core.package_identification:_identify(.) by extension 'cmake'
[0.363s] Level 1:colcon.colcon_core.package_identification:_identify(.) by extension 'python'
[0.363s] Level 1:colcon.colcon_core.package_identification:_identify(.) by extensions ['python_setup_py']
[0.363s] Level 1:colcon.colcon_core.package_identification:_identify(.) by extension 'python_setup_py'
[0.365s] Level 1:colcon.colcon_core.package_identification:_identify(build) by extensions ['ignore', 'ignore_ament_install']
[0.365s] Level 1:colcon.colcon_core.package_identification:_identify(build) by extension 'ignore'
[0.366s] Level 1:colcon.colcon_core.package_identification:_identify(build) ignored
[0.367s] Level 1:colcon.colcon_core.package_identification:_identify(install) by extensions ['ignore', 'ignore_ament_install']
[0.367s] Level 1:colcon.colcon_core.package_identification:_identify(install) by extension 'ignore'
[0.368s] Level 1:colcon.colcon_core.package_identification:_identify(install) ignored
[0.371s] Level 1:colcon.colcon_core.package_identification:_identify(log) by extensions ['ignore', 'ignore_ament_install']
[0.371s] Level 1:colcon.colcon_core.package_identification:_identify(log) by extension 'ignore'
[0.372s] Level 1:colcon.colcon_core.package_identification:_identify(log) ignored
[0.373s] Level 1:colcon.colcon_core.package_identification:_identify(src) by extensions ['ignore', 'ignore_ament_install']
[0.374s] Level 1:colcon.colcon_core.package_identification:_identify(src) by extension 'ignore'
[0.374s] Level 1:colcon.colcon_core.package_identification:_identify(src) by extension 'ignore_ament_install'
[0.375s] Level 1:colcon.colcon_core.package_identification:_identify(src) by extensions ['colcon_pkg']
[0.376s] Level 1:colcon.colcon_core.package_identification:_identify(src) by extension 'colcon_pkg'
[0.377s] Level 1:colcon.colcon_core.package_identification:_identify(src) by extensions ['colcon_meta']
[0.377s] Level 1:colcon.colcon_core.package_identification:_identify(src) by extension 'colcon_meta'
[0.378s] Level 1:colcon.colcon_core.package_identification:_identify(src) by extensions ['ros']
[0.378s] Level 1:colcon.colcon_core.package_identification:_identify(src) by extension 'ros'
[0.380s] Level 1:colcon.colcon_core.package_identification:_identify(src) by extensions ['cmake', 'python']
[0.381s] Level 1:colcon.colcon_core.package_identification:_identify(src) by extension 'cmake'
[0.381s] Level 1:colcon.colcon_core.package_identification:_identify(src) by extension 'python'
[0.382s] Level 1:colcon.colcon_core.package_identification:_identify(src) by extensions ['python_setup_py']
[0.382s] Level 1:colcon.colcon_core.package_identification:_identify(src) by extension 'python_setup_py'
[0.386s] Level 1:colcon.colcon_core.package_identification:_identify(src/csm) by extensions ['ignore', 'ignore_ament_install']
[0.386s] Level 1:colcon.colcon_core.package_identification:_identify(src/csm) by extension 'ignore'
[0.387s] Level 1:colcon.colcon_core.package_identification:_identify(src/csm) by extension 'ignore_ament_install'
[0.389s] Level 1:colcon.colcon_core.package_identification:_identify(src/csm) by extensions ['colcon_pkg']
[0.389s] Level 1:colcon.colcon_core.package_identification:_identify(src/csm) by extension 'colcon_pkg'
[0.391s] Level 1:colcon.colcon_core.package_identification:_identify(src/csm) by extensions ['colcon_meta']
[0.391s] Level 1:colcon.colcon_core.package_identification:_identify(src/csm) by extension 'colcon_meta'
[0.394s] Level 1:colcon.colcon_core.package_identification:_identify(src/csm) by extensions ['ros']
[0.394s] Level 1:colcon.colcon_core.package_identification:_identify(src/csm) by extension 'ros'
[0.410s] DEBUG:colcon.colcon_core.package_identification:Package 'src/csm' with type 'ros.ament_cmake' and name 'csm'
[0.415s] Level 1:colcon.colcon_core.package_identification:_identify(src/map_build) by extensions ['ignore', 'ignore_ament_install']
[0.415s] Level 1:colcon.colcon_core.package_identification:_identify(src/map_build) by extension 'ignore'
[0.416s] Level 1:colcon.colcon_core.package_identification:_identify(src/map_build) by extension 'ignore_ament_install'
[0.419s] Level 1:colcon.colcon_core.package_identification:_identify(src/map_build) by extensions ['colcon_pkg']
[0.419s] Level 1:colcon.colcon_core.package_identification:_identify(src/map_build) by extension 'colcon_pkg'
[0.420s] Level 1:colcon.colcon_core.package_identification:_identify(src/map_build) by extensions ['colcon_meta']
[0.421s] Level 1:colcon.colcon_core.package_identification:_identify(src/map_build) by extension 'colcon_meta'
[0.423s] Level 1:colcon.colcon_core.package_identification:_identify(src/map_build) by extensions ['ros']
[0.423s] Level 1:colcon.colcon_core.package_identification:_identify(src/map_build) by extension 'ros'
[0.437s] DEBUG:colcon.colcon_core.package_identification:Package 'src/map_build' with type 'ros.ament_python' and name 'map_build'
[0.442s] Level 1:colcon.colcon_core.package_identification:_identify(src/mapbuild) by extensions ['ignore', 'ignore_ament_install']
[0.443s] Level 1:colcon.colcon_core.package_identification:_identify(src/mapbuild) by extension 'ignore'
[0.444s] Level 1:colcon.colcon_core.package_identification:_identify(src/mapbuild) by extension 'ignore_ament_install'
[0.447s] Level 1:colcon.colcon_core.package_identification:_identify(src/mapbuild) by extensions ['colcon_pkg']
[0.447s] Level 1:colcon.colcon_core.package_identification:_identify(src/mapbuild) by extension 'colcon_pkg'
[0.448s] Level 1:colcon.colcon_core.package_identification:_identify(src/mapbuild) by extensions ['colcon_meta']
[0.448s] Level 1:colcon.colcon_core.package_identification:_identify(src/mapbuild) by extension 'colcon_meta'
[0.450s] Level 1:colcon.colcon_core.package_identification:_identify(src/mapbuild) by extensions ['ros']
[0.451s] Level 1:colcon.colcon_core.package_identification:_identify(src/mapbuild) by extension 'ros'
[0.464s] DEBUG:colcon.colcon_core.package_identification:Package 'src/mapbuild' with type 'ros.ament_python' and name 'mapbuild'
[0.468s] Level 1:colcon.colcon_core.package_identification:_identify(src/nav) by extensions ['ignore', 'ignore_ament_install']
[0.469s] Level 1:colcon.colcon_core.package_identification:_identify(src/nav) by extension 'ignore'
[0.470s] Level 1:colcon.colcon_core.package_identification:_identify(src/nav) by extension 'ignore_ament_install'
[0.473s] Level 1:colcon.colcon_core.package_identification:_identify(src/nav) by extensions ['colcon_pkg']
[0.473s] Level 1:colcon.colcon_core.package_identification:_identify(src/nav) by extension 'colcon_pkg'
[0.474s] Level 1:colcon.colcon_core.package_identification:_identify(src/nav) by extensions ['colcon_meta']
[0.474s] Level 1:colcon.colcon_core.package_identification:_identify(src/nav) by extension 'colcon_meta'
[0.476s] Level 1:colcon.colcon_core.package_identification:_identify(src/nav) by extensions ['ros']
[0.477s] Level 1:colcon.colcon_core.package_identification:_identify(src/nav) by extension 'ros'
[0.490s] DEBUG:colcon.colcon_core.package_identification:Package 'src/nav' with type 'ros.ament_python' and name 'nav'
[0.495s] Level 1:colcon.colcon_core.package_identification:_identify(src/ros2_laser_scan_matcher) by extensions ['ignore', 'ignore_ament_install']
[0.495s] Level 1:colcon.colcon_core.package_identification:_identify(src/ros2_laser_scan_matcher) by extension 'ignore'
[0.497s] Level 1:colcon.colcon_core.package_identification:_identify(src/ros2_laser_scan_matcher) by extension 'ignore_ament_install'
[0.499s] Level 1:colcon.colcon_core.package_identification:_identify(src/ros2_laser_scan_matcher) by extensions ['colcon_pkg']
[0.499s] Level 1:colcon.colcon_core.package_identification:_identify(src/ros2_laser_scan_matcher) by extension 'colcon_pkg'
[0.502s] Level 1:colcon.colcon_core.package_identification:_identify(src/ros2_laser_scan_matcher) by extensions ['colcon_meta']
[0.502s] Level 1:colcon.colcon_core.package_identification:_identify(src/ros2_laser_scan_matcher) by extension 'colcon_meta'
[0.504s] Level 1:colcon.colcon_core.package_identification:_identify(src/ros2_laser_scan_matcher) by extensions ['ros']
[0.504s] Level 1:colcon.colcon_core.package_identification:_identify(src/ros2_laser_scan_matcher) by extension 'ros'
[0.519s] DEBUG:colcon.colcon_core.package_identification:Package 'src/ros2_laser_scan_matcher' with type 'ros.ament_cmake' and name 'ros2_laser_scan_matcher'
[0.519s] Level 1:colcon.colcon_core.package_discovery:discover_packages(recursive) using defaults
[0.519s] Level 1:colcon.colcon_core.package_discovery:discover_packages(ignore) discover
[0.520s] Level 1:colcon.colcon_core.package_discovery:discover_packages(ignore) using defaults
[0.520s] Level 1:colcon.colcon_core.package_discovery:discover_packages(path) discover
[0.520s] Level 1:colcon.colcon_core.package_discovery:discover_packages(path) using defaults
[0.579s] INFO:colcon.colcon_core.package_selection:Skipping not selected package 'csm' in 'src/csm'
[0.580s] INFO:colcon.colcon_core.package_selection:Skipping not selected package 'mapbuild' in 'src/mapbuild'
[0.580s] INFO:colcon.colcon_core.package_selection:Skipping not selected package 'ros2_laser_scan_matcher' in 'src/ros2_laser_scan_matcher'
[0.580s] INFO:colcon.colcon_core.package_selection:Skipping not selected package 'nav' in 'src/nav'
[0.581s] Level 1:colcon.colcon_core.package_discovery:discover_packages(prefix_path) check parameters
[0.581s] Level 1:colcon.colcon_core.package_discovery:discover_packages(prefix_path) discover
[0.584s] DEBUG:colcon.colcon_installed_package_information.package_discovery:Found 323 installed packages in /opt/ros/humble
[0.587s] Level 1:colcon.colcon_core.package_discovery:discover_packages(prefix_path) using defaults
[0.644s] Level 5:colcon.colcon_core.verb:set package 'map_build' build argument 'cmake_args' from command line to 'None'
[0.644s] Level 5:colcon.colcon_core.verb:set package 'map_build' build argument 'cmake_target' from command line to 'None'
[0.644s] Level 5:colcon.colcon_core.verb:set package 'map_build' build argument 'cmake_target_skip_unavailable' from command line to 'False'
[0.644s] Level 5:colcon.colcon_core.verb:set package 'map_build' build argument 'cmake_clean_cache' from command line to 'False'
[0.645s] Level 5:colcon.colcon_core.verb:set package 'map_build' build argument 'cmake_clean_first' from command line to 'False'
[0.645s] Level 5:colcon.colcon_core.verb:set package 'map_build' build argument 'cmake_force_configure' from command line to 'False'
[0.645s] Level 5:colcon.colcon_core.verb:set package 'map_build' build argument 'ament_cmake_args' from command line to 'None'
[0.645s] Level 5:colcon.colcon_core.verb:set package 'map_build' build argument 'catkin_cmake_args' from command line to 'None'
[0.645s] Level 5:colcon.colcon_core.verb:set package 'map_build' build argument 'catkin_skip_building_tests' from command line to 'False'
[0.646s] DEBUG:colcon.colcon_core.verb:Building package 'map_build' with the following arguments: {'ament_cmake_args': None, 'build_base': '/mnt/c/Users/ZeroHzzzz/Desktop/robot/build/map_build', 'catkin_cmake_args': None, 'catkin_skip_building_tests': False, 'cmake_args': None, 'cmake_clean_cache': False, 'cmake_clean_first': False, 'cmake_force_configure': False, 'cmake_target': None, 'cmake_target_skip_unavailable': False, 'install_base': '/mnt/c/Users/ZeroHzzzz/Desktop/robot/install/map_build', 'merge_install': False, 'path': '/mnt/c/Users/ZeroHzzzz/Desktop/robot/src/map_build', 'symlink_install': False, 'test_result_base': None}
[0.646s] INFO:colcon.colcon_core.executor:Executing jobs using 'parallel' executor
[0.647s] DEBUG:colcon.colcon_parallel_executor.executor.parallel:run_until_complete
[0.648s] INFO:colcon.colcon_ros.task.ament_python.build:Building ROS package in '/mnt/c/Users/ZeroHzzzz/Desktop/robot/src/map_build' with build type 'ament_python'
[0.648s] Level 1:colcon.colcon_core.shell:create_environment_hook('map_build', 'ament_prefix_path')
[0.651s] INFO:colcon.colcon_core.plugin_system:Skipping extension 'colcon_core.shell.bat': Not used on non-Windows systems
[0.651s] INFO:colcon.colcon_core.shell:Creating environment hook '/mnt/c/Users/ZeroHzzzz/Desktop/robot/install/map_build/share/map_build/hook/ament_prefix_path.ps1'
[0.668s] INFO:colcon.colcon_core.shell:Creating environment descriptor '/mnt/c/Users/ZeroHzzzz/Desktop/robot/install/map_build/share/map_build/hook/ament_prefix_path.dsv'
[0.703s] INFO:colcon.colcon_core.shell:Creating environment hook '/mnt/c/Users/ZeroHzzzz/Desktop/robot/install/map_build/share/map_build/hook/ament_prefix_path.sh'
[0.731s] INFO:colcon.colcon_core.shell:Skip shell extension 'powershell' for command environment: Not usable outside of PowerShell
[0.732s] DEBUG:colcon.colcon_core.shell:Skip shell extension 'dsv' for command environment
[1.166s] INFO:colcon.colcon_core.task.python.build:Building Python package in '/mnt/c/Users/ZeroHzzzz/Desktop/robot/src/map_build'
[1.167s] INFO:colcon.colcon_core.shell:Skip shell extension 'powershell' for command environment: Not usable outside of PowerShell
[1.167s] DEBUG:colcon.colcon_core.shell:Skip shell extension 'dsv' for command environment
[2.251s] DEBUG:colcon.colcon_core.event_handler.log_command:Invoking command in '/mnt/c/Users/ZeroHzzzz/Desktop/robot/src/map_build': PYTHONPATH=/mnt/c/Users/ZeroHzzzz/Desktop/robot/build/map_build/prefix_override:/usr/lib/python3/dist-packages/colcon_core/task/python/colcon_distutils_commands:/mnt/c/Users/ZeroHzzzz/Desktop/robot/install/map_build/lib/python3.10/site-packages:${PYTHONPATH} /usr/bin/python3 -W ignore:setup.py install is deprecated setup.py egg_info --egg-base ../../build/map_build build --build-base /mnt/c/Users/ZeroHzzzz/Desktop/robot/build/map_build/build install --record /mnt/c/Users/ZeroHzzzz/Desktop/robot/build/map_build/install.log --single-version-externally-managed install_data
[4.288s] Level 1:colcon.colcon_core.environment:checking '/mnt/c/Users/ZeroHzzzz/Desktop/robot/install/map_build' for CMake module files
[4.296s] DEBUG:colcon.colcon_core.event_handler.log_command:Invoked command in '/mnt/c/Users/ZeroHzzzz/Desktop/robot/src/map_build' returned '0': PYTHONPATH=/mnt/c/Users/ZeroHzzzz/Desktop/robot/build/map_build/prefix_override:/usr/lib/python3/dist-packages/colcon_core/task/python/colcon_distutils_commands:/mnt/c/Users/ZeroHzzzz/Desktop/robot/install/map_build/lib/python3.10/site-packages:${PYTHONPATH} /usr/bin/python3 -W ignore:setup.py install is deprecated setup.py egg_info --egg-base ../../build/map_build build --build-base /mnt/c/Users/ZeroHzzzz/Desktop/robot/build/map_build/build install --record /mnt/c/Users/ZeroHzzzz/Desktop/robot/build/map_build/install.log --single-version-externally-managed install_data
[4.317s] Level 1:colcon.colcon_core.environment:checking '/mnt/c/Users/ZeroHzzzz/Desktop/robot/install/map_build' for CMake config files
[4.433s] Level 1:colcon.colcon_core.environment:checking '/mnt/c/Users/ZeroHzzzz/Desktop/robot/install/map_build/lib'
[4.438s] Level 1:colcon.colcon_core.environment:checking '/mnt/c/Users/ZeroHzzzz/Desktop/robot/install/map_build/bin'
[4.439s] Level 1:colcon.colcon_core.environment:checking '/mnt/c/Users/ZeroHzzzz/Desktop/robot/install/map_build/lib/pkgconfig/map_build.pc'
[4.441s] Level 1:colcon.colcon_core.environment:checking '/mnt/c/Users/ZeroHzzzz/Desktop/robot/install/map_build/lib/python3.10/site-packages'
[4.445s] Level 1:colcon.colcon_core.shell:create_environment_hook('map_build', 'pythonpath')
[4.446s] INFO:colcon.colcon_core.shell:Creating environment hook '/mnt/c/Users/ZeroHzzzz/Desktop/robot/install/map_build/share/map_build/hook/pythonpath.ps1'
[4.462s] INFO:colcon.colcon_core.shell:Creating environment descriptor '/mnt/c/Users/ZeroHzzzz/Desktop/robot/install/map_build/share/map_build/hook/pythonpath.dsv'
[4.480s] INFO:colcon.colcon_core.shell:Creating environment hook '/mnt/c/Users/ZeroHzzzz/Desktop/robot/install/map_build/share/map_build/hook/pythonpath.sh'
[4.497s] Level 1:colcon.colcon_core.environment:checking '/mnt/c/Users/ZeroHzzzz/Desktop/robot/install/map_build/bin'
[4.499s] Level 1:colcon.colcon_core.environment:create_environment_scripts_only(map_build)
[4.500s] INFO:colcon.colcon_core.shell:Creating package script '/mnt/c/Users/ZeroHzzzz/Desktop/robot/install/map_build/share/map_build/package.ps1'
[4.514s] INFO:colcon.colcon_core.shell:Creating package descriptor '/mnt/c/Users/ZeroHzzzz/Desktop/robot/install/map_build/share/map_build/package.dsv'
[4.552s] INFO:colcon.colcon_core.shell:Creating package script '/mnt/c/Users/ZeroHzzzz/Desktop/robot/install/map_build/share/map_build/package.sh'
[4.570s] INFO:colcon.colcon_core.shell:Creating package script '/mnt/c/Users/ZeroHzzzz/Desktop/robot/install/map_build/share/map_build/package.bash'
[4.586s] INFO:colcon.colcon_core.shell:Creating package script '/mnt/c/Users/ZeroHzzzz/Desktop/robot/install/map_build/share/map_build/package.zsh'
[4.623s] Level 1:colcon.colcon_core.environment:create_file_with_runtime_dependencies(/mnt/c/Users/ZeroHzzzz/Desktop/robot/install/map_build/share/colcon-core/packages/map_build)
[4.636s] DEBUG:colcon.colcon_parallel_executor.executor.parallel:closing loop
[4.637s] DEBUG:colcon.colcon_parallel_executor.executor.parallel:loop closed
[4.637s] DEBUG:colcon.colcon_parallel_executor.executor.parallel:run_until_complete finished with '0'
[4.647s] DEBUG:colcon.colcon_core.event_reactor:joining thread
[4.698s] INFO:colcon.colcon_core.plugin_system:Skipping extension 'colcon_notification.desktop_notification.terminal_notifier': Not used on non-Darwin systems
[4.699s] INFO:colcon.colcon_core.plugin_system:Skipping extension 'colcon_notification.desktop_notification.win32': Not used on non-Windows systems
[4.699s] INFO:colcon.colcon_notification.desktop_notification:Sending desktop notification using 'notify2'
[138.741s] DEBUG:colcon.colcon_notification.desktop_notification.notify2:Failed to initialize notify2: org.freedesktop.DBus.Error.Spawn.ExecFailed: /usr/bin/dbus-launch terminated abnormally with the following error: Autolaunch error: X11 initialization failed.

[138.743s] DEBUG:colcon.colcon_core.event_reactor:joined thread
[138.745s] INFO:colcon.colcon_core.shell:Creating prefix script '/mnt/c/Users/ZeroHzzzz/Desktop/robot/install/local_setup.ps1'
[138.782s] INFO:colcon.colcon_core.shell:Creating prefix util module '/mnt/c/Users/ZeroHzzzz/Desktop/robot/install/_local_setup_util_ps1.py'
[138.799s] INFO:colcon.colcon_core.shell:Creating prefix chain script '/mnt/c/Users/ZeroHzzzz/Desktop/robot/install/setup.ps1'
[138.855s] INFO:colcon.colcon_core.shell:Creating prefix script '/mnt/c/Users/ZeroHzzzz/Desktop/robot/install/local_setup.sh'
[138.867s] INFO:colcon.colcon_core.shell:Creating prefix util module '/mnt/c/Users/ZeroHzzzz/Desktop/robot/install/_local_setup_util_sh.py'
[138.875s] INFO:colcon.colcon_core.shell:Creating prefix chain script '/mnt/c/Users/ZeroHzzzz/Desktop/robot/install/setup.sh'
[138.895s] INFO:colcon.colcon_core.shell:Creating prefix script '/mnt/c/Users/ZeroHzzzz/Desktop/robot/install/local_setup.bash'
[138.909s] INFO:colcon.colcon_core.shell:Creating prefix chain script '/mnt/c/Users/ZeroHzzzz/Desktop/robot/install/setup.bash'
[138.925s] INFO:colcon.colcon_core.shell:Creating prefix script '/mnt/c/Users/ZeroHzzzz/Desktop/robot/install/local_setup.zsh'
[138.936s] INFO:colcon.colcon_core.shell:Creating prefix chain script '/mnt/c/Users/ZeroHzzzz/Desktop/robot/install/setup.zsh'
