[0.031s] Invoking command in '/home/zerohzzzz/Documents/RobotNav2/build/explore_lite': CMAKE_PREFIX_PATH=/opt/ros/humble /usr/bin/cmake --build /home/zerohzzzz/Documents/RobotNav2/build/explore_lite -- -j8 -l8
[0.306s] [ 20%] Built target gtest
[0.307s] [ 40%] Built target gtest_main
[0.307s] [ 60%] Built target test_explore
[0.307s] [100%] Built target explore
[0.315s] Invoked command in '/home/zerohzzzz/Documents/RobotNav2/build/explore_lite' returned '0': CMAKE_PREFIX_PATH=/opt/ros/humble /usr/bin/cmake --build /home/zerohzzzz/Documents/RobotNav2/build/explore_lite -- -j8 -l8
[0.365s] Invoking command in '/home/zerohzzzz/Documents/RobotNav2/build/explore_lite': CMAKE_PREFIX_PATH=/opt/ros/humble /usr/bin/cmake --install /home/zerohzzzz/Documents/RobotNav2/build/explore_lite
[0.374s] -- Install configuration: ""
[0.375s] -- Up-to-date: /home/zerohzzzz/Documents/RobotNav2/install/explore_lite/include/explore/
[0.375s] -- Up-to-date: /home/zerohzzzz/Documents/RobotNav2/install/explore_lite/include/explore//costmap_tools.h
[0.375s] -- Up-to-date: /home/zerohzzzz/Documents/RobotNav2/install/explore_lite/include/explore//costmap_client.h
[0.376s] -- Up-to-date: /home/zerohzzzz/Documents/RobotNav2/install/explore_lite/include/explore//explore.h
[0.376s] -- Up-to-date: /home/zerohzzzz/Documents/RobotNav2/install/explore_lite/include/explore//frontier_search.h
[0.376s] -- Up-to-date: /home/zerohzzzz/Documents/RobotNav2/install/explore_lite/share/explore_lite/config
[0.376s] -- Up-to-date: /home/zerohzzzz/Documents/RobotNav2/install/explore_lite/share/explore_lite/config/params.yaml
[0.376s] -- Up-to-date: /home/zerohzzzz/Documents/RobotNav2/install/explore_lite/share/explore_lite/config/params_costmap.yaml
[0.376s] -- Up-to-date: /home/zerohzzzz/Documents/RobotNav2/install/explore_lite/share/explore_lite/launch
[0.377s] -- Up-to-date: /home/zerohzzzz/Documents/RobotNav2/install/explore_lite/share/explore_lite/launch/explore.launch.py
[0.378s] -- Up-to-date: /home/zerohzzzz/Documents/RobotNav2/install/explore_lite/lib/explore_lite/explore
[0.378s] -- Up-to-date: /home/zerohzzzz/Documents/RobotNav2/install/explore_lite/share/ament_index/resource_index/package_run_dependencies/explore_lite
[0.379s] -- Up-to-date: /home/zerohzzzz/Documents/RobotNav2/install/explore_lite/share/ament_index/resource_index/parent_prefix_path/explore_lite
[0.379s] -- Up-to-date: /home/zerohzzzz/Documents/RobotNav2/install/explore_lite/share/explore_lite/environment/ament_prefix_path.sh
[0.379s] -- Up-to-date: /home/zerohzzzz/Documents/RobotNav2/install/explore_lite/share/explore_lite/environment/ament_prefix_path.dsv
[0.379s] -- Up-to-date: /home/zerohzzzz/Documents/RobotNav2/install/explore_lite/share/explore_lite/environment/path.sh
[0.379s] -- Up-to-date: /home/zerohzzzz/Documents/RobotNav2/install/explore_lite/share/explore_lite/environment/path.dsv
[0.380s] -- Up-to-date: /home/zerohzzzz/Documents/RobotNav2/install/explore_lite/share/explore_lite/local_setup.bash
[0.380s] -- Up-to-date: /home/zerohzzzz/Documents/RobotNav2/install/explore_lite/share/explore_lite/local_setup.sh
[0.380s] -- Up-to-date: /home/zerohzzzz/Documents/RobotNav2/install/explore_lite/share/explore_lite/local_setup.zsh
[0.380s] -- Up-to-date: /home/zerohzzzz/Documents/RobotNav2/install/explore_lite/share/explore_lite/local_setup.dsv
[0.380s] -- Installing: /home/zerohzzzz/Documents/RobotNav2/install/explore_lite/share/explore_lite/package.dsv
[0.381s] -- Up-to-date: /home/zerohzzzz/Documents/RobotNav2/install/explore_lite/share/ament_index/resource_index/packages/explore_lite
[0.381s] -- Up-to-date: /home/zerohzzzz/Documents/RobotNav2/install/explore_lite/share/explore_lite/cmake/ament_cmake_export_include_directories-extras.cmake
[0.381s] -- Up-to-date: /home/zerohzzzz/Documents/RobotNav2/install/explore_lite/share/explore_lite/cmake/explore_liteConfig.cmake
[0.381s] -- Up-to-date: /home/zerohzzzz/Documents/RobotNav2/install/explore_lite/share/explore_lite/cmake/explore_liteConfig-version.cmake
[0.381s] -- Up-to-date: /home/zerohzzzz/Documents/RobotNav2/install/explore_lite/share/explore_lite/package.xml
[0.385s] Invoked command in '/home/zerohzzzz/Documents/RobotNav2/build/explore_lite' returned '0': CMAKE_PREFIX_PATH=/opt/ros/humble /usr/bin/cmake --install /home/zerohzzzz/Documents/RobotNav2/build/explore_lite
