[0.118s] DEBUG:colcon:Command line arguments: ['/usr/bin/colcon', 'build']
[0.118s] DEBUG:colcon:Parsed command line arguments: Namespace(log_base=None, log_level=None, verb_name='build', build_base='build', install_base='install', merge_install=False, symlink_install=False, test_result_base=None, continue_on_error=False, executor='parallel', parallel_workers=8, event_handlers=None, ignore_user_meta=False, metas=['./colcon.meta'], base_paths=['.'], packages_ignore=None, packages_ignore_regex=None, paths=None, packages_up_to=None, packages_up_to_regex=None, packages_above=None, packages_above_and_dependencies=None, packages_above_depth=None, packages_select_by_dep=None, packages_skip_by_dep=None, packages_skip_up_to=None, packages_select_build_failed=False, packages_skip_build_finished=False, packages_select_test_failures=False, packages_skip_test_passed=False, packages_select=None, packages_skip=None, packages_select_regex=None, packages_skip_regex=None, packages_start=None, packages_end=None, allow_overriding=[], cmake_args=None, cmake_target=None, cmake_target_skip_unavailable=False, cmake_clean_cache=False, cmake_clean_first=False, cmake_force_configure=False, ament_cmake_args=None, catkin_cmake_args=None, catkin_skip_building_tests=False, mixin_files=None, mixin=None, verb_parser=<colcon_mixin.mixin.mixin_argument.MixinArgumentDecorator object at 0x7b6bf2530730>, verb_extension=<colcon_core.verb.build.BuildVerb object at 0x7b6bf263cdf0>, main=<bound method BuildVerb.main of <colcon_core.verb.build.BuildVerb object at 0x7b6bf263cdf0>>, mixin_verb=('build',))
[0.270s] Level 1:colcon.colcon_core.package_discovery:discover_packages(colcon_meta) check parameters
[0.270s] Level 1:colcon.colcon_core.package_discovery:discover_packages(recursive) check parameters
[0.270s] Level 1:colcon.colcon_core.package_discovery:discover_packages(ignore) check parameters
[0.270s] Level 1:colcon.colcon_core.package_discovery:discover_packages(path) check parameters
[0.270s] Level 1:colcon.colcon_core.package_discovery:discover_packages(colcon_meta) discover
[0.270s] Level 1:colcon.colcon_core.package_discovery:discover_packages(recursive) discover
[0.270s] INFO:colcon.colcon_core.package_discovery:Crawling recursively for packages in '/home/zerohzzzz/Documents/RobotNav2'
[0.270s] Level 1:colcon.colcon_core.package_identification:_identify(.) by extensions ['ignore', 'ignore_ament_install']
[0.270s] Level 1:colcon.colcon_core.package_identification:_identify(.) by extension 'ignore'
[0.271s] Level 1:colcon.colcon_core.package_identification:_identify(.) by extension 'ignore_ament_install'
[0.271s] Level 1:colcon.colcon_core.package_identification:_identify(.) by extensions ['colcon_pkg']
[0.271s] Level 1:colcon.colcon_core.package_identification:_identify(.) by extension 'colcon_pkg'
[0.271s] Level 1:colcon.colcon_core.package_identification:_identify(.) by extensions ['colcon_meta']
[0.271s] Level 1:colcon.colcon_core.package_identification:_identify(.) by extension 'colcon_meta'
[0.271s] Level 1:colcon.colcon_core.package_identification:_identify(.) by extensions ['ros']
[0.271s] Level 1:colcon.colcon_core.package_identification:_identify(.) by extension 'ros'
[0.283s] Level 1:colcon.colcon_core.package_identification:_identify(.) by extensions ['cmake', 'python']
[0.283s] Level 1:colcon.colcon_core.package_identification:_identify(.) by extension 'cmake'
[0.283s] Level 1:colcon.colcon_core.package_identification:_identify(.) by extension 'python'
[0.283s] Level 1:colcon.colcon_core.package_identification:_identify(.) by extensions ['python_setup_py']
[0.283s] Level 1:colcon.colcon_core.package_identification:_identify(.) by extension 'python_setup_py'
[0.283s] Level 1:colcon.colcon_core.package_identification:_identify(build) by extensions ['ignore', 'ignore_ament_install']
[0.283s] Level 1:colcon.colcon_core.package_identification:_identify(build) by extension 'ignore'
[0.283s] Level 1:colcon.colcon_core.package_identification:_identify(build) ignored
[0.283s] Level 1:colcon.colcon_core.package_identification:_identify(install) by extensions ['ignore', 'ignore_ament_install']
[0.284s] Level 1:colcon.colcon_core.package_identification:_identify(install) by extension 'ignore'
[0.284s] Level 1:colcon.colcon_core.package_identification:_identify(install) ignored
[0.284s] Level 1:colcon.colcon_core.package_identification:_identify(log) by extensions ['ignore', 'ignore_ament_install']
[0.284s] Level 1:colcon.colcon_core.package_identification:_identify(log) by extension 'ignore'
[0.284s] Level 1:colcon.colcon_core.package_identification:_identify(log) ignored
[0.284s] Level 1:colcon.colcon_core.package_identification:_identify(src) by extensions ['ignore', 'ignore_ament_install']
[0.284s] Level 1:colcon.colcon_core.package_identification:_identify(src) by extension 'ignore'
[0.284s] Level 1:colcon.colcon_core.package_identification:_identify(src) by extension 'ignore_ament_install'
[0.284s] Level 1:colcon.colcon_core.package_identification:_identify(src) by extensions ['colcon_pkg']
[0.284s] Level 1:colcon.colcon_core.package_identification:_identify(src) by extension 'colcon_pkg'
[0.284s] Level 1:colcon.colcon_core.package_identification:_identify(src) by extensions ['colcon_meta']
[0.284s] Level 1:colcon.colcon_core.package_identification:_identify(src) by extension 'colcon_meta'
[0.284s] Level 1:colcon.colcon_core.package_identification:_identify(src) by extensions ['ros']
[0.284s] Level 1:colcon.colcon_core.package_identification:_identify(src) by extension 'ros'
[0.284s] Level 1:colcon.colcon_core.package_identification:_identify(src) by extensions ['cmake', 'python']
[0.285s] Level 1:colcon.colcon_core.package_identification:_identify(src) by extension 'cmake'
[0.285s] Level 1:colcon.colcon_core.package_identification:_identify(src) by extension 'python'
[0.285s] Level 1:colcon.colcon_core.package_identification:_identify(src) by extensions ['python_setup_py']
[0.285s] Level 1:colcon.colcon_core.package_identification:_identify(src) by extension 'python_setup_py'
[0.285s] Level 1:colcon.colcon_core.package_identification:_identify(src/explore) by extensions ['ignore', 'ignore_ament_install']
[0.285s] Level 1:colcon.colcon_core.package_identification:_identify(src/explore) by extension 'ignore'
[0.285s] Level 1:colcon.colcon_core.package_identification:_identify(src/explore) by extension 'ignore_ament_install'
[0.285s] Level 1:colcon.colcon_core.package_identification:_identify(src/explore) by extensions ['colcon_pkg']
[0.285s] Level 1:colcon.colcon_core.package_identification:_identify(src/explore) by extension 'colcon_pkg'
[0.285s] Level 1:colcon.colcon_core.package_identification:_identify(src/explore) by extensions ['colcon_meta']
[0.285s] Level 1:colcon.colcon_core.package_identification:_identify(src/explore) by extension 'colcon_meta'
[0.285s] Level 1:colcon.colcon_core.package_identification:_identify(src/explore) by extensions ['ros']
[0.285s] Level 1:colcon.colcon_core.package_identification:_identify(src/explore) by extension 'ros'
[0.288s] DEBUG:colcon.colcon_core.package_identification:Package 'src/explore' with type 'ros.ament_cmake' and name 'explore_lite'
[0.289s] Level 1:colcon.colcon_core.package_identification:_identify(src/map_build) by extensions ['ignore', 'ignore_ament_install']
[0.289s] Level 1:colcon.colcon_core.package_identification:_identify(src/map_build) by extension 'ignore'
[0.289s] Level 1:colcon.colcon_core.package_identification:_identify(src/map_build) by extension 'ignore_ament_install'
[0.289s] Level 1:colcon.colcon_core.package_identification:_identify(src/map_build) by extensions ['colcon_pkg']
[0.289s] Level 1:colcon.colcon_core.package_identification:_identify(src/map_build) by extension 'colcon_pkg'
[0.289s] Level 1:colcon.colcon_core.package_identification:_identify(src/map_build) by extensions ['colcon_meta']
[0.289s] Level 1:colcon.colcon_core.package_identification:_identify(src/map_build) by extension 'colcon_meta'
[0.289s] Level 1:colcon.colcon_core.package_identification:_identify(src/map_build) by extensions ['ros']
[0.289s] Level 1:colcon.colcon_core.package_identification:_identify(src/map_build) by extension 'ros'
[0.290s] DEBUG:colcon.colcon_core.package_identification:Package 'src/map_build' with type 'ros.ament_python' and name 'map_build'
[0.290s] Level 1:colcon.colcon_core.package_identification:_identify(src/map_merge) by extensions ['ignore', 'ignore_ament_install']
[0.290s] Level 1:colcon.colcon_core.package_identification:_identify(src/map_merge) by extension 'ignore'
[0.290s] Level 1:colcon.colcon_core.package_identification:_identify(src/map_merge) by extension 'ignore_ament_install'
[0.290s] Level 1:colcon.colcon_core.package_identification:_identify(src/map_merge) by extensions ['colcon_pkg']
[0.290s] Level 1:colcon.colcon_core.package_identification:_identify(src/map_merge) by extension 'colcon_pkg'
[0.290s] Level 1:colcon.colcon_core.package_identification:_identify(src/map_merge) by extensions ['colcon_meta']
[0.290s] Level 1:colcon.colcon_core.package_identification:_identify(src/map_merge) by extension 'colcon_meta'
[0.290s] Level 1:colcon.colcon_core.package_identification:_identify(src/map_merge) by extensions ['ros']
[0.290s] Level 1:colcon.colcon_core.package_identification:_identify(src/map_merge) by extension 'ros'
[0.292s] DEBUG:colcon.colcon_core.package_identification:Package 'src/map_merge' with type 'ros.ament_cmake' and name 'multirobot_map_merge'
[0.292s] Level 1:colcon.colcon_core.package_identification:_identify(src/nav2_bringup) by extensions ['ignore', 'ignore_ament_install']
[0.292s] Level 1:colcon.colcon_core.package_identification:_identify(src/nav2_bringup) by extension 'ignore'
[0.292s] Level 1:colcon.colcon_core.package_identification:_identify(src/nav2_bringup) by extension 'ignore_ament_install'
[0.292s] Level 1:colcon.colcon_core.package_identification:_identify(src/nav2_bringup) by extensions ['colcon_pkg']
[0.292s] Level 1:colcon.colcon_core.package_identification:_identify(src/nav2_bringup) by extension 'colcon_pkg'
[0.292s] Level 1:colcon.colcon_core.package_identification:_identify(src/nav2_bringup) by extensions ['colcon_meta']
[0.292s] Level 1:colcon.colcon_core.package_identification:_identify(src/nav2_bringup) by extension 'colcon_meta'
[0.292s] Level 1:colcon.colcon_core.package_identification:_identify(src/nav2_bringup) by extensions ['ros']
[0.292s] Level 1:colcon.colcon_core.package_identification:_identify(src/nav2_bringup) by extension 'ros'
[0.293s] DEBUG:colcon.colcon_core.package_identification:Package 'src/nav2_bringup' with type 'ros.ament_cmake' and name 'nav2_bringup'
[0.293s] Level 1:colcon.colcon_core.package_discovery:discover_packages(recursive) using defaults
[0.293s] Level 1:colcon.colcon_core.package_discovery:discover_packages(ignore) discover
[0.293s] Level 1:colcon.colcon_core.package_discovery:discover_packages(ignore) using defaults
[0.293s] Level 1:colcon.colcon_core.package_discovery:discover_packages(path) discover
[0.293s] Level 1:colcon.colcon_core.package_discovery:discover_packages(path) using defaults
[0.314s] Level 1:colcon.colcon_core.package_discovery:discover_packages(prefix_path) check parameters
[0.314s] Level 1:colcon.colcon_core.package_discovery:discover_packages(prefix_path) discover
[0.316s] DEBUG:colcon.colcon_installed_package_information.package_discovery:Found 4 installed packages in /home/zerohzzzz/Documents/RobotNav2/install
[0.317s] DEBUG:colcon.colcon_installed_package_information.package_discovery:Found 260 installed packages in /opt/ros/humble
[0.318s] Level 1:colcon.colcon_core.package_discovery:discover_packages(prefix_path) using defaults
[0.369s] Level 5:colcon.colcon_core.verb:set package 'explore_lite' build argument 'cmake_args' from command line to 'None'
[0.369s] Level 5:colcon.colcon_core.verb:set package 'explore_lite' build argument 'cmake_target' from command line to 'None'
[0.369s] Level 5:colcon.colcon_core.verb:set package 'explore_lite' build argument 'cmake_target_skip_unavailable' from command line to 'False'
[0.369s] Level 5:colcon.colcon_core.verb:set package 'explore_lite' build argument 'cmake_clean_cache' from command line to 'False'
[0.369s] Level 5:colcon.colcon_core.verb:set package 'explore_lite' build argument 'cmake_clean_first' from command line to 'False'
[0.369s] Level 5:colcon.colcon_core.verb:set package 'explore_lite' build argument 'cmake_force_configure' from command line to 'False'
[0.369s] Level 5:colcon.colcon_core.verb:set package 'explore_lite' build argument 'ament_cmake_args' from command line to 'None'
[0.369s] Level 5:colcon.colcon_core.verb:set package 'explore_lite' build argument 'catkin_cmake_args' from command line to 'None'
[0.369s] Level 5:colcon.colcon_core.verb:set package 'explore_lite' build argument 'catkin_skip_building_tests' from command line to 'False'
[0.369s] DEBUG:colcon.colcon_core.verb:Building package 'explore_lite' with the following arguments: {'ament_cmake_args': None, 'build_base': '/home/zerohzzzz/Documents/RobotNav2/build/explore_lite', 'catkin_cmake_args': None, 'catkin_skip_building_tests': False, 'cmake_args': None, 'cmake_clean_cache': False, 'cmake_clean_first': False, 'cmake_force_configure': False, 'cmake_target': None, 'cmake_target_skip_unavailable': False, 'install_base': '/home/zerohzzzz/Documents/RobotNav2/install/explore_lite', 'merge_install': False, 'path': '/home/zerohzzzz/Documents/RobotNav2/src/explore', 'symlink_install': False, 'test_result_base': None}
[0.370s] Level 5:colcon.colcon_core.verb:set package 'map_build' build argument 'cmake_args' from command line to 'None'
[0.370s] Level 5:colcon.colcon_core.verb:set package 'map_build' build argument 'cmake_target' from command line to 'None'
[0.370s] Level 5:colcon.colcon_core.verb:set package 'map_build' build argument 'cmake_target_skip_unavailable' from command line to 'False'
[0.370s] Level 5:colcon.colcon_core.verb:set package 'map_build' build argument 'cmake_clean_cache' from command line to 'False'
[0.370s] Level 5:colcon.colcon_core.verb:set package 'map_build' build argument 'cmake_clean_first' from command line to 'False'
[0.370s] Level 5:colcon.colcon_core.verb:set package 'map_build' build argument 'cmake_force_configure' from command line to 'False'
[0.370s] Level 5:colcon.colcon_core.verb:set package 'map_build' build argument 'ament_cmake_args' from command line to 'None'
[0.370s] Level 5:colcon.colcon_core.verb:set package 'map_build' build argument 'catkin_cmake_args' from command line to 'None'
[0.370s] Level 5:colcon.colcon_core.verb:set package 'map_build' build argument 'catkin_skip_building_tests' from command line to 'False'
[0.370s] DEBUG:colcon.colcon_core.verb:Building package 'map_build' with the following arguments: {'ament_cmake_args': None, 'build_base': '/home/zerohzzzz/Documents/RobotNav2/build/map_build', 'catkin_cmake_args': None, 'catkin_skip_building_tests': False, 'cmake_args': None, 'cmake_clean_cache': False, 'cmake_clean_first': False, 'cmake_force_configure': False, 'cmake_target': None, 'cmake_target_skip_unavailable': False, 'install_base': '/home/zerohzzzz/Documents/RobotNav2/install/map_build', 'merge_install': False, 'path': '/home/zerohzzzz/Documents/RobotNav2/src/map_build', 'symlink_install': False, 'test_result_base': None}
[0.370s] Level 5:colcon.colcon_core.verb:set package 'multirobot_map_merge' build argument 'cmake_args' from command line to 'None'
[0.371s] Level 5:colcon.colcon_core.verb:set package 'multirobot_map_merge' build argument 'cmake_target' from command line to 'None'
[0.371s] Level 5:colcon.colcon_core.verb:set package 'multirobot_map_merge' build argument 'cmake_target_skip_unavailable' from command line to 'False'
[0.371s] Level 5:colcon.colcon_core.verb:set package 'multirobot_map_merge' build argument 'cmake_clean_cache' from command line to 'False'
[0.371s] Level 5:colcon.colcon_core.verb:set package 'multirobot_map_merge' build argument 'cmake_clean_first' from command line to 'False'
[0.371s] Level 5:colcon.colcon_core.verb:set package 'multirobot_map_merge' build argument 'cmake_force_configure' from command line to 'False'
[0.371s] Level 5:colcon.colcon_core.verb:set package 'multirobot_map_merge' build argument 'ament_cmake_args' from command line to 'None'
[0.371s] Level 5:colcon.colcon_core.verb:set package 'multirobot_map_merge' build argument 'catkin_cmake_args' from command line to 'None'
[0.371s] Level 5:colcon.colcon_core.verb:set package 'multirobot_map_merge' build argument 'catkin_skip_building_tests' from command line to 'False'
[0.371s] DEBUG:colcon.colcon_core.verb:Building package 'multirobot_map_merge' with the following arguments: {'ament_cmake_args': None, 'build_base': '/home/zerohzzzz/Documents/RobotNav2/build/multirobot_map_merge', 'catkin_cmake_args': None, 'catkin_skip_building_tests': False, 'cmake_args': None, 'cmake_clean_cache': False, 'cmake_clean_first': False, 'cmake_force_configure': False, 'cmake_target': None, 'cmake_target_skip_unavailable': False, 'install_base': '/home/zerohzzzz/Documents/RobotNav2/install/multirobot_map_merge', 'merge_install': False, 'path': '/home/zerohzzzz/Documents/RobotNav2/src/map_merge', 'symlink_install': False, 'test_result_base': None}
[0.371s] Level 5:colcon.colcon_core.verb:set package 'nav2_bringup' build argument 'cmake_args' from command line to 'None'
[0.371s] Level 5:colcon.colcon_core.verb:set package 'nav2_bringup' build argument 'cmake_target' from command line to 'None'
[0.371s] Level 5:colcon.colcon_core.verb:set package 'nav2_bringup' build argument 'cmake_target_skip_unavailable' from command line to 'False'
[0.371s] Level 5:colcon.colcon_core.verb:set package 'nav2_bringup' build argument 'cmake_clean_cache' from command line to 'False'
[0.371s] Level 5:colcon.colcon_core.verb:set package 'nav2_bringup' build argument 'cmake_clean_first' from command line to 'False'
[0.371s] Level 5:colcon.colcon_core.verb:set package 'nav2_bringup' build argument 'cmake_force_configure' from command line to 'False'
[0.371s] Level 5:colcon.colcon_core.verb:set package 'nav2_bringup' build argument 'ament_cmake_args' from command line to 'None'
[0.371s] Level 5:colcon.colcon_core.verb:set package 'nav2_bringup' build argument 'catkin_cmake_args' from command line to 'None'
[0.371s] Level 5:colcon.colcon_core.verb:set package 'nav2_bringup' build argument 'catkin_skip_building_tests' from command line to 'False'
[0.371s] DEBUG:colcon.colcon_core.verb:Building package 'nav2_bringup' with the following arguments: {'ament_cmake_args': None, 'build_base': '/home/zerohzzzz/Documents/RobotNav2/build/nav2_bringup', 'catkin_cmake_args': None, 'catkin_skip_building_tests': False, 'cmake_args': None, 'cmake_clean_cache': False, 'cmake_clean_first': False, 'cmake_force_configure': False, 'cmake_target': None, 'cmake_target_skip_unavailable': False, 'install_base': '/home/zerohzzzz/Documents/RobotNav2/install/nav2_bringup', 'merge_install': False, 'path': '/home/zerohzzzz/Documents/RobotNav2/src/nav2_bringup', 'symlink_install': False, 'test_result_base': None}
[0.372s] INFO:colcon.colcon_core.executor:Executing jobs using 'parallel' executor
[0.373s] DEBUG:colcon.colcon_parallel_executor.executor.parallel:run_until_complete
[0.373s] INFO:colcon.colcon_ros.task.ament_cmake.build:Building ROS package in '/home/zerohzzzz/Documents/RobotNav2/src/explore' with build type 'ament_cmake'
[0.373s] INFO:colcon.colcon_cmake.task.cmake.build:Building CMake package in '/home/zerohzzzz/Documents/RobotNav2/src/explore'
[0.375s] INFO:colcon.colcon_core.plugin_system:Skipping extension 'colcon_core.shell.bat': Not used on non-Windows systems
[0.375s] INFO:colcon.colcon_core.shell:Skip shell extension 'powershell' for command environment: Not usable outside of PowerShell
[0.375s] DEBUG:colcon.colcon_core.shell:Skip shell extension 'dsv' for command environment
[0.379s] INFO:colcon.colcon_ros.task.ament_python.build:Building ROS package in '/home/zerohzzzz/Documents/RobotNav2/src/map_build' with build type 'ament_python'
[0.380s] Level 1:colcon.colcon_core.shell:create_environment_hook('map_build', 'ament_prefix_path')
[0.380s] INFO:colcon.colcon_core.shell:Creating environment hook '/home/zerohzzzz/Documents/RobotNav2/install/map_build/share/map_build/hook/ament_prefix_path.ps1'
[0.381s] INFO:colcon.colcon_core.shell:Creating environment descriptor '/home/zerohzzzz/Documents/RobotNav2/install/map_build/share/map_build/hook/ament_prefix_path.dsv'
[0.382s] INFO:colcon.colcon_core.shell:Creating environment hook '/home/zerohzzzz/Documents/RobotNav2/install/map_build/share/map_build/hook/ament_prefix_path.sh'
[0.382s] INFO:colcon.colcon_core.shell:Skip shell extension 'powershell' for command environment: Not usable outside of PowerShell
[0.382s] DEBUG:colcon.colcon_core.shell:Skip shell extension 'dsv' for command environment
[0.386s] INFO:colcon.colcon_ros.task.ament_cmake.build:Building ROS package in '/home/zerohzzzz/Documents/RobotNav2/src/map_merge' with build type 'ament_cmake'
[0.386s] INFO:colcon.colcon_cmake.task.cmake.build:Building CMake package in '/home/zerohzzzz/Documents/RobotNav2/src/map_merge'
[0.386s] INFO:colcon.colcon_core.shell:Skip shell extension 'powershell' for command environment: Not usable outside of PowerShell
[0.386s] DEBUG:colcon.colcon_core.shell:Skip shell extension 'dsv' for command environment
[0.389s] INFO:colcon.colcon_ros.task.ament_cmake.build:Building ROS package in '/home/zerohzzzz/Documents/RobotNav2/src/nav2_bringup' with build type 'ament_cmake'
[0.389s] INFO:colcon.colcon_cmake.task.cmake.build:Building CMake package in '/home/zerohzzzz/Documents/RobotNav2/src/nav2_bringup'
[0.390s] INFO:colcon.colcon_core.shell:Skip shell extension 'powershell' for command environment: Not usable outside of PowerShell
[0.390s] DEBUG:colcon.colcon_core.shell:Skip shell extension 'dsv' for command environment
[0.401s] DEBUG:colcon.colcon_core.event_handler.log_command:Invoking command in '/home/zerohzzzz/Documents/RobotNav2/build/explore_lite': CMAKE_PREFIX_PATH=${CMAKE_PREFIX_PATH}:/home/zerohzzzz/Documents/RobotNav2/install/map_build:/opt/ros/humble /usr/bin/cmake --build /home/zerohzzzz/Documents/RobotNav2/build/explore_lite -- -j8 -l8
[0.685s] INFO:colcon.colcon_core.task.python.build:Building Python package in '/home/zerohzzzz/Documents/RobotNav2/src/map_build'
[0.686s] INFO:colcon.colcon_core.shell:Skip shell extension 'powershell' for command environment: Not usable outside of PowerShell
[0.686s] DEBUG:colcon.colcon_core.shell:Skip shell extension 'dsv' for command environment
[0.699s] DEBUG:colcon.colcon_core.event_handler.log_command:Invoking command in '/home/zerohzzzz/Documents/RobotNav2/build/multirobot_map_merge': CMAKE_PREFIX_PATH=${CMAKE_PREFIX_PATH}:/home/zerohzzzz/Documents/RobotNav2/install/map_build:/opt/ros/humble /usr/bin/cmake --build /home/zerohzzzz/Documents/RobotNav2/build/multirobot_map_merge -- -j8 -l8
[0.706s] DEBUG:colcon.colcon_core.event_handler.log_command:Invoking command in '/home/zerohzzzz/Documents/RobotNav2/build/nav2_bringup': CMAKE_PREFIX_PATH=${CMAKE_PREFIX_PATH}:/home/zerohzzzz/Documents/RobotNav2/install/map_build:/opt/ros/humble /usr/bin/cmake --build /home/zerohzzzz/Documents/RobotNav2/build/nav2_bringup -- -j8 -l8
[0.707s] DEBUG:colcon.colcon_core.event_handler.log_command:Invoked command in '/home/zerohzzzz/Documents/RobotNav2/build/explore_lite' returned '0': CMAKE_PREFIX_PATH=${CMAKE_PREFIX_PATH}:/home/zerohzzzz/Documents/RobotNav2/install/map_build:/opt/ros/humble /usr/bin/cmake --build /home/zerohzzzz/Documents/RobotNav2/build/explore_lite -- -j8 -l8
[0.763s] DEBUG:colcon.colcon_core.event_handler.log_command:Invoking command in '/home/zerohzzzz/Documents/RobotNav2/build/explore_lite': CMAKE_PREFIX_PATH=${CMAKE_PREFIX_PATH}:/home/zerohzzzz/Documents/RobotNav2/install/map_build:/opt/ros/humble /usr/bin/cmake --install /home/zerohzzzz/Documents/RobotNav2/build/explore_lite
[0.765s] DEBUG:colcon.colcon_core.event_handler.log_command:Invoked command in '/home/zerohzzzz/Documents/RobotNav2/build/nav2_bringup' returned '0': CMAKE_PREFIX_PATH=${CMAKE_PREFIX_PATH}:/home/zerohzzzz/Documents/RobotNav2/install/map_build:/opt/ros/humble /usr/bin/cmake --build /home/zerohzzzz/Documents/RobotNav2/build/nav2_bringup -- -j8 -l8
[0.780s] Level 1:colcon.colcon_core.environment:create_environment_scripts_only(explore_lite)
[0.781s] DEBUG:colcon.colcon_core.event_handler.log_command:Invoked command in '/home/zerohzzzz/Documents/RobotNav2/build/explore_lite' returned '0': CMAKE_PREFIX_PATH=${CMAKE_PREFIX_PATH}:/home/zerohzzzz/Documents/RobotNav2/install/map_build:/opt/ros/humble /usr/bin/cmake --install /home/zerohzzzz/Documents/RobotNav2/build/explore_lite
[0.785s] Level 1:colcon.colcon_core.environment:checking '/home/zerohzzzz/Documents/RobotNav2/install/explore_lite' for CMake module files
[0.786s] Level 1:colcon.colcon_core.environment:checking '/home/zerohzzzz/Documents/RobotNav2/install/explore_lite' for CMake config files
[0.786s] Level 1:colcon.colcon_core.shell:create_environment_hook('explore_lite', 'cmake_prefix_path')
[0.786s] INFO:colcon.colcon_core.shell:Creating environment hook '/home/zerohzzzz/Documents/RobotNav2/install/explore_lite/share/explore_lite/hook/cmake_prefix_path.ps1'
[0.788s] INFO:colcon.colcon_core.shell:Creating environment descriptor '/home/zerohzzzz/Documents/RobotNav2/install/explore_lite/share/explore_lite/hook/cmake_prefix_path.dsv'
[0.790s] INFO:colcon.colcon_core.shell:Creating environment hook '/home/zerohzzzz/Documents/RobotNav2/install/explore_lite/share/explore_lite/hook/cmake_prefix_path.sh'
[0.792s] Level 1:colcon.colcon_core.environment:checking '/home/zerohzzzz/Documents/RobotNav2/install/explore_lite/lib'
[0.793s] Level 1:colcon.colcon_core.environment:checking '/home/zerohzzzz/Documents/RobotNav2/install/explore_lite/bin'
[0.794s] Level 1:colcon.colcon_core.environment:checking '/home/zerohzzzz/Documents/RobotNav2/install/explore_lite/lib/pkgconfig/explore_lite.pc'
[0.794s] Level 1:colcon.colcon_core.environment:checking '/home/zerohzzzz/Documents/RobotNav2/install/explore_lite/lib/python3.10/site-packages'
[0.795s] Level 1:colcon.colcon_core.environment:checking '/home/zerohzzzz/Documents/RobotNav2/install/explore_lite/bin'
[0.795s] INFO:colcon.colcon_core.shell:Creating package script '/home/zerohzzzz/Documents/RobotNav2/install/explore_lite/share/explore_lite/package.ps1'
[0.797s] INFO:colcon.colcon_core.shell:Creating package descriptor '/home/zerohzzzz/Documents/RobotNav2/install/explore_lite/share/explore_lite/package.dsv'
[0.798s] INFO:colcon.colcon_core.shell:Creating package script '/home/zerohzzzz/Documents/RobotNav2/install/explore_lite/share/explore_lite/package.sh'
[0.800s] INFO:colcon.colcon_core.shell:Creating package script '/home/zerohzzzz/Documents/RobotNav2/install/explore_lite/share/explore_lite/package.bash'
[0.802s] INFO:colcon.colcon_core.shell:Creating package script '/home/zerohzzzz/Documents/RobotNav2/install/explore_lite/share/explore_lite/package.zsh'
[0.803s] Level 1:colcon.colcon_core.environment:create_file_with_runtime_dependencies(/home/zerohzzzz/Documents/RobotNav2/install/explore_lite/share/colcon-core/packages/explore_lite)
[0.808s] DEBUG:colcon.colcon_core.event_handler.log_command:Invoking command in '/home/zerohzzzz/Documents/RobotNav2/build/nav2_bringup': CMAKE_PREFIX_PATH=${CMAKE_PREFIX_PATH}:/home/zerohzzzz/Documents/RobotNav2/install/map_build:/opt/ros/humble /usr/bin/cmake --install /home/zerohzzzz/Documents/RobotNav2/build/nav2_bringup
[0.825s] Level 1:colcon.colcon_core.environment:create_environment_scripts_only(nav2_bringup)
[0.826s] Level 1:colcon.colcon_core.environment:checking '/home/zerohzzzz/Documents/RobotNav2/install/nav2_bringup' for CMake module files
[0.829s] DEBUG:colcon.colcon_core.event_handler.log_command:Invoked command in '/home/zerohzzzz/Documents/RobotNav2/build/nav2_bringup' returned '0': CMAKE_PREFIX_PATH=${CMAKE_PREFIX_PATH}:/home/zerohzzzz/Documents/RobotNav2/install/map_build:/opt/ros/humble /usr/bin/cmake --install /home/zerohzzzz/Documents/RobotNav2/build/nav2_bringup
[0.830s] Level 1:colcon.colcon_core.environment:checking '/home/zerohzzzz/Documents/RobotNav2/install/nav2_bringup' for CMake config files
[0.830s] Level 1:colcon.colcon_core.shell:create_environment_hook('nav2_bringup', 'cmake_prefix_path')
[0.831s] INFO:colcon.colcon_core.shell:Creating environment hook '/home/zerohzzzz/Documents/RobotNav2/install/nav2_bringup/share/nav2_bringup/hook/cmake_prefix_path.ps1'
[0.831s] INFO:colcon.colcon_core.shell:Creating environment descriptor '/home/zerohzzzz/Documents/RobotNav2/install/nav2_bringup/share/nav2_bringup/hook/cmake_prefix_path.dsv'
[0.832s] INFO:colcon.colcon_core.shell:Creating environment hook '/home/zerohzzzz/Documents/RobotNav2/install/nav2_bringup/share/nav2_bringup/hook/cmake_prefix_path.sh'
[0.832s] Level 1:colcon.colcon_core.environment:checking '/home/zerohzzzz/Documents/RobotNav2/install/nav2_bringup/bin'
[0.832s] Level 1:colcon.colcon_core.environment:checking '/home/zerohzzzz/Documents/RobotNav2/install/nav2_bringup/lib/pkgconfig/nav2_bringup.pc'
[0.833s] Level 1:colcon.colcon_core.environment:checking '/home/zerohzzzz/Documents/RobotNav2/install/nav2_bringup/lib/python3.10/site-packages'
[0.833s] Level 1:colcon.colcon_core.environment:checking '/home/zerohzzzz/Documents/RobotNav2/install/nav2_bringup/bin'
[0.833s] INFO:colcon.colcon_core.shell:Creating package script '/home/zerohzzzz/Documents/RobotNav2/install/nav2_bringup/share/nav2_bringup/package.ps1'
[0.834s] INFO:colcon.colcon_core.shell:Creating package descriptor '/home/zerohzzzz/Documents/RobotNav2/install/nav2_bringup/share/nav2_bringup/package.dsv'
[0.834s] INFO:colcon.colcon_core.shell:Creating package script '/home/zerohzzzz/Documents/RobotNav2/install/nav2_bringup/share/nav2_bringup/package.sh'
[0.835s] INFO:colcon.colcon_core.shell:Creating package script '/home/zerohzzzz/Documents/RobotNav2/install/nav2_bringup/share/nav2_bringup/package.bash'
[0.835s] INFO:colcon.colcon_core.shell:Creating package script '/home/zerohzzzz/Documents/RobotNav2/install/nav2_bringup/share/nav2_bringup/package.zsh'
[0.836s] Level 1:colcon.colcon_core.environment:create_file_with_runtime_dependencies(/home/zerohzzzz/Documents/RobotNav2/install/nav2_bringup/share/colcon-core/packages/nav2_bringup)
[0.848s] Level 1:colcon.colcon_core.environment:create_environment_scripts_only(explore_lite)
[0.848s] Level 1:colcon.colcon_core.environment:checking '/home/zerohzzzz/Documents/RobotNav2/install/explore_lite' for CMake module files
[0.849s] Level 1:colcon.colcon_core.environment:checking '/home/zerohzzzz/Documents/RobotNav2/install/explore_lite' for CMake config files
[0.849s] Level 1:colcon.colcon_core.shell:create_environment_hook('explore_lite', 'cmake_prefix_path')
[0.850s] INFO:colcon.colcon_core.shell:Creating environment hook '/home/zerohzzzz/Documents/RobotNav2/install/explore_lite/share/explore_lite/hook/cmake_prefix_path.ps1'
[0.851s] INFO:colcon.colcon_core.shell:Creating environment descriptor '/home/zerohzzzz/Documents/RobotNav2/install/explore_lite/share/explore_lite/hook/cmake_prefix_path.dsv'
[0.851s] INFO:colcon.colcon_core.shell:Creating environment hook '/home/zerohzzzz/Documents/RobotNav2/install/explore_lite/share/explore_lite/hook/cmake_prefix_path.sh'
[0.852s] Level 1:colcon.colcon_core.environment:checking '/home/zerohzzzz/Documents/RobotNav2/install/explore_lite/lib'
[0.852s] Level 1:colcon.colcon_core.environment:checking '/home/zerohzzzz/Documents/RobotNav2/install/explore_lite/bin'
[0.852s] Level 1:colcon.colcon_core.environment:checking '/home/zerohzzzz/Documents/RobotNav2/install/explore_lite/lib/pkgconfig/explore_lite.pc'
[0.853s] Level 1:colcon.colcon_core.environment:checking '/home/zerohzzzz/Documents/RobotNav2/install/explore_lite/lib/python3.10/site-packages'
[0.853s] Level 1:colcon.colcon_core.environment:checking '/home/zerohzzzz/Documents/RobotNav2/install/explore_lite/bin'
[0.854s] INFO:colcon.colcon_core.shell:Creating package script '/home/zerohzzzz/Documents/RobotNav2/install/explore_lite/share/explore_lite/package.ps1'
[0.855s] INFO:colcon.colcon_core.shell:Creating package descriptor '/home/zerohzzzz/Documents/RobotNav2/install/explore_lite/share/explore_lite/package.dsv'
[0.855s] INFO:colcon.colcon_core.shell:Creating package script '/home/zerohzzzz/Documents/RobotNav2/install/explore_lite/share/explore_lite/package.sh'
[0.856s] INFO:colcon.colcon_core.shell:Creating package script '/home/zerohzzzz/Documents/RobotNav2/install/explore_lite/share/explore_lite/package.bash'
[0.857s] INFO:colcon.colcon_core.shell:Creating package script '/home/zerohzzzz/Documents/RobotNav2/install/explore_lite/share/explore_lite/package.zsh'
[0.858s] Level 1:colcon.colcon_core.environment:create_file_with_runtime_dependencies(/home/zerohzzzz/Documents/RobotNav2/install/explore_lite/share/colcon-core/packages/explore_lite)
[0.860s] DEBUG:colcon.colcon_core.event_handler.log_command:Invoked command in '/home/zerohzzzz/Documents/RobotNav2/build/multirobot_map_merge' returned '0': CMAKE_PREFIX_PATH=${CMAKE_PREFIX_PATH}:/home/zerohzzzz/Documents/RobotNav2/install/map_build:/opt/ros/humble /usr/bin/cmake --build /home/zerohzzzz/Documents/RobotNav2/build/multirobot_map_merge -- -j8 -l8
[0.863s] Level 1:colcon.colcon_core.environment:create_environment_scripts_only(nav2_bringup)
[0.864s] Level 1:colcon.colcon_core.environment:checking '/home/zerohzzzz/Documents/RobotNav2/install/nav2_bringup' for CMake module files
[0.864s] Level 1:colcon.colcon_core.environment:checking '/home/zerohzzzz/Documents/RobotNav2/install/nav2_bringup' for CMake config files
[0.865s] Level 1:colcon.colcon_core.shell:create_environment_hook('nav2_bringup', 'cmake_prefix_path')
[0.865s] INFO:colcon.colcon_core.shell:Creating environment hook '/home/zerohzzzz/Documents/RobotNav2/install/nav2_bringup/share/nav2_bringup/hook/cmake_prefix_path.ps1'
[0.866s] INFO:colcon.colcon_core.shell:Creating environment descriptor '/home/zerohzzzz/Documents/RobotNav2/install/nav2_bringup/share/nav2_bringup/hook/cmake_prefix_path.dsv'
[0.866s] INFO:colcon.colcon_core.shell:Creating environment hook '/home/zerohzzzz/Documents/RobotNav2/install/nav2_bringup/share/nav2_bringup/hook/cmake_prefix_path.sh'
[0.867s] Level 1:colcon.colcon_core.environment:checking '/home/zerohzzzz/Documents/RobotNav2/install/nav2_bringup/bin'
[0.867s] Level 1:colcon.colcon_core.environment:checking '/home/zerohzzzz/Documents/RobotNav2/install/nav2_bringup/lib/pkgconfig/nav2_bringup.pc'
[0.867s] Level 1:colcon.colcon_core.environment:checking '/home/zerohzzzz/Documents/RobotNav2/install/nav2_bringup/lib/python3.10/site-packages'
[0.867s] Level 1:colcon.colcon_core.environment:checking '/home/zerohzzzz/Documents/RobotNav2/install/nav2_bringup/bin'
[0.868s] INFO:colcon.colcon_core.shell:Creating package script '/home/zerohzzzz/Documents/RobotNav2/install/nav2_bringup/share/nav2_bringup/package.ps1'
[0.868s] INFO:colcon.colcon_core.shell:Creating package descriptor '/home/zerohzzzz/Documents/RobotNav2/install/nav2_bringup/share/nav2_bringup/package.dsv'
[0.869s] INFO:colcon.colcon_core.shell:Creating package script '/home/zerohzzzz/Documents/RobotNav2/install/nav2_bringup/share/nav2_bringup/package.sh'
[0.870s] INFO:colcon.colcon_core.shell:Creating package script '/home/zerohzzzz/Documents/RobotNav2/install/nav2_bringup/share/nav2_bringup/package.bash'
[0.870s] INFO:colcon.colcon_core.shell:Creating package script '/home/zerohzzzz/Documents/RobotNav2/install/nav2_bringup/share/nav2_bringup/package.zsh'
[0.871s] Level 1:colcon.colcon_core.environment:create_file_with_runtime_dependencies(/home/zerohzzzz/Documents/RobotNav2/install/nav2_bringup/share/colcon-core/packages/nav2_bringup)
[0.917s] DEBUG:colcon.colcon_core.event_handler.log_command:Invoking command in '/home/zerohzzzz/Documents/RobotNav2/build/multirobot_map_merge': CMAKE_PREFIX_PATH=${CMAKE_PREFIX_PATH}:/home/zerohzzzz/Documents/RobotNav2/install/map_build:/opt/ros/humble /usr/bin/cmake --install /home/zerohzzzz/Documents/RobotNav2/build/multirobot_map_merge
[0.930s] Level 1:colcon.colcon_core.environment:create_environment_scripts_only(multirobot_map_merge)
[0.930s] Level 1:colcon.colcon_core.environment:checking '/home/zerohzzzz/Documents/RobotNav2/install/multirobot_map_merge' for CMake module files
[0.931s] DEBUG:colcon.colcon_core.event_handler.log_command:Invoked command in '/home/zerohzzzz/Documents/RobotNav2/build/multirobot_map_merge' returned '0': CMAKE_PREFIX_PATH=${CMAKE_PREFIX_PATH}:/home/zerohzzzz/Documents/RobotNav2/install/map_build:/opt/ros/humble /usr/bin/cmake --install /home/zerohzzzz/Documents/RobotNav2/build/multirobot_map_merge
[0.932s] Level 1:colcon.colcon_core.environment:checking '/home/zerohzzzz/Documents/RobotNav2/install/multirobot_map_merge' for CMake config files
[0.932s] Level 1:colcon.colcon_core.shell:create_environment_hook('multirobot_map_merge', 'cmake_prefix_path')
[0.933s] INFO:colcon.colcon_core.shell:Creating environment hook '/home/zerohzzzz/Documents/RobotNav2/install/multirobot_map_merge/share/multirobot_map_merge/hook/cmake_prefix_path.ps1'
[0.933s] INFO:colcon.colcon_core.shell:Creating environment descriptor '/home/zerohzzzz/Documents/RobotNav2/install/multirobot_map_merge/share/multirobot_map_merge/hook/cmake_prefix_path.dsv'
[0.934s] INFO:colcon.colcon_core.shell:Creating environment hook '/home/zerohzzzz/Documents/RobotNav2/install/multirobot_map_merge/share/multirobot_map_merge/hook/cmake_prefix_path.sh'
[0.934s] Level 1:colcon.colcon_core.environment:checking '/home/zerohzzzz/Documents/RobotNav2/install/multirobot_map_merge/lib'
[0.934s] Level 1:colcon.colcon_core.environment:checking '/home/zerohzzzz/Documents/RobotNav2/install/multirobot_map_merge/bin'
[0.935s] Level 1:colcon.colcon_core.environment:checking '/home/zerohzzzz/Documents/RobotNav2/install/multirobot_map_merge/lib/pkgconfig/multirobot_map_merge.pc'
[0.935s] Level 1:colcon.colcon_core.environment:checking '/home/zerohzzzz/Documents/RobotNav2/install/multirobot_map_merge/lib/python3.10/site-packages'
[0.935s] Level 1:colcon.colcon_core.environment:checking '/home/zerohzzzz/Documents/RobotNav2/install/multirobot_map_merge/bin'
[0.936s] INFO:colcon.colcon_core.shell:Creating package script '/home/zerohzzzz/Documents/RobotNav2/install/multirobot_map_merge/share/multirobot_map_merge/package.ps1'
[0.936s] INFO:colcon.colcon_core.shell:Creating package descriptor '/home/zerohzzzz/Documents/RobotNav2/install/multirobot_map_merge/share/multirobot_map_merge/package.dsv'
[0.937s] INFO:colcon.colcon_core.shell:Creating package script '/home/zerohzzzz/Documents/RobotNav2/install/multirobot_map_merge/share/multirobot_map_merge/package.sh'
[0.937s] INFO:colcon.colcon_core.shell:Creating package script '/home/zerohzzzz/Documents/RobotNav2/install/multirobot_map_merge/share/multirobot_map_merge/package.bash'
[0.938s] INFO:colcon.colcon_core.shell:Creating package script '/home/zerohzzzz/Documents/RobotNav2/install/multirobot_map_merge/share/multirobot_map_merge/package.zsh'
[0.938s] Level 1:colcon.colcon_core.environment:create_file_with_runtime_dependencies(/home/zerohzzzz/Documents/RobotNav2/install/multirobot_map_merge/share/colcon-core/packages/multirobot_map_merge)
[0.982s] Level 1:colcon.colcon_core.environment:create_environment_scripts_only(multirobot_map_merge)
[0.983s] Level 1:colcon.colcon_core.environment:checking '/home/zerohzzzz/Documents/RobotNav2/install/multirobot_map_merge' for CMake module files
[0.983s] Level 1:colcon.colcon_core.environment:checking '/home/zerohzzzz/Documents/RobotNav2/install/multirobot_map_merge' for CMake config files
[0.984s] Level 1:colcon.colcon_core.shell:create_environment_hook('multirobot_map_merge', 'cmake_prefix_path')
[0.984s] INFO:colcon.colcon_core.shell:Creating environment hook '/home/zerohzzzz/Documents/RobotNav2/install/multirobot_map_merge/share/multirobot_map_merge/hook/cmake_prefix_path.ps1'
[0.985s] INFO:colcon.colcon_core.shell:Creating environment descriptor '/home/zerohzzzz/Documents/RobotNav2/install/multirobot_map_merge/share/multirobot_map_merge/hook/cmake_prefix_path.dsv'
[0.985s] INFO:colcon.colcon_core.shell:Creating environment hook '/home/zerohzzzz/Documents/RobotNav2/install/multirobot_map_merge/share/multirobot_map_merge/hook/cmake_prefix_path.sh'
[0.986s] Level 1:colcon.colcon_core.environment:checking '/home/zerohzzzz/Documents/RobotNav2/install/multirobot_map_merge/lib'
[0.986s] Level 1:colcon.colcon_core.environment:checking '/home/zerohzzzz/Documents/RobotNav2/install/multirobot_map_merge/bin'
[0.986s] Level 1:colcon.colcon_core.environment:checking '/home/zerohzzzz/Documents/RobotNav2/install/multirobot_map_merge/lib/pkgconfig/multirobot_map_merge.pc'
[0.987s] Level 1:colcon.colcon_core.environment:checking '/home/zerohzzzz/Documents/RobotNav2/install/multirobot_map_merge/lib/python3.10/site-packages'
[0.988s] Level 1:colcon.colcon_core.environment:checking '/home/zerohzzzz/Documents/RobotNav2/install/multirobot_map_merge/bin'
[0.989s] INFO:colcon.colcon_core.shell:Creating package script '/home/zerohzzzz/Documents/RobotNav2/install/multirobot_map_merge/share/multirobot_map_merge/package.ps1'
[0.991s] INFO:colcon.colcon_core.shell:Creating package descriptor '/home/zerohzzzz/Documents/RobotNav2/install/multirobot_map_merge/share/multirobot_map_merge/package.dsv'
[0.993s] INFO:colcon.colcon_core.shell:Creating package script '/home/zerohzzzz/Documents/RobotNav2/install/multirobot_map_merge/share/multirobot_map_merge/package.sh'
[0.994s] INFO:colcon.colcon_core.shell:Creating package script '/home/zerohzzzz/Documents/RobotNav2/install/multirobot_map_merge/share/multirobot_map_merge/package.bash'
[0.995s] INFO:colcon.colcon_core.shell:Creating package script '/home/zerohzzzz/Documents/RobotNav2/install/multirobot_map_merge/share/multirobot_map_merge/package.zsh'
[0.996s] Level 1:colcon.colcon_core.environment:create_file_with_runtime_dependencies(/home/zerohzzzz/Documents/RobotNav2/install/multirobot_map_merge/share/colcon-core/packages/multirobot_map_merge)
[1.132s] DEBUG:colcon.colcon_core.event_handler.log_command:Invoking command in '/home/zerohzzzz/Documents/RobotNav2/src/map_build': PYTHONPATH=/home/zerohzzzz/Documents/RobotNav2/build/map_build/prefix_override:/usr/lib/python3/dist-packages/colcon_core/task/python/colcon_distutils_commands:/home/zerohzzzz/Documents/RobotNav2/install/map_build/lib/python3.10/site-packages:${PYTHONPATH} /usr/bin/python3 -W ignore:setup.py install is deprecated setup.py egg_info --egg-base ../../build/map_build build --build-base /home/zerohzzzz/Documents/RobotNav2/build/map_build/build install --record /home/zerohzzzz/Documents/RobotNav2/build/map_build/install.log --single-version-externally-managed install_data
[1.429s] Level 1:colcon.colcon_core.environment:checking '/home/zerohzzzz/Documents/RobotNav2/install/map_build' for CMake module files
[1.429s] DEBUG:colcon.colcon_core.event_handler.log_command:Invoked command in '/home/zerohzzzz/Documents/RobotNav2/src/map_build' returned '0': PYTHONPATH=/home/zerohzzzz/Documents/RobotNav2/build/map_build/prefix_override:/usr/lib/python3/dist-packages/colcon_core/task/python/colcon_distutils_commands:/home/zerohzzzz/Documents/RobotNav2/install/map_build/lib/python3.10/site-packages:${PYTHONPATH} /usr/bin/python3 -W ignore:setup.py install is deprecated setup.py egg_info --egg-base ../../build/map_build build --build-base /home/zerohzzzz/Documents/RobotNav2/build/map_build/build install --record /home/zerohzzzz/Documents/RobotNav2/build/map_build/install.log --single-version-externally-managed install_data
[1.430s] Level 1:colcon.colcon_core.environment:checking '/home/zerohzzzz/Documents/RobotNav2/install/map_build' for CMake config files
[1.431s] Level 1:colcon.colcon_core.environment:checking '/home/zerohzzzz/Documents/RobotNav2/install/map_build/lib'
[1.431s] Level 1:colcon.colcon_core.environment:checking '/home/zerohzzzz/Documents/RobotNav2/install/map_build/bin'
[1.431s] Level 1:colcon.colcon_core.environment:checking '/home/zerohzzzz/Documents/RobotNav2/install/map_build/lib/pkgconfig/map_build.pc'
[1.431s] Level 1:colcon.colcon_core.environment:checking '/home/zerohzzzz/Documents/RobotNav2/install/map_build/lib/python3.10/site-packages'
[1.432s] Level 1:colcon.colcon_core.shell:create_environment_hook('map_build', 'pythonpath')
[1.432s] INFO:colcon.colcon_core.shell:Creating environment hook '/home/zerohzzzz/Documents/RobotNav2/install/map_build/share/map_build/hook/pythonpath.ps1'
[1.432s] INFO:colcon.colcon_core.shell:Creating environment descriptor '/home/zerohzzzz/Documents/RobotNav2/install/map_build/share/map_build/hook/pythonpath.dsv'
[1.433s] INFO:colcon.colcon_core.shell:Creating environment hook '/home/zerohzzzz/Documents/RobotNav2/install/map_build/share/map_build/hook/pythonpath.sh'
[1.434s] Level 1:colcon.colcon_core.environment:checking '/home/zerohzzzz/Documents/RobotNav2/install/map_build/bin'
[1.434s] Level 1:colcon.colcon_core.environment:create_environment_scripts_only(map_build)
[1.434s] INFO:colcon.colcon_core.shell:Creating package script '/home/zerohzzzz/Documents/RobotNav2/install/map_build/share/map_build/package.ps1'
[1.435s] INFO:colcon.colcon_core.shell:Creating package descriptor '/home/zerohzzzz/Documents/RobotNav2/install/map_build/share/map_build/package.dsv'
[1.435s] INFO:colcon.colcon_core.shell:Creating package script '/home/zerohzzzz/Documents/RobotNav2/install/map_build/share/map_build/package.sh'
[1.436s] INFO:colcon.colcon_core.shell:Creating package script '/home/zerohzzzz/Documents/RobotNav2/install/map_build/share/map_build/package.bash'
[1.436s] INFO:colcon.colcon_core.shell:Creating package script '/home/zerohzzzz/Documents/RobotNav2/install/map_build/share/map_build/package.zsh'
[1.437s] Level 1:colcon.colcon_core.environment:create_file_with_runtime_dependencies(/home/zerohzzzz/Documents/RobotNav2/install/map_build/share/colcon-core/packages/map_build)
[1.437s] DEBUG:colcon.colcon_parallel_executor.executor.parallel:closing loop
[1.437s] DEBUG:colcon.colcon_parallel_executor.executor.parallel:loop closed
[1.438s] DEBUG:colcon.colcon_parallel_executor.executor.parallel:run_until_complete finished with '0'
[1.438s] DEBUG:colcon.colcon_core.event_reactor:joining thread
[1.444s] INFO:colcon.colcon_core.plugin_system:Skipping extension 'colcon_notification.desktop_notification.notify_send': Could not find 'notify-send'
[1.444s] INFO:colcon.colcon_core.plugin_system:Skipping extension 'colcon_notification.desktop_notification.terminal_notifier': Not used on non-Darwin systems
[1.444s] INFO:colcon.colcon_core.plugin_system:Skipping extension 'colcon_notification.desktop_notification.win32': Not used on non-Windows systems
[1.444s] INFO:colcon.colcon_notification.desktop_notification:Sending desktop notification using 'notify2'
[1.453s] DEBUG:colcon.colcon_core.event_reactor:joined thread
[1.454s] INFO:colcon.colcon_core.shell:Creating prefix script '/home/zerohzzzz/Documents/RobotNav2/install/local_setup.ps1'
[1.455s] INFO:colcon.colcon_core.shell:Creating prefix util module '/home/zerohzzzz/Documents/RobotNav2/install/_local_setup_util_ps1.py'
[1.457s] INFO:colcon.colcon_core.shell:Creating prefix chain script '/home/zerohzzzz/Documents/RobotNav2/install/setup.ps1'
[1.459s] INFO:colcon.colcon_core.shell:Creating prefix script '/home/zerohzzzz/Documents/RobotNav2/install/local_setup.sh'
[1.461s] INFO:colcon.colcon_core.shell:Creating prefix util module '/home/zerohzzzz/Documents/RobotNav2/install/_local_setup_util_sh.py'
[1.461s] INFO:colcon.colcon_core.shell:Creating prefix chain script '/home/zerohzzzz/Documents/RobotNav2/install/setup.sh'
[1.463s] INFO:colcon.colcon_core.shell:Creating prefix script '/home/zerohzzzz/Documents/RobotNav2/install/local_setup.bash'
[1.464s] INFO:colcon.colcon_core.shell:Creating prefix chain script '/home/zerohzzzz/Documents/RobotNav2/install/setup.bash'
[1.465s] INFO:colcon.colcon_core.shell:Creating prefix script '/home/zerohzzzz/Documents/RobotNav2/install/local_setup.zsh'
[1.466s] INFO:colcon.colcon_core.shell:Creating prefix chain script '/home/zerohzzzz/Documents/RobotNav2/install/setup.zsh'
