[3.040s] Invoking command in '/mnt/c/Users/ZeroHzzzz/Desktop/robot/src/map_build': PYTHONPATH=/mnt/c/Users/ZeroHzzzz/Desktop/robot/build/map_build/prefix_override:/usr/lib/python3/dist-packages/colcon_core/task/python/colcon_distutils_commands:/mnt/c/Users/ZeroHzzzz/Desktop/robot/install/map_build/lib/python3.10/site-packages:${PYTHONPATH} /usr/bin/python3 -W ignore:setup.py install is deprecated setup.py egg_info --egg-base ../../build/map_build build --build-base /mnt/c/Users/ZeroHzzzz/Desktop/robot/build/map_build/build install --record /mnt/c/Users/ZeroHzzzz/Desktop/robot/build/map_build/install.log --single-version-externally-managed install_data
[4.373s] running egg_info
[4.380s] writing ../../build/map_build/map_build.egg-info/PKG-INFO
[4.391s] writing dependency_links to ../../build/map_build/map_build.egg-info/dependency_links.txt
[4.397s] writing entry points to ../../build/map_build/map_build.egg-info/entry_points.txt
[4.403s] writing requirements to ../../build/map_build/map_build.egg-info/requires.txt
[4.408s] writing top-level names to ../../build/map_build/map_build.egg-info/top_level.txt
[4.471s] reading manifest file '../../build/map_build/map_build.egg-info/SOURCES.txt'
[4.582s] writing manifest file '../../build/map_build/map_build.egg-info/SOURCES.txt'
[4.589s] running build
[4.591s] running build_py
[4.623s] running install
[4.625s] running install_lib
[4.697s] running install_data
[4.743s] copying launch/map_building.launch.py -> /mnt/c/Users/ZeroHzzzz/Desktop/robot/install/map_build/share/map_build/launch
[4.834s] running install_egg_info
[4.858s] removing '/mnt/c/Users/ZeroHzzzz/Desktop/robot/install/map_build/lib/python3.10/site-packages/map_build-0.0.0-py3.10.egg-info' (and everything under it)
[4.914s] Copying ../../build/map_build/map_build.egg-info to /mnt/c/Users/ZeroHzzzz/Desktop/robot/install/map_build/lib/python3.10/site-packages/map_build-0.0.0-py3.10.egg-info
[5.218s] running install_scripts
[5.311s] writing list of installed files to '/mnt/c/Users/ZeroHzzzz/Desktop/robot/build/map_build/install.log'
[5.338s] Invoked command in '/mnt/c/Users/ZeroHzzzz/Desktop/robot/src/map_build' returned '0': PYTHONPATH=/mnt/c/Users/ZeroHzzzz/Desktop/robot/build/map_build/prefix_override:/usr/lib/python3/dist-packages/colcon_core/task/python/colcon_distutils_commands:/mnt/c/Users/ZeroHzzzz/Desktop/robot/install/map_build/lib/python3.10/site-packages:${PYTHONPATH} /usr/bin/python3 -W ignore:setup.py install is deprecated setup.py egg_info --egg-base ../../build/map_build build --build-base /mnt/c/Users/ZeroHzzzz/Desktop/robot/build/map_build/build install --record /mnt/c/Users/ZeroHzzzz/Desktop/robot/build/map_build/install.log --single-version-externally-managed install_data
