[0.578s] Invoking command in '/home/zerohzzzz/Documents/RobotNav2/build/multirobot_map_merge': CMAKE_PREFIX_PATH=/opt/ros/humble /usr/bin/cmake /home/zerohzzzz/Documents/RobotNav2/src/map_merge -DCMAKE_INSTALL_PREFIX=/home/zerohzzzz/Documents/RobotNav2/install/multirobot_map_merge
[0.608s] -- Found ament_cmake: 1.3.10 (/opt/ros/humble/share/ament_cmake/cmake)
[1.046s] -- Found rclcpp: 16.0.10 (/opt/ros/humble/share/rclcpp/cmake)
[1.137s] -- Found rosidl_generator_c: 3.1.5 (/opt/ros/humble/share/rosidl_generator_c/cmake)
[1.145s] -- Found rosidl_adapter: 3.1.5 (/opt/ros/humble/share/rosidl_adapter/cmake)
[1.162s] -- Found rosidl_generator_cpp: 3.1.5 (/opt/ros/humble/share/rosidl_generator_cpp/cmake)
[1.190s] -- Using all available rosidl_typesupport_c: rosidl_typesupport_fastrtps_c;rosidl_typesupport_introspection_c
[1.233s] -- Using all available rosidl_typesupport_cpp: rosidl_typesupport_fastrtps_cpp;rosidl_typesupport_introspection_cpp
[1.334s] -- Found rmw_implementation_cmake: 6.1.2 (/opt/ros/humble/share/rmw_implementation_cmake/cmake)
[1.339s] -- Found rmw_fastrtps_cpp: 6.2.7 (/opt/ros/humble/share/rmw_fastrtps_cpp/cmake)
[1.807s] -- Using RMW implementation 'rmw_fastrtps_cpp' as default
[2.001s] -- Found geometry_msgs: 4.2.4 (/opt/ros/humble/share/geometry_msgs/cmake)
[2.077s] [31mCMake Error at CMakeLists.txt:22 (find_package):
[2.078s]   By not providing "Findimage_geometry.cmake" in CMAKE_MODULE_PATH this
[2.078s]   project has asked CMake to find a package configuration file provided by
[2.078s]   "image_geometry", but CMake did not find one.
[2.078s] 
[2.079s]   Could not find a package configuration file provided by "image_geometry"
[2.079s]   with any of the following names:
[2.079s] 
[2.079s]     image_geometryConfig.cmake
[2.079s]     image_geometry-config.cmake
[2.080s] 
[2.080s]   Add the installation prefix of "image_geometry" to CMAKE_PREFIX_PATH or set
[2.080s]   "image_geometry_DIR" to a directory containing one of the above files.  If
[2.080s]   "image_geometry" provides a separate development package or SDK, be sure it
[2.080s]   has been installed.
[2.081s] 
[2.081s] [0m
[2.081s] -- Configuring incomplete, errors occurred!
[2.081s] See also "/home/zerohzzzz/Documents/RobotNav2/build/multirobot_map_merge/CMakeFiles/CMakeOutput.log".
[2.099s] Invoked command in '/home/zerohzzzz/Documents/RobotNav2/build/multirobot_map_merge' returned '1': CMAKE_PREFIX_PATH=/opt/ros/humble /usr/bin/cmake /home/zerohzzzz/Documents/RobotNav2/src/map_merge -DCMAKE_INSTALL_PREFIX=/home/zerohzzzz/Documents/RobotNav2/install/multirobot_map_merge
