[0.055s] Invoking command in '/mnt/c/Users/ZeroHzzzz/Desktop/robot/build/csm': CMAKE_PREFIX_PATH=/opt/ros/humble /usr/bin/cmake /mnt/c/Users/ZeroHzzzz/Desktop/robot/src/csm -DCMAKE_INSTALL_PREFIX=/mnt/c/Users/ZeroHzzzz/Desktop/robot/install/csm
[0.934s] -- The C compiler identification is GNU 11.4.0
[2.183s] -- The CXX compiler identification is GNU 11.4.0
[3.598s] -- Detecting C compiler ABI info
[4.690s] -- Detecting C compiler ABI info - done
[4.774s] -- Check for working C compiler: /usr/bin/cc - skipped
[4.782s] -- Detecting C compile features
[4.806s] -- Detecting C compile features - done
[4.947s] -- Detecting CXX compiler ABI info
[6.490s] -- Detecting CXX compiler ABI info - done
[6.516s] -- Check for working CXX compiler: /usr/bin/c++ - skipped
[6.529s] -- Detecting CXX compile features
[6.531s] -- Detecting CXX compile features - done
[6.604s] -- Found ament_cmake: 1.3.10 (/opt/ros/humble/share/ament_cmake/cmake)
[6.708s] -- Found Python3: /usr/bin/python3 (found version "3.10.12") found components: Interpreter 
[6.948s] -- Found rclcpp: 16.0.10 (/opt/ros/humble/share/rclcpp/cmake)
[7.355s] -- Found rosidl_generator_c: 3.1.5 (/opt/ros/humble/share/rosidl_generator_c/cmake)
[7.358s] -- Found rosidl_adapter: 3.1.5 (/opt/ros/humble/share/rosidl_adapter/cmake)
[7.365s] -- Found rosidl_generator_cpp: 3.1.5 (/opt/ros/humble/share/rosidl_generator_cpp/cmake)
[7.373s] -- Using all available rosidl_typesupport_c: rosidl_typesupport_fastrtps_c;rosidl_typesupport_introspection_c
[7.385s] -- Using all available rosidl_typesupport_cpp: rosidl_typesupport_fastrtps_cpp;rosidl_typesupport_introspection_cpp
[7.412s] -- Found rmw_implementation_cmake: 6.1.2 (/opt/ros/humble/share/rmw_implementation_cmake/cmake)
[7.415s] -- Found rmw_fastrtps_cpp: 6.2.7 (/opt/ros/humble/share/rmw_fastrtps_cpp/cmake)
[10.752s] -- Found OpenSSL: /usr/lib/x86_64-linux-gnu/libcrypto.so (found version "3.0.2")  
[14.798s] -- Found FastRTPS: /opt/ros/humble/include  
[21.595s] -- Using RMW implementation 'rmw_fastrtps_cpp' as default
[21.700s] -- Looking for pthread.h
[22.499s] -- Looking for pthread.h - found
[22.510s] -- Performing Test CMAKE_HAVE_LIBC_PTHREAD
[23.617s] -- Performing Test CMAKE_HAVE_LIBC_PTHREAD - Success
[23.623s] -- Found Threads: TRUE  
[25.018s] -- Configuring done
[26.083s] -- Generating done
[26.337s] -- Build files have been written to: /mnt/c/Users/ZeroHzzzz/Desktop/robot/build/csm
