[0.051s] Invoking command in '/home/zerohzzzz/Documents/ros2-slam-comparison/build/noisy_odometry': CMAKE_PREFIX_PATH=${CMAKE_PREFIX_PATH}:/home/zerohzzzz/Documents/RobotNav2/install/map_build:/opt/ros/iron /usr/bin/cmake --build /home/zerohzzzz/Documents/ros2-slam-comparison/build/noisy_odometry -- -j8 -l8
[0.128s] [35m[1mConsolidate compiler generated dependencies of target noisy_odometry_node[0m
[0.158s] [100%] Built target noisy_odometry_node
[0.189s] Invoked command in '/home/zerohzzzz/Documents/ros2-slam-comparison/build/noisy_odometry' returned '0': CMAKE_PREFIX_PATH=${CMAKE_PREFIX_PATH}:/home/zerohzzzz/Documents/RobotNav2/install/map_build:/opt/ros/iron /usr/bin/cmake --build /home/zerohzzzz/Documents/ros2-slam-comparison/build/noisy_odometry -- -j8 -l8
[0.330s] Invoking command in '/home/zerohzzzz/Documents/ros2-slam-comparison/build/noisy_odometry': CMAKE_PREFIX_PATH=${CMAKE_PREFIX_PATH}:/home/zerohzzzz/Documents/RobotNav2/install/map_build:/opt/ros/iron /usr/bin/cmake --install /home/zerohzzzz/Documents/ros2-slam-comparison/build/noisy_odometry
[0.337s] -- Install configuration: ""
[0.337s] -- Up-to-date: /home/zerohzzzz/Documents/ros2-slam-comparison/install/noisy_odometry/lib/noisy_odometry/noisy_odometry_node
[0.338s] -- Up-to-date: /home/zerohzzzz/Documents/ros2-slam-comparison/install/noisy_odometry/share/ament_index/resource_index/package_run_dependencies/noisy_odometry
[0.338s] -- Up-to-date: /home/zerohzzzz/Documents/ros2-slam-comparison/install/noisy_odometry/share/ament_index/resource_index/parent_prefix_path/noisy_odometry
[0.338s] -- Up-to-date: /home/zerohzzzz/Documents/ros2-slam-comparison/install/noisy_odometry/share/noisy_odometry/environment/ament_prefix_path.sh
[0.338s] -- Up-to-date: /home/zerohzzzz/Documents/ros2-slam-comparison/install/noisy_odometry/share/noisy_odometry/environment/ament_prefix_path.dsv
[0.338s] -- Up-to-date: /home/zerohzzzz/Documents/ros2-slam-comparison/install/noisy_odometry/share/noisy_odometry/environment/path.sh
[0.338s] -- Up-to-date: /home/zerohzzzz/Documents/ros2-slam-comparison/install/noisy_odometry/share/noisy_odometry/environment/path.dsv
[0.338s] -- Up-to-date: /home/zerohzzzz/Documents/ros2-slam-comparison/install/noisy_odometry/share/noisy_odometry/local_setup.bash
[0.338s] -- Up-to-date: /home/zerohzzzz/Documents/ros2-slam-comparison/install/noisy_odometry/share/noisy_odometry/local_setup.sh
[0.338s] -- Up-to-date: /home/zerohzzzz/Documents/ros2-slam-comparison/install/noisy_odometry/share/noisy_odometry/local_setup.zsh
[0.338s] -- Up-to-date: /home/zerohzzzz/Documents/ros2-slam-comparison/install/noisy_odometry/share/noisy_odometry/local_setup.dsv
[0.338s] -- Installing: /home/zerohzzzz/Documents/ros2-slam-comparison/install/noisy_odometry/share/noisy_odometry/package.dsv
[0.338s] -- Up-to-date: /home/zerohzzzz/Documents/ros2-slam-comparison/install/noisy_odometry/share/ament_index/resource_index/packages/noisy_odometry
[0.338s] -- Up-to-date: /home/zerohzzzz/Documents/ros2-slam-comparison/install/noisy_odometry/share/noisy_odometry/cmake/noisy_odometryConfig.cmake
[0.338s] -- Up-to-date: /home/zerohzzzz/Documents/ros2-slam-comparison/install/noisy_odometry/share/noisy_odometry/cmake/noisy_odometryConfig-version.cmake
[0.339s] -- Up-to-date: /home/zerohzzzz/Documents/ros2-slam-comparison/install/noisy_odometry/share/noisy_odometry/package.xml
[0.369s] Invoked command in '/home/zerohzzzz/Documents/ros2-slam-comparison/build/noisy_odometry' returned '0': CMAKE_PREFIX_PATH=${CMAKE_PREFIX_PATH}:/home/zerohzzzz/Documents/RobotNav2/install/map_build:/opt/ros/iron /usr/bin/cmake --install /home/zerohzzzz/Documents/ros2-slam-comparison/build/noisy_odometry
