[0.312s] Invoking command in '/home/zerohzzzz/Documents/RobotNav2/build/nav2_bringup': CMAKE_PREFIX_PATH=${CMAKE_PREFIX_PATH}:/home/zerohzzzz/Documents/RobotNav2/install/map_build:/opt/ros/humble /usr/bin/cmake --build /home/zerohzzzz/Documents/RobotNav2/build/nav2_bringup -- -j8 -l8
[0.376s] Invoked command in '/home/zerohzzzz/Documents/RobotNav2/build/nav2_bringup' returned '0': CMAKE_PREFIX_PATH=${CMAKE_PREFIX_PATH}:/home/zerohzzzz/Documents/RobotNav2/install/map_build:/opt/ros/humble /usr/bin/cmake --build /home/zerohzzzz/Documents/RobotNav2/build/nav2_bringup -- -j8 -l8
[0.422s] Invoking command in '/home/zerohzzzz/Documents/RobotNav2/build/nav2_bringup': CMAKE_PREFIX_PATH=${CMAKE_PREFIX_PATH}:/home/zerohzzzz/Documents/RobotNav2/install/map_build:/opt/ros/humble /usr/bin/cmake --install /home/zerohzzzz/Documents/RobotNav2/build/nav2_bringup
[0.435s] -- Install configuration: "Release"
[0.436s] -- Up-to-date: /home/zerohzzzz/Documents/RobotNav2/install/nav2_bringup/share/nav2_bringup/launch
[0.436s] -- Up-to-date: /home/zerohzzzz/Documents/RobotNav2/install/nav2_bringup/share/nav2_bringup/launch/slam_launch.py
[0.436s] -- Up-to-date: /home/zerohzzzz/Documents/RobotNav2/install/nav2_bringup/share/nav2_bringup/launch/bringup_launch.py
[0.436s] -- Up-to-date: /home/zerohzzzz/Documents/RobotNav2/install/nav2_bringup/share/nav2_bringup/launch/rviz_launch.py
[0.437s] -- Up-to-date: /home/zerohzzzz/Documents/RobotNav2/install/nav2_bringup/share/nav2_bringup/launch/navigation_launch.py
[0.437s] -- Up-to-date: /home/zerohzzzz/Documents/RobotNav2/install/nav2_bringup/share/nav2_bringup/launch/tb3_simulation_launch.py
[0.437s] -- Up-to-date: /home/zerohzzzz/Documents/RobotNav2/install/nav2_bringup/share/nav2_bringup/launch/multi_tb3_simulation_launch.py
[0.438s] -- Up-to-date: /home/zerohzzzz/Documents/RobotNav2/install/nav2_bringup/share/nav2_bringup/launch/localization_launch.py
[0.438s] -- Up-to-date: /home/zerohzzzz/Documents/RobotNav2/install/nav2_bringup/share/nav2_bringup/maps
[0.438s] -- Up-to-date: /home/zerohzzzz/Documents/RobotNav2/install/nav2_bringup/share/nav2_bringup/maps/turtlebot3_world.yaml
[0.438s] -- Up-to-date: /home/zerohzzzz/Documents/RobotNav2/install/nav2_bringup/share/nav2_bringup/maps/turtlebot3_world.pgm
[0.438s] -- Up-to-date: /home/zerohzzzz/Documents/RobotNav2/install/nav2_bringup/share/nav2_bringup/rviz
[0.438s] -- Up-to-date: /home/zerohzzzz/Documents/RobotNav2/install/nav2_bringup/share/nav2_bringup/rviz/nav2_default_view.rviz
[0.438s] -- Up-to-date: /home/zerohzzzz/Documents/RobotNav2/install/nav2_bringup/share/nav2_bringup/rviz/nav2_namespaced_view.rviz
[0.439s] -- Up-to-date: /home/zerohzzzz/Documents/RobotNav2/install/nav2_bringup/share/nav2_bringup/worlds
[0.439s] -- Up-to-date: /home/zerohzzzz/Documents/RobotNav2/install/nav2_bringup/share/nav2_bringup/worlds/waffle.model
[0.439s] -- Up-to-date: /home/zerohzzzz/Documents/RobotNav2/install/nav2_bringup/share/nav2_bringup/worlds/world_only.model
[0.439s] -- Up-to-date: /home/zerohzzzz/Documents/RobotNav2/install/nav2_bringup/share/nav2_bringup/params
[0.440s] -- Up-to-date: /home/zerohzzzz/Documents/RobotNav2/install/nav2_bringup/share/nav2_bringup/params/nav2_multirobot_params_2.yaml
[0.440s] -- Up-to-date: /home/zerohzzzz/Documents/RobotNav2/install/nav2_bringup/share/nav2_bringup/params/nav2_multirobot_params_1.yaml
[0.440s] -- Up-to-date: /home/zerohzzzz/Documents/RobotNav2/install/nav2_bringup/share/nav2_bringup/params/nav2_params.yaml
[0.440s] -- Up-to-date: /home/zerohzzzz/Documents/RobotNav2/install/nav2_bringup/share/nav2_bringup/urdf
[0.440s] -- Up-to-date: /home/zerohzzzz/Documents/RobotNav2/install/nav2_bringup/share/nav2_bringup/urdf/turtlebot3_waffle.urdf
[0.441s] -- Up-to-date: /home/zerohzzzz/Documents/RobotNav2/install/nav2_bringup/share/ament_index/resource_index/package_run_dependencies/nav2_bringup
[0.441s] -- Up-to-date: /home/zerohzzzz/Documents/RobotNav2/install/nav2_bringup/share/ament_index/resource_index/parent_prefix_path/nav2_bringup
[0.441s] -- Up-to-date: /home/zerohzzzz/Documents/RobotNav2/install/nav2_bringup/share/nav2_bringup/environment/ament_prefix_path.sh
[0.442s] -- Up-to-date: /home/zerohzzzz/Documents/RobotNav2/install/nav2_bringup/share/nav2_bringup/environment/ament_prefix_path.dsv
[0.443s] -- Up-to-date: /home/zerohzzzz/Documents/RobotNav2/install/nav2_bringup/share/nav2_bringup/environment/path.sh
[0.443s] -- Up-to-date: /home/zerohzzzz/Documents/RobotNav2/install/nav2_bringup/share/nav2_bringup/environment/path.dsv
[0.443s] -- Up-to-date: /home/zerohzzzz/Documents/RobotNav2/install/nav2_bringup/share/nav2_bringup/local_setup.bash
[0.444s] -- Up-to-date: /home/zerohzzzz/Documents/RobotNav2/install/nav2_bringup/share/nav2_bringup/local_setup.sh
[0.444s] -- Up-to-date: /home/zerohzzzz/Documents/RobotNav2/install/nav2_bringup/share/nav2_bringup/local_setup.zsh
[0.444s] -- Up-to-date: /home/zerohzzzz/Documents/RobotNav2/install/nav2_bringup/share/nav2_bringup/local_setup.dsv
[0.444s] -- Installing: /home/zerohzzzz/Documents/RobotNav2/install/nav2_bringup/share/nav2_bringup/package.dsv
[0.444s] -- Up-to-date: /home/zerohzzzz/Documents/RobotNav2/install/nav2_bringup/share/ament_index/resource_index/packages/nav2_bringup
[0.445s] -- Up-to-date: /home/zerohzzzz/Documents/RobotNav2/install/nav2_bringup/share/nav2_bringup/cmake/nav2_bringupConfig.cmake
[0.445s] -- Up-to-date: /home/zerohzzzz/Documents/RobotNav2/install/nav2_bringup/share/nav2_bringup/cmake/nav2_bringupConfig-version.cmake
[0.445s] -- Up-to-date: /home/zerohzzzz/Documents/RobotNav2/install/nav2_bringup/share/nav2_bringup/package.xml
[0.445s] Invoked command in '/home/zerohzzzz/Documents/RobotNav2/build/nav2_bringup' returned '0': CMAKE_PREFIX_PATH=${CMAKE_PREFIX_PATH}:/home/zerohzzzz/Documents/RobotNav2/install/map_build:/opt/ros/humble /usr/bin/cmake --install /home/zerohzzzz/Documents/RobotNav2/build/nav2_bringup
