[3.135s] Invoking command in '/mnt/c/Users/ZeroHzzzz/Desktop/robot/src/nav': PYTHONPATH=/mnt/c/Users/ZeroHzzzz/Desktop/robot/build/nav/prefix_override:/usr/lib/python3/dist-packages/colcon_core/task/python/colcon_distutils_commands:/mnt/c/Users/ZeroHzzzz/Desktop/robot/install/nav/lib/python3.10/site-packages:${PYTHONPATH} /usr/bin/python3 -W ignore:setup.py install is deprecated setup.py egg_info --egg-base ../../build/nav build --build-base /mnt/c/Users/ZeroHzzzz/Desktop/robot/build/nav/build install --record /mnt/c/Users/ZeroHzzzz/Desktop/robot/build/nav/install.log --single-version-externally-managed install_data
[4.363s] running egg_info
[4.367s] writing ../../build/nav/nav.egg-info/PKG-INFO
[4.375s] writing dependency_links to ../../build/nav/nav.egg-info/dependency_links.txt
[4.387s] writing requirements to ../../build/nav/nav.egg-info/requires.txt
[4.390s] writing top-level names to ../../build/nav/nav.egg-info/top_level.txt
[4.476s] reading manifest file '../../build/nav/nav.egg-info/SOURCES.txt'
[4.571s] writing manifest file '../../build/nav/nav.egg-info/SOURCES.txt'
[4.577s] running build
[4.578s] running build_py
[4.600s] running install
[4.601s] running install_lib
[4.663s] running install_data
[4.702s] copying launch/nav.launch.py -> /mnt/c/Users/ZeroHzzzz/Desktop/robot/install/nav/share/nav/launch
[4.758s] running install_egg_info
[4.768s] removing '/mnt/c/Users/ZeroHzzzz/Desktop/robot/install/nav/lib/python3.10/site-packages/nav-0.0.1-py3.10.egg-info' (and everything under it)
[4.846s] Copying ../../build/nav/nav.egg-info to /mnt/c/Users/ZeroHzzzz/Desktop/robot/install/nav/lib/python3.10/site-packages/nav-0.0.1-py3.10.egg-info
[5.259s] running install_scripts
[5.353s] writing list of installed files to '/mnt/c/Users/ZeroHzzzz/Desktop/robot/build/nav/install.log'
[5.386s] Invoked command in '/mnt/c/Users/ZeroHzzzz/Desktop/robot/src/nav' returned '0': PYTHONPATH=/mnt/c/Users/ZeroHzzzz/Desktop/robot/build/nav/prefix_override:/usr/lib/python3/dist-packages/colcon_core/task/python/colcon_distutils_commands:/mnt/c/Users/ZeroHzzzz/Desktop/robot/install/nav/lib/python3.10/site-packages:${PYTHONPATH} /usr/bin/python3 -W ignore:setup.py install is deprecated setup.py egg_info --egg-base ../../build/nav build --build-base /mnt/c/Users/ZeroHzzzz/Desktop/robot/build/nav/build install --record /mnt/c/Users/ZeroHzzzz/Desktop/robot/build/nav/install.log --single-version-externally-managed install_data
