[0.044s] Invoking command in '/home/zerohzzzz/Documents/RobotNav2/build/explore_lite': CMAKE_PREFIX_PATH=${CMAKE_PREFIX_PATH}:/home/zerohzzzz/Documents/RobotNav2/install/map_build:/opt/ros/humble /usr/bin/cmake --build /home/zerohzzzz/Documents/RobotNav2/build/explore_lite -- -j8 -l8
[0.443s] [ 20%] Built target gtest_main
[0.443s] [ 40%] Built target gtest
[0.444s] [ 80%] Built target explore
[0.445s] [100%] Built target test_explore
[0.457s] Invoked command in '/home/zerohzzzz/Documents/RobotNav2/build/explore_lite' returned '0': CMAKE_PREFIX_PATH=${CMAKE_PREFIX_PATH}:/home/zerohzzzz/Documents/RobotNav2/install/map_build:/opt/ros/humble /usr/bin/cmake --build /home/zerohzzzz/Documents/RobotNav2/build/explore_lite -- -j8 -l8
[0.544s] Invoking command in '/home/zerohzzzz/Documents/RobotNav2/build/explore_lite': CMAKE_PREFIX_PATH=${CMAKE_PREFIX_PATH}:/home/zerohzzzz/Documents/RobotNav2/install/map_build:/opt/ros/humble /usr/bin/cmake --install /home/zerohzzzz/Documents/RobotNav2/build/explore_lite
[0.563s] -- Install configuration: ""
[0.563s] -- Up-to-date: /home/zerohzzzz/Documents/RobotNav2/install/explore_lite/include/explore/
[0.564s] -- Up-to-date: /home/zerohzzzz/Documents/RobotNav2/install/explore_lite/include/explore//costmap_tools.h
[0.564s] -- Up-to-date: /home/zerohzzzz/Documents/RobotNav2/install/explore_lite/include/explore//costmap_client.h
[0.565s] -- Up-to-date: /home/zerohzzzz/Documents/RobotNav2/install/explore_lite/include/explore//explore.h
[0.565s] -- Up-to-date: /home/zerohzzzz/Documents/RobotNav2/install/explore_lite/include/explore//frontier_search.h
[0.565s] -- Up-to-date: /home/zerohzzzz/Documents/RobotNav2/install/explore_lite/share/explore_lite/config
[0.565s] -- Up-to-date: /home/zerohzzzz/Documents/RobotNav2/install/explore_lite/share/explore_lite/config/params.yaml
[0.565s] -- Up-to-date: /home/zerohzzzz/Documents/RobotNav2/install/explore_lite/share/explore_lite/config/params_costmap.yaml
[0.566s] -- Up-to-date: /home/zerohzzzz/Documents/RobotNav2/install/explore_lite/share/explore_lite/launch
[0.566s] -- Up-to-date: /home/zerohzzzz/Documents/RobotNav2/install/explore_lite/share/explore_lite/launch/explore.launch.py
[0.566s] -- Up-to-date: /home/zerohzzzz/Documents/RobotNav2/install/explore_lite/lib/explore_lite/explore
[0.567s] -- Up-to-date: /home/zerohzzzz/Documents/RobotNav2/install/explore_lite/share/ament_index/resource_index/package_run_dependencies/explore_lite
[0.567s] -- Up-to-date: /home/zerohzzzz/Documents/RobotNav2/install/explore_lite/share/ament_index/resource_index/parent_prefix_path/explore_lite
[0.568s] -- Up-to-date: /home/zerohzzzz/Documents/RobotNav2/install/explore_lite/share/explore_lite/environment/ament_prefix_path.sh
[0.569s] -- Up-to-date: /home/zerohzzzz/Documents/RobotNav2/install/explore_lite/share/explore_lite/environment/ament_prefix_path.dsv
[0.569s] -- Up-to-date: /home/zerohzzzz/Documents/RobotNav2/install/explore_lite/share/explore_lite/environment/path.sh
[0.569s] -- Up-to-date: /home/zerohzzzz/Documents/RobotNav2/install/explore_lite/share/explore_lite/environment/path.dsv
[0.570s] -- Up-to-date: /home/zerohzzzz/Documents/RobotNav2/install/explore_lite/share/explore_lite/local_setup.bash
[0.570s] -- Up-to-date: /home/zerohzzzz/Documents/RobotNav2/install/explore_lite/share/explore_lite/local_setup.sh
[0.570s] -- Up-to-date: /home/zerohzzzz/Documents/RobotNav2/install/explore_lite/share/explore_lite/local_setup.zsh
[0.571s] -- Up-to-date: /home/zerohzzzz/Documents/RobotNav2/install/explore_lite/share/explore_lite/local_setup.dsv
[0.571s] -- Installing: /home/zerohzzzz/Documents/RobotNav2/install/explore_lite/share/explore_lite/package.dsv
[0.571s] -- Up-to-date: /home/zerohzzzz/Documents/RobotNav2/install/explore_lite/share/ament_index/resource_index/packages/explore_lite
[0.571s] -- Up-to-date: /home/zerohzzzz/Documents/RobotNav2/install/explore_lite/share/explore_lite/cmake/ament_cmake_export_include_directories-extras.cmake
[0.572s] -- Up-to-date: /home/zerohzzzz/Documents/RobotNav2/install/explore_lite/share/explore_lite/cmake/explore_liteConfig.cmake
[0.572s] -- Up-to-date: /home/zerohzzzz/Documents/RobotNav2/install/explore_lite/share/explore_lite/cmake/explore_liteConfig-version.cmake
[0.572s] -- Up-to-date: /home/zerohzzzz/Documents/RobotNav2/install/explore_lite/share/explore_lite/package.xml
[0.575s] Invoked command in '/home/zerohzzzz/Documents/RobotNav2/build/explore_lite' returned '0': CMAKE_PREFIX_PATH=${CMAKE_PREFIX_PATH}:/home/zerohzzzz/Documents/RobotNav2/install/map_build:/opt/ros/humble /usr/bin/cmake --install /home/zerohzzzz/Documents/RobotNav2/build/explore_lite
