[1.820s] Invoking command in '/home/zerohzzzz/Documents/RobotNav2/src/dir': PYTHONPATH=/home/zerohzzzz/Documents/RobotNav2/build/dir/prefix_override:/usr/lib/python3/dist-packages/colcon_core/task/python/colcon_distutils_commands:/home/zerohzzzz/Documents/RobotNav2/install/dir/lib/python3.10/site-packages:${PYTHONPATH} /usr/bin/python3 -W ignore:setup.py install is deprecated setup.py egg_info --egg-base ../../build/dir build --build-base /home/zerohzzzz/Documents/RobotNav2/build/dir/build install --record /home/zerohzzzz/Documents/RobotNav2/build/dir/install.log --single-version-externally-managed install_data
[2.205s] running egg_info
[2.207s] writing ../../build/dir/dir.egg-info/PKG-INFO
[2.207s] writing dependency_links to ../../build/dir/dir.egg-info/dependency_links.txt
[2.208s] writing entry points to ../../build/dir/dir.egg-info/entry_points.txt
[2.208s] writing requirements to ../../build/dir/dir.egg-info/requires.txt
[2.208s] writing top-level names to ../../build/dir/dir.egg-info/top_level.txt
[2.213s] reading manifest file '../../build/dir/dir.egg-info/SOURCES.txt'
[2.214s] writing manifest file '../../build/dir/dir.egg-info/SOURCES.txt'
[2.214s] running build
[2.215s] running build_py
[2.215s] running install
[2.215s] running install_lib
[2.217s] running install_data
[2.217s] running install_egg_info
[2.221s] removing '/home/zerohzzzz/Documents/RobotNav2/install/dir/lib/python3.10/site-packages/dir-0.0.0-py3.10.egg-info' (and everything under it)
[2.222s] Copying ../../build/dir/dir.egg-info to /home/zerohzzzz/Documents/RobotNav2/install/dir/lib/python3.10/site-packages/dir-0.0.0-py3.10.egg-info
[2.224s] running install_scripts
[2.277s] writing list of installed files to '/home/zerohzzzz/Documents/RobotNav2/build/dir/install.log'
[2.364s] Invoked command in '/home/zerohzzzz/Documents/RobotNav2/src/dir' returned '0': PYTHONPATH=/home/zerohzzzz/Documents/RobotNav2/build/dir/prefix_override:/usr/lib/python3/dist-packages/colcon_core/task/python/colcon_distutils_commands:/home/zerohzzzz/Documents/RobotNav2/install/dir/lib/python3.10/site-packages:${PYTHONPATH} /usr/bin/python3 -W ignore:setup.py install is deprecated setup.py egg_info --egg-base ../../build/dir build --build-base /home/zerohzzzz/Documents/RobotNav2/build/dir/build install --record /home/zerohzzzz/Documents/RobotNav2/build/dir/install.log --single-version-externally-managed install_data
