[0.356s] Invoking command in '/home/zerohzzzz/Documents/RobotNav2/build/nav2_bringup': CMAKE_PREFIX_PATH=${CMAKE_PREFIX_PATH}:/home/zerohzzzz/Documents/RobotNav2/install/map_build:/opt/ros/humble /usr/bin/cmake /home/zerohzzzz/Documents/RobotNav2/src/nav2_bringup -DCMAKE_INSTALL_PREFIX=/home/zerohzzzz/Documents/RobotNav2/install/nav2_bringup
[0.484s] -- The C compiler identification is GNU 11.4.0
[0.591s] -- The CXX compiler identification is GNU 11.4.0
[0.608s] -- Detecting C compiler ABI info
[0.718s] -- Detecting C compiler ABI info - done
[0.734s] -- Check for working C compiler: /usr/bin/cc - skipped
[0.735s] -- Detecting C compile features
[0.736s] -- Detecting C compile features - done
[0.741s] -- Detecting CXX compiler ABI info
[0.858s] -- Detecting CXX compiler ABI info - done
[0.875s] -- Check for working CXX compiler: /usr/bin/c++ - skipped
[0.875s] -- Detecting CXX compile features
[0.876s] -- Detecting CXX compile features - done
[0.887s] -- Found ament_cmake: 1.3.10 (/opt/ros/humble/share/ament_cmake/cmake)
[1.077s] -- Found Python3: /usr/bin/python3 (found version "3.10.12") found components: Interpreter 
[1.217s] -- Found nav2_common: 1.1.16 (/opt/ros/humble/share/nav2_common/cmake)
[1.220s] -- Found navigation2: 1.1.16 (/opt/ros/humble/share/navigation2/cmake)
[1.221s] -- Setting build type to Release as none was specified.
[1.223s] -- Found ament_lint_auto: 0.12.11 (/opt/ros/humble/share/ament_lint_auto/cmake)
[1.392s] -- Added test 'copyright' to check source files copyright and LICENSE
[1.396s] -- Added test 'flake8' to check Python code syntax and style conventions
[1.397s] -- Added test 'lint_cmake' to check CMake code style
[1.398s] -- Added test 'pep257' to check Python code against some of the docstring style conventions in PEP 257
[1.400s] -- Added test 'xmllint' to check XML markup files
[1.402s] -- Configuring done
[1.405s] -- Generating done
[1.406s] -- Build files have been written to: /home/zerohzzzz/Documents/RobotNav2/build/nav2_bringup
[1.411s] Invoked command in '/home/zerohzzzz/Documents/RobotNav2/build/nav2_bringup' returned '0': CMAKE_PREFIX_PATH=${CMAKE_PREFIX_PATH}:/home/zerohzzzz/Documents/RobotNav2/install/map_build:/opt/ros/humble /usr/bin/cmake /home/zerohzzzz/Documents/RobotNav2/src/nav2_bringup -DCMAKE_INSTALL_PREFIX=/home/zerohzzzz/Documents/RobotNav2/install/nav2_bringup
[1.412s] Invoking command in '/home/zerohzzzz/Documents/RobotNav2/build/nav2_bringup': CMAKE_PREFIX_PATH=${CMAKE_PREFIX_PATH}:/home/zerohzzzz/Documents/RobotNav2/install/map_build:/opt/ros/humble /usr/bin/cmake --build /home/zerohzzzz/Documents/RobotNav2/build/nav2_bringup -- -j8 -l8
[1.463s] Invoked command in '/home/zerohzzzz/Documents/RobotNav2/build/nav2_bringup' returned '0': CMAKE_PREFIX_PATH=${CMAKE_PREFIX_PATH}:/home/zerohzzzz/Documents/RobotNav2/install/map_build:/opt/ros/humble /usr/bin/cmake --build /home/zerohzzzz/Documents/RobotNav2/build/nav2_bringup -- -j8 -l8
[1.495s] Invoking command in '/home/zerohzzzz/Documents/RobotNav2/build/nav2_bringup': CMAKE_PREFIX_PATH=${CMAKE_PREFIX_PATH}:/home/zerohzzzz/Documents/RobotNav2/install/map_build:/opt/ros/humble /usr/bin/cmake --install /home/zerohzzzz/Documents/RobotNav2/build/nav2_bringup
[1.507s] -- Install configuration: "Release"
[1.507s] -- Installing: /home/zerohzzzz/Documents/RobotNav2/install/nav2_bringup/share/nav2_bringup/launch
[1.507s] -- Installing: /home/zerohzzzz/Documents/RobotNav2/install/nav2_bringup/share/nav2_bringup/launch/slam_launch.py
[1.508s] -- Installing: /home/zerohzzzz/Documents/RobotNav2/install/nav2_bringup/share/nav2_bringup/launch/bringup_launch.py
[1.508s] -- Installing: /home/zerohzzzz/Documents/RobotNav2/install/nav2_bringup/share/nav2_bringup/launch/rviz_launch.py
[1.508s] -- Installing: /home/zerohzzzz/Documents/RobotNav2/install/nav2_bringup/share/nav2_bringup/launch/navigation_launch.py
[1.508s] -- Installing: /home/zerohzzzz/Documents/RobotNav2/install/nav2_bringup/share/nav2_bringup/launch/tb3_simulation_launch.py
[1.509s] -- Installing: /home/zerohzzzz/Documents/RobotNav2/install/nav2_bringup/share/nav2_bringup/launch/multi_tb3_simulation_launch.py
[1.509s] -- Installing: /home/zerohzzzz/Documents/RobotNav2/install/nav2_bringup/share/nav2_bringup/launch/localization_launch.py
[1.509s] -- Installing: /home/zerohzzzz/Documents/RobotNav2/install/nav2_bringup/share/nav2_bringup/maps
[1.509s] -- Installing: /home/zerohzzzz/Documents/RobotNav2/install/nav2_bringup/share/nav2_bringup/maps/turtlebot3_world.yaml
[1.509s] -- Installing: /home/zerohzzzz/Documents/RobotNav2/install/nav2_bringup/share/nav2_bringup/maps/turtlebot3_world.pgm
[1.509s] -- Installing: /home/zerohzzzz/Documents/RobotNav2/install/nav2_bringup/share/nav2_bringup/rviz
[1.510s] -- Installing: /home/zerohzzzz/Documents/RobotNav2/install/nav2_bringup/share/nav2_bringup/rviz/nav2_default_view.rviz
[1.510s] -- Installing: /home/zerohzzzz/Documents/RobotNav2/install/nav2_bringup/share/nav2_bringup/rviz/nav2_namespaced_view.rviz
[1.510s] -- Installing: /home/zerohzzzz/Documents/RobotNav2/install/nav2_bringup/share/nav2_bringup/worlds
[1.510s] -- Installing: /home/zerohzzzz/Documents/RobotNav2/install/nav2_bringup/share/nav2_bringup/worlds/waffle.model
[1.510s] -- Installing: /home/zerohzzzz/Documents/RobotNav2/install/nav2_bringup/share/nav2_bringup/worlds/world_only.model
[1.511s] -- Installing: /home/zerohzzzz/Documents/RobotNav2/install/nav2_bringup/share/nav2_bringup/params
[1.511s] -- Installing: /home/zerohzzzz/Documents/RobotNav2/install/nav2_bringup/share/nav2_bringup/params/nav2_multirobot_params_2.yaml
[1.511s] -- Installing: /home/zerohzzzz/Documents/RobotNav2/install/nav2_bringup/share/nav2_bringup/params/nav2_multirobot_params_1.yaml
[1.511s] -- Installing: /home/zerohzzzz/Documents/RobotNav2/install/nav2_bringup/share/nav2_bringup/params/nav2_params.yaml
[1.511s] -- Installing: /home/zerohzzzz/Documents/RobotNav2/install/nav2_bringup/share/nav2_bringup/urdf
[1.511s] -- Installing: /home/zerohzzzz/Documents/RobotNav2/install/nav2_bringup/share/nav2_bringup/urdf/turtlebot3_waffle.urdf
[1.512s] -- Installing: /home/zerohzzzz/Documents/RobotNav2/install/nav2_bringup/share/ament_index/resource_index/package_run_dependencies/nav2_bringup
[1.512s] -- Installing: /home/zerohzzzz/Documents/RobotNav2/install/nav2_bringup/share/ament_index/resource_index/parent_prefix_path/nav2_bringup
[1.512s] -- Installing: /home/zerohzzzz/Documents/RobotNav2/install/nav2_bringup/share/nav2_bringup/environment/ament_prefix_path.sh
[1.512s] -- Installing: /home/zerohzzzz/Documents/RobotNav2/install/nav2_bringup/share/nav2_bringup/environment/ament_prefix_path.dsv
[1.512s] -- Installing: /home/zerohzzzz/Documents/RobotNav2/install/nav2_bringup/share/nav2_bringup/environment/path.sh
[1.512s] -- Installing: /home/zerohzzzz/Documents/RobotNav2/install/nav2_bringup/share/nav2_bringup/environment/path.dsv
[1.513s] -- Installing: /home/zerohzzzz/Documents/RobotNav2/install/nav2_bringup/share/nav2_bringup/local_setup.bash
[1.513s] -- Installing: /home/zerohzzzz/Documents/RobotNav2/install/nav2_bringup/share/nav2_bringup/local_setup.sh
[1.513s] -- Installing: /home/zerohzzzz/Documents/RobotNav2/install/nav2_bringup/share/nav2_bringup/local_setup.zsh
[1.513s] -- Installing: /home/zerohzzzz/Documents/RobotNav2/install/nav2_bringup/share/nav2_bringup/local_setup.dsv
[1.513s] -- Installing: /home/zerohzzzz/Documents/RobotNav2/install/nav2_bringup/share/nav2_bringup/package.dsv
[1.514s] -- Installing: /home/zerohzzzz/Documents/RobotNav2/install/nav2_bringup/share/ament_index/resource_index/packages/nav2_bringup
[1.514s] -- Installing: /home/zerohzzzz/Documents/RobotNav2/install/nav2_bringup/share/nav2_bringup/cmake/nav2_bringupConfig.cmake
[1.514s] -- Installing: /home/zerohzzzz/Documents/RobotNav2/install/nav2_bringup/share/nav2_bringup/cmake/nav2_bringupConfig-version.cmake
[1.514s] -- Installing: /home/zerohzzzz/Documents/RobotNav2/install/nav2_bringup/share/nav2_bringup/package.xml
[1.519s] Invoked command in '/home/zerohzzzz/Documents/RobotNav2/build/nav2_bringup' returned '0': CMAKE_PREFIX_PATH=${CMAKE_PREFIX_PATH}:/home/zerohzzzz/Documents/RobotNav2/install/map_build:/opt/ros/humble /usr/bin/cmake --install /home/zerohzzzz/Documents/RobotNav2/build/nav2_bringup
