[0.990s] Invoking command in '/home/zerohzzzz/Documents/RobotNav2/build/multirobot_map_merge': CMAKE_PREFIX_PATH=${CMAKE_PREFIX_PATH}:/home/zerohzzzz/Documents/RobotNav2/install/map_build:/opt/ros/humble /usr/bin/cmake --build /home/zerohzzzz/Documents/RobotNav2/build/multirobot_map_merge -- -j8 -l8
[1.195s] [ 16%] Built target gtest
[1.197s] [ 33%] Built target gtest_main
[1.217s] [ 66%] Built target combine_grids
[1.358s] [ 83%] Built target test_merging_pipeline
[1.429s] [100%] Built target map_merge
[1.479s] Invoked command in '/home/zerohzzzz/Documents/RobotNav2/build/multirobot_map_merge' returned '0': CMAKE_PREFIX_PATH=${CMAKE_PREFIX_PATH}:/home/zerohzzzz/Documents/RobotNav2/install/map_build:/opt/ros/humble /usr/bin/cmake --build /home/zerohzzzz/Documents/RobotNav2/build/multirobot_map_merge -- -j8 -l8
[1.638s] Invoking command in '/home/zerohzzzz/Documents/RobotNav2/build/multirobot_map_merge': CMAKE_PREFIX_PATH=${CMAKE_PREFIX_PATH}:/home/zerohzzzz/Documents/RobotNav2/install/map_build:/opt/ros/humble /usr/bin/cmake --install /home/zerohzzzz/Documents/RobotNav2/build/multirobot_map_merge
[1.654s] -- Install configuration: ""
[1.655s] -- Up-to-date: /home/zerohzzzz/Documents/RobotNav2/install/multirobot_map_merge/include/map_merge/
[1.655s] -- Up-to-date: /home/zerohzzzz/Documents/RobotNav2/install/multirobot_map_merge/include/map_merge//ros1_names.hpp
[1.655s] -- Up-to-date: /home/zerohzzzz/Documents/RobotNav2/install/multirobot_map_merge/include/map_merge//map_merge.h
[1.655s] -- Up-to-date: /home/zerohzzzz/Documents/RobotNav2/install/multirobot_map_merge/share/multirobot_map_merge/launch
[1.655s] -- Up-to-date: /home/zerohzzzz/Documents/RobotNav2/install/multirobot_map_merge/share/multirobot_map_merge/launch/tb3_simulation
[1.655s] -- Up-to-date: /home/zerohzzzz/Documents/RobotNav2/install/multirobot_map_merge/share/multirobot_map_merge/launch/tb3_simulation/bringup_launch.py
[1.655s] -- Up-to-date: /home/zerohzzzz/Documents/RobotNav2/install/multirobot_map_merge/share/multirobot_map_merge/launch/tb3_simulation/config
[1.656s] -- Up-to-date: /home/zerohzzzz/Documents/RobotNav2/install/multirobot_map_merge/share/multirobot_map_merge/launch/tb3_simulation/config/nav2_multirobot_params_2.yaml
[1.656s] -- Up-to-date: /home/zerohzzzz/Documents/RobotNav2/install/multirobot_map_merge/share/multirobot_map_merge/launch/tb3_simulation/config/nav2_multirobot_params_1.yaml
[1.656s] -- Up-to-date: /home/zerohzzzz/Documents/RobotNav2/install/multirobot_map_merge/share/multirobot_map_merge/launch/tb3_simulation/tb3_simulation_launch.py
[1.656s] -- Up-to-date: /home/zerohzzzz/Documents/RobotNav2/install/multirobot_map_merge/share/multirobot_map_merge/launch/tb3_simulation/multi_tb3_simulation_launch.py
[1.656s] -- Up-to-date: /home/zerohzzzz/Documents/RobotNav2/install/multirobot_map_merge/share/multirobot_map_merge/launch/tb3_simulation/worlds
[1.656s] -- Up-to-date: /home/zerohzzzz/Documents/RobotNav2/install/multirobot_map_merge/share/multirobot_map_merge/launch/tb3_simulation/worlds/world_only.model
[1.656s] -- Up-to-date: /home/zerohzzzz/Documents/RobotNav2/install/multirobot_map_merge/share/multirobot_map_merge/launch/tb3_simulation/slam_toolbox.py
[1.656s] -- Up-to-date: /home/zerohzzzz/Documents/RobotNav2/install/multirobot_map_merge/share/multirobot_map_merge/launch/map_merge.rviz
[1.656s] -- Up-to-date: /home/zerohzzzz/Documents/RobotNav2/install/multirobot_map_merge/share/multirobot_map_merge/launch/from_map_server.launch.py
[1.656s] -- Up-to-date: /home/zerohzzzz/Documents/RobotNav2/install/multirobot_map_merge/share/multirobot_map_merge/launch/map_merge.launch.py
[1.657s] -- Up-to-date: /home/zerohzzzz/Documents/RobotNav2/install/multirobot_map_merge/share/multirobot_map_merge/config
[1.657s] -- Up-to-date: /home/zerohzzzz/Documents/RobotNav2/install/multirobot_map_merge/share/multirobot_map_merge/config/params.yaml
[1.657s] -- Up-to-date: /home/zerohzzzz/Documents/RobotNav2/install/multirobot_map_merge/lib/libcombine_grids.a
[1.657s] -- Up-to-date: /home/zerohzzzz/Documents/RobotNav2/install/multirobot_map_merge/lib/multirobot_map_merge/map_merge
[1.657s] -- Up-to-date: /home/zerohzzzz/Documents/RobotNav2/install/multirobot_map_merge/share/multirobot_map_merge/environment/library_path.sh
[1.657s] -- Up-to-date: /home/zerohzzzz/Documents/RobotNav2/install/multirobot_map_merge/share/multirobot_map_merge/environment/library_path.dsv
[1.658s] -- Up-to-date: /home/zerohzzzz/Documents/RobotNav2/install/multirobot_map_merge/share/ament_index/resource_index/package_run_dependencies/multirobot_map_merge
[1.658s] -- Up-to-date: /home/zerohzzzz/Documents/RobotNav2/install/multirobot_map_merge/share/ament_index/resource_index/parent_prefix_path/multirobot_map_merge
[1.658s] -- Up-to-date: /home/zerohzzzz/Documents/RobotNav2/install/multirobot_map_merge/share/multirobot_map_merge/environment/ament_prefix_path.sh
[1.658s] -- Up-to-date: /home/zerohzzzz/Documents/RobotNav2/install/multirobot_map_merge/share/multirobot_map_merge/environment/ament_prefix_path.dsv
[1.658s] -- Up-to-date: /home/zerohzzzz/Documents/RobotNav2/install/multirobot_map_merge/share/multirobot_map_merge/environment/path.sh
[1.658s] -- Up-to-date: /home/zerohzzzz/Documents/RobotNav2/install/multirobot_map_merge/share/multirobot_map_merge/environment/path.dsv
[1.658s] -- Up-to-date: /home/zerohzzzz/Documents/RobotNav2/install/multirobot_map_merge/share/multirobot_map_merge/local_setup.bash
[1.659s] -- Up-to-date: /home/zerohzzzz/Documents/RobotNav2/install/multirobot_map_merge/share/multirobot_map_merge/local_setup.sh
[1.659s] -- Up-to-date: /home/zerohzzzz/Documents/RobotNav2/install/multirobot_map_merge/share/multirobot_map_merge/local_setup.zsh
[1.659s] -- Up-to-date: /home/zerohzzzz/Documents/RobotNav2/install/multirobot_map_merge/share/multirobot_map_merge/local_setup.dsv
[1.659s] -- Installing: /home/zerohzzzz/Documents/RobotNav2/install/multirobot_map_merge/share/multirobot_map_merge/package.dsv
[1.659s] -- Up-to-date: /home/zerohzzzz/Documents/RobotNav2/install/multirobot_map_merge/share/ament_index/resource_index/packages/multirobot_map_merge
[1.659s] -- Up-to-date: /home/zerohzzzz/Documents/RobotNav2/install/multirobot_map_merge/share/multirobot_map_merge/cmake/ament_cmake_export_include_directories-extras.cmake
[1.659s] -- Up-to-date: /home/zerohzzzz/Documents/RobotNav2/install/multirobot_map_merge/share/multirobot_map_merge/cmake/ament_cmake_export_libraries-extras.cmake
[1.659s] -- Up-to-date: /home/zerohzzzz/Documents/RobotNav2/install/multirobot_map_merge/share/multirobot_map_merge/cmake/multirobot_map_mergeConfig.cmake
[1.660s] -- Up-to-date: /home/zerohzzzz/Documents/RobotNav2/install/multirobot_map_merge/share/multirobot_map_merge/cmake/multirobot_map_mergeConfig-version.cmake
[1.660s] -- Up-to-date: /home/zerohzzzz/Documents/RobotNav2/install/multirobot_map_merge/share/multirobot_map_merge/package.xml
[1.663s] Invoked command in '/home/zerohzzzz/Documents/RobotNav2/build/multirobot_map_merge' returned '0': CMAKE_PREFIX_PATH=${CMAKE_PREFIX_PATH}:/home/zerohzzzz/Documents/RobotNav2/install/map_build:/opt/ros/humble /usr/bin/cmake --install /home/zerohzzzz/Documents/RobotNav2/build/multirobot_map_merge
