[3.391s] Invoking command in '/mnt/c/Users/ZeroHzzzz/Desktop/robot/src/nav': PYTHONPATH=/mnt/c/Users/ZeroHzzzz/Desktop/robot/build/nav/prefix_override:/usr/lib/python3/dist-packages/colcon_core/task/python/colcon_distutils_commands:/mnt/c/Users/ZeroHzzzz/Desktop/robot/install/nav/lib/python3.10/site-packages:${PYTHONPATH} /usr/bin/python3 -W ignore:setup.py install is deprecated setup.py egg_info --egg-base ../../build/nav build --build-base /mnt/c/Users/ZeroHzzzz/Desktop/robot/build/nav/build install --record /mnt/c/Users/ZeroHzzzz/Desktop/robot/build/nav/install.log --single-version-externally-managed install_data
[4.189s] running egg_info
[4.194s] writing ../../build/nav/nav.egg-info/PKG-INFO
[4.205s] writing dependency_links to ../../build/nav/nav.egg-info/dependency_links.txt
[4.216s] writing requirements to ../../build/nav/nav.egg-info/requires.txt
[4.219s] writing top-level names to ../../build/nav/nav.egg-info/top_level.txt
[4.298s] reading manifest file '../../build/nav/nav.egg-info/SOURCES.txt'
[4.388s] writing manifest file '../../build/nav/nav.egg-info/SOURCES.txt'
[4.391s] running build
[4.391s] running build_py
[4.413s] running install
[4.414s] running install_lib
[4.460s] running install_data
[4.562s] copying config/nav_package.yml -> /mnt/c/Users/ZeroHzzzz/Desktop/robot/install/nav/share/nav/config
[4.629s] running install_egg_info
[4.640s] removing '/mnt/c/Users/ZeroHzzzz/Desktop/robot/install/nav/lib/python3.10/site-packages/nav-0.0.1-py3.10.egg-info' (and everything under it)
[4.697s] Copying ../../build/nav/nav.egg-info to /mnt/c/Users/ZeroHzzzz/Desktop/robot/install/nav/lib/python3.10/site-packages/nav-0.0.1-py3.10.egg-info
[4.945s] running install_scripts
[5.100s] writing list of installed files to '/mnt/c/Users/ZeroHzzzz/Desktop/robot/build/nav/install.log'
[5.159s] Invoked command in '/mnt/c/Users/ZeroHzzzz/Desktop/robot/src/nav' returned '0': PYTHONPATH=/mnt/c/Users/ZeroHzzzz/Desktop/robot/build/nav/prefix_override:/usr/lib/python3/dist-packages/colcon_core/task/python/colcon_distutils_commands:/mnt/c/Users/ZeroHzzzz/Desktop/robot/install/nav/lib/python3.10/site-packages:${PYTHONPATH} /usr/bin/python3 -W ignore:setup.py install is deprecated setup.py egg_info --egg-base ../../build/nav build --build-base /mnt/c/Users/ZeroHzzzz/Desktop/robot/build/nav/build install --record /mnt/c/Users/ZeroHzzzz/Desktop/robot/build/nav/install.log --single-version-externally-managed install_data
