[0.049s] Invoking command in '/home/zerohzzzz/Documents/ros2-slam-comparison/build/turtlebot3_cartographer': CMAKE_PREFIX_PATH=${CMAKE_PREFIX_PATH}:/home/zerohzzzz/Documents/RobotNav2/install/map_build:/opt/ros/iron /usr/bin/cmake --build /home/zerohzzzz/Documents/ros2-slam-comparison/build/turtlebot3_cartographer -- -j8 -l8
[0.113s] Invoked command in '/home/zerohzzzz/Documents/ros2-slam-comparison/build/turtlebot3_cartographer' returned '0': CMAKE_PREFIX_PATH=${CMAKE_PREFIX_PATH}:/home/zerohzzzz/Documents/RobotNav2/install/map_build:/opt/ros/iron /usr/bin/cmake --build /home/zerohzzzz/Documents/ros2-slam-comparison/build/turtlebot3_cartographer -- -j8 -l8
[0.159s] Invoking command in '/home/zerohzzzz/Documents/ros2-slam-comparison/build/turtlebot3_cartographer': CMAKE_PREFIX_PATH=${CMAKE_PREFIX_PATH}:/home/zerohzzzz/Documents/RobotNav2/install/map_build:/opt/ros/iron /usr/bin/cmake --install /home/zerohzzzz/Documents/ros2-slam-comparison/build/turtlebot3_cartographer
[0.187s] -- Install configuration: ""
[0.189s] -- Up-to-date: /home/zerohzzzz/Documents/ros2-slam-comparison/install/turtlebot3_cartographer/share/turtlebot3_cartographer/config
[0.190s] -- Up-to-date: /home/zerohzzzz/Documents/ros2-slam-comparison/install/turtlebot3_cartographer/share/turtlebot3_cartographer/config/turtlebot3_lds_2d.lua
[0.190s] -- Up-to-date: /home/zerohzzzz/Documents/ros2-slam-comparison/install/turtlebot3_cartographer/share/turtlebot3_cartographer/launch
[0.190s] -- Up-to-date: /home/zerohzzzz/Documents/ros2-slam-comparison/install/turtlebot3_cartographer/share/turtlebot3_cartographer/launch/cartographer.launch.py
[0.190s] -- Up-to-date: /home/zerohzzzz/Documents/ros2-slam-comparison/install/turtlebot3_cartographer/share/turtlebot3_cartographer/launch/occupancy_grid.launch.py
[0.190s] -- Up-to-date: /home/zerohzzzz/Documents/ros2-slam-comparison/install/turtlebot3_cartographer/share/turtlebot3_cartographer/rviz
[0.190s] -- Up-to-date: /home/zerohzzzz/Documents/ros2-slam-comparison/install/turtlebot3_cartographer/share/turtlebot3_cartographer/rviz/tb3_cartographer.rviz
[0.190s] -- Up-to-date: /home/zerohzzzz/Documents/ros2-slam-comparison/install/turtlebot3_cartographer/share/ament_index/resource_index/package_run_dependencies/turtlebot3_cartographer
[0.192s] -- Up-to-date: /home/zerohzzzz/Documents/ros2-slam-comparison/install/turtlebot3_cartographer/share/ament_index/resource_index/parent_prefix_path/turtlebot3_cartographer
[0.199s] -- Up-to-date: /home/zerohzzzz/Documents/ros2-slam-comparison/install/turtlebot3_cartographer/share/turtlebot3_cartographer/environment/ament_prefix_path.sh
[0.199s] -- Up-to-date: /home/zerohzzzz/Documents/ros2-slam-comparison/install/turtlebot3_cartographer/share/turtlebot3_cartographer/environment/ament_prefix_path.dsv
[0.200s] -- Up-to-date: /home/zerohzzzz/Documents/ros2-slam-comparison/install/turtlebot3_cartographer/share/turtlebot3_cartographer/environment/path.sh
[0.200s] -- Up-to-date: /home/zerohzzzz/Documents/ros2-slam-comparison/install/turtlebot3_cartographer/share/turtlebot3_cartographer/environment/path.dsv
[0.200s] -- Up-to-date: /home/zerohzzzz/Documents/ros2-slam-comparison/install/turtlebot3_cartographer/share/turtlebot3_cartographer/local_setup.bash
[0.201s] -- Up-to-date: /home/zerohzzzz/Documents/ros2-slam-comparison/install/turtlebot3_cartographer/share/turtlebot3_cartographer/local_setup.sh
[0.201s] -- Up-to-date: /home/zerohzzzz/Documents/ros2-slam-comparison/install/turtlebot3_cartographer/share/turtlebot3_cartographer/local_setup.zsh
[0.201s] -- Up-to-date: /home/zerohzzzz/Documents/ros2-slam-comparison/install/turtlebot3_cartographer/share/turtlebot3_cartographer/local_setup.dsv
[0.201s] -- Up-to-date: /home/zerohzzzz/Documents/ros2-slam-comparison/install/turtlebot3_cartographer/share/turtlebot3_cartographer/package.dsv
[0.201s] -- Up-to-date: /home/zerohzzzz/Documents/ros2-slam-comparison/install/turtlebot3_cartographer/share/ament_index/resource_index/packages/turtlebot3_cartographer
[0.202s] -- Up-to-date: /home/zerohzzzz/Documents/ros2-slam-comparison/install/turtlebot3_cartographer/share/turtlebot3_cartographer/cmake/turtlebot3_cartographerConfig.cmake
[0.202s] -- Up-to-date: /home/zerohzzzz/Documents/ros2-slam-comparison/install/turtlebot3_cartographer/share/turtlebot3_cartographer/cmake/turtlebot3_cartographerConfig-version.cmake
[0.202s] -- Up-to-date: /home/zerohzzzz/Documents/ros2-slam-comparison/install/turtlebot3_cartographer/share/turtlebot3_cartographer/package.xml
[0.290s] Invoked command in '/home/zerohzzzz/Documents/ros2-slam-comparison/build/turtlebot3_cartographer' returned '0': CMAKE_PREFIX_PATH=${CMAKE_PREFIX_PATH}:/home/zerohzzzz/Documents/RobotNav2/install/map_build:/opt/ros/iron /usr/bin/cmake --install /home/zerohzzzz/Documents/ros2-slam-comparison/build/turtlebot3_cartographer
