[1.798s] Invoking command in '/home/zerohzzzz/Documents/RobotNav2/src/mapbuild': PYTHONPATH=/home/zerohzzzz/Documents/RobotNav2/build/mapbuild/prefix_override:/usr/lib/python3/dist-packages/colcon_core/task/python/colcon_distutils_commands:/home/zerohzzzz/Documents/RobotNav2/install/mapbuild/lib/python3.10/site-packages:${PYTHONPATH} /usr/bin/python3 -W ignore:setup.py install is deprecated setup.py egg_info --egg-base ../../build/mapbuild build --build-base /home/zerohzzzz/Documents/RobotNav2/build/mapbuild/build install --record /home/zerohzzzz/Documents/RobotNav2/build/mapbuild/install.log --single-version-externally-managed install_data
[2.393s] running egg_info
[2.394s] writing ../../build/mapbuild/mapbuild.egg-info/PKG-INFO
[2.395s] writing dependency_links to ../../build/mapbuild/mapbuild.egg-info/dependency_links.txt
[2.395s] writing entry points to ../../build/mapbuild/mapbuild.egg-info/entry_points.txt
[2.395s] writing requirements to ../../build/mapbuild/mapbuild.egg-info/requires.txt
[2.395s] writing top-level names to ../../build/mapbuild/mapbuild.egg-info/top_level.txt
[2.402s] reading manifest file '../../build/mapbuild/mapbuild.egg-info/SOURCES.txt'
[2.406s] writing manifest file '../../build/mapbuild/mapbuild.egg-info/SOURCES.txt'
[2.407s] running build
[2.408s] running build_py
[2.409s] running install
[2.410s] running install_lib
[2.411s] running install_data
[2.411s] running install_egg_info
[2.417s] removing '/home/zerohzzzz/Documents/RobotNav2/install/mapbuild/lib/python3.10/site-packages/mapbuild-0.0.0-py3.10.egg-info' (and everything under it)
[2.420s] Copying ../../build/mapbuild/mapbuild.egg-info to /home/zerohzzzz/Documents/RobotNav2/install/mapbuild/lib/python3.10/site-packages/mapbuild-0.0.0-py3.10.egg-info
[2.423s] running install_scripts
[2.477s] writing list of installed files to '/home/zerohzzzz/Documents/RobotNav2/build/mapbuild/install.log'
[2.536s] Invoked command in '/home/zerohzzzz/Documents/RobotNav2/src/mapbuild' returned '0': PYTHONPATH=/home/zerohzzzz/Documents/RobotNav2/build/mapbuild/prefix_override:/usr/lib/python3/dist-packages/colcon_core/task/python/colcon_distutils_commands:/home/zerohzzzz/Documents/RobotNav2/install/mapbuild/lib/python3.10/site-packages:${PYTHONPATH} /usr/bin/python3 -W ignore:setup.py install is deprecated setup.py egg_info --egg-base ../../build/mapbuild build --build-base /home/zerohzzzz/Documents/RobotNav2/build/mapbuild/build install --record /home/zerohzzzz/Documents/RobotNav2/build/mapbuild/install.log --single-version-externally-managed install_data
