[3.406s] Invoking command in '/mnt/c/Users/ZeroHzzzz/Desktop/robot/src/nav': PYTHONPATH=/mnt/c/Users/ZeroHzzzz/Desktop/robot/build/nav/prefix_override:/usr/lib/python3/dist-packages/colcon_core/task/python/colcon_distutils_commands:/mnt/c/Users/ZeroHzzzz/Desktop/robot/install/nav/lib/python3.10/site-packages:${PYTHONPATH} /usr/bin/python3 -W ignore:setup.py install is deprecated setup.py egg_info --egg-base ../../build/nav build --build-base /mnt/c/Users/ZeroHzzzz/Desktop/robot/build/nav/build install --record /mnt/c/Users/ZeroHzzzz/Desktop/robot/build/nav/install.log --single-version-externally-managed install_data
[4.714s] running egg_info
[4.731s] writing ../../build/nav/nav.egg-info/PKG-INFO
[4.755s] writing dependency_links to ../../build/nav/nav.egg-info/dependency_links.txt
[4.774s] writing requirements to ../../build/nav/nav.egg-info/requires.txt
[4.785s] writing top-level names to ../../build/nav/nav.egg-info/top_level.txt
[4.887s] reading manifest file '../../build/nav/nav.egg-info/SOURCES.txt'
[5.053s] writing manifest file '../../build/nav/nav.egg-info/SOURCES.txt'
[5.062s] running build
[5.064s] running build_py
[5.146s] running install
[5.147s] running install_lib
[5.268s] running install_data
[5.335s] copying launch/nav.launch.py -> /mnt/c/Users/ZeroHzzzz/Desktop/robot/install/nav/share/nav/launch
[5.464s] running install_egg_info
[5.474s] removing '/mnt/c/Users/ZeroHzzzz/Desktop/robot/install/nav/lib/python3.10/site-packages/nav-0.0.1-py3.10.egg-info' (and everything under it)
[5.519s] Copying ../../build/nav/nav.egg-info to /mnt/c/Users/ZeroHzzzz/Desktop/robot/install/nav/lib/python3.10/site-packages/nav-0.0.1-py3.10.egg-info
[5.835s] running install_scripts
[5.926s] writing list of installed files to '/mnt/c/Users/ZeroHzzzz/Desktop/robot/build/nav/install.log'
[5.949s] Invoked command in '/mnt/c/Users/ZeroHzzzz/Desktop/robot/src/nav' returned '0': PYTHONPATH=/mnt/c/Users/ZeroHzzzz/Desktop/robot/build/nav/prefix_override:/usr/lib/python3/dist-packages/colcon_core/task/python/colcon_distutils_commands:/mnt/c/Users/ZeroHzzzz/Desktop/robot/install/nav/lib/python3.10/site-packages:${PYTHONPATH} /usr/bin/python3 -W ignore:setup.py install is deprecated setup.py egg_info --egg-base ../../build/nav build --build-base /mnt/c/Users/ZeroHzzzz/Desktop/robot/build/nav/build install --record /mnt/c/Users/ZeroHzzzz/Desktop/robot/build/nav/install.log --single-version-externally-managed install_data
