[0.942s] Invoking command in '/home/zerohzzzz/Documents/RobotNav2/src/map_build': PYTHONPATH=/home/zerohzzzz/Documents/RobotNav2/build/map_build/prefix_override:/usr/lib/python3/dist-packages/colcon_core/task/python/colcon_distutils_commands:/home/zerohzzzz/Documents/RobotNav2/install/map_build/lib/python3.10/site-packages:${PYTHONPATH} /usr/bin/python3 -W ignore:setup.py install is deprecated setup.py egg_info --egg-base ../../build/map_build build --build-base /home/zerohzzzz/Documents/RobotNav2/build/map_build/build install --record /home/zerohzzzz/Documents/RobotNav2/build/map_build/install.log --single-version-externally-managed install_data
[1.226s] running egg_info
[1.226s] writing ../../build/map_build/map_build.egg-info/PKG-INFO
[1.227s] writing dependency_links to ../../build/map_build/map_build.egg-info/dependency_links.txt
[1.227s] writing entry points to ../../build/map_build/map_build.egg-info/entry_points.txt
[1.227s] writing requirements to ../../build/map_build/map_build.egg-info/requires.txt
[1.227s] writing top-level names to ../../build/map_build/map_build.egg-info/top_level.txt
[1.229s] reading manifest file '../../build/map_build/map_build.egg-info/SOURCES.txt'
[1.233s] writing manifest file '../../build/map_build/map_build.egg-info/SOURCES.txt'
[1.233s] running build
[1.233s] running build_py
[1.234s] running install
[1.234s] running install_lib
[1.235s] running install_data
[1.236s] running install_egg_info
[1.238s] removing '/home/zerohzzzz/Documents/RobotNav2/install/map_build/lib/python3.10/site-packages/map_build-0.0.0-py3.10.egg-info' (and everything under it)
[1.238s] Copying ../../build/map_build/map_build.egg-info to /home/zerohzzzz/Documents/RobotNav2/install/map_build/lib/python3.10/site-packages/map_build-0.0.0-py3.10.egg-info
[1.239s] running install_scripts
[1.265s] writing list of installed files to '/home/zerohzzzz/Documents/RobotNav2/build/map_build/install.log'
[1.297s] Invoked command in '/home/zerohzzzz/Documents/RobotNav2/src/map_build' returned '0': PYTHONPATH=/home/zerohzzzz/Documents/RobotNav2/build/map_build/prefix_override:/usr/lib/python3/dist-packages/colcon_core/task/python/colcon_distutils_commands:/home/zerohzzzz/Documents/RobotNav2/install/map_build/lib/python3.10/site-packages:${PYTHONPATH} /usr/bin/python3 -W ignore:setup.py install is deprecated setup.py egg_info --egg-base ../../build/map_build build --build-base /home/zerohzzzz/Documents/RobotNav2/build/map_build/build install --record /home/zerohzzzz/Documents/RobotNav2/build/map_build/install.log --single-version-externally-managed install_data
