[0.125s] DEBUG:colcon:Command line arguments: ['/usr/bin/colcon', 'build']
[0.125s] DEBUG:colcon:Parsed command line arguments: Namespace(log_base=None, log_level=None, verb_name='build', build_base='build', install_base='install', merge_install=False, symlink_install=False, test_result_base=None, continue_on_error=False, executor='parallel', parallel_workers=8, event_handlers=None, ignore_user_meta=False, metas=['./colcon.meta'], base_paths=['.'], packages_ignore=None, packages_ignore_regex=None, paths=None, packages_up_to=None, packages_up_to_regex=None, packages_above=None, packages_above_and_dependencies=None, packages_above_depth=None, packages_select_by_dep=None, packages_skip_by_dep=None, packages_skip_up_to=None, packages_select_build_failed=False, packages_skip_build_finished=False, packages_select_test_failures=False, packages_skip_test_passed=False, packages_select=None, packages_skip=None, packages_select_regex=None, packages_skip_regex=None, packages_start=None, packages_end=None, allow_overriding=[], cmake_args=None, cmake_target=None, cmake_target_skip_unavailable=False, cmake_clean_cache=False, cmake_clean_first=False, cmake_force_configure=False, ament_cmake_args=None, catkin_cmake_args=None, catkin_skip_building_tests=False, mixin_files=None, mixin=None, verb_parser=<colcon_mixin.mixin.mixin_argument.MixinArgumentDecorator object at 0x7cad1ec38730>, verb_extension=<colcon_core.verb.build.BuildVerb object at 0x7cad1ed44df0>, main=<bound method BuildVerb.main of <colcon_core.verb.build.BuildVerb object at 0x7cad1ed44df0>>, mixin_verb=('build',))
[0.278s] Level 1:colcon.colcon_core.package_discovery:discover_packages(colcon_meta) check parameters
[0.278s] Level 1:colcon.colcon_core.package_discovery:discover_packages(recursive) check parameters
[0.278s] Level 1:colcon.colcon_core.package_discovery:discover_packages(ignore) check parameters
[0.278s] Level 1:colcon.colcon_core.package_discovery:discover_packages(path) check parameters
[0.278s] Level 1:colcon.colcon_core.package_discovery:discover_packages(colcon_meta) discover
[0.278s] Level 1:colcon.colcon_core.package_discovery:discover_packages(recursive) discover
[0.278s] INFO:colcon.colcon_core.package_discovery:Crawling recursively for packages in '/home/zerohzzzz/Documents/RobotNav2'
[0.278s] Level 1:colcon.colcon_core.package_identification:_identify(.) by extensions ['ignore', 'ignore_ament_install']
[0.278s] Level 1:colcon.colcon_core.package_identification:_identify(.) by extension 'ignore'
[0.278s] Level 1:colcon.colcon_core.package_identification:_identify(.) by extension 'ignore_ament_install'
[0.278s] Level 1:colcon.colcon_core.package_identification:_identify(.) by extensions ['colcon_pkg']
[0.278s] Level 1:colcon.colcon_core.package_identification:_identify(.) by extension 'colcon_pkg'
[0.279s] Level 1:colcon.colcon_core.package_identification:_identify(.) by extensions ['colcon_meta']
[0.279s] Level 1:colcon.colcon_core.package_identification:_identify(.) by extension 'colcon_meta'
[0.279s] Level 1:colcon.colcon_core.package_identification:_identify(.) by extensions ['ros']
[0.279s] Level 1:colcon.colcon_core.package_identification:_identify(.) by extension 'ros'
[0.291s] Level 1:colcon.colcon_core.package_identification:_identify(.) by extensions ['cmake', 'python']
[0.291s] Level 1:colcon.colcon_core.package_identification:_identify(.) by extension 'cmake'
[0.291s] Level 1:colcon.colcon_core.package_identification:_identify(.) by extension 'python'
[0.291s] Level 1:colcon.colcon_core.package_identification:_identify(.) by extensions ['python_setup_py']
[0.291s] Level 1:colcon.colcon_core.package_identification:_identify(.) by extension 'python_setup_py'
[0.291s] Level 1:colcon.colcon_core.package_identification:_identify(build) by extensions ['ignore', 'ignore_ament_install']
[0.291s] Level 1:colcon.colcon_core.package_identification:_identify(build) by extension 'ignore'
[0.291s] Level 1:colcon.colcon_core.package_identification:_identify(build) ignored
[0.291s] Level 1:colcon.colcon_core.package_identification:_identify(install) by extensions ['ignore', 'ignore_ament_install']
[0.291s] Level 1:colcon.colcon_core.package_identification:_identify(install) by extension 'ignore'
[0.291s] Level 1:colcon.colcon_core.package_identification:_identify(install) ignored
[0.292s] Level 1:colcon.colcon_core.package_identification:_identify(log) by extensions ['ignore', 'ignore_ament_install']
[0.292s] Level 1:colcon.colcon_core.package_identification:_identify(log) by extension 'ignore'
[0.292s] Level 1:colcon.colcon_core.package_identification:_identify(log) ignored
[0.292s] Level 1:colcon.colcon_core.package_identification:_identify(src) by extensions ['ignore', 'ignore_ament_install']
[0.292s] Level 1:colcon.colcon_core.package_identification:_identify(src) by extension 'ignore'
[0.292s] Level 1:colcon.colcon_core.package_identification:_identify(src) by extension 'ignore_ament_install'
[0.292s] Level 1:colcon.colcon_core.package_identification:_identify(src) by extensions ['colcon_pkg']
[0.292s] Level 1:colcon.colcon_core.package_identification:_identify(src) by extension 'colcon_pkg'
[0.292s] Level 1:colcon.colcon_core.package_identification:_identify(src) by extensions ['colcon_meta']
[0.292s] Level 1:colcon.colcon_core.package_identification:_identify(src) by extension 'colcon_meta'
[0.292s] Level 1:colcon.colcon_core.package_identification:_identify(src) by extensions ['ros']
[0.292s] Level 1:colcon.colcon_core.package_identification:_identify(src) by extension 'ros'
[0.292s] Level 1:colcon.colcon_core.package_identification:_identify(src) by extensions ['cmake', 'python']
[0.292s] Level 1:colcon.colcon_core.package_identification:_identify(src) by extension 'cmake'
[0.292s] Level 1:colcon.colcon_core.package_identification:_identify(src) by extension 'python'
[0.292s] Level 1:colcon.colcon_core.package_identification:_identify(src) by extensions ['python_setup_py']
[0.292s] Level 1:colcon.colcon_core.package_identification:_identify(src) by extension 'python_setup_py'
[0.293s] Level 1:colcon.colcon_core.package_identification:_identify(src/explore) by extensions ['ignore', 'ignore_ament_install']
[0.293s] Level 1:colcon.colcon_core.package_identification:_identify(src/explore) by extension 'ignore'
[0.293s] Level 1:colcon.colcon_core.package_identification:_identify(src/explore) by extension 'ignore_ament_install'
[0.293s] Level 1:colcon.colcon_core.package_identification:_identify(src/explore) by extensions ['colcon_pkg']
[0.293s] Level 1:colcon.colcon_core.package_identification:_identify(src/explore) by extension 'colcon_pkg'
[0.293s] Level 1:colcon.colcon_core.package_identification:_identify(src/explore) by extensions ['colcon_meta']
[0.293s] Level 1:colcon.colcon_core.package_identification:_identify(src/explore) by extension 'colcon_meta'
[0.293s] Level 1:colcon.colcon_core.package_identification:_identify(src/explore) by extensions ['ros']
[0.293s] Level 1:colcon.colcon_core.package_identification:_identify(src/explore) by extension 'ros'
[0.296s] DEBUG:colcon.colcon_core.package_identification:Package 'src/explore' with type 'ros.ament_cmake' and name 'explore_lite'
[0.296s] Level 1:colcon.colcon_core.package_identification:_identify(src/map_build) by extensions ['ignore', 'ignore_ament_install']
[0.296s] Level 1:colcon.colcon_core.package_identification:_identify(src/map_build) by extension 'ignore'
[0.297s] Level 1:colcon.colcon_core.package_identification:_identify(src/map_build) by extension 'ignore_ament_install'
[0.297s] Level 1:colcon.colcon_core.package_identification:_identify(src/map_build) by extensions ['colcon_pkg']
[0.297s] Level 1:colcon.colcon_core.package_identification:_identify(src/map_build) by extension 'colcon_pkg'
[0.297s] Level 1:colcon.colcon_core.package_identification:_identify(src/map_build) by extensions ['colcon_meta']
[0.297s] Level 1:colcon.colcon_core.package_identification:_identify(src/map_build) by extension 'colcon_meta'
[0.297s] Level 1:colcon.colcon_core.package_identification:_identify(src/map_build) by extensions ['ros']
[0.297s] Level 1:colcon.colcon_core.package_identification:_identify(src/map_build) by extension 'ros'
[0.298s] DEBUG:colcon.colcon_core.package_identification:Package 'src/map_build' with type 'ros.ament_python' and name 'map_build'
[0.298s] Level 1:colcon.colcon_core.package_identification:_identify(src/map_merge) by extensions ['ignore', 'ignore_ament_install']
[0.298s] Level 1:colcon.colcon_core.package_identification:_identify(src/map_merge) by extension 'ignore'
[0.298s] Level 1:colcon.colcon_core.package_identification:_identify(src/map_merge) by extension 'ignore_ament_install'
[0.298s] Level 1:colcon.colcon_core.package_identification:_identify(src/map_merge) by extensions ['colcon_pkg']
[0.298s] Level 1:colcon.colcon_core.package_identification:_identify(src/map_merge) by extension 'colcon_pkg'
[0.298s] Level 1:colcon.colcon_core.package_identification:_identify(src/map_merge) by extensions ['colcon_meta']
[0.298s] Level 1:colcon.colcon_core.package_identification:_identify(src/map_merge) by extension 'colcon_meta'
[0.298s] Level 1:colcon.colcon_core.package_identification:_identify(src/map_merge) by extensions ['ros']
[0.298s] Level 1:colcon.colcon_core.package_identification:_identify(src/map_merge) by extension 'ros'
[0.299s] DEBUG:colcon.colcon_core.package_identification:Package 'src/map_merge' with type 'ros.ament_cmake' and name 'multirobot_map_merge'
[0.299s] Level 1:colcon.colcon_core.package_identification:_identify(src/nav2_bringup) by extensions ['ignore', 'ignore_ament_install']
[0.300s] Level 1:colcon.colcon_core.package_identification:_identify(src/nav2_bringup) by extension 'ignore'
[0.300s] Level 1:colcon.colcon_core.package_identification:_identify(src/nav2_bringup) by extension 'ignore_ament_install'
[0.300s] Level 1:colcon.colcon_core.package_identification:_identify(src/nav2_bringup) by extensions ['colcon_pkg']
[0.300s] Level 1:colcon.colcon_core.package_identification:_identify(src/nav2_bringup) by extension 'colcon_pkg'
[0.300s] Level 1:colcon.colcon_core.package_identification:_identify(src/nav2_bringup) by extensions ['colcon_meta']
[0.300s] Level 1:colcon.colcon_core.package_identification:_identify(src/nav2_bringup) by extension 'colcon_meta'
[0.300s] Level 1:colcon.colcon_core.package_identification:_identify(src/nav2_bringup) by extensions ['ros']
[0.300s] Level 1:colcon.colcon_core.package_identification:_identify(src/nav2_bringup) by extension 'ros'
[0.301s] DEBUG:colcon.colcon_core.package_identification:Package 'src/nav2_bringup' with type 'ros.ament_cmake' and name 'nav2_bringup'
[0.301s] Level 1:colcon.colcon_core.package_discovery:discover_packages(recursive) using defaults
[0.301s] Level 1:colcon.colcon_core.package_discovery:discover_packages(ignore) discover
[0.301s] Level 1:colcon.colcon_core.package_discovery:discover_packages(ignore) using defaults
[0.301s] Level 1:colcon.colcon_core.package_discovery:discover_packages(path) discover
[0.301s] Level 1:colcon.colcon_core.package_discovery:discover_packages(path) using defaults
[0.322s] Level 1:colcon.colcon_core.package_discovery:discover_packages(prefix_path) check parameters
[0.322s] Level 1:colcon.colcon_core.package_discovery:discover_packages(prefix_path) discover
[0.323s] DEBUG:colcon.colcon_installed_package_information.package_discovery:Found 4 installed packages in /home/zerohzzzz/Documents/RobotNav2/install
[0.325s] DEBUG:colcon.colcon_installed_package_information.package_discovery:Found 260 installed packages in /opt/ros/humble
[0.326s] Level 1:colcon.colcon_core.package_discovery:discover_packages(prefix_path) using defaults
[0.378s] Level 5:colcon.colcon_core.verb:set package 'explore_lite' build argument 'cmake_args' from command line to 'None'
[0.378s] Level 5:colcon.colcon_core.verb:set package 'explore_lite' build argument 'cmake_target' from command line to 'None'
[0.378s] Level 5:colcon.colcon_core.verb:set package 'explore_lite' build argument 'cmake_target_skip_unavailable' from command line to 'False'
[0.378s] Level 5:colcon.colcon_core.verb:set package 'explore_lite' build argument 'cmake_clean_cache' from command line to 'False'
[0.378s] Level 5:colcon.colcon_core.verb:set package 'explore_lite' build argument 'cmake_clean_first' from command line to 'False'
[0.378s] Level 5:colcon.colcon_core.verb:set package 'explore_lite' build argument 'cmake_force_configure' from command line to 'False'
[0.378s] Level 5:colcon.colcon_core.verb:set package 'explore_lite' build argument 'ament_cmake_args' from command line to 'None'
[0.378s] Level 5:colcon.colcon_core.verb:set package 'explore_lite' build argument 'catkin_cmake_args' from command line to 'None'
[0.378s] Level 5:colcon.colcon_core.verb:set package 'explore_lite' build argument 'catkin_skip_building_tests' from command line to 'False'
[0.378s] DEBUG:colcon.colcon_core.verb:Building package 'explore_lite' with the following arguments: {'ament_cmake_args': None, 'build_base': '/home/zerohzzzz/Documents/RobotNav2/build/explore_lite', 'catkin_cmake_args': None, 'catkin_skip_building_tests': False, 'cmake_args': None, 'cmake_clean_cache': False, 'cmake_clean_first': False, 'cmake_force_configure': False, 'cmake_target': None, 'cmake_target_skip_unavailable': False, 'install_base': '/home/zerohzzzz/Documents/RobotNav2/install/explore_lite', 'merge_install': False, 'path': '/home/zerohzzzz/Documents/RobotNav2/src/explore', 'symlink_install': False, 'test_result_base': None}
[0.378s] Level 5:colcon.colcon_core.verb:set package 'map_build' build argument 'cmake_args' from command line to 'None'
[0.378s] Level 5:colcon.colcon_core.verb:set package 'map_build' build argument 'cmake_target' from command line to 'None'
[0.378s] Level 5:colcon.colcon_core.verb:set package 'map_build' build argument 'cmake_target_skip_unavailable' from command line to 'False'
[0.379s] Level 5:colcon.colcon_core.verb:set package 'map_build' build argument 'cmake_clean_cache' from command line to 'False'
[0.379s] Level 5:colcon.colcon_core.verb:set package 'map_build' build argument 'cmake_clean_first' from command line to 'False'
[0.379s] Level 5:colcon.colcon_core.verb:set package 'map_build' build argument 'cmake_force_configure' from command line to 'False'
[0.379s] Level 5:colcon.colcon_core.verb:set package 'map_build' build argument 'ament_cmake_args' from command line to 'None'
[0.379s] Level 5:colcon.colcon_core.verb:set package 'map_build' build argument 'catkin_cmake_args' from command line to 'None'
[0.379s] Level 5:colcon.colcon_core.verb:set package 'map_build' build argument 'catkin_skip_building_tests' from command line to 'False'
[0.379s] DEBUG:colcon.colcon_core.verb:Building package 'map_build' with the following arguments: {'ament_cmake_args': None, 'build_base': '/home/zerohzzzz/Documents/RobotNav2/build/map_build', 'catkin_cmake_args': None, 'catkin_skip_building_tests': False, 'cmake_args': None, 'cmake_clean_cache': False, 'cmake_clean_first': False, 'cmake_force_configure': False, 'cmake_target': None, 'cmake_target_skip_unavailable': False, 'install_base': '/home/zerohzzzz/Documents/RobotNav2/install/map_build', 'merge_install': False, 'path': '/home/zerohzzzz/Documents/RobotNav2/src/map_build', 'symlink_install': False, 'test_result_base': None}
[0.379s] Level 5:colcon.colcon_core.verb:set package 'multirobot_map_merge' build argument 'cmake_args' from command line to 'None'
[0.379s] Level 5:colcon.colcon_core.verb:set package 'multirobot_map_merge' build argument 'cmake_target' from command line to 'None'
[0.379s] Level 5:colcon.colcon_core.verb:set package 'multirobot_map_merge' build argument 'cmake_target_skip_unavailable' from command line to 'False'
[0.379s] Level 5:colcon.colcon_core.verb:set package 'multirobot_map_merge' build argument 'cmake_clean_cache' from command line to 'False'
[0.379s] Level 5:colcon.colcon_core.verb:set package 'multirobot_map_merge' build argument 'cmake_clean_first' from command line to 'False'
[0.379s] Level 5:colcon.colcon_core.verb:set package 'multirobot_map_merge' build argument 'cmake_force_configure' from command line to 'False'
[0.379s] Level 5:colcon.colcon_core.verb:set package 'multirobot_map_merge' build argument 'ament_cmake_args' from command line to 'None'
[0.379s] Level 5:colcon.colcon_core.verb:set package 'multirobot_map_merge' build argument 'catkin_cmake_args' from command line to 'None'
[0.379s] Level 5:colcon.colcon_core.verb:set package 'multirobot_map_merge' build argument 'catkin_skip_building_tests' from command line to 'False'
[0.379s] DEBUG:colcon.colcon_core.verb:Building package 'multirobot_map_merge' with the following arguments: {'ament_cmake_args': None, 'build_base': '/home/zerohzzzz/Documents/RobotNav2/build/multirobot_map_merge', 'catkin_cmake_args': None, 'catkin_skip_building_tests': False, 'cmake_args': None, 'cmake_clean_cache': False, 'cmake_clean_first': False, 'cmake_force_configure': False, 'cmake_target': None, 'cmake_target_skip_unavailable': False, 'install_base': '/home/zerohzzzz/Documents/RobotNav2/install/multirobot_map_merge', 'merge_install': False, 'path': '/home/zerohzzzz/Documents/RobotNav2/src/map_merge', 'symlink_install': False, 'test_result_base': None}
[0.380s] Level 5:colcon.colcon_core.verb:set package 'nav2_bringup' build argument 'cmake_args' from command line to 'None'
[0.380s] Level 5:colcon.colcon_core.verb:set package 'nav2_bringup' build argument 'cmake_target' from command line to 'None'
[0.380s] Level 5:colcon.colcon_core.verb:set package 'nav2_bringup' build argument 'cmake_target_skip_unavailable' from command line to 'False'
[0.380s] Level 5:colcon.colcon_core.verb:set package 'nav2_bringup' build argument 'cmake_clean_cache' from command line to 'False'
[0.380s] Level 5:colcon.colcon_core.verb:set package 'nav2_bringup' build argument 'cmake_clean_first' from command line to 'False'
[0.380s] Level 5:colcon.colcon_core.verb:set package 'nav2_bringup' build argument 'cmake_force_configure' from command line to 'False'
[0.380s] Level 5:colcon.colcon_core.verb:set package 'nav2_bringup' build argument 'ament_cmake_args' from command line to 'None'
[0.380s] Level 5:colcon.colcon_core.verb:set package 'nav2_bringup' build argument 'catkin_cmake_args' from command line to 'None'
[0.380s] Level 5:colcon.colcon_core.verb:set package 'nav2_bringup' build argument 'catkin_skip_building_tests' from command line to 'False'
[0.380s] DEBUG:colcon.colcon_core.verb:Building package 'nav2_bringup' with the following arguments: {'ament_cmake_args': None, 'build_base': '/home/zerohzzzz/Documents/RobotNav2/build/nav2_bringup', 'catkin_cmake_args': None, 'catkin_skip_building_tests': False, 'cmake_args': None, 'cmake_clean_cache': False, 'cmake_clean_first': False, 'cmake_force_configure': False, 'cmake_target': None, 'cmake_target_skip_unavailable': False, 'install_base': '/home/zerohzzzz/Documents/RobotNav2/install/nav2_bringup', 'merge_install': False, 'path': '/home/zerohzzzz/Documents/RobotNav2/src/nav2_bringup', 'symlink_install': False, 'test_result_base': None}
[0.380s] INFO:colcon.colcon_core.executor:Executing jobs using 'parallel' executor
[0.381s] DEBUG:colcon.colcon_parallel_executor.executor.parallel:run_until_complete
[0.382s] INFO:colcon.colcon_ros.task.ament_cmake.build:Building ROS package in '/home/zerohzzzz/Documents/RobotNav2/src/explore' with build type 'ament_cmake'
[0.382s] INFO:colcon.colcon_cmake.task.cmake.build:Building CMake package in '/home/zerohzzzz/Documents/RobotNav2/src/explore'
[0.384s] INFO:colcon.colcon_core.plugin_system:Skipping extension 'colcon_core.shell.bat': Not used on non-Windows systems
[0.384s] INFO:colcon.colcon_core.shell:Skip shell extension 'powershell' for command environment: Not usable outside of PowerShell
[0.384s] DEBUG:colcon.colcon_core.shell:Skip shell extension 'dsv' for command environment
[0.388s] INFO:colcon.colcon_ros.task.ament_python.build:Building ROS package in '/home/zerohzzzz/Documents/RobotNav2/src/map_build' with build type 'ament_python'
[0.388s] Level 1:colcon.colcon_core.shell:create_environment_hook('map_build', 'ament_prefix_path')
[0.388s] INFO:colcon.colcon_core.shell:Creating environment hook '/home/zerohzzzz/Documents/RobotNav2/install/map_build/share/map_build/hook/ament_prefix_path.ps1'
[0.389s] INFO:colcon.colcon_core.shell:Creating environment descriptor '/home/zerohzzzz/Documents/RobotNav2/install/map_build/share/map_build/hook/ament_prefix_path.dsv'
[0.389s] INFO:colcon.colcon_core.shell:Creating environment hook '/home/zerohzzzz/Documents/RobotNav2/install/map_build/share/map_build/hook/ament_prefix_path.sh'
[0.390s] INFO:colcon.colcon_core.shell:Skip shell extension 'powershell' for command environment: Not usable outside of PowerShell
[0.390s] DEBUG:colcon.colcon_core.shell:Skip shell extension 'dsv' for command environment
[0.394s] INFO:colcon.colcon_ros.task.ament_cmake.build:Building ROS package in '/home/zerohzzzz/Documents/RobotNav2/src/map_merge' with build type 'ament_cmake'
[0.394s] INFO:colcon.colcon_cmake.task.cmake.build:Building CMake package in '/home/zerohzzzz/Documents/RobotNav2/src/map_merge'
[0.394s] INFO:colcon.colcon_core.shell:Skip shell extension 'powershell' for command environment: Not usable outside of PowerShell
[0.394s] DEBUG:colcon.colcon_core.shell:Skip shell extension 'dsv' for command environment
[0.397s] INFO:colcon.colcon_ros.task.ament_cmake.build:Building ROS package in '/home/zerohzzzz/Documents/RobotNav2/src/nav2_bringup' with build type 'ament_cmake'
[0.397s] INFO:colcon.colcon_cmake.task.cmake.build:Building CMake package in '/home/zerohzzzz/Documents/RobotNav2/src/nav2_bringup'
[0.398s] INFO:colcon.colcon_core.shell:Skip shell extension 'powershell' for command environment: Not usable outside of PowerShell
[0.398s] DEBUG:colcon.colcon_core.shell:Skip shell extension 'dsv' for command environment
[0.408s] DEBUG:colcon.colcon_core.event_handler.log_command:Invoking command in '/home/zerohzzzz/Documents/RobotNav2/build/explore_lite': CMAKE_PREFIX_PATH=${CMAKE_PREFIX_PATH}:/home/zerohzzzz/Documents/RobotNav2/install/map_build:/opt/ros/humble /usr/bin/cmake --build /home/zerohzzzz/Documents/RobotNav2/build/explore_lite -- -j8 -l8
[0.692s] INFO:colcon.colcon_core.task.python.build:Building Python package in '/home/zerohzzzz/Documents/RobotNav2/src/map_build'
[0.692s] INFO:colcon.colcon_core.shell:Skip shell extension 'powershell' for command environment: Not usable outside of PowerShell
[0.692s] DEBUG:colcon.colcon_core.shell:Skip shell extension 'dsv' for command environment
[0.707s] DEBUG:colcon.colcon_core.event_handler.log_command:Invoking command in '/home/zerohzzzz/Documents/RobotNav2/build/multirobot_map_merge': CMAKE_PREFIX_PATH=${CMAKE_PREFIX_PATH}:/home/zerohzzzz/Documents/RobotNav2/install/map_build:/opt/ros/humble /usr/bin/cmake --build /home/zerohzzzz/Documents/RobotNav2/build/multirobot_map_merge -- -j8 -l8
[0.715s] DEBUG:colcon.colcon_core.event_handler.log_command:Invoking command in '/home/zerohzzzz/Documents/RobotNav2/build/nav2_bringup': CMAKE_PREFIX_PATH=${CMAKE_PREFIX_PATH}:/home/zerohzzzz/Documents/RobotNav2/install/map_build:/opt/ros/humble /usr/bin/cmake --build /home/zerohzzzz/Documents/RobotNav2/build/nav2_bringup -- -j8 -l8
[0.717s] DEBUG:colcon.colcon_core.event_handler.log_command:Invoked command in '/home/zerohzzzz/Documents/RobotNav2/build/explore_lite' returned '0': CMAKE_PREFIX_PATH=${CMAKE_PREFIX_PATH}:/home/zerohzzzz/Documents/RobotNav2/install/map_build:/opt/ros/humble /usr/bin/cmake --build /home/zerohzzzz/Documents/RobotNav2/build/explore_lite -- -j8 -l8
[0.767s] DEBUG:colcon.colcon_core.event_handler.log_command:Invoked command in '/home/zerohzzzz/Documents/RobotNav2/build/nav2_bringup' returned '0': CMAKE_PREFIX_PATH=${CMAKE_PREFIX_PATH}:/home/zerohzzzz/Documents/RobotNav2/install/map_build:/opt/ros/humble /usr/bin/cmake --build /home/zerohzzzz/Documents/RobotNav2/build/nav2_bringup -- -j8 -l8
[0.791s] DEBUG:colcon.colcon_core.event_handler.log_command:Invoking command in '/home/zerohzzzz/Documents/RobotNav2/build/explore_lite': CMAKE_PREFIX_PATH=${CMAKE_PREFIX_PATH}:/home/zerohzzzz/Documents/RobotNav2/install/map_build:/opt/ros/humble /usr/bin/cmake --install /home/zerohzzzz/Documents/RobotNav2/build/explore_lite
[0.813s] DEBUG:colcon.colcon_core.event_handler.log_command:Invoking command in '/home/zerohzzzz/Documents/RobotNav2/build/nav2_bringup': CMAKE_PREFIX_PATH=${CMAKE_PREFIX_PATH}:/home/zerohzzzz/Documents/RobotNav2/install/map_build:/opt/ros/humble /usr/bin/cmake --install /home/zerohzzzz/Documents/RobotNav2/build/nav2_bringup
[0.814s] Level 1:colcon.colcon_core.environment:create_environment_scripts_only(explore_lite)
[0.814s] DEBUG:colcon.colcon_core.event_handler.log_command:Invoked command in '/home/zerohzzzz/Documents/RobotNav2/build/explore_lite' returned '0': CMAKE_PREFIX_PATH=${CMAKE_PREFIX_PATH}:/home/zerohzzzz/Documents/RobotNav2/install/map_build:/opt/ros/humble /usr/bin/cmake --install /home/zerohzzzz/Documents/RobotNav2/build/explore_lite
[0.818s] Level 1:colcon.colcon_core.environment:checking '/home/zerohzzzz/Documents/RobotNav2/install/explore_lite' for CMake module files
[0.818s] Level 1:colcon.colcon_core.environment:checking '/home/zerohzzzz/Documents/RobotNav2/install/explore_lite' for CMake config files
[0.818s] Level 1:colcon.colcon_core.shell:create_environment_hook('explore_lite', 'cmake_prefix_path')
[0.819s] INFO:colcon.colcon_core.shell:Creating environment hook '/home/zerohzzzz/Documents/RobotNav2/install/explore_lite/share/explore_lite/hook/cmake_prefix_path.ps1'
[0.819s] INFO:colcon.colcon_core.shell:Creating environment descriptor '/home/zerohzzzz/Documents/RobotNav2/install/explore_lite/share/explore_lite/hook/cmake_prefix_path.dsv'
[0.820s] INFO:colcon.colcon_core.shell:Creating environment hook '/home/zerohzzzz/Documents/RobotNav2/install/explore_lite/share/explore_lite/hook/cmake_prefix_path.sh'
[0.820s] Level 1:colcon.colcon_core.environment:checking '/home/zerohzzzz/Documents/RobotNav2/install/explore_lite/lib'
[0.821s] Level 1:colcon.colcon_core.environment:checking '/home/zerohzzzz/Documents/RobotNav2/install/explore_lite/bin'
[0.821s] Level 1:colcon.colcon_core.environment:checking '/home/zerohzzzz/Documents/RobotNav2/install/explore_lite/lib/pkgconfig/explore_lite.pc'
[0.821s] Level 1:colcon.colcon_core.environment:checking '/home/zerohzzzz/Documents/RobotNav2/install/explore_lite/lib/python3.10/site-packages'
[0.822s] Level 1:colcon.colcon_core.environment:checking '/home/zerohzzzz/Documents/RobotNav2/install/explore_lite/bin'
[0.822s] INFO:colcon.colcon_core.shell:Creating package script '/home/zerohzzzz/Documents/RobotNav2/install/explore_lite/share/explore_lite/package.ps1'
[0.823s] INFO:colcon.colcon_core.shell:Creating package descriptor '/home/zerohzzzz/Documents/RobotNav2/install/explore_lite/share/explore_lite/package.dsv'
[0.824s] INFO:colcon.colcon_core.shell:Creating package script '/home/zerohzzzz/Documents/RobotNav2/install/explore_lite/share/explore_lite/package.sh'
[0.826s] INFO:colcon.colcon_core.shell:Creating package script '/home/zerohzzzz/Documents/RobotNav2/install/explore_lite/share/explore_lite/package.bash'
[0.830s] INFO:colcon.colcon_core.shell:Creating package script '/home/zerohzzzz/Documents/RobotNav2/install/explore_lite/share/explore_lite/package.zsh'
[0.834s] Level 1:colcon.colcon_core.environment:create_file_with_runtime_dependencies(/home/zerohzzzz/Documents/RobotNav2/install/explore_lite/share/colcon-core/packages/explore_lite)
[0.838s] Level 1:colcon.colcon_core.environment:create_environment_scripts_only(nav2_bringup)
[0.838s] Level 1:colcon.colcon_core.environment:checking '/home/zerohzzzz/Documents/RobotNav2/install/nav2_bringup' for CMake module files
[0.839s] DEBUG:colcon.colcon_core.event_handler.log_command:Invoked command in '/home/zerohzzzz/Documents/RobotNav2/build/nav2_bringup' returned '0': CMAKE_PREFIX_PATH=${CMAKE_PREFIX_PATH}:/home/zerohzzzz/Documents/RobotNav2/install/map_build:/opt/ros/humble /usr/bin/cmake --install /home/zerohzzzz/Documents/RobotNav2/build/nav2_bringup
[0.840s] Level 1:colcon.colcon_core.environment:checking '/home/zerohzzzz/Documents/RobotNav2/install/nav2_bringup' for CMake config files
[0.841s] Level 1:colcon.colcon_core.shell:create_environment_hook('nav2_bringup', 'cmake_prefix_path')
[0.841s] INFO:colcon.colcon_core.shell:Creating environment hook '/home/zerohzzzz/Documents/RobotNav2/install/nav2_bringup/share/nav2_bringup/hook/cmake_prefix_path.ps1'
[0.842s] INFO:colcon.colcon_core.shell:Creating environment descriptor '/home/zerohzzzz/Documents/RobotNav2/install/nav2_bringup/share/nav2_bringup/hook/cmake_prefix_path.dsv'
[0.843s] INFO:colcon.colcon_core.shell:Creating environment hook '/home/zerohzzzz/Documents/RobotNav2/install/nav2_bringup/share/nav2_bringup/hook/cmake_prefix_path.sh'
[0.844s] Level 1:colcon.colcon_core.environment:checking '/home/zerohzzzz/Documents/RobotNav2/install/nav2_bringup/bin'
[0.844s] Level 1:colcon.colcon_core.environment:checking '/home/zerohzzzz/Documents/RobotNav2/install/nav2_bringup/lib/pkgconfig/nav2_bringup.pc'
[0.845s] Level 1:colcon.colcon_core.environment:checking '/home/zerohzzzz/Documents/RobotNav2/install/nav2_bringup/lib/python3.10/site-packages'
[0.845s] Level 1:colcon.colcon_core.environment:checking '/home/zerohzzzz/Documents/RobotNav2/install/nav2_bringup/bin'
[0.846s] INFO:colcon.colcon_core.shell:Creating package script '/home/zerohzzzz/Documents/RobotNav2/install/nav2_bringup/share/nav2_bringup/package.ps1'
[0.847s] INFO:colcon.colcon_core.shell:Creating package descriptor '/home/zerohzzzz/Documents/RobotNav2/install/nav2_bringup/share/nav2_bringup/package.dsv'
[0.848s] INFO:colcon.colcon_core.shell:Creating package script '/home/zerohzzzz/Documents/RobotNav2/install/nav2_bringup/share/nav2_bringup/package.sh'
[0.848s] INFO:colcon.colcon_core.shell:Creating package script '/home/zerohzzzz/Documents/RobotNav2/install/nav2_bringup/share/nav2_bringup/package.bash'
[0.849s] INFO:colcon.colcon_core.shell:Creating package script '/home/zerohzzzz/Documents/RobotNav2/install/nav2_bringup/share/nav2_bringup/package.zsh'
[0.850s] Level 1:colcon.colcon_core.environment:create_file_with_runtime_dependencies(/home/zerohzzzz/Documents/RobotNav2/install/nav2_bringup/share/colcon-core/packages/nav2_bringup)
[0.878s] DEBUG:colcon.colcon_core.event_handler.log_command:Invoked command in '/home/zerohzzzz/Documents/RobotNav2/build/multirobot_map_merge' returned '0': CMAKE_PREFIX_PATH=${CMAKE_PREFIX_PATH}:/home/zerohzzzz/Documents/RobotNav2/install/map_build:/opt/ros/humble /usr/bin/cmake --build /home/zerohzzzz/Documents/RobotNav2/build/multirobot_map_merge -- -j8 -l8
[0.882s] Level 1:colcon.colcon_core.environment:create_environment_scripts_only(nav2_bringup)
[0.882s] Level 1:colcon.colcon_core.environment:checking '/home/zerohzzzz/Documents/RobotNav2/install/nav2_bringup' for CMake module files
[0.883s] Level 1:colcon.colcon_core.environment:checking '/home/zerohzzzz/Documents/RobotNav2/install/nav2_bringup' for CMake config files
[0.884s] Level 1:colcon.colcon_core.shell:create_environment_hook('nav2_bringup', 'cmake_prefix_path')
[0.884s] INFO:colcon.colcon_core.shell:Creating environment hook '/home/zerohzzzz/Documents/RobotNav2/install/nav2_bringup/share/nav2_bringup/hook/cmake_prefix_path.ps1'
[0.885s] INFO:colcon.colcon_core.shell:Creating environment descriptor '/home/zerohzzzz/Documents/RobotNav2/install/nav2_bringup/share/nav2_bringup/hook/cmake_prefix_path.dsv'
[0.886s] INFO:colcon.colcon_core.shell:Creating environment hook '/home/zerohzzzz/Documents/RobotNav2/install/nav2_bringup/share/nav2_bringup/hook/cmake_prefix_path.sh'
[0.886s] Level 1:colcon.colcon_core.environment:checking '/home/zerohzzzz/Documents/RobotNav2/install/nav2_bringup/bin'
[0.887s] Level 1:colcon.colcon_core.environment:checking '/home/zerohzzzz/Documents/RobotNav2/install/nav2_bringup/lib/pkgconfig/nav2_bringup.pc'
[0.887s] Level 1:colcon.colcon_core.environment:checking '/home/zerohzzzz/Documents/RobotNav2/install/nav2_bringup/lib/python3.10/site-packages'
[0.887s] Level 1:colcon.colcon_core.environment:checking '/home/zerohzzzz/Documents/RobotNav2/install/nav2_bringup/bin'
[0.888s] INFO:colcon.colcon_core.shell:Creating package script '/home/zerohzzzz/Documents/RobotNav2/install/nav2_bringup/share/nav2_bringup/package.ps1'
[0.889s] INFO:colcon.colcon_core.shell:Creating package descriptor '/home/zerohzzzz/Documents/RobotNav2/install/nav2_bringup/share/nav2_bringup/package.dsv'
[0.890s] INFO:colcon.colcon_core.shell:Creating package script '/home/zerohzzzz/Documents/RobotNav2/install/nav2_bringup/share/nav2_bringup/package.sh'
[0.891s] INFO:colcon.colcon_core.shell:Creating package script '/home/zerohzzzz/Documents/RobotNav2/install/nav2_bringup/share/nav2_bringup/package.bash'
[0.892s] INFO:colcon.colcon_core.shell:Creating package script '/home/zerohzzzz/Documents/RobotNav2/install/nav2_bringup/share/nav2_bringup/package.zsh'
[0.892s] Level 1:colcon.colcon_core.environment:create_file_with_runtime_dependencies(/home/zerohzzzz/Documents/RobotNav2/install/nav2_bringup/share/colcon-core/packages/nav2_bringup)
[0.894s] Level 1:colcon.colcon_core.environment:create_environment_scripts_only(explore_lite)
[0.895s] Level 1:colcon.colcon_core.environment:checking '/home/zerohzzzz/Documents/RobotNav2/install/explore_lite' for CMake module files
[0.896s] Level 1:colcon.colcon_core.environment:checking '/home/zerohzzzz/Documents/RobotNav2/install/explore_lite' for CMake config files
[0.896s] Level 1:colcon.colcon_core.shell:create_environment_hook('explore_lite', 'cmake_prefix_path')
[0.897s] INFO:colcon.colcon_core.shell:Creating environment hook '/home/zerohzzzz/Documents/RobotNav2/install/explore_lite/share/explore_lite/hook/cmake_prefix_path.ps1'
[0.898s] INFO:colcon.colcon_core.shell:Creating environment descriptor '/home/zerohzzzz/Documents/RobotNav2/install/explore_lite/share/explore_lite/hook/cmake_prefix_path.dsv'
[0.900s] INFO:colcon.colcon_core.shell:Creating environment hook '/home/zerohzzzz/Documents/RobotNav2/install/explore_lite/share/explore_lite/hook/cmake_prefix_path.sh'
[0.901s] Level 1:colcon.colcon_core.environment:checking '/home/zerohzzzz/Documents/RobotNav2/install/explore_lite/lib'
[0.902s] Level 1:colcon.colcon_core.environment:checking '/home/zerohzzzz/Documents/RobotNav2/install/explore_lite/bin'
[0.902s] Level 1:colcon.colcon_core.environment:checking '/home/zerohzzzz/Documents/RobotNav2/install/explore_lite/lib/pkgconfig/explore_lite.pc'
[0.903s] Level 1:colcon.colcon_core.environment:checking '/home/zerohzzzz/Documents/RobotNav2/install/explore_lite/lib/python3.10/site-packages'
[0.903s] Level 1:colcon.colcon_core.environment:checking '/home/zerohzzzz/Documents/RobotNav2/install/explore_lite/bin'
[0.904s] INFO:colcon.colcon_core.shell:Creating package script '/home/zerohzzzz/Documents/RobotNav2/install/explore_lite/share/explore_lite/package.ps1'
[0.905s] INFO:colcon.colcon_core.shell:Creating package descriptor '/home/zerohzzzz/Documents/RobotNav2/install/explore_lite/share/explore_lite/package.dsv'
[0.905s] INFO:colcon.colcon_core.shell:Creating package script '/home/zerohzzzz/Documents/RobotNav2/install/explore_lite/share/explore_lite/package.sh'
[0.906s] INFO:colcon.colcon_core.shell:Creating package script '/home/zerohzzzz/Documents/RobotNav2/install/explore_lite/share/explore_lite/package.bash'
[0.907s] INFO:colcon.colcon_core.shell:Creating package script '/home/zerohzzzz/Documents/RobotNav2/install/explore_lite/share/explore_lite/package.zsh'
[0.908s] Level 1:colcon.colcon_core.environment:create_file_with_runtime_dependencies(/home/zerohzzzz/Documents/RobotNav2/install/explore_lite/share/colcon-core/packages/explore_lite)
[0.941s] DEBUG:colcon.colcon_core.event_handler.log_command:Invoking command in '/home/zerohzzzz/Documents/RobotNav2/build/multirobot_map_merge': CMAKE_PREFIX_PATH=${CMAKE_PREFIX_PATH}:/home/zerohzzzz/Documents/RobotNav2/install/map_build:/opt/ros/humble /usr/bin/cmake --install /home/zerohzzzz/Documents/RobotNav2/build/multirobot_map_merge
[0.956s] Level 1:colcon.colcon_core.environment:create_environment_scripts_only(multirobot_map_merge)
[0.956s] Level 1:colcon.colcon_core.environment:checking '/home/zerohzzzz/Documents/RobotNav2/install/multirobot_map_merge' for CMake module files
[0.957s] DEBUG:colcon.colcon_core.event_handler.log_command:Invoked command in '/home/zerohzzzz/Documents/RobotNav2/build/multirobot_map_merge' returned '0': CMAKE_PREFIX_PATH=${CMAKE_PREFIX_PATH}:/home/zerohzzzz/Documents/RobotNav2/install/map_build:/opt/ros/humble /usr/bin/cmake --install /home/zerohzzzz/Documents/RobotNav2/build/multirobot_map_merge
[0.958s] Level 1:colcon.colcon_core.environment:checking '/home/zerohzzzz/Documents/RobotNav2/install/multirobot_map_merge' for CMake config files
[0.958s] Level 1:colcon.colcon_core.shell:create_environment_hook('multirobot_map_merge', 'cmake_prefix_path')
[0.959s] INFO:colcon.colcon_core.shell:Creating environment hook '/home/zerohzzzz/Documents/RobotNav2/install/multirobot_map_merge/share/multirobot_map_merge/hook/cmake_prefix_path.ps1'
[0.959s] INFO:colcon.colcon_core.shell:Creating environment descriptor '/home/zerohzzzz/Documents/RobotNav2/install/multirobot_map_merge/share/multirobot_map_merge/hook/cmake_prefix_path.dsv'
[0.960s] INFO:colcon.colcon_core.shell:Creating environment hook '/home/zerohzzzz/Documents/RobotNav2/install/multirobot_map_merge/share/multirobot_map_merge/hook/cmake_prefix_path.sh'
[0.961s] Level 1:colcon.colcon_core.environment:checking '/home/zerohzzzz/Documents/RobotNav2/install/multirobot_map_merge/lib'
[0.961s] Level 1:colcon.colcon_core.environment:checking '/home/zerohzzzz/Documents/RobotNav2/install/multirobot_map_merge/bin'
[0.961s] Level 1:colcon.colcon_core.environment:checking '/home/zerohzzzz/Documents/RobotNav2/install/multirobot_map_merge/lib/pkgconfig/multirobot_map_merge.pc'
[0.962s] Level 1:colcon.colcon_core.environment:checking '/home/zerohzzzz/Documents/RobotNav2/install/multirobot_map_merge/lib/python3.10/site-packages'
[0.962s] Level 1:colcon.colcon_core.environment:checking '/home/zerohzzzz/Documents/RobotNav2/install/multirobot_map_merge/bin'
[0.963s] INFO:colcon.colcon_core.shell:Creating package script '/home/zerohzzzz/Documents/RobotNav2/install/multirobot_map_merge/share/multirobot_map_merge/package.ps1'
[0.965s] INFO:colcon.colcon_core.shell:Creating package descriptor '/home/zerohzzzz/Documents/RobotNav2/install/multirobot_map_merge/share/multirobot_map_merge/package.dsv'
[0.966s] INFO:colcon.colcon_core.shell:Creating package script '/home/zerohzzzz/Documents/RobotNav2/install/multirobot_map_merge/share/multirobot_map_merge/package.sh'
[0.967s] INFO:colcon.colcon_core.shell:Creating package script '/home/zerohzzzz/Documents/RobotNav2/install/multirobot_map_merge/share/multirobot_map_merge/package.bash'
[0.968s] INFO:colcon.colcon_core.shell:Creating package script '/home/zerohzzzz/Documents/RobotNav2/install/multirobot_map_merge/share/multirobot_map_merge/package.zsh'
[0.969s] Level 1:colcon.colcon_core.environment:create_file_with_runtime_dependencies(/home/zerohzzzz/Documents/RobotNav2/install/multirobot_map_merge/share/colcon-core/packages/multirobot_map_merge)
[1.020s] Level 1:colcon.colcon_core.environment:create_environment_scripts_only(multirobot_map_merge)
[1.020s] Level 1:colcon.colcon_core.environment:checking '/home/zerohzzzz/Documents/RobotNav2/install/multirobot_map_merge' for CMake module files
[1.021s] Level 1:colcon.colcon_core.environment:checking '/home/zerohzzzz/Documents/RobotNav2/install/multirobot_map_merge' for CMake config files
[1.021s] Level 1:colcon.colcon_core.shell:create_environment_hook('multirobot_map_merge', 'cmake_prefix_path')
[1.022s] INFO:colcon.colcon_core.shell:Creating environment hook '/home/zerohzzzz/Documents/RobotNav2/install/multirobot_map_merge/share/multirobot_map_merge/hook/cmake_prefix_path.ps1'
[1.023s] INFO:colcon.colcon_core.shell:Creating environment descriptor '/home/zerohzzzz/Documents/RobotNav2/install/multirobot_map_merge/share/multirobot_map_merge/hook/cmake_prefix_path.dsv'
[1.023s] INFO:colcon.colcon_core.shell:Creating environment hook '/home/zerohzzzz/Documents/RobotNav2/install/multirobot_map_merge/share/multirobot_map_merge/hook/cmake_prefix_path.sh'
[1.024s] Level 1:colcon.colcon_core.environment:checking '/home/zerohzzzz/Documents/RobotNav2/install/multirobot_map_merge/lib'
[1.024s] Level 1:colcon.colcon_core.environment:checking '/home/zerohzzzz/Documents/RobotNav2/install/multirobot_map_merge/bin'
[1.024s] Level 1:colcon.colcon_core.environment:checking '/home/zerohzzzz/Documents/RobotNav2/install/multirobot_map_merge/lib/pkgconfig/multirobot_map_merge.pc'
[1.025s] Level 1:colcon.colcon_core.environment:checking '/home/zerohzzzz/Documents/RobotNav2/install/multirobot_map_merge/lib/python3.10/site-packages'
[1.025s] Level 1:colcon.colcon_core.environment:checking '/home/zerohzzzz/Documents/RobotNav2/install/multirobot_map_merge/bin'
[1.026s] INFO:colcon.colcon_core.shell:Creating package script '/home/zerohzzzz/Documents/RobotNav2/install/multirobot_map_merge/share/multirobot_map_merge/package.ps1'
[1.026s] INFO:colcon.colcon_core.shell:Creating package descriptor '/home/zerohzzzz/Documents/RobotNav2/install/multirobot_map_merge/share/multirobot_map_merge/package.dsv'
[1.027s] INFO:colcon.colcon_core.shell:Creating package script '/home/zerohzzzz/Documents/RobotNav2/install/multirobot_map_merge/share/multirobot_map_merge/package.sh'
[1.028s] INFO:colcon.colcon_core.shell:Creating package script '/home/zerohzzzz/Documents/RobotNav2/install/multirobot_map_merge/share/multirobot_map_merge/package.bash'
[1.029s] INFO:colcon.colcon_core.shell:Creating package script '/home/zerohzzzz/Documents/RobotNav2/install/multirobot_map_merge/share/multirobot_map_merge/package.zsh'
[1.029s] Level 1:colcon.colcon_core.environment:create_file_with_runtime_dependencies(/home/zerohzzzz/Documents/RobotNav2/install/multirobot_map_merge/share/colcon-core/packages/multirobot_map_merge)
[1.177s] DEBUG:colcon.colcon_core.event_handler.log_command:Invoking command in '/home/zerohzzzz/Documents/RobotNav2/src/map_build': PYTHONPATH=/home/zerohzzzz/Documents/RobotNav2/build/map_build/prefix_override:/usr/lib/python3/dist-packages/colcon_core/task/python/colcon_distutils_commands:/home/zerohzzzz/Documents/RobotNav2/install/map_build/lib/python3.10/site-packages:${PYTHONPATH} /usr/bin/python3 -W ignore:setup.py install is deprecated setup.py egg_info --egg-base ../../build/map_build build --build-base /home/zerohzzzz/Documents/RobotNav2/build/map_build/build install --record /home/zerohzzzz/Documents/RobotNav2/build/map_build/install.log --single-version-externally-managed install_data
[1.489s] Level 1:colcon.colcon_core.environment:checking '/home/zerohzzzz/Documents/RobotNav2/install/map_build' for CMake module files
[1.490s] DEBUG:colcon.colcon_core.event_handler.log_command:Invoked command in '/home/zerohzzzz/Documents/RobotNav2/src/map_build' returned '0': PYTHONPATH=/home/zerohzzzz/Documents/RobotNav2/build/map_build/prefix_override:/usr/lib/python3/dist-packages/colcon_core/task/python/colcon_distutils_commands:/home/zerohzzzz/Documents/RobotNav2/install/map_build/lib/python3.10/site-packages:${PYTHONPATH} /usr/bin/python3 -W ignore:setup.py install is deprecated setup.py egg_info --egg-base ../../build/map_build build --build-base /home/zerohzzzz/Documents/RobotNav2/build/map_build/build install --record /home/zerohzzzz/Documents/RobotNav2/build/map_build/install.log --single-version-externally-managed install_data
[1.491s] Level 1:colcon.colcon_core.environment:checking '/home/zerohzzzz/Documents/RobotNav2/install/map_build' for CMake config files
[1.492s] Level 1:colcon.colcon_core.environment:checking '/home/zerohzzzz/Documents/RobotNav2/install/map_build/lib'
[1.492s] Level 1:colcon.colcon_core.environment:checking '/home/zerohzzzz/Documents/RobotNav2/install/map_build/bin'
[1.492s] Level 1:colcon.colcon_core.environment:checking '/home/zerohzzzz/Documents/RobotNav2/install/map_build/lib/pkgconfig/map_build.pc'
[1.492s] Level 1:colcon.colcon_core.environment:checking '/home/zerohzzzz/Documents/RobotNav2/install/map_build/lib/python3.10/site-packages'
[1.493s] Level 1:colcon.colcon_core.shell:create_environment_hook('map_build', 'pythonpath')
[1.493s] INFO:colcon.colcon_core.shell:Creating environment hook '/home/zerohzzzz/Documents/RobotNav2/install/map_build/share/map_build/hook/pythonpath.ps1'
[1.493s] INFO:colcon.colcon_core.shell:Creating environment descriptor '/home/zerohzzzz/Documents/RobotNav2/install/map_build/share/map_build/hook/pythonpath.dsv'
[1.494s] INFO:colcon.colcon_core.shell:Creating environment hook '/home/zerohzzzz/Documents/RobotNav2/install/map_build/share/map_build/hook/pythonpath.sh'
[1.495s] Level 1:colcon.colcon_core.environment:checking '/home/zerohzzzz/Documents/RobotNav2/install/map_build/bin'
[1.495s] Level 1:colcon.colcon_core.environment:create_environment_scripts_only(map_build)
[1.495s] INFO:colcon.colcon_core.shell:Creating package script '/home/zerohzzzz/Documents/RobotNav2/install/map_build/share/map_build/package.ps1'
[1.496s] INFO:colcon.colcon_core.shell:Creating package descriptor '/home/zerohzzzz/Documents/RobotNav2/install/map_build/share/map_build/package.dsv'
[1.497s] INFO:colcon.colcon_core.shell:Creating package script '/home/zerohzzzz/Documents/RobotNav2/install/map_build/share/map_build/package.sh'
[1.497s] INFO:colcon.colcon_core.shell:Creating package script '/home/zerohzzzz/Documents/RobotNav2/install/map_build/share/map_build/package.bash'
[1.498s] INFO:colcon.colcon_core.shell:Creating package script '/home/zerohzzzz/Documents/RobotNav2/install/map_build/share/map_build/package.zsh'
[1.499s] Level 1:colcon.colcon_core.environment:create_file_with_runtime_dependencies(/home/zerohzzzz/Documents/RobotNav2/install/map_build/share/colcon-core/packages/map_build)
[1.499s] DEBUG:colcon.colcon_parallel_executor.executor.parallel:closing loop
[1.500s] DEBUG:colcon.colcon_parallel_executor.executor.parallel:loop closed
[1.501s] DEBUG:colcon.colcon_parallel_executor.executor.parallel:run_until_complete finished with '0'
[1.501s] DEBUG:colcon.colcon_core.event_reactor:joining thread
[1.510s] INFO:colcon.colcon_core.plugin_system:Skipping extension 'colcon_notification.desktop_notification.notify_send': Could not find 'notify-send'
[1.510s] INFO:colcon.colcon_core.plugin_system:Skipping extension 'colcon_notification.desktop_notification.terminal_notifier': Not used on non-Darwin systems
[1.510s] INFO:colcon.colcon_core.plugin_system:Skipping extension 'colcon_notification.desktop_notification.win32': Not used on non-Windows systems
[1.510s] INFO:colcon.colcon_notification.desktop_notification:Sending desktop notification using 'notify2'
[1.522s] DEBUG:colcon.colcon_core.event_reactor:joined thread
[1.522s] INFO:colcon.colcon_core.shell:Creating prefix script '/home/zerohzzzz/Documents/RobotNav2/install/local_setup.ps1'
[1.524s] INFO:colcon.colcon_core.shell:Creating prefix util module '/home/zerohzzzz/Documents/RobotNav2/install/_local_setup_util_ps1.py'
[1.526s] INFO:colcon.colcon_core.shell:Creating prefix chain script '/home/zerohzzzz/Documents/RobotNav2/install/setup.ps1'
[1.528s] INFO:colcon.colcon_core.shell:Creating prefix script '/home/zerohzzzz/Documents/RobotNav2/install/local_setup.sh'
[1.529s] INFO:colcon.colcon_core.shell:Creating prefix util module '/home/zerohzzzz/Documents/RobotNav2/install/_local_setup_util_sh.py'
[1.529s] INFO:colcon.colcon_core.shell:Creating prefix chain script '/home/zerohzzzz/Documents/RobotNav2/install/setup.sh'
[1.531s] INFO:colcon.colcon_core.shell:Creating prefix script '/home/zerohzzzz/Documents/RobotNav2/install/local_setup.bash'
[1.532s] INFO:colcon.colcon_core.shell:Creating prefix chain script '/home/zerohzzzz/Documents/RobotNav2/install/setup.bash'
[1.533s] INFO:colcon.colcon_core.shell:Creating prefix script '/home/zerohzzzz/Documents/RobotNav2/install/local_setup.zsh'
[1.534s] INFO:colcon.colcon_core.shell:Creating prefix chain script '/home/zerohzzzz/Documents/RobotNav2/install/setup.zsh'
